#
# There is insufficient memory for the Java Runtime Environment to continue.
# Native memory allocation (malloc) failed to allocate 1636576 bytes for Chunk::new
# Possible reasons:
#   The system is out of physical RAM or swap space
#   In 32 bit mode, the process size limit was hit
# Possible solutions:
#   Reduce memory load on the system
#   Increase physical memory or swap space
#   Check if swap backing store is full
#   Use 64 bit Java on a 64 bit OS
#   Decrease Java heap size (-Xmx/-Xms)
#   Decrease number of Java threads
#   Decrease Java thread stack sizes (-Xss)
#   Set larger code cache with -XX:ReservedCodeCacheSize=
# This output file may be truncated or incomplete.
#
#  Out of Memory Error (allocation.cpp:390), pid=3628, tid=9084
#
# JRE version: Java(TM) SE Runtime Environment (8.0_91-b14) (build 1.8.0_91-b14)
# Java VM: Java HotSpot(TM) 64-Bit Server VM (25.91-b14 mixed mode windows-amd64 compressed oops)
# Failed to write core dump. Minidumps are not enabled by default on client versions of Windows
#

---------------  T H R E A D  ---------------

Current thread (0x00000000553db000):  JavaThread "C2 CompilerThread0" daemon [_thread_in_native, id=9084, stack(0x0000000056c60000,0x0000000056d60000)]

Stack: [0x0000000056c60000,0x0000000056d60000]
[error occurred during error reporting (printing stack bounds), id 0xc0000005]

Native frames: (J=compiled Java code, j=interpreted, Vv=VM code, C=native code)


Current CompileTask:
C2:   3764 1584   !   4       com.android.dx.cf.code.Ropper::processBlock (1101 bytes)


---------------  P R O C E S S  ---------------

Java Threads: ( => current thread )
  0x0000000056c14000 JavaThread "pool-2-thread-4" [_thread_blocked, id=3664, stack(0x0000000057ab0000,0x0000000057bb0000)]
  0x0000000056b18000 JavaThread "pool-2-thread-3" [_thread_blocked, id=3008, stack(0x0000000057950000,0x0000000057a50000)]
  0x0000000056b17000 JavaThread "pool-2-thread-2" [_thread_blocked, id=3684, stack(0x00000000572f0000,0x00000000573f0000)]
  0x0000000056b9f800 JavaThread "pool-3-thread-1" [_thread_blocked, id=5732, stack(0x0000000057750000,0x0000000057850000)]
  0x0000000056ba4800 JavaThread "pool-2-thread-1" [_thread_blocked, id=7464, stack(0x0000000057640000,0x0000000057740000)]
  0x00000000568e1800 JavaThread "Service Thread" daemon [_thread_blocked, id=10904, stack(0x0000000056f10000,0x0000000057010000)]
  0x00000000568c7000 JavaThread "C1 CompilerThread2" daemon [_thread_blocked, id=976, stack(0x0000000057180000,0x0000000057280000)]
  0x000000005687f000 JavaThread "C2 CompilerThread1" daemon [_thread_in_native, id=7720, stack(0x0000000057020000,0x0000000057120000)]
=>0x00000000553db000 JavaThread "C2 CompilerThread0" daemon [_thread_in_native, id=9084, stack(0x0000000056c60000,0x0000000056d60000)]
  0x000000005686a800 JavaThread "Attach Listener" daemon [_thread_blocked, id=8584, stack(0x0000000056650000,0x0000000056750000)]
  0x0000000056869800 JavaThread "Signal Dispatcher" daemon [_thread_blocked, id=3712, stack(0x0000000056dd0000,0x0000000056ed0000)]
  0x00000000553b9800 JavaThread "Finalizer" daemon [_thread_blocked, id=6864, stack(0x0000000056760000,0x0000000056860000)]
  0x0000000055372000 JavaThread "Reference Handler" daemon [_thread_blocked, id=3336, stack(0x0000000056530000,0x0000000056630000)]
  0x00000000026de000 JavaThread "main" [_thread_blocked, id=11260, stack(0x0000000002780000,0x0000000002880000)]

Other Threads:
  0x000000005536a800 VMThread [stack: 0x0000000056370000,0x0000000056470000] [id=11124]
  0x0000000056932000 WatcherThread [stack: 0x00000000573f0000,0x00000000574f0000] [id=7968]

VM state:not at safepoint (normal execution)

VM Mutex/Monitor currently owned by a thread: None

Heap:
 PSYoungGen      total 68608K, used 12776K [0x00000000eab00000, 0x00000000ef300000, 0x0000000100000000)
  eden space 63488K, 12% used [0x00000000eab00000,0x00000000eb27dbd8,0x00000000ee900000)
  from space 5120K, 99% used [0x00000000eee00000,0x00000000ef2fc7c8,0x00000000ef300000)
  to   space 5120K, 0% used [0x00000000ee900000,0x00000000ee900000,0x00000000eee00000)
 ParOldGen       total 84992K, used 4157K [0x00000000c0000000, 0x00000000c5300000, 0x00000000eab00000)
  object space 84992K, 4% used [0x00000000c0000000,0x00000000c040f558,0x00000000c5300000)
 Metaspace       used 6271K, capacity 7094K, committed 7296K, reserved 1056768K
  class space    used 606K, capacity 622K, committed 640K, reserved 1048576K

Card table byte_map: [0x0000000011c40000,0x0000000011e50000] byte_map_base: 0x0000000011640000

Marking Bits: (ParMarkBitMap*) 0x0000000058fe2f70
 Begin Bits: [0x00000000127e0000, 0x00000000137e0000)
 End Bits:   [0x00000000137e0000, 0x00000000147e0000)

Polling page: 0x0000000000450000

CodeCache: size=245760Kb used=6957Kb max_used=6965Kb free=238802Kb
 bounds [0x0000000002880000, 0x0000000002f60000, 0x0000000011880000]
 total_blobs=1912 nmethods=1641 adapters=184
 compilation: enabled

Compilation events (10 events):
Event: 3.668 Thread 0x00000000568c7000 nmethod 1634 0x0000000002f45810 code [0x0000000002f45980, 0x0000000002f45bc8]
Event: 3.675 Thread 0x00000000568c7000 1635       3       java.util.concurrent.locks.ReentrantLock$Sync::isHeldExclusively (16 bytes)
Event: 3.675 Thread 0x00000000568c7000 nmethod 1635 0x0000000002f45410 code [0x0000000002f45560, 0x0000000002f457b0]
Event: 3.675 Thread 0x000000005687f000 1636       4       com.android.dx.util.ByteArray$MyInputStream::read (40 bytes)
Event: 3.676 Thread 0x00000000568c7000 1637       3       com.android.dx.rop.annotation.Annotation::getNameValuePairs (11 bytes)
Event: 3.676 Thread 0x000000005687f000 nmethod 1636 0x0000000002f45090 code [0x0000000002f451e0, 0x0000000002f452b8]
Event: 3.676 Thread 0x00000000568c7000 nmethod 1637 0x0000000002f4b150 code [0x0000000002f4b300, 0x0000000002f4b928]
Event: 3.676 Thread 0x000000005687f000 1638       4       com.android.dx.cf.code.ExecutionStack::copy (59 bytes)
Event: 3.680 Thread 0x000000005687f000 nmethod 1638 0x0000000002f49410 code [0x0000000002f49580, 0x0000000002f499d8]
Event: 3.680 Thread 0x000000005687f000 1639       4       com.android.dx.ssa.SsaBasicBlock::newFromRop (183 bytes)

GC Heap History (4 events):
Event: 1.408 GC heap before
{Heap before GC invocations=1 (full 0):
 PSYoungGen      total 36864K, used 31744K [0x00000000eab00000, 0x00000000ed400000, 0x0000000100000000)
  eden space 31744K, 100% used [0x00000000eab00000,0x00000000eca00000,0x00000000eca00000)
  from space 5120K, 0% used [0x00000000ecf00000,0x00000000ecf00000,0x00000000ed400000)
  to   space 5120K, 0% used [0x00000000eca00000,0x00000000eca00000,0x00000000ecf00000)
 ParOldGen       total 84992K, used 0K [0x00000000c0000000, 0x00000000c5300000, 0x00000000eab00000)
  object space 84992K, 0% used [0x00000000c0000000,0x00000000c0000000,0x00000000c5300000)
 Metaspace       used 6032K, capacity 6902K, committed 7040K, reserved 1056768K
  class space    used 605K, capacity 622K, committed 640K, reserved 1048576K
Event: 1.459 GC heap after
Heap after GC invocations=1 (full 0):
 PSYoungGen      total 36864K, used 5118K [0x00000000eab00000, 0x00000000ef300000, 0x0000000100000000)
  eden space 31744K, 0% used [0x00000000eab00000,0x00000000eab00000,0x00000000eca00000)
  from space 5120K, 99% used [0x00000000eca00000,0x00000000eceffa28,0x00000000ecf00000)
  to   space 5120K, 0% used [0x00000000eee00000,0x00000000eee00000,0x00000000ef300000)
 ParOldGen       total 84992K, used 292K [0x00000000c0000000, 0x00000000c5300000, 0x00000000eab00000)
  object space 84992K, 0% used [0x00000000c0000000,0x00000000c00490b8,0x00000000c5300000)
 Metaspace       used 6032K, capacity 6902K, committed 7040K, reserved 1056768K
  class space    used 605K, capacity 622K, committed 640K, reserved 1048576K
}
Event: 3.343 GC heap before
{Heap before GC invocations=2 (full 0):
 PSYoungGen      total 36864K, used 36862K [0x00000000eab00000, 0x00000000ef300000, 0x0000000100000000)
  eden space 31744K, 100% used [0x00000000eab00000,0x00000000eca00000,0x00000000eca00000)
  from space 5120K, 99% used [0x00000000eca00000,0x00000000eceffa28,0x00000000ecf00000)
  to   space 5120K, 0% used [0x00000000eee00000,0x00000000eee00000,0x00000000ef300000)
 ParOldGen       total 84992K, used 292K [0x00000000c0000000, 0x00000000c5300000, 0x00000000eab00000)
  object space 84992K, 0% used [0x00000000c0000000,0x00000000c00490b8,0x00000000c5300000)
 Metaspace       used 6231K, capacity 7094K, committed 7296K, reserved 1056768K
  class space    used 606K, capacity 622K, committed 640K, reserved 1048576K
Event: 3.526 GC heap after
Heap after GC invocations=2 (full 0):
 PSYoungGen      total 68608K, used 5105K [0x00000000eab00000, 0x00000000ef300000, 0x0000000100000000)
  eden space 63488K, 0% used [0x00000000eab00000,0x00000000eab00000,0x00000000ee900000)
  from space 5120K, 99% used [0x00000000eee00000,0x00000000ef2fc7c8,0x00000000ef300000)
  to   space 5120K, 0% used [0x00000000ee900000,0x00000000ee900000,0x00000000eee00000)
 ParOldGen       total 84992K, used 4157K [0x00000000c0000000, 0x00000000c5300000, 0x00000000eab00000)
  object space 84992K, 4% used [0x00000000c0000000,0x00000000c040f558,0x00000000c5300000)
 Metaspace       used 6231K, capacity 7094K, committed 7296K, reserved 1056768K
  class space    used 606K, capacity 622K, committed 640K, reserved 1048576K
}

Deoptimization events (10 events):
Event: 2.405 Thread 0x0000000056ba4800 Uncommon trap: reason=unstable_if action=reinterpret pc=0x0000000002dd72b0 method=com.android.dx.cf.code.Merger.mergeType(Lcom/android/dx/rop/type/TypeBearer;Lcom/android/dx/rop/type/TypeBearer;)Lcom/android/dx/rop/type/TypeBearer; @ 68
Event: 2.544 Thread 0x0000000056ba4800 Uncommon trap: reason=unstable_if action=reinterpret pc=0x0000000002dbf014 method=com.android.dx.ssa.SCCP.simulateBranch(Lcom/android/dx/ssa/SsaInsn;)V @ 118
Event: 2.605 Thread 0x0000000056b18000 Uncommon trap: reason=bimorphic action=maybe_recompile pc=0x0000000002d9e218 method=com.android.dx.cf.code.BytecodeArray.parseInstruction(ILcom/android/dx/cf/code/BytecodeArray$Visitor;)I @ 2484
Event: 2.605 Thread 0x0000000056b18000 Uncommon trap: reason=bimorphic action=maybe_recompile pc=0x0000000002d9e218 method=com.android.dx.cf.code.BytecodeArray.parseInstruction(ILcom/android/dx/cf/code/BytecodeArray$Visitor;)I @ 2484
Event: 3.146 Thread 0x0000000056b18000 Uncommon trap: reason=unstable_if action=reinterpret pc=0x0000000002d9f3e4 method=com.android.dx.cf.code.BytecodeArray.parseInstruction(ILcom/android/dx/cf/code/BytecodeArray$Visitor;)I @ 1198
Event: 3.235 Thread 0x0000000056c14000 Uncommon trap: reason=class_check action=maybe_recompile pc=0x0000000002eab228 method=com.android.dx.cf.code.RopperMachine.run(Lcom/android/dx/cf/code/Frame;II)V @ 988
Event: 3.235 Thread 0x0000000056c14000 Uncommon trap: reason=class_check action=maybe_recompile pc=0x0000000002eab228 method=com.android.dx.cf.code.RopperMachine.run(Lcom/android/dx/cf/code/Frame;II)V @ 988
Event: 3.235 Thread 0x0000000056c14000 Uncommon trap: reason=bimorphic action=maybe_recompile pc=0x0000000002e22ca0 method=com.android.dx.ssa.LiteralOpUpgrader.tryReplacingWithConstant(Lcom/android/dx/ssa/NormalSsaInsn;)Z @ 62
Event: 3.235 Thread 0x0000000056c14000 Uncommon trap: reason=unstable_if action=reinterpret pc=0x0000000002cf5a0c method=com.android.dx.ssa.SsaMethod.updateOneDefinition(Lcom/android/dx/ssa/SsaInsn;Lcom/android/dx/rop/code/RegisterSpec;)V @ 4
Event: 3.570 Thread 0x0000000056ba4800 Uncommon trap: reason=null_check action=make_not_entrant pc=0x0000000002bca010 method=com.android.dx.rop.type.Type.equals(Ljava/lang/Object;)Z @ 8

Internal exceptions (3 events):
Event: 0.081 Thread 0x00000000026de000 Exception <a 'java/lang/NoSuchMethodError': Method sun.misc.Unsafe.defineClass(Ljava/lang/String;[BII)Ljava/lang/Class; name or signature does not match> (0x00000000eab07cc0) thrown at [C:\re\workspace\8-2-build-windows-amd64-cygwin\jdk8u91\6644\hotspot\sr≥b…P∞¥?
Event: 0.081 Thread 0x00000000026de000 Exception <a 'java/lang/NoSuchMethodError': Method sun.misc.Unsafe.prefetchRead(Ljava/lang/Object;J)V name or signature does not match> (0x00000000eab07fa8) thrown at [C:\re\workspace\8-2-build-windows-amd64-cygwin\jdk8u91\6644\hotspot\src\share\vm\prims\jWpß@Ué@
Event: 3.569 Thread 0x0000000056ba4800 Implicit null exception at 0x0000000002bc9f12 to 0x0000000002bca002

Events (10 events):
Event: 3.235 Thread 0x0000000056c14000 DEOPT PACKING pc=0x0000000002e22ca0 sp=0x0000000057baeb90
Event: 3.235 Thread 0x0000000056c14000 DEOPT UNPACKING pc=0x00000000028c582a sp=0x0000000057baea98 mode 2
Event: 3.235 Thread 0x0000000056c14000 Uncommon trap: trap_request=0xffffff65 fr.pc=0x0000000002cf5a0c
Event: 3.235 Thread 0x0000000056c14000 DEOPT PACKING pc=0x0000000002cf5a0c sp=0x0000000057bae970
Event: 3.235 Thread 0x0000000056c14000 DEOPT UNPACKING pc=0x00000000028c582a sp=0x0000000057bae918 mode 2
Event: 3.343 Executing VM operation: ParallelGCFailedAllocation
Event: 3.527 Executing VM operation: ParallelGCFailedAllocation done
Event: 3.570 Thread 0x0000000056ba4800 Uncommon trap: trap_request=0xfffffff4 fr.pc=0x0000000002bca010
Event: 3.570 Thread 0x0000000056ba4800 DEOPT PACKING pc=0x0000000002bca010 sp=0x000000005773e360
Event: 3.570 Thread 0x0000000056ba4800 DEOPT UNPACKING pc=0x00000000028c582a sp=0x000000005773e2e8 mode 2


Dynamic libraries:
0x000000013f480000 - 0x000000013f4b7000 	C:\Program Files\Java\jdk1.8.0_91\bin\java.exe
0x0000000077580000 - 0x000000007772a000 	C:\Windows\SYSTEM32\ntdll.dll
0x0000000077460000 - 0x000000007757f000 	C:\Windows\system32\kernel32.dll
0x000007fefd620000 - 0x000007fefd68a000 	C:\Windows\system32\KERNELBASE.dll
0x0000000075010000 - 0x0000000075099000 	C:\Windows\System32\SYSFER.DLL
0x000007fefd740000 - 0x000007fefd81b000 	C:\Windows\system32\ADVAPI32.dll
0x000007fefea70000 - 0x000007fefeb0f000 	C:\Windows\system32\msvcrt.dll
0x000007fefed40000 - 0x000007fefed5f000 	C:\Windows\SYSTEM32\sechost.dll
0x000007fefeb10000 - 0x000007fefec3d000 	C:\Windows\system32\RPCRT4.dll
0x0000000077360000 - 0x000000007745a000 	C:\Windows\system32\USER32.dll
0x000007fefd6c0000 - 0x000007fefd727000 	C:\Windows\system32\GDI32.dll
0x000007fefe5b0000 - 0x000007fefe5be000 	C:\Windows\system32\LPK.dll
0x000007feff060000 - 0x000007feff12a000 	C:\Windows\system32\USP10.dll
0x000007fefbed0000 - 0x000007fefc0c4000 	C:\Windows\WinSxS\amd64_microsoft.windows.common-controls_6595b64144ccf1df_6.0.7601.18837_none_fa3b1e3d17594757\COMCTL32.dll
0x000007feff680000 - 0x000007feff6f1000 	C:\Windows\system32\SHLWAPI.dll
0x000007fefe9a0000 - 0x000007fefe9ce000 	C:\Windows\system32\IMM32.DLL
0x000007fefe890000 - 0x000007fefe999000 	C:\Windows\system32\MSCTF.dll
0x0000000063ab0000 - 0x0000000063b82000 	C:\Program Files\Java\jdk1.8.0_91\jre\bin\msvcr100.dll
0x00000000587d0000 - 0x0000000059063000 	C:\Program Files\Java\jdk1.8.0_91\jre\bin\server\jvm.dll
0x000007fefa190000 - 0x000007fefa199000 	C:\Windows\system32\WSOCK32.dll
0x000007fefef90000 - 0x000007fefefdd000 	C:\Windows\system32\WS2_32.dll
0x000007fefd730000 - 0x000007fefd738000 	C:\Windows\system32\NSI.dll
0x000007fef8c80000 - 0x000007fef8cbb000 	C:\Windows\system32\WINMM.dll
0x000007fefc3f0000 - 0x000007fefc3fc000 	C:\Windows\system32\VERSION.dll
0x0000000077740000 - 0x0000000077747000 	C:\Windows\system32\PSAPI.DLL
0x00000000723a0000 - 0x00000000723af000 	C:\Program Files\Java\jdk1.8.0_91\jre\bin\verify.dll
0x0000000072370000 - 0x0000000072399000 	C:\Program Files\Java\jdk1.8.0_91\jre\bin\java.dll
0x0000000066660000 - 0x0000000066676000 	C:\Program Files\Java\jdk1.8.0_91\jre\bin\zip.dll
0x000007fefd820000 - 0x000007fefe5aa000 	C:\Windows\system32\SHELL32.dll
0x000007fefed60000 - 0x000007fefef63000 	C:\Windows\system32\ole32.dll
0x000007fefd310000 - 0x000007fefd31f000 	C:\Windows\system32\profapi.dll

VM Arguments:
jvm_args: -Djava.awt.headless=true -Xmx1024M -Dfile.encoding=x-windows-949 -Duser.country=KR -Duser.language=ko -Duser.variant 
java_command: com.android.dx.command.Main --dex --force-jumbo --num-threads=4 --multi-dex --output D:\Documents\YongWoo\ReadingSalon\app\build\intermediates\transforms\dex\debug\folders\1000\10\com.google.android.gms-play-services-basement-8.4.0_2785f32c73d5e255c239468d0cadec4b262a1820 D:\Documents\YongWoo\ReadingSalon\app\build\intermediates\exploded-aar\com.google.android.gms\play-services-basement\8.4.0\jars\classes.jar
java_class_path (initial): D:\Documents\YongWoo\Android\sdk\build-tools\23.0.3\lib\dx.jar
Launcher Type: SUN_STANDARD

Environment Variables:
JAVA_HOME=C:\Program Files\Java\jdk1.8.0_91
PATH=C:\ProgramData\Oracle\Java\javapath;C:\Program Files (x86)\Common Files\NetSarang;C:\Program Files (x86)\Intel\iCLS Client\;C:\Program Files\Intel\iCLS Client\;C:\Windows\system32;C:\Windows;C:\Windows\System32\Wbem;C:\Windows\System32\WindowsPowerShell\v1.0\;C:\Program Files (x86)\Intel\OpenCL SDK\2.0\bin\x86;C:\Program Files (x86)\Intel\OpenCL SDK\2.0\bin\x64;C:\Program Files\SafeNet\Authentication\SAC\x64;C:\Program Files\Intel\Intel(R) Management Engine Components\DAL;C:\Program Files\Intel\Intel(R) Management Engine Components\IPT;C:\Program Files (x86)\Intel\Intel(R) Management Engine Components\DAL;C:\Program Files (x86)\Intel\Intel(R) Management Engine Components\IPT;C:\Program Files (x86)\Intel\OpenCL SDK\2.0\bin\x86;C:\Program Files (x86)\Intel\OpenCL SDK\2.0\bin\x64;C:\Program Files\Java\jdk1.8.0_91\bin;D:\Documents\YongWoo\PortableGit\bin
USERNAME=Datacenter
OS=Windows_NT
PROCESSOR_IDENTIFIER=Intel64 Family 6 Model 58 Stepping 9, GenuineIntel



---------------  S Y S T E M  ---------------

OS: Windows 7 , 64 bit Build 7601 (6.1.7601.23418)

CPU:total 4 (4 cores per cpu, 1 threads per core) family 6 model 58 stepping 9, cmov, cx8, fxsr, mmx, sse, sse2, sse3, ssse3, sse4.1, sse4.2, popcnt, avx, aes, clmul, erms, tsc, tscinvbit, tscinv

Memory: 4k page, physical 8061124k(1064656k free), swap 8059264k(5376k free)

vm_info: Java HotSpot(TM) 64-Bit Server VM (25.91-b14) for windows-amd64 JRE (1.8.0_91-b14), built on Apr  1 2016 00:58:32 by "java_re" with MS VC++ 10.0 (VS2010)

time: Tue May 24 06:54:17 2016
elapsed time: 3 seconds (0d 0h 0m 3s)

