#
# There is insufficient memory for the Java Runtime Environment to continue.
# Native memory allocation (malloc) failed to allocate 65552 bytes for Chunk::new
# Possible reasons:
#   The system is out of physical RAM or swap space
#   In 32 bit mode, the process size limit was hit
# Possible solutions:
#   Reduce memory load on the system
#   Increase physical memory or swap space
#   Check if swap backing store is full
#   Use 64 bit Java on a 64 bit OS
#   Decrease Java heap size (-Xmx/-Xms)
#   Decrease number of Java threads
#   Decrease Java thread stack sizes (-Xss)
#   Set larger code cache with -XX:ReservedCodeCacheSize=
# This output file may be truncated or incomplete.
#
#  Out of Memory Error (allocation.cpp:390), pid=8416, tid=10196
#
# JRE version: Java(TM) SE Runtime Environment (8.0_91-b14) (build 1.8.0_91-b14)
# Java VM: Java HotSpot(TM) 64-Bit Server VM (25.91-b14 mixed mode windows-amd64 compressed oops)
# Failed to write core dump. Minidumps are not enabled by default on client versions of Windows
#

---------------  T H R E A D  ---------------

Current thread (0x0000000056560000):  JavaThread "C2 CompilerThread1" daemon [_thread_in_native, id=10196, stack(0x0000000056e20000,0x0000000056f20000)]

Stack: [0x0000000056e20000,0x0000000056f20000]
[error occurred during error reporting (printing stack bounds), id 0xc0000005]

Native frames: (J=compiled Java code, j=interpreted, Vv=VM code, C=native code)


Current CompileTask:
C2:   1883 1344   !   4       com.android.dx.cf.code.BytecodeArray::parseInstruction (2764 bytes)


---------------  P R O C E S S  ---------------

Java Threads: ( => current thread )
  0x000000005686a000 JavaThread "pool-2-thread-4" [_thread_blocked, id=10440, stack(0x0000000057940000,0x0000000057a40000)]
  0x0000000056867000 JavaThread "pool-2-thread-3" [_thread_blocked, id=3272, stack(0x0000000057670000,0x0000000057770000)]
  0x0000000056866800 JavaThread "pool-2-thread-2" [_thread_blocked, id=6780, stack(0x0000000057820000,0x0000000057920000)]
  0x0000000056863800 JavaThread "pool-3-thread-1" [_thread_blocked, id=8080, stack(0x00000000571b0000,0x00000000572b0000)]
  0x000000005684f800 JavaThread "pool-2-thread-1" [_thread_blocked, id=7216, stack(0x0000000057530000,0x0000000057630000)]
  0x00000000565e6800 JavaThread "Service Thread" daemon [_thread_blocked, id=5884, stack(0x0000000056f50000,0x0000000057050000)]
  0x0000000056561000 JavaThread "C1 CompilerThread2" daemon [_thread_blocked, id=9576, stack(0x0000000057090000,0x0000000057190000)]
=>0x0000000056560000 JavaThread "C2 CompilerThread1" daemon [_thread_in_native, id=10196, stack(0x0000000056e20000,0x0000000056f20000)]
  0x000000005654b000 JavaThread "C2 CompilerThread0" daemon [_thread_blocked, id=7628, stack(0x0000000056c60000,0x0000000056d60000)]
  0x0000000056549800 JavaThread "Attach Listener" daemon [_thread_blocked, id=9900, stack(0x0000000056b60000,0x0000000056c60000)]
  0x0000000056548800 JavaThread "Signal Dispatcher" daemon [_thread_blocked, id=3992, stack(0x00000000569c0000,0x0000000056ac0000)]
  0x0000000055109800 JavaThread "Finalizer" daemon [_thread_blocked, id=3156, stack(0x0000000056440000,0x0000000056540000)]
  0x00000000550c2000 JavaThread "Reference Handler" daemon [_thread_blocked, id=1204, stack(0x0000000056190000,0x0000000056290000)]
  0x000000000267e000 JavaThread "main" [_thread_blocked, id=3900, stack(0x00000000027e0000,0x00000000028e0000)]

Other Threads:
  0x00000000550ba800 VMThread [stack: 0x00000000562a0000,0x00000000563a0000] [id=10016]
  0x00000000565ec800 WatcherThread [stack: 0x0000000057350000,0x0000000057450000] [id=2436]

VM state:not at safepoint (normal execution)

VM Mutex/Monitor currently owned by a thread: None

Heap:
 PSYoungGen      total 36864K, used 16493K [0x00000000eab00000, 0x00000000ef300000, 0x0000000100000000)
  eden space 31744K, 35% used [0x00000000eab00000,0x00000000eb621200,0x00000000eca00000)
  from space 5120K, 99% used [0x00000000eca00000,0x00000000ecefa418,0x00000000ecf00000)
  to   space 5120K, 0% used [0x00000000eee00000,0x00000000eee00000,0x00000000ef300000)
 ParOldGen       total 84992K, used 1388K [0x00000000c0000000, 0x00000000c5300000, 0x00000000eab00000)
  object space 84992K, 1% used [0x00000000c0000000,0x00000000c015b330,0x00000000c5300000)
 Metaspace       used 6085K, capacity 6964K, committed 7040K, reserved 1056768K
  class space    used 606K, capacity 620K, committed 640K, reserved 1048576K

Card table byte_map: [0x0000000011ca0000,0x0000000011eb0000] byte_map_base: 0x00000000116a0000

Marking Bits: (ParMarkBitMap*) 0x0000000058fe2f70
 Begin Bits: [0x0000000012530000, 0x0000000013530000)
 End Bits:   [0x0000000013530000, 0x0000000014530000)

Polling page: 0x0000000000150000

CodeCache: size=245760Kb used=5541Kb max_used=5555Kb free=240218Kb
 bounds [0x00000000028e0000, 0x0000000002e60000, 0x00000000118e0000]
 total_blobs=1618 nmethods=1347 adapters=184
 compilation: enabled

Compilation events (10 events):
Event: 1.833 Thread 0x000000005654b000 1355       4       com.android.dx.ssa.Dominators::compress (229 bytes)
Event: 1.833 Thread 0x0000000056561000 1356       3       com.android.dx.cf.direct.DirectClassFile::getSourceFile (31 bytes)
Event: 1.834 Thread 0x0000000056561000 nmethod 1356 0x0000000002e46a10 code [0x0000000002e46bc0, 0x0000000002e47178]
Event: 1.836 Thread 0x0000000056561000 1359       1       com.android.dx.cf.code.ByteOps::opInfo (6 bytes)
Event: 1.836 Thread 0x0000000056561000 nmethod 1359 0x0000000002e466d0 code [0x0000000002e46820, 0x0000000002e46930]
Event: 1.847 Thread 0x000000005654b000 nmethod 1355 0x0000000002e4fbd0 code [0x0000000002e4fd80, 0x0000000002e50668]
Event: 1.847 Thread 0x000000005654b000 1357       4       com.android.dx.ssa.SsaRenamer$BlockRenamer::visitNonMoveInsn (14 bytes)
Event: 1.865 Thread 0x000000005654b000 nmethod 1357 0x0000000002e51610 code [0x0000000002e517e0, 0x0000000002e525c0]
Event: 1.865 Thread 0x000000005654b000 1358       4       com.android.dx.ssa.RegisterMapper::<init> (5 bytes)
Event: 1.865 Thread 0x000000005654b000 nmethod 1358 0x0000000002da4010 code [0x0000000002da4140, 0x0000000002da4198]

GC Heap History (2 events):
Event: 1.009 GC heap before
{Heap before GC invocations=1 (full 0):
 PSYoungGen      total 36864K, used 31744K [0x00000000eab00000, 0x00000000ed400000, 0x0000000100000000)
  eden space 31744K, 100% used [0x00000000eab00000,0x00000000eca00000,0x00000000eca00000)
  from space 5120K, 0% used [0x00000000ecf00000,0x00000000ecf00000,0x00000000ed400000)
  to   space 5120K, 0% used [0x00000000eca00000,0x00000000eca00000,0x00000000ecf00000)
 ParOldGen       total 84992K, used 0K [0x00000000c0000000, 0x00000000c5300000, 0x00000000eab00000)
  object space 84992K, 0% used [0x00000000c0000000,0x00000000c0000000,0x00000000c5300000)
 Metaspace       used 5991K, capacity 6900K, committed 7040K, reserved 1056768K
  class space    used 605K, capacity 620K, committed 640K, reserved 1048576K
Event: 1.065 GC heap after
Heap after GC invocations=1 (full 0):
 PSYoungGen      total 36864K, used 5097K [0x00000000eab00000, 0x00000000ef300000, 0x0000000100000000)
  eden space 31744K, 0% used [0x00000000eab00000,0x00000000eab00000,0x00000000eca00000)
  from space 5120K, 99% used [0x00000000eca00000,0x00000000ecefa418,0x00000000ecf00000)
  to   space 5120K, 0% used [0x00000000eee00000,0x00000000eee00000,0x00000000ef300000)
 ParOldGen       total 84992K, used 1388K [0x00000000c0000000, 0x00000000c5300000, 0x00000000eab00000)
  object space 84992K, 1% used [0x00000000c0000000,0x00000000c015b330,0x00000000c5300000)
 Metaspace       used 5991K, capacity 6900K, committed 7040K, reserved 1056768K
  class space    used 605K, capacity 620K, committed 640K, reserved 1048576K
}

Deoptimization events (10 events):
Event: 1.006 Thread 0x000000005684f800 Uncommon trap: reason=class_check action=maybe_recompile pc=0x0000000002baa634 method=com.android.dx.ssa.NormalSsaInsn.accept(Lcom/android/dx/ssa/SsaInsn$Visitor;)V @ 9
Event: 1.688 Thread 0x0000000056867000 Uncommon trap: reason=bimorphic action=maybe_recompile pc=0x0000000002d5d078 method=com.android.dx.cf.code.BytecodeArray.parseInstruction(ILcom/android/dx/cf/code/BytecodeArray$Visitor;)I @ 2281
Event: 1.688 Thread 0x0000000056867000 Uncommon trap: reason=bimorphic action=maybe_recompile pc=0x0000000002d5d078 method=com.android.dx.cf.code.BytecodeArray.parseInstruction(ILcom/android/dx/cf/code/BytecodeArray$Visitor;)I @ 2281
Event: 1.689 Thread 0x0000000056867000 Uncommon trap: reason=unstable_if action=reinterpret pc=0x0000000002de7fc0 method=com.android.dx.ssa.LocalVariableExtractor.processBlock(I)V @ 77
Event: 1.698 Thread 0x0000000056866800 Uncommon trap: reason=bimorphic action=maybe_recompile pc=0x0000000002e0e4c8 method=com.android.dx.ssa.LiteralOpUpgrader.tryReplacingWithConstant(Lcom/android/dx/ssa/NormalSsaInsn;)Z @ 52
Event: 1.699 Thread 0x0000000056866800 Uncommon trap: reason=unstable_if action=reinterpret pc=0x0000000002ddc268 method=com.android.dx.dex.code.RopToDop.dopFor(Lcom/android/dx/rop/code/Insn;)Lcom/android/dx/dex/code/Dop; @ 747
Event: 1.741 Thread 0x000000005686a000 Uncommon trap: reason=bimorphic action=maybe_recompile pc=0x0000000002e0e4c8 method=com.android.dx.ssa.LiteralOpUpgrader.tryReplacingWithConstant(Lcom/android/dx/ssa/NormalSsaInsn;)Z @ 52
Event: 1.773 Thread 0x000000005686a000 Uncommon trap: reason=bimorphic action=maybe_recompile pc=0x0000000002d5d078 method=com.android.dx.cf.code.BytecodeArray.parseInstruction(ILcom/android/dx/cf/code/BytecodeArray$Visitor;)I @ 2281
Event: 1.773 Thread 0x000000005686a000 Uncommon trap: reason=bimorphic action=maybe_recompile pc=0x0000000002d5d078 method=com.android.dx.cf.code.BytecodeArray.parseInstruction(ILcom/android/dx/cf/code/BytecodeArray$Visitor;)I @ 2281
Event: 1.837 Thread 0x0000000056867000 Uncommon trap: reason=bimorphic action=maybe_recompile pc=0x0000000002e0e4c8 method=com.android.dx.ssa.LiteralOpUpgrader.tryReplacingWithConstant(Lcom/android/dx/ssa/NormalSsaInsn;)Z @ 52

Internal exceptions (2 events):
Event: 0.032 Thread 0x000000000267e000 Exception <a 'java/lang/NoSuchMethodError': Method sun.misc.Unsafe.defineClass(Ljava/lang/String;[BII)Ljava/lang/Class; name or signature does not match> (0x00000000eab07cc0) thrown at [C:\re\workspace\8-2-build-windows-amd64-cygwin\jdk8u91\6644\hotspot\sr«O¡Ôq ?
Event: 0.032 Thread 0x000000000267e000 Exception <a 'java/lang/NoSuchMethodError': Method sun.misc.Unsafe.prefetchRead(Ljava/lang/Object;J)V name or signature does not match> (0x00000000eab07fa8) thrown at [C:\re\workspace\8-2-build-windows-amd64-cygwin\jdk8u91\6644\hotspot\src\share\vm\prims\j

Events (10 events):
Event: 1.741 Thread 0x000000005686a000 DEOPT UNPACKING pc=0x000000000292582a sp=0x0000000057a3e7b8 mode 2
Event: 1.773 Thread 0x000000005686a000 Uncommon trap: trap_request=0xffffffc6 fr.pc=0x0000000002d5d078
Event: 1.773 Thread 0x000000005686a000 DEOPT PACKING pc=0x0000000002d5d078 sp=0x0000000057a3e860
Event: 1.773 Thread 0x000000005686a000 DEOPT UNPACKING pc=0x000000000292582a sp=0x0000000057a3e800 mode 2
Event: 1.773 Thread 0x000000005686a000 Uncommon trap: trap_request=0xffffffc6 fr.pc=0x0000000002d5d078
Event: 1.773 Thread 0x000000005686a000 DEOPT PACKING pc=0x0000000002d5d078 sp=0x0000000057a3e640
Event: 1.773 Thread 0x000000005686a000 DEOPT UNPACKING pc=0x000000000292582a sp=0x0000000057a3e5e0 mode 2
Event: 1.837 Thread 0x0000000056867000 Uncommon trap: trap_request=0xffffffc6 fr.pc=0x0000000002e0e4c8
Event: 1.837 Thread 0x0000000056867000 DEOPT PACKING pc=0x0000000002e0e4c8 sp=0x000000005776e7a0
Event: 1.837 Thread 0x0000000056867000 DEOPT UNPACKING pc=0x000000000292582a sp=0x000000005776e678 mode 2


Dynamic libraries:
0x000000013f480000 - 0x000000013f4b7000 	C:\Program Files\Java\jdk1.8.0_91\bin\java.exe
0x0000000077580000 - 0x000000007772a000 	C:\Windows\SYSTEM32\ntdll.dll
0x0000000077460000 - 0x000000007757f000 	C:\Windows\system32\kernel32.dll
0x000007fefd620000 - 0x000007fefd68a000 	C:\Windows\system32\KERNELBASE.dll
0x0000000075010000 - 0x0000000075099000 	C:\Windows\System32\SYSFER.DLL
0x000007fefd740000 - 0x000007fefd81b000 	C:\Windows\system32\ADVAPI32.dll
0x000007fefea70000 - 0x000007fefeb0f000 	C:\Windows\system32\msvcrt.dll
0x000007fefed40000 - 0x000007fefed5f000 	C:\Windows\SYSTEM32\sechost.dll
0x000007fefeb10000 - 0x000007fefec3d000 	C:\Windows\system32\RPCRT4.dll
0x0000000077360000 - 0x000000007745a000 	C:\Windows\system32\USER32.dll
0x000007fefd6c0000 - 0x000007fefd727000 	C:\Windows\system32\GDI32.dll
0x000007fefe5b0000 - 0x000007fefe5be000 	C:\Windows\system32\LPK.dll
0x000007feff060000 - 0x000007feff12a000 	C:\Windows\system32\USP10.dll
0x000007fefbed0000 - 0x000007fefc0c4000 	C:\Windows\WinSxS\amd64_microsoft.windows.common-controls_6595b64144ccf1df_6.0.7601.18837_none_fa3b1e3d17594757\COMCTL32.dll
0x000007feff680000 - 0x000007feff6f1000 	C:\Windows\system32\SHLWAPI.dll
0x000007fefe9a0000 - 0x000007fefe9ce000 	C:\Windows\system32\IMM32.DLL
0x000007fefe890000 - 0x000007fefe999000 	C:\Windows\system32\MSCTF.dll
0x0000000063ab0000 - 0x0000000063b82000 	C:\Program Files\Java\jdk1.8.0_91\jre\bin\msvcr100.dll
0x00000000587d0000 - 0x0000000059063000 	C:\Program Files\Java\jdk1.8.0_91\jre\bin\server\jvm.dll
0x000007fefa190000 - 0x000007fefa199000 	C:\Windows\system32\WSOCK32.dll
0x000007fefef90000 - 0x000007fefefdd000 	C:\Windows\system32\WS2_32.dll
0x000007fefd730000 - 0x000007fefd738000 	C:\Windows\system32\NSI.dll
0x000007fef8c80000 - 0x000007fef8cbb000 	C:\Windows\system32\WINMM.dll
0x000007fefc3f0000 - 0x000007fefc3fc000 	C:\Windows\system32\VERSION.dll
0x0000000077740000 - 0x0000000077747000 	C:\Windows\system32\PSAPI.DLL
0x00000000723a0000 - 0x00000000723af000 	C:\Program Files\Java\jdk1.8.0_91\jre\bin\verify.dll
0x0000000072370000 - 0x0000000072399000 	C:\Program Files\Java\jdk1.8.0_91\jre\bin\java.dll
0x0000000066660000 - 0x0000000066676000 	C:\Program Files\Java\jdk1.8.0_91\jre\bin\zip.dll
0x000007fefd820000 - 0x000007fefe5aa000 	C:\Windows\system32\SHELL32.dll
0x000007fefed60000 - 0x000007fefef63000 	C:\Windows\system32\ole32.dll
0x000007fefd310000 - 0x000007fefd31f000 	C:\Windows\system32\profapi.dll

VM Arguments:
jvm_args: -Djava.awt.headless=true -Xmx1024M -Dfile.encoding=x-windows-949 -Duser.country=KR -Duser.language=ko -Duser.variant 
java_command: com.android.dx.command.Main --dex --force-jumbo --num-threads=4 --multi-dex --output D:\Documents\YongWoo\ReadingSalon\app\build\intermediates\transforms\dex\debug\folders\1000\10\com.github.afollestad.material-dialogs-commons-0.8.5.3_b7d6ebb2bf8b093ddc263c59495ab22d9ec8b0a9 D:\Documents\YongWoo\ReadingSalon\app\build\intermediates\exploded-aar\com.github.afollestad.material-dialogs\commons\0.8.5.3\jars\classes.jar
java_class_path (initial): D:\Documents\YongWoo\Android\sdk\build-tools\23.0.3\lib\dx.jar
Launcher Type: SUN_STANDARD

Environment Variables:
JAVA_HOME=C:\Program Files\Java\jdk1.8.0_91
PATH=C:\ProgramData\Oracle\Java\javapath;C:\Program Files (x86)\Common Files\NetSarang;C:\Program Files (x86)\Intel\iCLS Client\;C:\Program Files\Intel\iCLS Client\;C:\Windows\system32;C:\Windows;C:\Windows\System32\Wbem;C:\Windows\System32\WindowsPowerShell\v1.0\;C:\Program Files (x86)\Intel\OpenCL SDK\2.0\bin\x86;C:\Program Files (x86)\Intel\OpenCL SDK\2.0\bin\x64;C:\Program Files\SafeNet\Authentication\SAC\x64;C:\Program Files\Intel\Intel(R) Management Engine Components\DAL;C:\Program Files\Intel\Intel(R) Management Engine Components\IPT;C:\Program Files (x86)\Intel\Intel(R) Management Engine Components\DAL;C:\Program Files (x86)\Intel\Intel(R) Management Engine Components\IPT;C:\Program Files (x86)\Intel\OpenCL SDK\2.0\bin\x86;C:\Program Files (x86)\Intel\OpenCL SDK\2.0\bin\x64;C:\Program Files\Java\jdk1.8.0_91\bin;D:\Documents\YongWoo\PortableGit\bin
USERNAME=Datacenter
OS=Windows_NT
PROCESSOR_IDENTIFIER=Intel64 Family 6 Model 58 Stepping 9, GenuineIntel



---------------  S Y S T E M  ---------------

OS: Windows 7 , 64 bit Build 7601 (6.1.7601.23418)

CPU:total 4 (4 cores per cpu, 1 threads per core) family 6 model 58 stepping 9, cmov, cx8, fxsr, mmx, sse, sse2, sse3, ssse3, sse4.1, sse4.2, popcnt, avx, aes, clmul, erms, tsc, tscinvbit, tscinv

Memory: 4k page, physical 8061124k(702716k free), swap 8059264k(5144k free)

vm_info: Java HotSpot(TM) 64-Bit Server VM (25.91-b14) for windows-amd64 JRE (1.8.0_91-b14), built on Apr  1 2016 00:58:32 by "java_re" with MS VC++ 10.0 (VS2010)

time: Tue May 24 07:01:31 2016
elapsed time: 1 seconds (0d 0h 0m 1s)

