#
# There is insufficient memory for the Java Runtime Environment to continue.
# Native memory allocation (malloc) failed to allocate 288496 bytes for Chunk::new
# Possible reasons:
#   The system is out of physical RAM or swap space
#   In 32 bit mode, the process size limit was hit
# Possible solutions:
#   Reduce memory load on the system
#   Increase physical memory or swap space
#   Check if swap backing store is full
#   Use 64 bit Java on a 64 bit OS
#   Decrease Java heap size (-Xmx/-Xms)
#   Decrease number of Java threads
#   Decrease Java thread stack sizes (-Xss)
#   Set larger code cache with -XX:ReservedCodeCacheSize=
# This output file may be truncated or incomplete.
#
#  Out of Memory Error (allocation.cpp:390), pid=4520, tid=6536
#
# JRE version: Java(TM) SE Runtime Environment (8.0_91-b14) (build 1.8.0_91-b14)
# Java VM: Java HotSpot(TM) 64-Bit Server VM (25.91-b14 mixed mode windows-amd64 compressed oops)
# Failed to write core dump. Minidumps are not enabled by default on client versions of Windows
#

---------------  T H R E A D  ---------------

Current thread (0x000000005672c000):  JavaThread "C2 CompilerThread1" daemon [_thread_in_native, id=6536, stack(0x0000000056f80000,0x0000000057080000)]

Stack: [0x0000000056f80000,0x0000000057080000]
[error occurred during error reporting (printing stack bounds), id 0xc0000005]

Native frames: (J=compiled Java code, j=interpreted, Vv=VM code, C=native code)


Current CompileTask:
C2:   1879 1208   !   4       com.android.dx.cf.code.BytecodeArray::parseInstruction (2764 bytes)


---------------  P R O C E S S  ---------------

Java Threads: ( => current thread )
  0x0000000056a6c000 JavaThread "pool-2-thread-4" [_thread_in_Java, id=4372, stack(0x0000000058400000,0x0000000058500000)]
  0x0000000056afd000 JavaThread "pool-2-thread-3" [_thread_blocked, id=9192, stack(0x0000000058240000,0x0000000058340000)]
  0x0000000056afc000 JavaThread "pool-2-thread-2" [_thread_blocked, id=7556, stack(0x0000000057fd0000,0x00000000580d0000)]
  0x0000000056a9e800 JavaThread "pool-3-thread-1" [_thread_blocked, id=3884, stack(0x0000000056e50000,0x0000000056f50000)]
  0x0000000056a99000 JavaThread "pool-2-thread-1" [_thread_blocked, id=9500, stack(0x0000000057de0000,0x0000000057ee0000)]
  0x0000000056765000 JavaThread "Service Thread" daemon [_thread_blocked, id=9728, stack(0x0000000057260000,0x0000000057360000)]
  0x000000005672d800 JavaThread "C1 CompilerThread2" daemon [_thread_blocked, id=3496, stack(0x00000000570d0000,0x00000000571d0000)]
=>0x000000005672c000 JavaThread "C2 CompilerThread1" daemon [_thread_in_native, id=6536, stack(0x0000000056f80000,0x0000000057080000)]
  0x00000000550ce000 JavaThread "C2 CompilerThread0" daemon [_thread_blocked, id=9152, stack(0x0000000056b60000,0x0000000056c60000)]
  0x00000000550c9000 JavaThread "Attach Listener" daemon [_thread_blocked, id=11100, stack(0x0000000056cf0000,0x0000000056df0000)]
  0x0000000056721800 JavaThread "Signal Dispatcher" daemon [_thread_blocked, id=2544, stack(0x0000000056160000,0x0000000056260000)]
  0x00000000550a9800 JavaThread "Finalizer" daemon [_thread_blocked, id=5924, stack(0x0000000056610000,0x0000000056710000)]
  0x0000000055062000 JavaThread "Reference Handler" daemon [_thread_blocked, id=4940, stack(0x0000000056440000,0x0000000056540000)]
  0x00000000005fe000 JavaThread "main" [_thread_blocked, id=8440, stack(0x00000000027a0000,0x00000000028a0000)]

Other Threads:
  0x000000005505a800 VMThread [stack: 0x0000000056280000,0x0000000056380000] [id=7868]
  0x00000000567b9800 WatcherThread [stack: 0x00000000573b0000,0x00000000574b0000] [id=7324]

VM state:not at safepoint (normal execution)

VM Mutex/Monitor currently owned by a thread: None

Heap:
 PSYoungGen      total 36864K, used 19935K [0x00000000eab00000, 0x00000000ef300000, 0x0000000100000000)
  eden space 31744K, 50% used [0x00000000eab00000,0x00000000ebaa95f8,0x00000000eca00000)
  from space 5120K, 76% used [0x00000000eca00000,0x00000000ecdce950,0x00000000ecf00000)
  to   space 5120K, 0% used [0x00000000eee00000,0x00000000eee00000,0x00000000ef300000)
 ParOldGen       total 84992K, used 8K [0x00000000c0000000, 0x00000000c5300000, 0x00000000eab00000)
  object space 84992K, 0% used [0x00000000c0000000,0x00000000c0002000,0x00000000c5300000)
 Metaspace       used 5979K, capacity 6838K, committed 7040K, reserved 1056768K
  class space    used 602K, capacity 622K, committed 640K, reserved 1048576K

Card table byte_map: [0x0000000011c60000,0x0000000011e70000] byte_map_base: 0x0000000011660000

Marking Bits: (ParMarkBitMap*) 0x0000000058fe2f70
 Begin Bits: [0x00000000124d0000, 0x00000000134d0000)
 End Bits:   [0x00000000134d0000, 0x00000000144d0000)

Polling page: 0x0000000000560000

CodeCache: size=245760Kb used=4421Kb max_used=4421Kb free=241338Kb
 bounds [0x00000000028a0000, 0x0000000002d00000, 0x00000000118a0000]
 total_blobs=1470 nmethods=1199 adapters=184
 compilation: enabled

Compilation events (10 events):
Event: 1.818 Thread 0x000000005672d800 1212       3       java.util.zip.ZipFile::access$100 (6 bytes)
Event: 1.818 Thread 0x000000005672d800 nmethod 1212 0x0000000002cf2410 code [0x0000000002cf2580, 0x0000000002cf26e8]
Event: 1.818 Thread 0x000000005672d800 1213   !   3       java.util.zip.ZipFile::releaseInflater (41 bytes)
Event: 1.818 Thread 0x000000005672d800 nmethod 1213 0x0000000002cf2790 code [0x0000000002cf2940, 0x0000000002cf3058]
Event: 1.825 Thread 0x000000005672d800 1214       3       com.android.dx.rop.annotation.Annotations::size (8 bytes)
Event: 1.825 Thread 0x000000005672d800 nmethod 1214 0x0000000002cf3350 code [0x0000000002cf34a0, 0x0000000002cf3610]
Event: 1.830 Thread 0x000000005672d800 1216       3       java.util.ArrayDeque::add (7 bytes)
Event: 1.830 Thread 0x000000005672d800 nmethod 1216 0x0000000002cf3a50 code [0x0000000002cf3bc0, 0x0000000002cf3d68]
Event: 1.830 Thread 0x000000005672d800 1217       3       java.util.ArrayDeque::addLast (53 bytes)
Event: 1.830 Thread 0x000000005672d800 nmethod 1217 0x0000000002cf3e10 code [0x0000000002cf3fa0, 0x0000000002cf4398]

GC Heap History (2 events):
Event: 0.949 GC heap before
{Heap before GC invocations=1 (full 0):
 PSYoungGen      total 36864K, used 31744K [0x00000000eab00000, 0x00000000ed400000, 0x0000000100000000)
  eden space 31744K, 100% used [0x00000000eab00000,0x00000000eca00000,0x00000000eca00000)
  from space 5120K, 0% used [0x00000000ecf00000,0x00000000ecf00000,0x00000000ed400000)
  to   space 5120K, 0% used [0x00000000eca00000,0x00000000eca00000,0x00000000ecf00000)
 ParOldGen       total 84992K, used 0K [0x00000000c0000000, 0x00000000c5300000, 0x00000000eab00000)
  object space 84992K, 0% used [0x00000000c0000000,0x00000000c0000000,0x00000000c5300000)
 Metaspace       used 5619K, capacity 6580K, committed 6784K, reserved 1056768K
  class space    used 597K, capacity 620K, committed 640K, reserved 1048576K
Event: 1.049 GC heap after
Heap after GC invocations=1 (full 0):
 PSYoungGen      total 36864K, used 3898K [0x00000000eab00000, 0x00000000ef300000, 0x0000000100000000)
  eden space 31744K, 0% used [0x00000000eab00000,0x00000000eab00000,0x00000000eca00000)
  from space 5120K, 76% used [0x00000000eca00000,0x00000000ecdce950,0x00000000ecf00000)
  to   space 5120K, 0% used [0x00000000eee00000,0x00000000eee00000,0x00000000ef300000)
 ParOldGen       total 84992K, used 8K [0x00000000c0000000, 0x00000000c5300000, 0x00000000eab00000)
  object space 84992K, 0% used [0x00000000c0000000,0x00000000c0002000,0x00000000c5300000)
 Metaspace       used 5619K, capacity 6580K, committed 6784K, reserved 1056768K
  class space    used 597K, capacity 620K, committed 640K, reserved 1048576K
}

Deoptimization events (3 events):
Event: 0.326 Thread 0x00000000005fe000 Uncommon trap: reason=unstable_if action=reinterpret pc=0x00000000029fd494 method=java.util.regex.Pattern$BnM.match(Ljava/util/regex/Matcher;ILjava/lang/CharSequence;)Z @ 56
Event: 0.593 Thread 0x0000000056afc000 Uncommon trap: reason=unstable_if action=reinterpret pc=0x0000000002ac6a8c method=java.util.HashMap.getNode(ILjava/lang/Object;)Ljava/util/HashMap$Node; @ 129
Event: 1.070 Thread 0x0000000056afd000 Uncommon trap: reason=unstable_if action=reinterpret pc=0x0000000002ac2a60 method=java.util.BitSet.nextSetBit(I)I @ 87

Internal exceptions (2 events):
Event: 0.116 Thread 0x00000000005fe000 Exception <a 'java/lang/NoSuchMethodError': Method sun.misc.Unsafe.defineClass(Ljava/lang/String;[BII)Ljava/lang/Class; name or signature does not match> (0x00000000eab07cc0) thrown at [C:\re\workspace\8-2-build-windows-amd64-cygwin\jdk8u91\6644\hotspot\sr2z”^„Á½?
Event: 0.116 Thread 0x00000000005fe000 Exception <a 'java/lang/NoSuchMethodError': Method sun.misc.Unsafe.prefetchRead(Ljava/lang/Object;J)V name or signature does not match> (0x00000000eab07fa8) thrown at [C:\re\workspace\8-2-build-windows-amd64-cygwin\jdk8u91\6644\hotspot\src\share\vm\prims\j

Events (10 events):
Event: 1.514 Executing VM operation: ForceSafepoint
Event: 1.514 Executing VM operation: ForceSafepoint done
Event: 1.596 loading class com/android/dx/cf/attrib/AttRuntimeInvisibleAnnotations
Event: 1.596 loading class com/android/dx/cf/attrib/AttRuntimeInvisibleAnnotations done
Event: 1.670 loading class com/android/dx/cf/attrib/AttLocalVariableTypeTable
Event: 1.670 loading class com/android/dx/cf/attrib/AttLocalVariableTypeTable done
Event: 1.701 loading class com/android/dx/dex/file/FieldAnnotationStruct
Event: 1.701 loading class com/android/dx/dex/file/FieldAnnotationStruct done
Event: 1.829 loading class com/android/dx/cf/attrib/AttAnnotationDefault
Event: 1.829 loading class com/android/dx/cf/attrib/AttAnnotationDefault done


Dynamic libraries:
0x000000013f480000 - 0x000000013f4b7000 	C:\Program Files\Java\jdk1.8.0_91\bin\java.exe
0x0000000077580000 - 0x000000007772a000 	C:\Windows\SYSTEM32\ntdll.dll
0x0000000077460000 - 0x000000007757f000 	C:\Windows\system32\kernel32.dll
0x000007fefd620000 - 0x000007fefd68a000 	C:\Windows\system32\KERNELBASE.dll
0x0000000075010000 - 0x0000000075099000 	C:\Windows\System32\SYSFER.DLL
0x000007fefd740000 - 0x000007fefd81b000 	C:\Windows\system32\ADVAPI32.dll
0x000007fefea70000 - 0x000007fefeb0f000 	C:\Windows\system32\msvcrt.dll
0x000007fefed40000 - 0x000007fefed5f000 	C:\Windows\SYSTEM32\sechost.dll
0x000007fefeb10000 - 0x000007fefec3d000 	C:\Windows\system32\RPCRT4.dll
0x0000000077360000 - 0x000000007745a000 	C:\Windows\system32\USER32.dll
0x000007fefd6c0000 - 0x000007fefd727000 	C:\Windows\system32\GDI32.dll
0x000007fefe5b0000 - 0x000007fefe5be000 	C:\Windows\system32\LPK.dll
0x000007feff060000 - 0x000007feff12a000 	C:\Windows\system32\USP10.dll
0x000007fefbed0000 - 0x000007fefc0c4000 	C:\Windows\WinSxS\amd64_microsoft.windows.common-controls_6595b64144ccf1df_6.0.7601.18837_none_fa3b1e3d17594757\COMCTL32.dll
0x000007feff680000 - 0x000007feff6f1000 	C:\Windows\system32\SHLWAPI.dll
0x000007fefe9a0000 - 0x000007fefe9ce000 	C:\Windows\system32\IMM32.DLL
0x000007fefe890000 - 0x000007fefe999000 	C:\Windows\system32\MSCTF.dll
0x0000000063ab0000 - 0x0000000063b82000 	C:\Program Files\Java\jdk1.8.0_91\jre\bin\msvcr100.dll
0x00000000587d0000 - 0x0000000059063000 	C:\Program Files\Java\jdk1.8.0_91\jre\bin\server\jvm.dll
0x000007fefa190000 - 0x000007fefa199000 	C:\Windows\system32\WSOCK32.dll
0x000007fefef90000 - 0x000007fefefdd000 	C:\Windows\system32\WS2_32.dll
0x000007fefd730000 - 0x000007fefd738000 	C:\Windows\system32\NSI.dll
0x000007fef8c80000 - 0x000007fef8cbb000 	C:\Windows\system32\WINMM.dll
0x000007fefc3f0000 - 0x000007fefc3fc000 	C:\Windows\system32\VERSION.dll
0x0000000077740000 - 0x0000000077747000 	C:\Windows\system32\PSAPI.DLL
0x00000000723a0000 - 0x00000000723af000 	C:\Program Files\Java\jdk1.8.0_91\jre\bin\verify.dll
0x0000000072370000 - 0x0000000072399000 	C:\Program Files\Java\jdk1.8.0_91\jre\bin\java.dll
0x0000000066660000 - 0x0000000066676000 	C:\Program Files\Java\jdk1.8.0_91\jre\bin\zip.dll
0x000007fefd820000 - 0x000007fefe5aa000 	C:\Windows\system32\SHELL32.dll
0x000007fefed60000 - 0x000007fefef63000 	C:\Windows\system32\ole32.dll
0x000007fefd310000 - 0x000007fefd31f000 	C:\Windows\system32\profapi.dll

VM Arguments:
jvm_args: -Djava.awt.headless=true -Xmx1024M -Dfile.encoding=x-windows-949 -Duser.country=KR -Duser.language=ko -Duser.variant 
java_command: com.android.dx.command.Main --dex --force-jumbo --num-threads=4 --multi-dex --output D:\Documents\YongWoo\ReadingSalon\app\build\intermediates\transforms\dex\debug\folders\1000\10\com.google.android.gms-play-services-ads-8.4.0_a0ff76a23bf08fa2cd4f34df266b217168cbdc0b D:\Documents\YongWoo\ReadingSalon\app\build\intermediates\exploded-aar\com.google.android.gms\play-services-ads\8.4.0\jars\classes.jar
java_class_path (initial): D:\Documents\YongWoo\Android\sdk\build-tools\23.0.3\lib\dx.jar
Launcher Type: SUN_STANDARD

Environment Variables:
JAVA_HOME=C:\Program Files\Java\jdk1.8.0_91
PATH=C:\ProgramData\Oracle\Java\javapath;C:\Program Files (x86)\Common Files\NetSarang;C:\Program Files (x86)\Intel\iCLS Client\;C:\Program Files\Intel\iCLS Client\;C:\Windows\system32;C:\Windows;C:\Windows\System32\Wbem;C:\Windows\System32\WindowsPowerShell\v1.0\;C:\Program Files (x86)\Intel\OpenCL SDK\2.0\bin\x86;C:\Program Files (x86)\Intel\OpenCL SDK\2.0\bin\x64;C:\Program Files\SafeNet\Authentication\SAC\x64;C:\Program Files\Intel\Intel(R) Management Engine Components\DAL;C:\Program Files\Intel\Intel(R) Management Engine Components\IPT;C:\Program Files (x86)\Intel\Intel(R) Management Engine Components\DAL;C:\Program Files (x86)\Intel\Intel(R) Management Engine Components\IPT;C:\Program Files (x86)\Intel\OpenCL SDK\2.0\bin\x86;C:\Program Files (x86)\Intel\OpenCL SDK\2.0\bin\x64;C:\Program Files\Java\jdk1.8.0_91\bin;D:\Documents\YongWoo\PortableGit\bin
USERNAME=Datacenter
OS=Windows_NT
PROCESSOR_IDENTIFIER=Intel64 Family 6 Model 58 Stepping 9, GenuineIntel



---------------  S Y S T E M  ---------------

OS: Windows 7 , 64 bit Build 7601 (6.1.7601.23418)

CPU:total 4 (4 cores per cpu, 1 threads per core) family 6 model 58 stepping 9, cmov, cx8, fxsr, mmx, sse, sse2, sse3, ssse3, sse4.1, sse4.2, popcnt, avx, aes, clmul, erms, tsc, tscinvbit, tscinv

Memory: 4k page, physical 8061124k(703864k free), swap 8059264k(5164k free)

vm_info: Java HotSpot(TM) 64-Bit Server VM (25.91-b14) for windows-amd64 JRE (1.8.0_91-b14), built on Apr  1 2016 00:58:32 by "java_re" with MS VC++ 10.0 (VS2010)

time: Tue May 24 07:01:31 2016
elapsed time: 1 seconds (0d 0h 0m 1s)

