#
# There is insufficient memory for the Java Runtime Environment to continue.
# Native memory allocation (malloc) failed to allocate 90848 bytes for Chunk::new
# Possible reasons:
#   The system is out of physical RAM or swap space
#   In 32 bit mode, the process size limit was hit
# Possible solutions:
#   Reduce memory load on the system
#   Increase physical memory or swap space
#   Check if swap backing store is full
#   Use 64 bit Java on a 64 bit OS
#   Decrease Java heap size (-Xmx/-Xms)
#   Decrease number of Java threads
#   Decrease Java thread stack sizes (-Xss)
#   Set larger code cache with -XX:ReservedCodeCacheSize=
# This output file may be truncated or incomplete.
#
#  Out of Memory Error (allocation.cpp:390), pid=10556, tid=5500
#
# JRE version: Java(TM) SE Runtime Environment (8.0_91-b14) (build 1.8.0_91-b14)
# Java VM: Java HotSpot(TM) 64-Bit Server VM (25.91-b14 mixed mode windows-amd64 compressed oops)
# Failed to write core dump. Minidumps are not enabled by default on client versions of Windows
#

---------------  T H R E A D  ---------------

Current thread (0x00000000565cf800):  JavaThread "C2 CompilerThread1" daemon [_thread_in_native, id=5500, stack(0x0000000056e10000,0x0000000056f10000)]

Stack: [0x0000000056e10000,0x0000000056f10000]
[error occurred during error reporting (printing stack bounds), id 0xc0000005]

Native frames: (J=compiled Java code, j=interpreted, Vv=VM code, C=native code)


Current CompileTask:
C2:   1772 1216       4       com.android.dx.ssa.SCCP::simulateBranch (666 bytes)


---------------  P R O C E S S  ---------------

Java Threads: ( => current thread )
  0x00000000568da800 JavaThread "pool-2-thread-4" [_thread_blocked, id=9372, stack(0x0000000057bc0000,0x0000000057cc0000)]
  0x000000005689d000 JavaThread "pool-2-thread-3" [_thread_blocked, id=8540, stack(0x0000000057980000,0x0000000057a80000)]
  0x0000000056896800 JavaThread "pool-2-thread-2" [_thread_blocked, id=9500, stack(0x0000000057830000,0x0000000057930000)]
  0x0000000056895000 JavaThread "pool-3-thread-1" [_thread_blocked, id=6840, stack(0x0000000057650000,0x0000000057750000)]
  0x0000000056893000 JavaThread "pool-2-thread-1" [_thread_blocked, id=11232, stack(0x00000000573b0000,0x00000000574b0000)]
  0x0000000056604000 JavaThread "Service Thread" daemon [_thread_blocked, id=1172, stack(0x0000000057260000,0x0000000057360000)]
  0x00000000565d0800 JavaThread "C1 CompilerThread2" daemon [_thread_blocked, id=5704, stack(0x0000000056fe0000,0x00000000570e0000)]
=>0x00000000565cf800 JavaThread "C2 CompilerThread1" daemon [_thread_in_native, id=5500, stack(0x0000000056e10000,0x0000000056f10000)]
  0x00000000550fe000 JavaThread "C2 CompilerThread0" daemon [_thread_blocked, id=9944, stack(0x0000000056cf0000,0x0000000056df0000)]
  0x00000000565bb800 JavaThread "Attach Listener" daemon [_thread_blocked, id=6484, stack(0x0000000056a30000,0x0000000056b30000)]
  0x00000000565b8800 JavaThread "Signal Dispatcher" daemon [_thread_blocked, id=9516, stack(0x0000000056b80000,0x0000000056c80000)]
  0x00000000550d9000 JavaThread "Finalizer" daemon [_thread_blocked, id=7820, stack(0x00000000564b0000,0x00000000565b0000)]
  0x0000000055092000 JavaThread "Reference Handler" daemon [_thread_blocked, id=7672, stack(0x00000000562d0000,0x00000000563d0000)]
  0x0000000001cde000 JavaThread "main" [_thread_in_native, id=7272, stack(0x0000000002820000,0x0000000002920000)]

Other Threads:
  0x000000005508a800 VMThread [stack: 0x0000000056110000,0x0000000056210000] [id=6456]
  0x0000000056669000 WatcherThread [stack: 0x0000000057160000,0x0000000057260000] [id=9512]

VM state:not at safepoint (normal execution)

VM Mutex/Monitor currently owned by a thread: None

Heap:
 PSYoungGen      total 36864K, used 8252K [0x00000000eab00000, 0x00000000ef300000, 0x0000000100000000)
  eden space 31744K, 9% used [0x00000000eab00000,0x00000000eae10fd8,0x00000000eca00000)
  from space 5120K, 99% used [0x00000000eca00000,0x00000000ecefe168,0x00000000ecf00000)
  to   space 5120K, 0% used [0x00000000eee00000,0x00000000eee00000,0x00000000ef300000)
 ParOldGen       total 84992K, used 1097K [0x00000000c0000000, 0x00000000c5300000, 0x00000000eab00000)
  object space 84992K, 1% used [0x00000000c0000000,0x00000000c0112680,0x00000000c5300000)
 Metaspace       used 6031K, capacity 6902K, committed 7040K, reserved 1056768K
  class space    used 602K, capacity 622K, committed 640K, reserved 1048576K

Card table byte_map: [0x0000000011ce0000,0x0000000011ef0000] byte_map_base: 0x00000000116e0000

Marking Bits: (ParMarkBitMap*) 0x0000000058fe2f70
 Begin Bits: [0x0000000012500000, 0x0000000013500000)
 End Bits:   [0x0000000013500000, 0x0000000014500000)

Polling page: 0x0000000001c90000

CodeCache: size=245760Kb used=4880Kb max_used=4892Kb free=240879Kb
 bounds [0x0000000002920000, 0x0000000002df0000, 0x0000000011920000]
 total_blobs=1506 nmethods=1235 adapters=184
 compilation: enabled

Compilation events (10 events):
Event: 1.767 Thread 0x00000000565d0800 nmethod 1233 0x0000000002de2490 code [0x0000000002de26e0, 0x0000000002de3248]
Event: 1.767 Thread 0x00000000565d0800 1234       3       com.android.dx.ssa.LocalVariableInfo::<init> (78 bytes)
Event: 1.767 Thread 0x00000000565d0800 nmethod 1234 0x0000000002de3850 code [0x0000000002de3a20, 0x0000000002de4408]
Event: 1.768 Thread 0x00000000565d0800 1235       3       com.android.dx.ssa.Optimizer::runSsaFormSteps (117 bytes)
Event: 1.768 Thread 0x00000000565d0800 nmethod 1235 0x0000000002de4810 code [0x0000000002de4bc0, 0x0000000002de6518]
Event: 1.769 Thread 0x00000000565d0800 1236       3       com.android.dx.ssa.MoveParamCombiner$1::<init> (20 bytes)
Event: 1.769 Thread 0x00000000565d0800 nmethod 1236 0x0000000002dea490 code [0x0000000002dea5e0, 0x0000000002dea7d0]
Event: 1.769 Thread 0x00000000550fe000 nmethod 1218 0x0000000002dea890 code [0x0000000002deaa00, 0x0000000002deb068]
Event: 1.769 Thread 0x00000000550fe000 1231       4       com.android.dx.rop.code.ThrowingCstInsn::accept (8 bytes)
Event: 1.769 Thread 0x00000000550fe000 nmethod 1231 0x0000000002dc7150 code [0x0000000002dc7280, 0x0000000002dc72f8]

GC Heap History (2 events):
Event: 1.323 GC heap before
{Heap before GC invocations=1 (full 0):
 PSYoungGen      total 36864K, used 31744K [0x00000000eab00000, 0x00000000ed400000, 0x0000000100000000)
  eden space 31744K, 100% used [0x00000000eab00000,0x00000000eca00000,0x00000000eca00000)
  from space 5120K, 0% used [0x00000000ecf00000,0x00000000ecf00000,0x00000000ed400000)
  to   space 5120K, 0% used [0x00000000eca00000,0x00000000eca00000,0x00000000ecf00000)
 ParOldGen       total 84992K, used 0K [0x00000000c0000000, 0x00000000c5300000, 0x00000000eab00000)
  object space 84992K, 0% used [0x00000000c0000000,0x00000000c0000000,0x00000000c5300000)
 Metaspace       used 5998K, capacity 6902K, committed 7040K, reserved 1056768K
  class space    used 602K, capacity 622K, committed 640K, reserved 1048576K
Event: 1.728 GC heap after
Heap after GC invocations=1 (full 0):
 PSYoungGen      total 36864K, used 5112K [0x00000000eab00000, 0x00000000ef300000, 0x0000000100000000)
  eden space 31744K, 0% used [0x00000000eab00000,0x00000000eab00000,0x00000000eca00000)
  from space 5120K, 99% used [0x00000000eca00000,0x00000000ecefe168,0x00000000ecf00000)
  to   space 5120K, 0% used [0x00000000eee00000,0x00000000eee00000,0x00000000ef300000)
 ParOldGen       total 84992K, used 1097K [0x00000000c0000000, 0x00000000c5300000, 0x00000000eab00000)
  object space 84992K, 1% used [0x00000000c0000000,0x00000000c0112680,0x00000000c5300000)
 Metaspace       used 5998K, capacity 6902K, committed 7040K, reserved 1056768K
  class space    used 602K, capacity 622K, committed 640K, reserved 1048576K
}

Deoptimization events (7 events):
Event: 0.834 Thread 0x0000000056893000 Uncommon trap: reason=unstable_if action=reinterpret pc=0x0000000002b050dc method=java.util.HashMap.getNode(ILjava/lang/Object;)Ljava/util/HashMap$Node; @ 62
Event: 1.042 Thread 0x0000000056893000 Uncommon trap: reason=unstable_if action=reinterpret pc=0x0000000002c30798 method=java.util.HashMap.getNode(ILjava/lang/Object;)Ljava/util/HashMap$Node; @ 129
Event: 1.047 Thread 0x0000000056893000 Uncommon trap: reason=unstable_if action=reinterpret pc=0x0000000002b644e4 method=java.util.BitSet.ensureCapacity(I)V @ 6
Event: 1.069 Thread 0x0000000056893000 Uncommon trap: reason=null_check action=make_not_entrant pc=0x0000000002c378ac method=com.android.dx.ssa.SsaRenamer.getLocalForNewReg(I)Lcom/android/dx/rop/code/LocalItem; @ 19
Event: 1.078 Thread 0x0000000056893000 Uncommon trap: reason=unstable_if action=reinterpret pc=0x0000000002b7593c method=java.util.HashMap.getNode(ILjava/lang/Object;)Ljava/util/HashMap$Node; @ 129
Event: 1.168 Thread 0x0000000056896800 Uncommon trap: reason=null_check action=make_not_entrant pc=0x0000000002c2bc84 method=com.android.dx.ssa.SsaRenamer.getLocalForNewReg(I)Lcom/android/dx/rop/code/LocalItem; @ 19
Event: 1.256 Thread 0x0000000056896800 Uncommon trap: reason=unstable_if action=reinterpret pc=0x0000000002cb7d4c method=com.android.dx.ssa.SsaMethod.onSourcesChanged(Lcom/android/dx/ssa/SsaInsn;Lcom/android/dx/rop/code/RegisterSpecList;)V @ 4

Internal exceptions (4 events):
Event: 0.065 Thread 0x0000000001cde000 Exception <a 'java/lang/NoSuchMethodError': Method sun.misc.Unsafe.defineClass(Ljava/lang/String;[BII)Ljava/lang/Class; name or signature does not match> (0x00000000eab07cc0) thrown at [C:\re\workspace\8-2-build-windows-amd64-cygwin\jdk8u91\6644\hotspot\sr"¨üË–‡°?
Event: 0.065 Thread 0x0000000001cde000 Exception <a 'java/lang/NoSuchMethodError': Method sun.misc.Unsafe.prefetchRead(Ljava/lang/Object;J)V name or signature does not match> (0x00000000eab07fa8) thrown at [C:\re\workspace\8-2-build-windows-amd64-cygwin\jdk8u91\6644\hotspot\src\share\vm\prims\j_pÅº™ñ?
Event: 1.069 Thread 0x0000000056893000 Implicit null exception at 0x0000000002c3611b to 0x0000000002c37861
Event: 1.168 Thread 0x0000000056896800 Implicit null exception at 0x0000000002c2a71e to 0x0000000002c2bc65

Events (10 events):
Event: 1.276 loading class com/android/dx/cf/direct/AnnotationParser
Event: 1.276 loading class com/android/dx/cf/direct/AnnotationParser done
Event: 1.277 loading class com/android/dx/cf/attrib/AttRuntimeVisibleAnnotations
Event: 1.277 loading class com/android/dx/cf/attrib/AttRuntimeVisibleAnnotations done
Event: 1.278 loading class com/android/dx/cf/attrib/BaseAnnotations
Event: 1.278 loading class com/android/dx/cf/attrib/BaseAnnotations done
Event: 1.314 Executing VM operation: ForceSafepoint
Event: 1.314 Executing VM operation: ForceSafepoint done
Event: 1.323 Executing VM operation: ParallelGCFailedAllocation
Event: 1.728 Executing VM operation: ParallelGCFailedAllocation done


Dynamic libraries:
0x000000013f480000 - 0x000000013f4b7000 	C:\Program Files\Java\jdk1.8.0_91\bin\java.exe
0x0000000077580000 - 0x000000007772a000 	C:\Windows\SYSTEM32\ntdll.dll
0x0000000077460000 - 0x000000007757f000 	C:\Windows\system32\kernel32.dll
0x000007fefd620000 - 0x000007fefd68a000 	C:\Windows\system32\KERNELBASE.dll
0x0000000075010000 - 0x0000000075099000 	C:\Windows\System32\SYSFER.DLL
0x000007fefd740000 - 0x000007fefd81b000 	C:\Windows\system32\ADVAPI32.dll
0x000007fefea70000 - 0x000007fefeb0f000 	C:\Windows\system32\msvcrt.dll
0x000007fefed40000 - 0x000007fefed5f000 	C:\Windows\SYSTEM32\sechost.dll
0x000007fefeb10000 - 0x000007fefec3d000 	C:\Windows\system32\RPCRT4.dll
0x0000000077360000 - 0x000000007745a000 	C:\Windows\system32\USER32.dll
0x000007fefd6c0000 - 0x000007fefd727000 	C:\Windows\system32\GDI32.dll
0x000007fefe5b0000 - 0x000007fefe5be000 	C:\Windows\system32\LPK.dll
0x000007feff060000 - 0x000007feff12a000 	C:\Windows\system32\USP10.dll
0x000007fefbed0000 - 0x000007fefc0c4000 	C:\Windows\WinSxS\amd64_microsoft.windows.common-controls_6595b64144ccf1df_6.0.7601.18837_none_fa3b1e3d17594757\COMCTL32.dll
0x000007feff680000 - 0x000007feff6f1000 	C:\Windows\system32\SHLWAPI.dll
0x000007fefe9a0000 - 0x000007fefe9ce000 	C:\Windows\system32\IMM32.DLL
0x000007fefe890000 - 0x000007fefe999000 	C:\Windows\system32\MSCTF.dll
0x0000000063ab0000 - 0x0000000063b82000 	C:\Program Files\Java\jdk1.8.0_91\jre\bin\msvcr100.dll
0x00000000587d0000 - 0x0000000059063000 	C:\Program Files\Java\jdk1.8.0_91\jre\bin\server\jvm.dll
0x000007fefa190000 - 0x000007fefa199000 	C:\Windows\system32\WSOCK32.dll
0x000007fefef90000 - 0x000007fefefdd000 	C:\Windows\system32\WS2_32.dll
0x000007fefd730000 - 0x000007fefd738000 	C:\Windows\system32\NSI.dll
0x000007fef8c80000 - 0x000007fef8cbb000 	C:\Windows\system32\WINMM.dll
0x000007fefc3f0000 - 0x000007fefc3fc000 	C:\Windows\system32\VERSION.dll
0x0000000077740000 - 0x0000000077747000 	C:\Windows\system32\PSAPI.DLL
0x00000000723a0000 - 0x00000000723af000 	C:\Program Files\Java\jdk1.8.0_91\jre\bin\verify.dll
0x0000000072370000 - 0x0000000072399000 	C:\Program Files\Java\jdk1.8.0_91\jre\bin\java.dll
0x0000000066660000 - 0x0000000066676000 	C:\Program Files\Java\jdk1.8.0_91\jre\bin\zip.dll
0x000007fefd820000 - 0x000007fefe5aa000 	C:\Windows\system32\SHELL32.dll
0x000007fefed60000 - 0x000007fefef63000 	C:\Windows\system32\ole32.dll
0x000007fefd310000 - 0x000007fefd31f000 	C:\Windows\system32\profapi.dll

VM Arguments:
jvm_args: -Djava.awt.headless=true -Xmx1024M -Dfile.encoding=x-windows-949 -Duser.country=KR -Duser.language=ko -Duser.variant 
java_command: com.android.dx.command.Main --dex --force-jumbo --num-threads=4 --multi-dex --output D:\Documents\YongWoo\ReadingSalon\app\build\intermediates\transforms\dex\debug\folders\1000\10\gson-2.6.2_002b7fbf7a0de167c934ae8280ecce1c989b18df C:\Users\Administrator\.gradle\caches\modules-2\files-2.1\com.google.code.gson\gson\2.6.2\f1bc476cc167b18e66c297df599b2377131a8947\gson-2.6.2.jar
java_class_path (initial): D:\Documents\YongWoo\Android\sdk\build-tools\23.0.3\lib\dx.jar
Launcher Type: SUN_STANDARD

Environment Variables:
JAVA_HOME=C:\Program Files\Java\jdk1.8.0_91
PATH=C:\ProgramData\Oracle\Java\javapath;C:\Program Files (x86)\Common Files\NetSarang;C:\Program Files (x86)\Intel\iCLS Client\;C:\Program Files\Intel\iCLS Client\;C:\Windows\system32;C:\Windows;C:\Windows\System32\Wbem;C:\Windows\System32\WindowsPowerShell\v1.0\;C:\Program Files (x86)\Intel\OpenCL SDK\2.0\bin\x86;C:\Program Files (x86)\Intel\OpenCL SDK\2.0\bin\x64;C:\Program Files\SafeNet\Authentication\SAC\x64;C:\Program Files\Intel\Intel(R) Management Engine Components\DAL;C:\Program Files\Intel\Intel(R) Management Engine Components\IPT;C:\Program Files (x86)\Intel\Intel(R) Management Engine Components\DAL;C:\Program Files (x86)\Intel\Intel(R) Management Engine Components\IPT;C:\Program Files (x86)\Intel\OpenCL SDK\2.0\bin\x86;C:\Program Files (x86)\Intel\OpenCL SDK\2.0\bin\x64;C:\Program Files\Java\jdk1.8.0_91\bin;D:\Documents\YongWoo\PortableGit\bin
USERNAME=Datacenter
OS=Windows_NT
PROCESSOR_IDENTIFIER=Intel64 Family 6 Model 58 Stepping 9, GenuineIntel



---------------  S Y S T E M  ---------------

OS: Windows 7 , 64 bit Build 7601 (6.1.7601.23418)

CPU:total 4 (4 cores per cpu, 1 threads per core) family 6 model 58 stepping 9, cmov, cx8, fxsr, mmx, sse, sse2, sse3, ssse3, sse4.1, sse4.2, popcnt, avx, aes, clmul, erms, tsc, tscinvbit, tscinv

Memory: 4k page, physical 8061124k(959232k free), swap 8059264k(5312k free)

vm_info: Java HotSpot(TM) 64-Bit Server VM (25.91-b14) for windows-amd64 JRE (1.8.0_91-b14), built on Apr  1 2016 00:58:32 by "java_re" with MS VC++ 10.0 (VS2010)

time: Tue May 24 06:50:01 2016
elapsed time: 2 seconds (0d 0h 0m 2s)

