#
# There is insufficient memory for the Java Runtime Environment to continue.
# Native memory allocation (malloc) failed to allocate 32744 bytes for ChunkPool::allocate
# Possible reasons:
#   The system is out of physical RAM or swap space
#   In 32 bit mode, the process size limit was hit
# Possible solutions:
#   Reduce memory load on the system
#   Increase physical memory or swap space
#   Check if swap backing store is full
#   Use 64 bit Java on a 64 bit OS
#   Decrease Java heap size (-Xmx/-Xms)
#   Decrease number of Java threads
#   Decrease Java thread stack sizes (-Xss)
#   Set larger code cache with -XX:ReservedCodeCacheSize=
# This output file may be truncated or incomplete.
#
#  Out of Memory Error (allocation.cpp:273), pid=9932, tid=9036
#
# JRE version: Java(TM) SE Runtime Environment (8.0_91-b14) (build 1.8.0_91-b14)
# Java VM: Java HotSpot(TM) 64-Bit Server VM (25.91-b14 mixed mode windows-amd64 compressed oops)
# Failed to write core dump. Minidumps are not enabled by default on client versions of Windows
#

---------------  T H R E A D  ---------------

Current thread (0x00000000564cf800):  JavaThread "C2 CompilerThread1" daemon [_thread_in_native, id=9036, stack(0x0000000056de0000,0x0000000056ee0000)]

Stack: [0x0000000056de0000,0x0000000056ee0000]
[error occurred during error reporting (printing stack bounds), id 0xc0000005]

Native frames: (J=compiled Java code, j=interpreted, Vv=VM code, C=native code)


Current CompileTask:
C2:   3573 1654       4       com.android.dx.rop.code.LocalVariableExtractor::processBlock (327 bytes)


---------------  P R O C E S S  ---------------

Java Threads: ( => current thread )
  0x00000000567cf000 JavaThread "pool-2-thread-4" [_thread_blocked, id=10476, stack(0x0000000058060000,0x0000000058160000)]
  0x0000000056838000 JavaThread "pool-2-thread-3" [_thread_blocked, id=9296, stack(0x00000000571b0000,0x00000000572b0000)]
  0x0000000056844000 JavaThread "pool-2-thread-2" [_thread_blocked, id=4084, stack(0x0000000057dd0000,0x0000000057ed0000)]
  0x00000000567bc800 JavaThread "pool-3-thread-1" [_thread_blocked, id=4920, stack(0x0000000056cc0000,0x0000000056dc0000)]
  0x00000000567bb800 JavaThread "pool-2-thread-1" [_thread_blocked, id=8944, stack(0x0000000057c80000,0x0000000057d80000)]
  0x000000005653c800 JavaThread "Service Thread" daemon [_thread_blocked, id=1068, stack(0x0000000056f20000,0x0000000057020000)]
  0x0000000056508000 JavaThread "C1 CompilerThread2" daemon [_thread_blocked, id=8908, stack(0x00000000570a0000,0x00000000571a0000)]
=>0x00000000564cf800 JavaThread "C2 CompilerThread1" daemon [_thread_in_native, id=9036, stack(0x0000000056de0000,0x0000000056ee0000)]
  0x000000005524e000 JavaThread "C2 CompilerThread0" daemon [_thread_in_native, id=2116, stack(0x0000000056bc0000,0x0000000056cc0000)]
  0x00000000564bb800 JavaThread "Attach Listener" daemon [_thread_blocked, id=1112, stack(0x00000000568f0000,0x00000000569f0000)]
  0x00000000564b8800 JavaThread "Signal Dispatcher" daemon [_thread_blocked, id=9508, stack(0x0000000056a20000,0x0000000056b20000)]
  0x0000000055223800 JavaThread "Finalizer" daemon [_thread_blocked, id=10988, stack(0x00000000563b0000,0x00000000564b0000)]
  0x00000000551e2000 JavaThread "Reference Handler" daemon [_thread_blocked, id=5052, stack(0x0000000056290000,0x0000000056390000)]
  0x00000000026be000 JavaThread "main" [_thread_blocked, id=10300, stack(0x0000000002860000,0x0000000002960000)]

Other Threads:
  0x00000000551da800 VMThread [stack: 0x0000000056140000,0x0000000056240000] [id=10444]
  0x0000000056573000 WatcherThread [stack: 0x00000000572c0000,0x00000000573c0000] [id=8928]

VM state:not at safepoint (normal execution)

VM Mutex/Monitor currently owned by a thread: None

Heap:
 PSYoungGen      total 36864K, used 24562K [0x00000000eab00000, 0x00000000ef300000, 0x0000000100000000)
  eden space 31744K, 61% used [0x00000000eab00000,0x00000000ebe044c0,0x00000000eca00000)
  from space 5120K, 99% used [0x00000000ecf00000,0x00000000ed3f8470,0x00000000ed400000)
  to   space 5120K, 0% used [0x00000000eca00000,0x00000000eca00000,0x00000000ecf00000)
 ParOldGen       total 84992K, used 5393K [0x00000000c0000000, 0x00000000c5300000, 0x00000000eab00000)
  object space 84992K, 6% used [0x00000000c0000000,0x00000000c0544568,0x00000000c5300000)
 Metaspace       used 6324K, capacity 7128K, committed 7424K, reserved 1056768K
  class space    used 624K, capacity 656K, committed 768K, reserved 1048576K

Card table byte_map: [0x0000000011d20000,0x0000000011f30000] byte_map_base: 0x0000000011720000

Marking Bits: (ParMarkBitMap*) 0x0000000058fe2f70
 Begin Bits: [0x0000000012650000, 0x0000000013650000)
 End Bits:   [0x0000000013650000, 0x0000000014650000)

Polling page: 0x0000000000170000

CodeCache: size=245760Kb used=6936Kb max_used=6952Kb free=238823Kb
 bounds [0x0000000002960000, 0x0000000003040000, 0x0000000011960000]
 total_blobs=1906 nmethods=1635 adapters=184
 compilation: enabled

Compilation events (10 events):
Event: 3.395 Thread 0x0000000056508000 1671       1       com.android.dx.rop.cst.CstKnownNull::getType (4 bytes)
Event: 3.395 Thread 0x0000000056508000 nmethod 1671 0x0000000002fe4c50 code [0x0000000002fe4da0, 0x0000000002fe4eb0]
Event: 3.395 Thread 0x0000000056508000 1670       1       com.android.dx.cf.attrib.InnerClassList$Item::getInnerClass (5 bytes)
Event: 3.395 Thread 0x0000000056508000 nmethod 1670 0x0000000002fe48d0 code [0x0000000002fe4a20, 0x0000000002fe4b30]
Event: 3.417 Thread 0x00000000564cf800 nmethod 1649 0x0000000003028610 code [0x00000000030292e0, 0x000000000302cb90]
Event: 3.417 Thread 0x00000000564cf800 1661       4       java.util.TreeMap::getEntry (84 bytes)
Event: 3.425 Thread 0x00000000564cf800 nmethod 1661 0x00000000030065d0 code [0x0000000003006740, 0x0000000003006df8]
Event: 3.425 Thread 0x00000000564cf800 1654       4       com.android.dx.rop.code.LocalVariableExtractor::processBlock (327 bytes)
Event: 3.462 Thread 0x0000000056508000 1672       3       java.util.concurrent.locks.LockSupport::setBlocker (12 bytes)
Event: 3.462 Thread 0x0000000056508000 nmethod 1672 0x000000000300a3d0 code [0x000000000300a520, 0x000000000300a670]

GC Heap History (4 events):
Event: 1.460 GC heap before
{Heap before GC invocations=1 (full 0):
 PSYoungGen      total 36864K, used 31744K [0x00000000eab00000, 0x00000000ed400000, 0x0000000100000000)
  eden space 31744K, 100% used [0x00000000eab00000,0x00000000eca00000,0x00000000eca00000)
  from space 5120K, 0% used [0x00000000ecf00000,0x00000000ecf00000,0x00000000ed400000)
  to   space 5120K, 0% used [0x00000000eca00000,0x00000000eca00000,0x00000000ecf00000)
 ParOldGen       total 84992K, used 0K [0x00000000c0000000, 0x00000000c5300000, 0x00000000eab00000)
  object space 84992K, 0% used [0x00000000c0000000,0x00000000c0000000,0x00000000c5300000)
 Metaspace       used 6110K, capacity 7030K, committed 7296K, reserved 1056768K
  class space    used 604K, capacity 622K, committed 640K, reserved 1048576K
Event: 1.756 GC heap after
Heap after GC invocations=1 (full 0):
 PSYoungGen      total 36864K, used 5100K [0x00000000eab00000, 0x00000000ed400000, 0x0000000100000000)
  eden space 31744K, 0% used [0x00000000eab00000,0x00000000eab00000,0x00000000eca00000)
  from space 5120K, 99% used [0x00000000eca00000,0x00000000ecefb1a8,0x00000000ecf00000)
  to   space 5120K, 0% used [0x00000000ecf00000,0x00000000ecf00000,0x00000000ed400000)
 ParOldGen       total 84992K, used 1475K [0x00000000c0000000, 0x00000000c5300000, 0x00000000eab00000)
  object space 84992K, 1% used [0x00000000c0000000,0x00000000c0170f48,0x00000000c5300000)
 Metaspace       used 6110K, capacity 7030K, committed 7296K, reserved 1056768K
  class space    used 604K, capacity 622K, committed 640K, reserved 1048576K
}
Event: 2.158 GC heap before
{Heap before GC invocations=2 (full 0):
 PSYoungGen      total 36864K, used 36844K [0x00000000eab00000, 0x00000000ed400000, 0x0000000100000000)
  eden space 31744K, 100% used [0x00000000eab00000,0x00000000eca00000,0x00000000eca00000)
  from space 5120K, 99% used [0x00000000eca00000,0x00000000ecefb1a8,0x00000000ecf00000)
  to   space 5120K, 0% used [0x00000000ecf00000,0x00000000ecf00000,0x00000000ed400000)
 ParOldGen       total 84992K, used 1475K [0x00000000c0000000, 0x00000000c5300000, 0x00000000eab00000)
  object space 84992K, 1% used [0x00000000c0000000,0x00000000c0170f48,0x00000000c5300000)
 Metaspace       used 6275K, capacity 7064K, committed 7424K, reserved 1056768K
  class space    used 624K, capacity 656K, committed 768K, reserved 1048576K
Event: 2.182 GC heap after
Heap after GC invocations=2 (full 0):
 PSYoungGen      total 36864K, used 5089K [0x00000000eab00000, 0x00000000ef300000, 0x0000000100000000)
  eden space 31744K, 0% used [0x00000000eab00000,0x00000000eab00000,0x00000000eca00000)
  from space 5120K, 99% used [0x00000000ecf00000,0x00000000ed3f8470,0x00000000ed400000)
  to   space 5120K, 0% used [0x00000000eca00000,0x00000000eca00000,0x00000000ecf00000)
 ParOldGen       total 84992K, used 5393K [0x00000000c0000000, 0x00000000c5300000, 0x00000000eab00000)
  object space 84992K, 6% used [0x00000000c0000000,0x00000000c0544568,0x00000000c5300000)
 Metaspace       used 6275K, capacity 7064K, committed 7424K, reserved 1056768K
  class space    used 624K, capacity 656K, committed 768K, reserved 1048576K
}

Deoptimization events (10 events):
Event: 1.235 Thread 0x00000000026be000 Uncommon trap: reason=null_check action=make_not_entrant pc=0x0000000002c85010 method=com.android.dx.ssa.SsaRenamer.getLocalForNewReg(I)Lcom/android/dx/rop/code/LocalItem; @ 19
Event: 1.235 Thread 0x00000000026be000 Uncommon trap: reason=null_check action=make_not_entrant pc=0x0000000002c3bdf8 method=com.android.dx.ssa.SsaRenamer.getLocalForNewReg(I)Lcom/android/dx/rop/code/LocalItem; @ 19
Event: 1.810 Thread 0x00000000026be000 Uncommon trap: reason=uninitialized action=reinterpret pc=0x0000000002e950e8 method=com.android.dx.cf.code.BytecodeArray.parseInstruction(ILcom/android/dx/cf/code/BytecodeArray$Visitor;)I @ 999
Event: 1.824 Thread 0x00000000026be000 Uncommon trap: reason=bimorphic action=maybe_recompile pc=0x0000000002e1d194 method=java.util.HashMap.getNode(ILjava/lang/Object;)Ljava/util/HashMap$Node; @ 126
Event: 1.955 Thread 0x00000000567cf000 Uncommon trap: reason=unstable_if action=reinterpret pc=0x0000000002c518c8 method=com.android.dx.rop.code.RegisterSpec.equals(ILcom/android/dx/rop/type/TypeBearer;Lcom/android/dx/rop/code/LocalItem;)Z @ 42
Event: 2.148 Thread 0x00000000026be000 Uncommon trap: reason=unstable_if action=reinterpret pc=0x0000000002e62894 method=java.util.HashMap.putVal(ILjava/lang/Object;Ljava/lang/Object;ZZ)Ljava/lang/Object; @ 162
Event: 2.154 Thread 0x00000000026be000 Uncommon trap: reason=unstable_if action=reinterpret pc=0x0000000002e1d174 method=java.util.HashMap.getNode(ILjava/lang/Object;)Ljava/util/HashMap$Node; @ 84
Event: 2.247 Thread 0x0000000056844000 Uncommon trap: reason=unstable_if action=reinterpret pc=0x0000000002f577c8 method=com.android.dx.ssa.SCCP.simulateStmt(Lcom/android/dx/ssa/SsaInsn;)V @ 53
Event: 3.052 Thread 0x00000000567cf000 Uncommon trap: reason=unstable_if action=reinterpret pc=0x0000000002f42514 method=java.util.HashMap.putVal(ILjava/lang/Object;Ljava/lang/Object;ZZ)Ljava/lang/Object; @ 162
Event: 3.376 Thread 0x0000000056838000 Uncommon trap: reason=unstable_if action=reinterpret pc=0x0000000002f4b400 method=java.util.HashMap.putVal(ILjava/lang/Object;Ljava/lang/Object;ZZ)Ljava/lang/Object; @ 162

Internal exceptions (7 events):
Event: 0.088 Thread 0x00000000026be000 Exception <a 'java/lang/NoSuchMethodError': Method sun.misc.Unsafe.defineClass(Ljava/lang/String;[BII)Ljava/lang/Class; name or signature does not match> (0x00000000eab07cc0) thrown at [C:\re\workspace\8-2-build-windows-amd64-cygwin\jdk8u91\6644\hotspot\sr8ÐN@÷r¶?
Event: 0.088 Thread 0x00000000026be000 Exception <a 'java/lang/NoSuchMethodError': Method sun.misc.Unsafe.prefetchRead(Ljava/lang/Object;J)V name or signature does not match> (0x00000000eab07fa8) thrown at [C:\re\workspace\8-2-build-windows-amd64-cygwin\jdk8u91\6644\hotspot\src\share\vm\prims\j¹3Br;Äó?
Event: 1.235 Thread 0x00000000026be000 Implicit null exception at 0x0000000002c83291 to 0x0000000002c84fcd
Event: 1.235 Thread 0x00000000026be000 Implicit null exception at 0x0000000002c3a01a to 0x0000000002c3bdd9
Event: 2.149 Thread 0x00000000026be000 Exception <a 'java/lang/ArrayIndexOutOfBoundsException': 18> (0x00000000ec966840) thrown at [C:\re\workspace\8-2-build-windows-amd64-cygwin\jdk8u91\6644\hotspot\src\share\vm\interpreter\interpreterRuntime.cpp, line 366]
Event: 2.149 Thread 0x00000000026be000 Exception <a 'java/lang/ArrayIndexOutOfBoundsException': 145> (0x00000000ec9683c0) thrown at [C:\re\workspace\8-2-build-windows-amd64-cygwin\jdk8u91\6644\hotspot\src\share\vm\interpreter\interpreterRuntime.cpp, line 366]
Event: 2.152 Thread 0x00000000026be000 Exception <a 'java/lang/ArrayIndexOutOfBoundsException'> (0x00000000ec9696a8) thrown at [C:\re\workspace\8-2-build-windows-amd64-cygwin\jdk8u91\6644\hotspot\src\share\vm\runtime\sharedRuntime.cpp, line 605]

Events (10 events):
Event: 2.182 Executing VM operation: ParallelGCFailedAllocation done
Event: 2.247 Thread 0x0000000056844000 Uncommon trap: trap_request=0xffffff65 fr.pc=0x0000000002f577c8
Event: 2.247 Thread 0x0000000056844000 DEOPT PACKING pc=0x0000000002f577c8 sp=0x0000000057ece630
Event: 2.247 Thread 0x0000000056844000 DEOPT UNPACKING pc=0x00000000029a582a sp=0x0000000057ece618 mode 2
Event: 3.052 Thread 0x00000000567cf000 Uncommon trap: trap_request=0xffffff65 fr.pc=0x0000000002f42514
Event: 3.052 Thread 0x00000000567cf000 DEOPT PACKING pc=0x0000000002f42514 sp=0x000000005815ea40
Event: 3.052 Thread 0x00000000567cf000 DEOPT UNPACKING pc=0x00000000029a582a sp=0x000000005815e8e0 mode 2
Event: 3.376 Thread 0x0000000056838000 Uncommon trap: trap_request=0xffffff65 fr.pc=0x0000000002f4b400
Event: 3.376 Thread 0x0000000056838000 DEOPT PACKING pc=0x0000000002f4b400 sp=0x00000000572ae6a0
Event: 3.376 Thread 0x0000000056838000 DEOPT UNPACKING pc=0x00000000029a582a sp=0x00000000572ae628 mode 2


Dynamic libraries:
0x000000013f480000 - 0x000000013f4b7000 	C:\Program Files\Java\jdk1.8.0_91\bin\java.exe
0x0000000077580000 - 0x000000007772a000 	C:\Windows\SYSTEM32\ntdll.dll
0x0000000077460000 - 0x000000007757f000 	C:\Windows\system32\kernel32.dll
0x000007fefd620000 - 0x000007fefd68a000 	C:\Windows\system32\KERNELBASE.dll
0x0000000075010000 - 0x0000000075099000 	C:\Windows\System32\SYSFER.DLL
0x000007fefd740000 - 0x000007fefd81b000 	C:\Windows\system32\ADVAPI32.dll
0x000007fefea70000 - 0x000007fefeb0f000 	C:\Windows\system32\msvcrt.dll
0x000007fefed40000 - 0x000007fefed5f000 	C:\Windows\SYSTEM32\sechost.dll
0x000007fefeb10000 - 0x000007fefec3d000 	C:\Windows\system32\RPCRT4.dll
0x0000000077360000 - 0x000000007745a000 	C:\Windows\system32\USER32.dll
0x000007fefd6c0000 - 0x000007fefd727000 	C:\Windows\system32\GDI32.dll
0x000007fefe5b0000 - 0x000007fefe5be000 	C:\Windows\system32\LPK.dll
0x000007feff060000 - 0x000007feff12a000 	C:\Windows\system32\USP10.dll
0x000007fefbed0000 - 0x000007fefc0c4000 	C:\Windows\WinSxS\amd64_microsoft.windows.common-controls_6595b64144ccf1df_6.0.7601.18837_none_fa3b1e3d17594757\COMCTL32.dll
0x000007feff680000 - 0x000007feff6f1000 	C:\Windows\system32\SHLWAPI.dll
0x000007fefe9a0000 - 0x000007fefe9ce000 	C:\Windows\system32\IMM32.DLL
0x000007fefe890000 - 0x000007fefe999000 	C:\Windows\system32\MSCTF.dll
0x0000000063ab0000 - 0x0000000063b82000 	C:\Program Files\Java\jdk1.8.0_91\jre\bin\msvcr100.dll
0x00000000587d0000 - 0x0000000059063000 	C:\Program Files\Java\jdk1.8.0_91\jre\bin\server\jvm.dll
0x000007fefa190000 - 0x000007fefa199000 	C:\Windows\system32\WSOCK32.dll
0x000007fefef90000 - 0x000007fefefdd000 	C:\Windows\system32\WS2_32.dll
0x000007fefd730000 - 0x000007fefd738000 	C:\Windows\system32\NSI.dll
0x000007fef8c80000 - 0x000007fef8cbb000 	C:\Windows\system32\WINMM.dll
0x000007fefc3f0000 - 0x000007fefc3fc000 	C:\Windows\system32\VERSION.dll
0x0000000077740000 - 0x0000000077747000 	C:\Windows\system32\PSAPI.DLL
0x00000000723a0000 - 0x00000000723af000 	C:\Program Files\Java\jdk1.8.0_91\jre\bin\verify.dll
0x0000000072370000 - 0x0000000072399000 	C:\Program Files\Java\jdk1.8.0_91\jre\bin\java.dll
0x0000000066660000 - 0x0000000066676000 	C:\Program Files\Java\jdk1.8.0_91\jre\bin\zip.dll
0x000007fefd820000 - 0x000007fefe5aa000 	C:\Windows\system32\SHELL32.dll
0x000007fefed60000 - 0x000007fefef63000 	C:\Windows\system32\ole32.dll
0x000007fefd310000 - 0x000007fefd31f000 	C:\Windows\system32\profapi.dll

VM Arguments:
jvm_args: -Djava.awt.headless=true -Xmx1024M -Dfile.encoding=x-windows-949 -Duser.country=KR -Duser.language=ko -Duser.variant 
java_command: com.android.dx.command.Main --dex --force-jumbo --num-threads=4 --multi-dex --output D:\Documents\YongWoo\ReadingSalon\app\build\intermediates\transforms\dex\debug\folders\1000\10\glide-3.7.0_1f3ddf859a86296da03fddcf50d19f29d652df81 C:\Users\Administrator\.gradle\caches\modules-2\files-2.1\com.github.bumptech.glide\glide\3.7.0\9e9eeaf9948ee4d6c3ab354e8dc14368f16994a4\glide-3.7.0.jar
java_class_path (initial): D:\Documents\YongWoo\Android\sdk\build-tools\23.0.3\lib\dx.jar
Launcher Type: SUN_STANDARD

Environment Variables:



---------------  S Y S T E M  ---------------

OS: Windows 7 , 64 bit Build 7601 (6.1.7601.23418)

CPU:total 4 (4 cores per cpu, 1 threads per core) family 6 model 58 stepping 9, cmov, cx8, fxsr, mmx, sse, sse2, sse3, ssse3, sse4.1, sse4.2, popcnt, avx, aes, clmul, erms, tsc, tscinvbit, tscinv

Memory: 4k page, physical 8061124k(794164k free), swap 8059264k(5092k free)

vm_info: Java HotSpot(TM) 64-Bit Server VM (25.91-b14) for windows-amd64 JRE (1.8.0_91-b14), built on Apr  1 2016 00:58:32 by "java_re" with MS VC++ 10.0 (VS2010)

time: Tue May 24 07:03:42 2016
elapsed time: 3 seconds (0d 0h 0m 3s)

