#
# There is insufficient memory for the Java Runtime Environment to continue.
# Native memory allocation (malloc) failed to allocate 518576 bytes for Chunk::new
# Possible reasons:
#   The system is out of physical RAM or swap space
#   In 32 bit mode, the process size limit was hit
# Possible solutions:
#   Reduce memory load on the system
#   Increase physical memory or swap space
#   Check if swap backing store is full
#   Use 64 bit Java on a 64 bit OS
#   Decrease Java heap size (-Xmx/-Xms)
#   Decrease number of Java threads
#   Decrease Java thread stack sizes (-Xss)
#   Set larger code cache with -XX:ReservedCodeCacheSize=
# This output file may be truncated or incomplete.
#
#  Out of Memory Error (allocation.cpp:390), pid=1204, tid=7904
#
# JRE version: Java(TM) SE Runtime Environment (8.0_91-b14) (build 1.8.0_91-b14)
# Java VM: Java HotSpot(TM) 64-Bit Server VM (25.91-b14 mixed mode windows-amd64 compressed oops)
# Failed to write core dump. Minidumps are not enabled by default on client versions of Windows
#

---------------  T H R E A D  ---------------

Current thread (0x000000005677a800):  JavaThread "C2 CompilerThread0" daemon [_thread_in_native, id=7904, stack(0x0000000056e10000,0x0000000056f10000)]

Stack: [0x0000000056e10000,0x0000000056f10000]
[error occurred during error reporting (printing stack bounds), id 0xc0000005]

Native frames: (J=compiled Java code, j=interpreted, Vv=VM code, C=native code)


Current CompileTask:
C2:   3412 1452   !   4       com.android.dx.cf.cst.ConstantPoolParser::parse0 (731 bytes)


---------------  P R O C E S S  ---------------

Java Threads: ( => current thread )
  0x0000000056a3c800 JavaThread "pool-2-thread-4" [_thread_blocked, id=10296, stack(0x0000000058490000,0x0000000058590000)]
  0x0000000056a27800 JavaThread "pool-2-thread-3" [_thread_blocked, id=10048, stack(0x0000000058230000,0x0000000058330000)]
  0x0000000056a23000 JavaThread "pool-2-thread-2" [_thread_blocked, id=3740, stack(0x0000000058040000,0x0000000058140000)]
  0x0000000056b19000 JavaThread "pool-3-thread-1" [_thread_blocked, id=3428, stack(0x0000000057e80000,0x0000000057f80000)]
  0x0000000056b16000 JavaThread "pool-2-thread-1" [_thread_blocked, id=2924, stack(0x0000000057050000,0x0000000057150000)]
  0x0000000056794000 JavaThread "Service Thread" daemon [_thread_blocked, id=5528, stack(0x0000000057370000,0x0000000057470000)]
  0x0000000056790000 JavaThread "C1 CompilerThread2" daemon [_thread_blocked, id=4488, stack(0x0000000057160000,0x0000000057260000)]
  0x000000005678f000 JavaThread "C2 CompilerThread1" daemon [_thread_in_native, id=5468, stack(0x0000000056f30000,0x0000000057030000)]
=>0x000000005677a800 JavaThread "C2 CompilerThread0" daemon [_thread_in_native, id=7904, stack(0x0000000056e10000,0x0000000056f10000)]
  0x000000005527f000 JavaThread "Attach Listener" daemon [_thread_blocked, id=9144, stack(0x0000000056570000,0x0000000056670000)]
  0x000000005527e000 JavaThread "Signal Dispatcher" daemon [_thread_blocked, id=10628, stack(0x0000000056ca0000,0x0000000056da0000)]
  0x0000000055256800 JavaThread "Finalizer" daemon [_thread_blocked, id=3920, stack(0x0000000056670000,0x0000000056770000)]
  0x0000000055215800 JavaThread "Reference Handler" daemon [_thread_blocked, id=8884, stack(0x0000000056450000,0x0000000056550000)]
  0x000000000266e000 JavaThread "main" [_thread_in_native, id=8936, stack(0x0000000002950000,0x0000000002a50000)]

Other Threads:
  0x000000005520e000 VMThread [stack: 0x00000000562a0000,0x00000000563a0000] [id=10940]
  0x0000000056847800 WatcherThread [stack: 0x00000000574f0000,0x00000000575f0000] [id=6484]

VM state:not at safepoint (normal execution)

VM Mutex/Monitor currently owned by a thread: None

Heap:
 PSYoungGen      total 68608K, used 13349K [0x00000000eab00000, 0x00000000ef300000, 0x0000000100000000)
  eden space 63488K, 12% used [0x00000000eab00000,0x00000000eb30a7b8,0x00000000ee900000)
  from space 5120K, 99% used [0x00000000eee00000,0x00000000ef2fee78,0x00000000ef300000)
  to   space 5120K, 0% used [0x00000000ee900000,0x00000000ee900000,0x00000000eee00000)
 ParOldGen       total 84992K, used 2488K [0x00000000c0000000, 0x00000000c5300000, 0x00000000eab00000)
  object space 84992K, 2% used [0x00000000c0000000,0x00000000c026e1b8,0x00000000c5300000)
 Metaspace       used 6208K, capacity 7030K, committed 7296K, reserved 1056768K
  class space    used 608K, capacity 622K, committed 640K, reserved 1048576K

Card table byte_map: [0x0000000011e10000,0x0000000012020000] byte_map_base: 0x0000000011810000

Marking Bits: (ParMarkBitMap*) 0x0000000058fe2f70
 Begin Bits: [0x0000000012680000, 0x0000000013680000)
 End Bits:   [0x0000000013680000, 0x0000000014680000)

Polling page: 0x0000000000150000

CodeCache: size=245760Kb used=6343Kb max_used=6343Kb free=239416Kb
 bounds [0x0000000002a50000, 0x0000000003090000, 0x0000000011a50000]
 total_blobs=1755 nmethods=1484 adapters=184
 compilation: enabled

Compilation events (10 events):
Event: 2.793 Thread 0x0000000056790000 1483       3       com.android.dx.ssa.back.FirstFitLocalCombiningAllocator$Multiset::add (68 bytes)
Event: 2.794 Thread 0x0000000056790000 nmethod 1483 0x000000000306f0d0 code [0x000000000306f260, 0x000000000306f550]
Event: 2.799 Thread 0x0000000056790000 1485       1       com.android.dx.cf.code.ByteCatchList$Item::getHandlerPc (5 bytes)
Event: 2.800 Thread 0x0000000056790000 nmethod 1485 0x0000000003046510 code [0x0000000003046660, 0x0000000003046770]
Event: 2.800 Thread 0x0000000056790000 1486       3       java.util.Arrays::copyOf (19 bytes)
Event: 2.800 Thread 0x0000000056790000 nmethod 1486 0x00000000030595d0 code [0x0000000003059740, 0x0000000003059a68]
Event: 2.801 Thread 0x0000000056790000 1487       3       com.android.dx.ssa.ConstCollector$2::map (28 bytes)
Event: 2.801 Thread 0x0000000056790000 nmethod 1487 0x0000000003081f90 code [0x0000000003082100, 0x0000000003082528]
Event: 2.801 Thread 0x0000000056790000 1488       3       com.android.dx.rop.code.RegisterSpec::withType (13 bytes)
Event: 2.801 Thread 0x0000000056790000 nmethod 1488 0x0000000003059190 code [0x0000000003059300, 0x00000000030594e8]

GC Heap History (4 events):
Event: 1.643 GC heap before
{Heap before GC invocations=1 (full 0):
 PSYoungGen      total 36864K, used 31744K [0x00000000eab00000, 0x00000000ed400000, 0x0000000100000000)
  eden space 31744K, 100% used [0x00000000eab00000,0x00000000eca00000,0x00000000eca00000)
  from space 5120K, 0% used [0x00000000ecf00000,0x00000000ecf00000,0x00000000ed400000)
  to   space 5120K, 0% used [0x00000000eca00000,0x00000000eca00000,0x00000000ecf00000)
 ParOldGen       total 84992K, used 0K [0x00000000c0000000, 0x00000000c5300000, 0x00000000eab00000)
  object space 84992K, 0% used [0x00000000c0000000,0x00000000c0000000,0x00000000c5300000)
 Metaspace       used 5954K, capacity 6838K, committed 7040K, reserved 1056768K
  class space    used 605K, capacity 622K, committed 640K, reserved 1048576K
Event: 1.741 GC heap after
Heap after GC invocations=1 (full 0):
 PSYoungGen      total 36864K, used 4896K [0x00000000eab00000, 0x00000000ef300000, 0x0000000100000000)
  eden space 31744K, 0% used [0x00000000eab00000,0x00000000eab00000,0x00000000eca00000)
  from space 5120K, 95% used [0x00000000eca00000,0x00000000ecec8378,0x00000000ecf00000)
  to   space 5120K, 0% used [0x00000000eee00000,0x00000000eee00000,0x00000000ef300000)
 ParOldGen       total 84992K, used 16K [0x00000000c0000000, 0x00000000c5300000, 0x00000000eab00000)
  object space 84992K, 0% used [0x00000000c0000000,0x00000000c0004000,0x00000000c5300000)
 Metaspace       used 5954K, capacity 6838K, committed 7040K, reserved 1056768K
  class space    used 605K, capacity 622K, committed 640K, reserved 1048576K
}
Event: 2.676 GC heap before
{Heap before GC invocations=2 (full 0):
 PSYoungGen      total 36864K, used 36640K [0x00000000eab00000, 0x00000000ef300000, 0x0000000100000000)
  eden space 31744K, 100% used [0x00000000eab00000,0x00000000eca00000,0x00000000eca00000)
  from space 5120K, 95% used [0x00000000eca00000,0x00000000ecec8378,0x00000000ecf00000)
  to   space 5120K, 0% used [0x00000000eee00000,0x00000000eee00000,0x00000000ef300000)
 ParOldGen       total 84992K, used 16K [0x00000000c0000000, 0x00000000c5300000, 0x00000000eab00000)
  object space 84992K, 0% used [0x00000000c0000000,0x00000000c0004000,0x00000000c5300000)
 Metaspace       used 6205K, capacity 7030K, committed 7296K, reserved 1056768K
  class space    used 608K, capacity 622K, committed 640K, reserved 1048576K
Event: 2.776 GC heap after
Heap after GC invocations=2 (full 0):
 PSYoungGen      total 68608K, used 5115K [0x00000000eab00000, 0x00000000ef300000, 0x0000000100000000)
  eden space 63488K, 0% used [0x00000000eab00000,0x00000000eab00000,0x00000000ee900000)
  from space 5120K, 99% used [0x00000000eee00000,0x00000000ef2fee78,0x00000000ef300000)
  to   space 5120K, 0% used [0x00000000ee900000,0x00000000ee900000,0x00000000eee00000)
 ParOldGen       total 84992K, used 2488K [0x00000000c0000000, 0x00000000c5300000, 0x00000000eab00000)
  object space 84992K, 2% used [0x00000000c0000000,0x00000000c026e1b8,0x00000000c5300000)
 Metaspace       used 6205K, capacity 7030K, committed 7296K, reserved 1056768K
  class space    used 608K, capacity 622K, committed 640K, reserved 1048576K
}

Deoptimization events (10 events):
Event: 0.490 Thread 0x000000000266e000 Uncommon trap: reason=unstable_if action=reinterpret pc=0x0000000002bace44 method=java.lang.String.compareTo(Ljava/lang/String;)I @ 38
Event: 0.714 Thread 0x0000000056a3c800 Uncommon trap: reason=unstable_if action=reinterpret pc=0x0000000002c3c1ac method=java.util.HashMap.getNode(ILjava/lang/Object;)Ljava/util/HashMap$Node; @ 62
Event: 1.754 Thread 0x0000000056a23000 Uncommon trap: reason=unstable_if action=reinterpret pc=0x0000000002c51c60 method=java.util.BitSet.nextSetBit(I)I @ 87
Event: 1.820 Thread 0x0000000056a23000 Uncommon trap: reason=unstable_if action=reinterpret pc=0x0000000002d75884 method=com.android.dx.rop.cst.Constant.compareTo(Lcom/android/dx/rop/cst/Constant;)I @ 12
Event: 1.833 Thread 0x0000000056a23000 Uncommon trap: reason=class_check action=maybe_recompile pc=0x0000000002e1b850 method=com.android.dx.rop.type.Type.equals(Ljava/lang/Object;)Z @ 8
Event: 1.909 Thread 0x0000000056b16000 Uncommon trap: reason=class_check action=maybe_recompile pc=0x0000000002e1b850 method=com.android.dx.rop.type.Type.equals(Ljava/lang/Object;)Z @ 8
Event: 1.909 Thread 0x0000000056b16000 Uncommon trap: reason=null_check action=make_not_entrant pc=0x0000000002e1b860 method=com.android.dx.rop.type.Type.equals(Ljava/lang/Object;)Z @ 8
Event: 1.981 Thread 0x0000000056b16000 Uncommon trap: reason=unstable_if action=reinterpret pc=0x0000000002f5be08 method=com.android.dx.util.LabeledList.set(ILcom/android/dx/util/LabeledItem;)V @ 16
Event: 2.102 Thread 0x0000000056a3c800 Uncommon trap: reason=unstable_if action=reinterpret pc=0x0000000002f994b8 method=com.android.dx.cf.code.ByteCatchList.listFor(I)Lcom/android/dx/cf/code/ByteCatchList; @ 19
Event: 2.109 Thread 0x0000000056a3c800 Uncommon trap: reason=unstable_if action=reinterpret pc=0x0000000002ec64e8 method=com.android.dx.cf.code.Ropper.labelToResultIndex(I)I @ 34

Internal exceptions (3 events):
Event: 0.040 Thread 0x000000000266e000 Exception <a 'java/lang/NoSuchMethodError': Method sun.misc.Unsafe.defineClass(Ljava/lang/String;[BII)Ljava/lang/Class; name or signature does not match> (0x00000000eab07cc0) thrown at [C:\re\workspace\8-2-build-windows-amd64-cygwin\jdk8u91\6644\hotspot\srº¾9Hˆ¤?
Event: 0.040 Thread 0x000000000266e000 Exception <a 'java/lang/NoSuchMethodError': Method sun.misc.Unsafe.prefetchRead(Ljava/lang/Object;J)V name or signature does not match> (0x00000000eab07fa8) thrown at [C:\re\workspace\8-2-build-windows-amd64-cygwin\jdk8u91\6644\hotspot\src\share\vm\prims\juÙÊéŒþ?
Event: 1.909 Thread 0x0000000056b16000 Implicit null exception at 0x0000000002e1b752 to 0x0000000002e1b851

Events (10 events):
Event: 2.109 loading class java/util/HashMap$ValueIterator done
Event: 2.109 Thread 0x0000000056a3c800 Uncommon trap: trap_request=0xffffff65 fr.pc=0x0000000002ec64e8
Event: 2.109 Thread 0x0000000056a3c800 DEOPT PACKING pc=0x0000000002ec64e8 sp=0x000000005858e8c0
Event: 2.109 Thread 0x0000000056a3c800 DEOPT UNPACKING pc=0x0000000002a9582a sp=0x000000005858e868 mode 2
Event: 2.255 Executing VM operation: ForceSafepoint
Event: 2.256 Executing VM operation: ForceSafepoint done
Event: 2.332 Thread 0x0000000056a3c800 DEOPT PACKING pc=0x0000000002d12cd3 sp=0x000000005858e7f0
Event: 2.332 Thread 0x0000000056a3c800 DEOPT UNPACKING pc=0x0000000002a9787f sp=0x000000005858e5b8 mode 0
Event: 2.659 Executing VM operation: ParallelGCFailedAllocation
Event: 2.776 Executing VM operation: ParallelGCFailedAllocation done


Dynamic libraries:
0x000000013f480000 - 0x000000013f4b7000 	C:\Program Files\Java\jdk1.8.0_91\bin\java.exe
0x0000000077580000 - 0x000000007772a000 	C:\Windows\SYSTEM32\ntdll.dll
0x0000000077460000 - 0x000000007757f000 	C:\Windows\system32\kernel32.dll
0x000007fefd620000 - 0x000007fefd68a000 	C:\Windows\system32\KERNELBASE.dll
0x0000000075010000 - 0x0000000075099000 	C:\Windows\System32\SYSFER.DLL
0x000007fefd740000 - 0x000007fefd81b000 	C:\Windows\system32\ADVAPI32.dll
0x000007fefea70000 - 0x000007fefeb0f000 	C:\Windows\system32\msvcrt.dll
0x000007fefed40000 - 0x000007fefed5f000 	C:\Windows\SYSTEM32\sechost.dll
0x000007fefeb10000 - 0x000007fefec3d000 	C:\Windows\system32\RPCRT4.dll
0x0000000077360000 - 0x000000007745a000 	C:\Windows\system32\USER32.dll
0x000007fefd6c0000 - 0x000007fefd727000 	C:\Windows\system32\GDI32.dll
0x000007fefe5b0000 - 0x000007fefe5be000 	C:\Windows\system32\LPK.dll
0x000007feff060000 - 0x000007feff12a000 	C:\Windows\system32\USP10.dll
0x000007fefbed0000 - 0x000007fefc0c4000 	C:\Windows\WinSxS\amd64_microsoft.windows.common-controls_6595b64144ccf1df_6.0.7601.18837_none_fa3b1e3d17594757\COMCTL32.dll
0x000007feff680000 - 0x000007feff6f1000 	C:\Windows\system32\SHLWAPI.dll
0x000007fefe9a0000 - 0x000007fefe9ce000 	C:\Windows\system32\IMM32.DLL
0x000007fefe890000 - 0x000007fefe999000 	C:\Windows\system32\MSCTF.dll
0x0000000063ab0000 - 0x0000000063b82000 	C:\Program Files\Java\jdk1.8.0_91\jre\bin\msvcr100.dll
0x00000000587d0000 - 0x0000000059063000 	C:\Program Files\Java\jdk1.8.0_91\jre\bin\server\jvm.dll
0x000007fefa190000 - 0x000007fefa199000 	C:\Windows\system32\WSOCK32.dll
0x000007fefef90000 - 0x000007fefefdd000 	C:\Windows\system32\WS2_32.dll
0x000007fefd730000 - 0x000007fefd738000 	C:\Windows\system32\NSI.dll
0x000007fef8c80000 - 0x000007fef8cbb000 	C:\Windows\system32\WINMM.dll
0x000007fefc3f0000 - 0x000007fefc3fc000 	C:\Windows\system32\VERSION.dll
0x0000000077740000 - 0x0000000077747000 	C:\Windows\system32\PSAPI.DLL
0x00000000723a0000 - 0x00000000723af000 	C:\Program Files\Java\jdk1.8.0_91\jre\bin\verify.dll
0x0000000072370000 - 0x0000000072399000 	C:\Program Files\Java\jdk1.8.0_91\jre\bin\java.dll
0x0000000066660000 - 0x0000000066676000 	C:\Program Files\Java\jdk1.8.0_91\jre\bin\zip.dll
0x000007fefd820000 - 0x000007fefe5aa000 	C:\Windows\system32\SHELL32.dll
0x000007fefed60000 - 0x000007fefef63000 	C:\Windows\system32\ole32.dll
0x000007fefd310000 - 0x000007fefd31f000 	C:\Windows\system32\profapi.dll

VM Arguments:
jvm_args: -Djava.awt.headless=true -Xmx1024M -Dfile.encoding=x-windows-949 -Duser.country=KR -Duser.language=ko -Duser.variant 
java_command: com.android.dx.command.Main --dex --force-jumbo --num-threads=4 --multi-dex --output D:\Documents\YongWoo\ReadingSalon\app\build\intermediates\transforms\dex\debug\folders\1000\10\com.android.support-support-v4-23.4.0_5c1984b85797e87b50c3e98b131da411916e146a D:\Documents\YongWoo\ReadingSalon\app\build\intermediates\exploded-aar\com.android.support\support-v4\23.4.0\jars\classes.jar
java_class_path (initial): D:\Documents\YongWoo\Android\sdk\build-tools\23.0.3\lib\dx.jar
Launcher Type: SUN_STANDARD

Environment Variables:
JAVA_HOME=C:\Program Files\Java\jdk1.8.0_91
PATH=C:\ProgramData\Oracle\Java\javapath;C:\Program Files (x86)\Common Files\NetSarang;C:\Program Files (x86)\Intel\iCLS Client\;C:\Program Files\Intel\iCLS Client\;C:\Windows\system32;C:\Windows;C:\Windows\System32\Wbem;C:\Windows\System32\WindowsPowerShell\v1.0\;C:\Program Files (x86)\Intel\OpenCL SDK\2.0\bin\x86;C:\Program Files (x86)\Intel\OpenCL SDK\2.0\bin\x64;C:\Program Files\SafeNet\Authentication\SAC\x64;C:\Program Files\Intel\Intel(R) Management Engine Components\DAL;C:\Program Files\Intel\Intel(R) Management Engine Components\IPT;C:\Program Files (x86)\Intel\Intel(R) Management Engine Components\DAL;C:\Program Files (x86)\Intel\Intel(R) Management Engine Components\IPT;C:\Program Files (x86)\Intel\OpenCL SDK\2.0\bin\x86;C:\Program Files (x86)\Intel\OpenCL SDK\2.0\bin\x64;C:\Program Files\Java\jdk1.8.0_91\bin;D:\Documents\YongWoo\PortableGit\bin
USERNAME=Datacenter
OS=Windows_NT
PROCESSOR_IDENTIFIER=Intel64 Family 6 Model 58 Stepping 9, GenuineIntel



---------------  S Y S T E M  ---------------

OS: Windows 7 , 64 bit Build 7601 (6.1.7601.23418)

CPU:total 4 (4 cores per cpu, 1 threads per core) family 6 model 58 stepping 9, cmov, cx8, fxsr, mmx, sse, sse2, sse3, ssse3, sse4.1, sse4.2, popcnt, avx, aes, clmul, erms, tsc, tscinvbit, tscinv

Memory: 4k page, physical 8061124k(1034372k free), swap 8059264k(13896k free)

vm_info: Java HotSpot(TM) 64-Bit Server VM (25.91-b14) for windows-amd64 JRE (1.8.0_91-b14), built on Apr  1 2016 00:58:32 by "java_re" with MS VC++ 10.0 (VS2010)

time: Tue May 24 06:57:01 2016
elapsed time: 3 seconds (0d 0h 0m 3s)

