#
# There is insufficient memory for the Java Runtime Environment to continue.
# Native memory allocation (malloc) failed to allocate 391456 bytes for Chunk::new
# Possible reasons:
#   The system is out of physical RAM or swap space
#   In 32 bit mode, the process size limit was hit
# Possible solutions:
#   Reduce memory load on the system
#   Increase physical memory or swap space
#   Check if swap backing store is full
#   Use 64 bit Java on a 64 bit OS
#   Decrease Java heap size (-Xmx/-Xms)
#   Decrease number of Java threads
#   Decrease Java thread stack sizes (-Xss)
#   Set larger code cache with -XX:ReservedCodeCacheSize=
# This output file may be truncated or incomplete.
#
#  Out of Memory Error (allocation.cpp:390), pid=10940, tid=9928
#
# JRE version: Java(TM) SE Runtime Environment (8.0_91-b14) (build 1.8.0_91-b14)
# Java VM: Java HotSpot(TM) 64-Bit Server VM (25.91-b14 mixed mode windows-amd64 compressed oops)
# Failed to write core dump. Minidumps are not enabled by default on client versions of Windows
#

---------------  T H R E A D  ---------------

Current thread (0x000000005686c000):  JavaThread "C2 CompilerThread1" daemon [_thread_in_native, id=9928, stack(0x0000000057020000,0x0000000057120000)]

Stack: [0x0000000057020000,0x0000000057120000]
[error occurred during error reporting (printing stack bounds), id 0xc0000005]

Native frames: (J=compiled Java code, j=interpreted, Vv=VM code, C=native code)


Current CompileTask:
C2:   2914 1299       4       com.android.dx.ssa.SsaRenamer$BlockRenamer::process (191 bytes)


---------------  P R O C E S S  ---------------

Java Threads: ( => current thread )
  0x0000000056b14000 JavaThread "pool-2-thread-4" [_thread_blocked, id=2608, stack(0x0000000057c20000,0x0000000057d20000)]
  0x0000000056b0b800 JavaThread "pool-2-thread-3" [_thread_blocked, id=5688, stack(0x00000000579f0000,0x0000000057af0000)]
  0x0000000056a83000 JavaThread "pool-2-thread-2" [_thread_blocked, id=4040, stack(0x0000000057380000,0x0000000057480000)]
  0x0000000056a7a000 JavaThread "pool-3-thread-1" [_thread_blocked, id=5400, stack(0x00000000577f0000,0x00000000578f0000)]
  0x0000000056a2b000 JavaThread "pool-2-thread-1" [_thread_blocked, id=8180, stack(0x0000000057670000,0x0000000057770000)]
  0x00000000568c8000 JavaThread "Service Thread" daemon [_thread_blocked, id=8980, stack(0x0000000057240000,0x0000000057340000)]
  0x00000000568c5000 JavaThread "C1 CompilerThread2" daemon [_thread_blocked, id=11032, stack(0x00000000564b0000,0x00000000565b0000)]
=>0x000000005686c000 JavaThread "C2 CompilerThread1" daemon [_thread_in_native, id=9928, stack(0x0000000057020000,0x0000000057120000)]
  0x000000005685a800 JavaThread "C2 CompilerThread0" daemon [_thread_blocked, id=9152, stack(0x0000000056250000,0x0000000056350000)]
  0x0000000056859800 JavaThread "Attach Listener" daemon [_thread_blocked, id=10144, stack(0x0000000056ed0000,0x0000000056fd0000)]
  0x0000000056858800 JavaThread "Signal Dispatcher" daemon [_thread_blocked, id=11132, stack(0x0000000056d20000,0x0000000056e20000)]
  0x0000000055329800 JavaThread "Finalizer" daemon [_thread_blocked, id=6368, stack(0x0000000056750000,0x0000000056850000)]
  0x00000000552e2000 JavaThread "Reference Handler" daemon [_thread_blocked, id=3460, stack(0x00000000565d0000,0x00000000566d0000)]
  0x000000000032e000 JavaThread "main" [_thread_blocked, id=8992, stack(0x0000000002900000,0x0000000002a00000)]

Other Threads:
  0x00000000552da800 VMThread [stack: 0x0000000056380000,0x0000000056480000] [id=4128]
  0x000000005692c800 WatcherThread [stack: 0x0000000057500000,0x0000000057600000] [id=8844]

VM state:not at safepoint (normal execution)

VM Mutex/Monitor currently owned by a thread: None

Heap:
 PSYoungGen      total 36864K, used 14245K [0x00000000eab00000, 0x00000000ef300000, 0x0000000100000000)
  eden space 31744K, 28% used [0x00000000eab00000,0x00000000eb3ed7a0,0x00000000eca00000)
  from space 5120K, 99% used [0x00000000eca00000,0x00000000ecefbf38,0x00000000ecf00000)
  to   space 5120K, 0% used [0x00000000eee00000,0x00000000eee00000,0x00000000ef300000)
 ParOldGen       total 84992K, used 1447K [0x00000000c0000000, 0x00000000c5300000, 0x00000000eab00000)
  object space 84992K, 1% used [0x00000000c0000000,0x00000000c0169e70,0x00000000c5300000)
 Metaspace       used 5876K, capacity 6960K, committed 7040K, reserved 1056768K
  class space    used 589K, capacity 616K, committed 640K, reserved 1048576K

Card table byte_map: [0x0000000011dc0000,0x0000000011fd0000] byte_map_base: 0x00000000117c0000

Marking Bits: (ParMarkBitMap*) 0x0000000058fe2f70
 Begin Bits: [0x0000000012750000, 0x0000000013750000)
 End Bits:   [0x0000000013750000, 0x0000000014750000)

Polling page: 0x0000000000250000

CodeCache: size=245760Kb used=5237Kb max_used=5250Kb free=240523Kb
 bounds [0x0000000002a00000, 0x0000000002f30000, 0x0000000011a00000]
 total_blobs=1564 nmethods=1300 adapters=177
 compilation: enabled

Compilation events (10 events):
Event: 2.893 Thread 0x000000005685a800 1292       4       com.android.dx.ssa.LocalVariableInfo::mergeStarts (59 bytes)
Event: 2.904 Thread 0x000000005686c000 1299       4       com.android.dx.ssa.SsaRenamer$BlockRenamer::process (191 bytes)
Event: 2.904 Thread 0x00000000568c5000 1301       3       com.android.dx.cf.code.BasicBlocker::getBlockList (208 bytes)
Event: 2.905 Thread 0x00000000568c5000 nmethod 1301 0x0000000002f1e750 code [0x0000000002f1e9c0, 0x0000000002f1fba8]
Event: 2.905 Thread 0x00000000568c5000 1302       3       com.android.dx.rop.code.Rops::opMoveParam (69 bytes)
Event: 2.906 Thread 0x00000000568c5000 nmethod 1302 0x0000000002f20650 code [0x0000000002f20880, 0x0000000002f21438]
Event: 2.911 Thread 0x000000005685a800 nmethod 1292 0x0000000002f25790 code [0x0000000002f25940, 0x0000000002f26a58]
Event: 2.911 Thread 0x000000005685a800 1300       4       com.android.dx.rop.code.ThrowingCstInsn::<init> (51 bytes)
Event: 2.912 Thread 0x000000005685a800 nmethod 1300 0x0000000002f16150 code [0x0000000002f162a0, 0x0000000002f16458]
Event: 2.912 Thread 0x000000005685a800 1298       4       com.android.dx.cf.code.ExecutionStack::peek (42 bytes)

GC Heap History (2 events):
Event: 1.152 GC heap before
{Heap before GC invocations=1 (full 0):
 PSYoungGen      total 36864K, used 31744K [0x00000000eab00000, 0x00000000ed400000, 0x0000000100000000)
  eden space 31744K, 100% used [0x00000000eab00000,0x00000000eca00000,0x00000000eca00000)
  from space 5120K, 0% used [0x00000000ecf00000,0x00000000ecf00000,0x00000000ed400000)
  to   space 5120K, 0% used [0x00000000eca00000,0x00000000eca00000,0x00000000ecf00000)
 ParOldGen       total 84992K, used 0K [0x00000000c0000000, 0x00000000c5300000, 0x00000000eab00000)
  object space 84992K, 0% used [0x00000000c0000000,0x00000000c0000000,0x00000000c5300000)
 Metaspace       used 5787K, capacity 6896K, committed 7040K, reserved 1056768K
  class space    used 589K, capacity 616K, committed 640K, reserved 1048576K
Event: 1.815 GC heap after
Heap after GC invocations=1 (full 0):
 PSYoungGen      total 36864K, used 5103K [0x00000000eab00000, 0x00000000ef300000, 0x0000000100000000)
  eden space 31744K, 0% used [0x00000000eab00000,0x00000000eab00000,0x00000000eca00000)
  from space 5120K, 99% used [0x00000000eca00000,0x00000000ecefbf38,0x00000000ecf00000)
  to   space 5120K, 0% used [0x00000000eee00000,0x00000000eee00000,0x00000000ef300000)
 ParOldGen       total 84992K, used 1447K [0x00000000c0000000, 0x00000000c5300000, 0x00000000eab00000)
  object space 84992K, 1% used [0x00000000c0000000,0x00000000c0169e70,0x00000000c5300000)
 Metaspace       used 5787K, capacity 6896K, committed 7040K, reserved 1056768K
  class space    used 589K, capacity 616K, committed 640K, reserved 1048576K
}

Deoptimization events (10 events):
Event: 0.922 Thread 0x000000000032e000 Uncommon trap: reason=unstable_if action=reinterpret pc=0x0000000002c141d0 method=java.util.HashMap.getNode(ILjava/lang/Object;)Ljava/util/HashMap$Node; @ 129
Event: 0.996 Thread 0x0000000056a83000 Uncommon trap: reason=unstable_if action=reinterpret pc=0x0000000002d3ce88 method=com.android.dx.rop.code.RegisterSpec.equals(ILcom/android/dx/rop/type/TypeBearer;Lcom/android/dx/rop/code/LocalItem;)Z @ 16
Event: 0.996 Thread 0x0000000056a83000 Uncommon trap: reason=class_check action=maybe_recompile pc=0x0000000002d39e60 method=com.android.dx.rop.type.Type.equals(Ljava/lang/Object;)Z @ 8
Event: 0.996 Thread 0x0000000056a83000 Uncommon trap: reason=unstable_if action=reinterpret pc=0x0000000002ce18bc method=com.android.dx.rop.code.RegisterSpec.equals(ILcom/android/dx/rop/type/TypeBearer;Lcom/android/dx/rop/code/LocalItem;)Z @ 16
Event: 1.001 Thread 0x0000000056a83000 Uncommon trap: reason=class_check action=maybe_recompile pc=0x0000000002d39e60 method=com.android.dx.rop.type.Type.equals(Ljava/lang/Object;)Z @ 8
Event: 1.001 Thread 0x0000000056a83000 Uncommon trap: reason=unstable_if action=reinterpret pc=0x0000000002d72c18 method=com.android.dx.rop.code.RegisterSpec.equals(ILcom/android/dx/rop/type/TypeBearer;Lcom/android/dx/rop/code/LocalItem;)Z @ 16
Event: 1.001 Thread 0x0000000056a83000 Uncommon trap: reason=class_check action=maybe_recompile pc=0x0000000002d39e60 method=com.android.dx.rop.type.Type.equals(Ljava/lang/Object;)Z @ 8
Event: 1.001 Thread 0x0000000056a83000 Uncommon trap: reason=class_check action=maybe_recompile pc=0x0000000002d39e60 method=com.android.dx.rop.type.Type.equals(Ljava/lang/Object;)Z @ 8
Event: 1.005 Thread 0x0000000056b0b800 Uncommon trap: reason=unstable_if action=reinterpret pc=0x0000000002cab398 method=java.util.HashMap.getNode(ILjava/lang/Object;)Ljava/util/HashMap$Node; @ 129
Event: 1.046 Thread 0x0000000056a83000 Uncommon trap: reason=unstable_if action=reinterpret pc=0x0000000002dabd28 method=com.android.dx.cf.code.Ropper.labelToResultIndex(I)I @ 34

Internal exceptions (2 events):
Event: 0.159 Thread 0x000000000032e000 Exception <a 'java/lang/NoSuchMethodError': Method sun.misc.Unsafe.defineClass(Ljava/lang/String;[BII)Ljava/lang/Class; name or signature does not match> (0x00000000eab07cc0) thrown at [C:\re\workspace\8-2-build-windows-amd64-cygwin\jdk8u91\6644\hotspot\sro£nï‘TÄ?
Event: 0.159 Thread 0x000000000032e000 Exception <a 'java/lang/NoSuchMethodError': Method sun.misc.Unsafe.prefetchRead(Ljava/lang/Object;J)V name or signature does not match> (0x00000000eab07fa8) thrown at [C:\re\workspace\8-2-build-windows-amd64-cygwin\jdk8u91\6644\hotspot\src\share\vm\prims\j

Events (10 events):
Event: 1.046 Thread 0x0000000056a83000 DEOPT PACKING pc=0x0000000002dabd28 sp=0x000000005747e9b0
Event: 1.046 Thread 0x0000000056a83000 DEOPT UNPACKING pc=0x0000000002a4582a sp=0x000000005747e958 mode 2
Event: 1.079 Executing VM operation: ForceSafepoint
Event: 1.087 Executing VM operation: ForceSafepoint done
Event: 1.141 Executing VM operation: ParallelGCFailedAllocation
Event: 1.815 Executing VM operation: ParallelGCFailedAllocation done
Event: 2.070 Thread 0x0000000056b14000 DEOPT PACKING pc=0x0000000002ddb543 sp=0x0000000057d1e7b0
Event: 2.070 Thread 0x0000000056b14000 DEOPT UNPACKING pc=0x0000000002a4787f sp=0x0000000057d1e578 mode 0
Event: 2.764 Thread 0x0000000056a83000 DEOPT PACKING pc=0x0000000002dba245 sp=0x000000005747e890
Event: 2.764 Thread 0x0000000056a83000 DEOPT UNPACKING pc=0x0000000002a4787f sp=0x000000005747e680 mode 0


Dynamic libraries:
0x000000013f480000 - 0x000000013f4b7000 	C:\Program Files\Java\jdk1.8.0_91\bin\java.exe
0x0000000077580000 - 0x000000007772a000 	C:\Windows\SYSTEM32\ntdll.dll
0x0000000077460000 - 0x000000007757f000 	C:\Windows\system32\kernel32.dll
0x000007fefd620000 - 0x000007fefd68a000 	C:\Windows\system32\KERNELBASE.dll
0x0000000075010000 - 0x0000000075099000 	C:\Windows\System32\SYSFER.DLL
0x000007fefd740000 - 0x000007fefd81b000 	C:\Windows\system32\ADVAPI32.dll
0x000007fefea70000 - 0x000007fefeb0f000 	C:\Windows\system32\msvcrt.dll
0x000007fefed40000 - 0x000007fefed5f000 	C:\Windows\SYSTEM32\sechost.dll
0x000007fefeb10000 - 0x000007fefec3d000 	C:\Windows\system32\RPCRT4.dll
0x0000000077360000 - 0x000000007745a000 	C:\Windows\system32\USER32.dll
0x000007fefd6c0000 - 0x000007fefd727000 	C:\Windows\system32\GDI32.dll
0x000007fefe5b0000 - 0x000007fefe5be000 	C:\Windows\system32\LPK.dll
0x000007feff060000 - 0x000007feff12a000 	C:\Windows\system32\USP10.dll
0x000007fefbed0000 - 0x000007fefc0c4000 	C:\Windows\WinSxS\amd64_microsoft.windows.common-controls_6595b64144ccf1df_6.0.7601.18837_none_fa3b1e3d17594757\COMCTL32.dll
0x000007feff680000 - 0x000007feff6f1000 	C:\Windows\system32\SHLWAPI.dll
0x000007fefe9a0000 - 0x000007fefe9ce000 	C:\Windows\system32\IMM32.DLL
0x000007fefe890000 - 0x000007fefe999000 	C:\Windows\system32\MSCTF.dll
0x0000000063ab0000 - 0x0000000063b82000 	C:\Program Files\Java\jdk1.8.0_91\jre\bin\msvcr100.dll
0x00000000587d0000 - 0x0000000059063000 	C:\Program Files\Java\jdk1.8.0_91\jre\bin\server\jvm.dll
0x000007fefa190000 - 0x000007fefa199000 	C:\Windows\system32\WSOCK32.dll
0x000007fefef90000 - 0x000007fefefdd000 	C:\Windows\system32\WS2_32.dll
0x000007fefd730000 - 0x000007fefd738000 	C:\Windows\system32\NSI.dll
0x000007fef8c80000 - 0x000007fef8cbb000 	C:\Windows\system32\WINMM.dll
0x000007fefc3f0000 - 0x000007fefc3fc000 	C:\Windows\system32\VERSION.dll
0x0000000077740000 - 0x0000000077747000 	C:\Windows\system32\PSAPI.DLL
0x00000000723a0000 - 0x00000000723af000 	C:\Program Files\Java\jdk1.8.0_91\jre\bin\verify.dll
0x0000000072370000 - 0x0000000072399000 	C:\Program Files\Java\jdk1.8.0_91\jre\bin\java.dll
0x0000000066660000 - 0x0000000066676000 	C:\Program Files\Java\jdk1.8.0_91\jre\bin\zip.dll
0x000007fefd820000 - 0x000007fefe5aa000 	C:\Windows\system32\SHELL32.dll
0x000007fefed60000 - 0x000007fefef63000 	C:\Windows\system32\ole32.dll
0x000007fefd310000 - 0x000007fefd31f000 	C:\Windows\system32\profapi.dll

VM Arguments:
jvm_args: -Djava.awt.headless=true -Xmx1024M -Dfile.encoding=x-windows-949 -Duser.country=KR -Duser.language=ko -Duser.variant 
java_command: com.android.dx.command.Main --dex --force-jumbo --num-threads=4 --multi-dex --output D:\Documents\YongWoo\ReadingSalon\app\build\intermediates\transforms\dex\debug\folders\1000\5\slice_6 D:\Documents\YongWoo\ReadingSalon\app\build\intermediates\transforms\instantRunSlicer\debug\folders\1\5\slice_6
java_class_path (initial): D:\Documents\YongWoo\Android\sdk\build-tools\23.0.3\lib\dx.jar
Launcher Type: SUN_STANDARD

Environment Variables:
JAVA_HOME=C:\Program Files\Java\jdk1.8.0_91
PATH=C:\ProgramData\Oracle\Java\javapath;C:\Program Files (x86)\Common Files\NetSarang;C:\Program Files (x86)\Intel\iCLS Client\;C:\Program Files\Intel\iCLS Client\;C:\Windows\system32;C:\Windows;C:\Windows\System32\Wbem;C:\Windows\System32\WindowsPowerShell\v1.0\;C:\Program Files (x86)\Intel\OpenCL SDK\2.0\bin\x86;C:\Program Files (x86)\Intel\OpenCL SDK\2.0\bin\x64;C:\Program Files\SafeNet\Authentication\SAC\x64;C:\Program Files\Intel\Intel(R) Management Engine Components\DAL;C:\Program Files\Intel\Intel(R) Management Engine Components\IPT;C:\Program Files (x86)\Intel\Intel(R) Management Engine Components\DAL;C:\Program Files (x86)\Intel\Intel(R) Management Engine Components\IPT;C:\Program Files (x86)\Intel\OpenCL SDK\2.0\bin\x86;C:\Program Files (x86)\Intel\OpenCL SDK\2.0\bin\x64;C:\Program Files\Java\jdk1.8.0_91\bin;D:\Documents\YongWoo\PortableGit\bin
USERNAME=Datacenter
OS=Windows_NT
PROCESSOR_IDENTIFIER=Intel64 Family 6 Model 58 Stepping 9, GenuineIntel



---------------  S Y S T E M  ---------------

OS: Windows 7 , 64 bit Build 7601 (6.1.7601.23418)

CPU:total 4 (4 cores per cpu, 1 threads per core) family 6 model 58 stepping 9, cmov, cx8, fxsr, mmx, sse, sse2, sse3, ssse3, sse4.1, sse4.2, popcnt, avx, aes, clmul, erms, tsc, tscinvbit, tscinv

Memory: 4k page, physical 8061124k(1114424k free), swap 8059264k(5216k free)

vm_info: Java HotSpot(TM) 64-Bit Server VM (25.91-b14) for windows-amd64 JRE (1.8.0_91-b14), built on Apr  1 2016 00:58:32 by "java_re" with MS VC++ 10.0 (VS2010)

time: Tue May 24 06:55:28 2016
elapsed time: 2 seconds (0d 0h 0m 2s)

