#
# There is insufficient memory for the Java Runtime Environment to continue.
# Native memory allocation (malloc) failed to allocate 262160 bytes for Chunk::new
# Possible reasons:
#   The system is out of physical RAM or swap space
#   In 32 bit mode, the process size limit was hit
# Possible solutions:
#   Reduce memory load on the system
#   Increase physical memory or swap space
#   Check if swap backing store is full
#   Use 64 bit Java on a 64 bit OS
#   Decrease Java heap size (-Xmx/-Xms)
#   Decrease number of Java threads
#   Decrease Java thread stack sizes (-Xss)
#   Set larger code cache with -XX:ReservedCodeCacheSize=
# This output file may be truncated or incomplete.
#
#  Out of Memory Error (allocation.cpp:390), pid=8368, tid=7508
#
# JRE version: Java(TM) SE Runtime Environment (8.0_91-b14) (build 1.8.0_91-b14)
# Java VM: Java HotSpot(TM) 64-Bit Server VM (25.91-b14 mixed mode windows-amd64 compressed oops)
# Failed to write core dump. Minidumps are not enabled by default on client versions of Windows
#

---------------  T H R E A D  ---------------

Current thread (0x000000005531e000):  JavaThread "C2 CompilerThread0" daemon [_thread_in_native, id=7508, stack(0x0000000056bd0000,0x0000000056cd0000)]

Stack: [0x0000000056bd0000,0x0000000056cd0000]
[error occurred during error reporting (printing stack bounds), id 0xc0000005]

Native frames: (J=compiled Java code, j=interpreted, Vv=VM code, C=native code)


Current CompileTask:
C2:   2980 1385   !   4       com.android.dx.cf.cst.ConstantPoolParser::parse0 (731 bytes)


---------------  P R O C E S S  ---------------

Java Threads: ( => current thread )
  0x0000000056a9e000 JavaThread "pool-2-thread-4" [_thread_blocked, id=3696, stack(0x00000000579e0000,0x0000000057ae0000)]
  0x0000000056a9d800 JavaThread "pool-2-thread-3" [_thread_blocked, id=6136, stack(0x00000000578a0000,0x00000000579a0000)]
  0x0000000056a9a800 JavaThread "pool-2-thread-2" [_thread_blocked, id=2028, stack(0x00000000576f0000,0x00000000577f0000)]
  0x0000000056b01000 JavaThread "pool-3-thread-1" [_thread_blocked, id=3664, stack(0x0000000057440000,0x0000000057540000)]
  0x0000000056b00800 JavaThread "pool-2-thread-1" [_thread_blocked, id=9292, stack(0x0000000057580000,0x0000000057680000)]
  0x00000000567f1800 JavaThread "Service Thread" daemon [_thread_blocked, id=4724, stack(0x0000000056e10000,0x0000000056f10000)]
  0x00000000567ed000 JavaThread "C1 CompilerThread2" daemon [_thread_blocked, id=3672, stack(0x0000000057110000,0x0000000057210000)]
  0x00000000567ec000 JavaThread "C2 CompilerThread1" daemon [_thread_blocked, id=3668, stack(0x0000000056f70000,0x0000000057070000)]
=>0x000000005531e000 JavaThread "C2 CompilerThread0" daemon [_thread_in_native, id=7508, stack(0x0000000056bd0000,0x0000000056cd0000)]
  0x00000000567db800 JavaThread "Attach Listener" daemon [_thread_blocked, id=6132, stack(0x0000000056d00000,0x0000000056e00000)]
  0x00000000567d8800 JavaThread "Signal Dispatcher" daemon [_thread_blocked, id=6864, stack(0x0000000056270000,0x0000000056370000)]
  0x00000000552f3800 JavaThread "Finalizer" daemon [_thread_blocked, id=5916, stack(0x00000000566d0000,0x00000000567d0000)]
  0x00000000552b2000 JavaThread "Reference Handler" daemon [_thread_blocked, id=6184, stack(0x0000000056530000,0x0000000056630000)]
  0x00000000026ae000 JavaThread "main" [_thread_blocked, id=11100, stack(0x00000000029a0000,0x0000000002aa0000)]

Other Threads:
  0x00000000552aa800 VMThread [stack: 0x00000000563c0000,0x00000000564c0000] [id=9968]
  0x00000000568a9000 WatcherThread [stack: 0x00000000572a0000,0x00000000573a0000] [id=7652]

VM state:not at safepoint (normal execution)

VM Mutex/Monitor currently owned by a thread: None

Heap:
 PSYoungGen      total 36864K, used 20291K [0x00000000eab00000, 0x00000000ef300000, 0x0000000100000000)
  eden space 31744K, 47% used [0x00000000eab00000,0x00000000eb9d1568,0x00000000eca00000)
  from space 5120K, 99% used [0x00000000eca00000,0x00000000eceff700,0x00000000ecf00000)
  to   space 5120K, 0% used [0x00000000eee00000,0x00000000eee00000,0x00000000ef300000)
 ParOldGen       total 84992K, used 716K [0x00000000c0000000, 0x00000000c5300000, 0x00000000eab00000)
  object space 84992K, 0% used [0x00000000c0000000,0x00000000c00b3020,0x00000000c5300000)
 Metaspace       used 6132K, capacity 6966K, committed 7040K, reserved 1056768K
  class space    used 601K, capacity 622K, committed 640K, reserved 1048576K

Card table byte_map: [0x0000000011e60000,0x0000000012070000] byte_map_base: 0x0000000011860000

Marking Bits: (ParMarkBitMap*) 0x0000000058fe2f70
 Begin Bits: [0x0000000012720000, 0x0000000013720000)
 End Bits:   [0x0000000013720000, 0x0000000014720000)

Polling page: 0x0000000000350000

CodeCache: size=245760Kb used=5506Kb max_used=5517Kb free=240253Kb
 bounds [0x0000000002aa0000, 0x0000000003010000, 0x0000000011aa0000]
 total_blobs=1659 nmethods=1388 adapters=184
 compilation: enabled

Compilation events (10 events):
Event: 2.961 Thread 0x00000000567ed000 1386       3       com.android.dx.ssa.back.FirstFitLocalCombiningAllocator::handleLocalAssociatedOther (151 bytes)
Event: 2.961 Thread 0x00000000567ed000 nmethod 1386 0x00000000030030d0 code [0x0000000003003360, 0x00000000030043d8]
Event: 2.962 Thread 0x00000000567ed000 1387       3       com.android.dx.dex.cf.AttributeTranslator::getAnnotations (22 bytes)
Event: 2.962 Thread 0x00000000567ed000 nmethod 1387 0x0000000002ff5150 code [0x0000000002ff5360, 0x0000000002ff5dc8]
Event: 2.972 Thread 0x00000000567ec000 nmethod 1384 0x0000000003007010 code [0x00000000030071c0, 0x0000000003007cb8]
Event: 2.972 Thread 0x00000000567ec000 1390       4       java.util.Arrays::hashCode (56 bytes)
Event: 2.975 Thread 0x00000000567ec000 nmethod 1390 0x0000000002fff950 code [0x0000000002fffaa0, 0x0000000002fffcf8]
Event: 2.975 Thread 0x00000000567ec000 1389       4       com.android.dx.util.FixedSizeList::hashCode (8 bytes)
Event: 2.977 Thread 0x00000000567ec000 nmethod 1389 0x00000000030050d0 code [0x0000000003005220, 0x0000000003005478]
Event: 2.977 Thread 0x00000000567ec000 1388       4       com.android.dx.rop.code.BasicBlockList$RegCountVisitor::visitPlainInsn (6 bytes)

GC Heap History (2 events):
Event: 2.059 GC heap before
{Heap before GC invocations=1 (full 0):
 PSYoungGen      total 36864K, used 31744K [0x00000000eab00000, 0x00000000ed400000, 0x0000000100000000)
  eden space 31744K, 100% used [0x00000000eab00000,0x00000000eca00000,0x00000000eca00000)
  from space 5120K, 0% used [0x00000000ecf00000,0x00000000ecf00000,0x00000000ed400000)
  to   space 5120K, 0% used [0x00000000eca00000,0x00000000eca00000,0x00000000ecf00000)
 ParOldGen       total 84992K, used 0K [0x00000000c0000000, 0x00000000c5300000, 0x00000000eab00000)
  object space 84992K, 0% used [0x00000000c0000000,0x00000000c0000000,0x00000000c5300000)
 Metaspace       used 5891K, capacity 6774K, committed 7040K, reserved 1056768K
  class space    used 601K, capacity 622K, committed 640K, reserved 1048576K
Event: 2.224 GC heap after
Heap after GC invocations=1 (full 0):
 PSYoungGen      total 36864K, used 5117K [0x00000000eab00000, 0x00000000ef300000, 0x0000000100000000)
  eden space 31744K, 0% used [0x00000000eab00000,0x00000000eab00000,0x00000000eca00000)
  from space 5120K, 99% used [0x00000000eca00000,0x00000000eceff700,0x00000000ecf00000)
  to   space 5120K, 0% used [0x00000000eee00000,0x00000000eee00000,0x00000000ef300000)
 ParOldGen       total 84992K, used 716K [0x00000000c0000000, 0x00000000c5300000, 0x00000000eab00000)
  object space 84992K, 0% used [0x00000000c0000000,0x00000000c00b3020,0x00000000c5300000)
 Metaspace       used 5891K, capacity 6774K, committed 7040K, reserved 1056768K
  class space    used 601K, capacity 622K, committed 640K, reserved 1048576K
}

Deoptimization events (10 events):
Event: 1.532 Thread 0x00000000026ae000 Uncommon trap: reason=unstable_if action=reinterpret pc=0x0000000002cf5720 method=java.util.BitSet.nextSetBit(I)I @ 87
Event: 1.540 Thread 0x00000000026ae000 Uncommon trap: reason=unstable_if action=reinterpret pc=0x0000000002cd6704 method=com.android.dx.rop.code.RegisterSpec.equals(ILcom/android/dx/rop/type/TypeBearer;Lcom/android/dx/rop/code/LocalItem;)Z @ 16
Event: 1.561 Thread 0x00000000026ae000 Uncommon trap: reason=class_check action=maybe_recompile pc=0x0000000002d4e000 method=com.android.dx.ssa.NormalSsaInsn.accept(Lcom/android/dx/ssa/SsaInsn$Visitor;)V @ 9
Event: 1.575 Thread 0x00000000026ae000 Uncommon trap: reason=class_check action=maybe_recompile pc=0x0000000002d4e000 method=com.android.dx.ssa.NormalSsaInsn.accept(Lcom/android/dx/ssa/SsaInsn$Visitor;)V @ 9
Event: 1.626 Thread 0x0000000056a9d800 Uncommon trap: reason=class_check action=maybe_recompile pc=0x0000000002d4e000 method=com.android.dx.ssa.NormalSsaInsn.accept(Lcom/android/dx/ssa/SsaInsn$Visitor;)V @ 9
Event: 1.626 Thread 0x0000000056a9d800 Uncommon trap: reason=class_check action=maybe_recompile pc=0x0000000002d4e000 method=com.android.dx.ssa.NormalSsaInsn.accept(Lcom/android/dx/ssa/SsaInsn$Visitor;)V @ 9
Event: 1.626 Thread 0x0000000056a9d800 Uncommon trap: reason=class_check action=maybe_recompile pc=0x0000000002d300a0 method=com.android.dx.ssa.NormalSsaInsn.accept(Lcom/android/dx/ssa/SsaInsn$Visitor;)V @ 9
Event: 2.359 Thread 0x0000000056a9a800 Uncommon trap: reason=null_check action=make_not_entrant pc=0x0000000002e0bd98 method=com.android.dx.ssa.SsaRenamer.getLocalForNewReg(I)Lcom/android/dx/rop/code/LocalItem; @ 19
Event: 2.359 Thread 0x0000000056a9a800 Uncommon trap: reason=null_check action=make_not_entrant pc=0x0000000002dff66c method=com.android.dx.ssa.SsaRenamer.getLocalForNewReg(I)Lcom/android/dx/rop/code/LocalItem; @ 19
Event: 2.586 Thread 0x0000000056a9d800 Uncommon trap: reason=unstable_if action=reinterpret pc=0x0000000002f9a824 method=com.android.dx.ssa.LiteralOpUpgrader$1.visitNonMoveInsn(Lcom/android/dx/ssa/NormalSsaInsn;)V @ 151

Internal exceptions (4 events):
Event: 0.395 Thread 0x00000000026ae000 Exception <a 'java/lang/NoSuchMethodError': Method sun.misc.Unsafe.defineClass(Ljava/lang/String;[BII)Ljava/lang/Class; name or signature does not match> (0x00000000eab07cc0) thrown at [C:\re\workspace\8-2-build-windows-amd64-cygwin\jdk8u91\6644\hotspot\sr⁄<P‡‹IŸ?
Event: 0.395 Thread 0x00000000026ae000 Exception <a 'java/lang/NoSuchMethodError': Method sun.misc.Unsafe.prefetchRead(Ljava/lang/Object;J)V name or signature does not match> (0x00000000eab07fa8) thrown at [C:\re\workspace\8-2-build-windows-amd64-cygwin\jdk8u91\6644\hotspot\src\share\vm\prims\j¶%êBﬂ@
Event: 2.359 Thread 0x0000000056a9a800 Implicit null exception at 0x0000000002e09d1f to 0x0000000002e0bd55
Event: 2.359 Thread 0x0000000056a9a800 Implicit null exception at 0x0000000002dfd856 to 0x0000000002dff649

Events (10 events):
Event: 2.359 Thread 0x0000000056a9a800 DEOPT UNPACKING pc=0x0000000002ae582a sp=0x00000000577ee438 mode 2
Event: 2.552 Thread 0x0000000056a9e000 DEOPT PACKING pc=0x0000000002ec2d75 sp=0x0000000057adee70
Event: 2.552 Thread 0x0000000056a9e000 DEOPT UNPACKING pc=0x0000000002ae787f sp=0x0000000057adec08 mode 0
Event: 2.586 Thread 0x0000000056a9d800 Uncommon trap: trap_request=0xffffff65 fr.pc=0x0000000002f9a824
Event: 2.586 Thread 0x0000000056a9d800 DEOPT PACKING pc=0x0000000002f9a824 sp=0x000000005799eb70
Event: 2.586 Thread 0x0000000056a9d800 DEOPT UNPACKING pc=0x0000000002ae582a sp=0x000000005799eb60 mode 2
Event: 2.598 Thread 0x0000000056a9d800 DEOPT PACKING pc=0x0000000002e8531c sp=0x000000005799ea70
Event: 2.598 Thread 0x0000000056a9d800 DEOPT UNPACKING pc=0x0000000002ae787f sp=0x000000005799e7d8 mode 0
Event: 2.961 Thread 0x0000000056a9e000 DEOPT PACKING pc=0x0000000002cddc6f sp=0x0000000057adecf0
Event: 2.961 Thread 0x0000000056a9e000 DEOPT UNPACKING pc=0x0000000002ae787f sp=0x0000000057adead0 mode 0


Dynamic libraries:
0x000000013f480000 - 0x000000013f4b7000 	C:\Program Files\Java\jdk1.8.0_91\bin\java.exe
0x0000000077580000 - 0x000000007772a000 	C:\Windows\SYSTEM32\ntdll.dll
0x0000000077460000 - 0x000000007757f000 	C:\Windows\system32\kernel32.dll
0x000007fefd620000 - 0x000007fefd68a000 	C:\Windows\system32\KERNELBASE.dll
0x0000000075010000 - 0x0000000075099000 	C:\Windows\System32\SYSFER.DLL
0x000007fefd740000 - 0x000007fefd81b000 	C:\Windows\system32\ADVAPI32.dll
0x000007fefea70000 - 0x000007fefeb0f000 	C:\Windows\system32\msvcrt.dll
0x000007fefed40000 - 0x000007fefed5f000 	C:\Windows\SYSTEM32\sechost.dll
0x000007fefeb10000 - 0x000007fefec3d000 	C:\Windows\system32\RPCRT4.dll
0x0000000077360000 - 0x000000007745a000 	C:\Windows\system32\USER32.dll
0x000007fefd6c0000 - 0x000007fefd727000 	C:\Windows\system32\GDI32.dll
0x000007fefe5b0000 - 0x000007fefe5be000 	C:\Windows\system32\LPK.dll
0x000007feff060000 - 0x000007feff12a000 	C:\Windows\system32\USP10.dll
0x000007fefbed0000 - 0x000007fefc0c4000 	C:\Windows\WinSxS\amd64_microsoft.windows.common-controls_6595b64144ccf1df_6.0.7601.18837_none_fa3b1e3d17594757\COMCTL32.dll
0x000007feff680000 - 0x000007feff6f1000 	C:\Windows\system32\SHLWAPI.dll
0x000007fefe9a0000 - 0x000007fefe9ce000 	C:\Windows\system32\IMM32.DLL
0x000007fefe890000 - 0x000007fefe999000 	C:\Windows\system32\MSCTF.dll
0x0000000063ab0000 - 0x0000000063b82000 	C:\Program Files\Java\jdk1.8.0_91\jre\bin\msvcr100.dll
0x00000000587d0000 - 0x0000000059063000 	C:\Program Files\Java\jdk1.8.0_91\jre\bin\server\jvm.dll
0x000007fefa190000 - 0x000007fefa199000 	C:\Windows\system32\WSOCK32.dll
0x000007fefef90000 - 0x000007fefefdd000 	C:\Windows\system32\WS2_32.dll
0x000007fefd730000 - 0x000007fefd738000 	C:\Windows\system32\NSI.dll
0x000007fef8c80000 - 0x000007fef8cbb000 	C:\Windows\system32\WINMM.dll
0x000007fefc3f0000 - 0x000007fefc3fc000 	C:\Windows\system32\VERSION.dll
0x0000000077740000 - 0x0000000077747000 	C:\Windows\system32\PSAPI.DLL
0x00000000723a0000 - 0x00000000723af000 	C:\Program Files\Java\jdk1.8.0_91\jre\bin\verify.dll
0x0000000072370000 - 0x0000000072399000 	C:\Program Files\Java\jdk1.8.0_91\jre\bin\java.dll
0x0000000066660000 - 0x0000000066676000 	C:\Program Files\Java\jdk1.8.0_91\jre\bin\zip.dll
0x000007fefd820000 - 0x000007fefe5aa000 	C:\Windows\system32\SHELL32.dll
0x000007fefed60000 - 0x000007fefef63000 	C:\Windows\system32\ole32.dll
0x000007fefd310000 - 0x000007fefd31f000 	C:\Windows\system32\profapi.dll

VM Arguments:
jvm_args: -Djava.awt.headless=true -Xmx1024M -Dfile.encoding=x-windows-949 -Duser.country=KR -Duser.language=ko -Duser.variant 
java_command: com.android.dx.command.Main --dex --force-jumbo --num-threads=4 --multi-dex --output D:\Documents\YongWoo\ReadingSalon\app\build\intermediates\transforms\dex\debug\folders\1000\10\internal_impl-23.4.0_fe0d842a6094ac87bbc3555e9bbb8d3adceefc6a D:\Documents\YongWoo\ReadingSalon\app\build\intermediates\exploded-aar\com.android.support\support-v4\23.4.0\jars\libs\internal_impl-23.4.0.jar
java_class_path (initial): D:\Documents\YongWoo\Android\sdk\build-tools\23.0.3\lib\dx.jar
Launcher Type: SUN_STANDARD

Environment Variables:
JAVA_HOME=C:\Program Files\Java\jdk1.8.0_91
PATH=C:\ProgramData\Oracle\Java\javapath;C:\Program Files (x86)\Common Files\NetSarang;C:\Program Files (x86)\Intel\iCLS Client\;C:\Program Files\Intel\iCLS Client\;C:\Windows\system32;C:\Windows;C:\Windows\System32\Wbem;C:\Windows\System32\WindowsPowerShell\v1.0\;C:\Program Files (x86)\Intel\OpenCL SDK\2.0\bin\x86;C:\Program Files (x86)\Intel\OpenCL SDK\2.0\bin\x64;C:\Program Files\SafeNet\Authentication\SAC\x64;C:\Program Files\Intel\Intel(R) Management Engine Components\DAL;C:\Program Files\Intel\Intel(R) Management Engine Components\IPT;C:\Program Files (x86)\Intel\Intel(R) Management Engine Components\DAL;C:\Program Files (x86)\Intel\Intel(R) Management Engine Components\IPT;C:\Program Files (x86)\Intel\OpenCL SDK\2.0\bin\x86;C:\Program Files (x86)\Intel\OpenCL SDK\2.0\bin\x64;C:\Program Files\Java\jdk1.8.0_91\bin;D:\Documents\YongWoo\PortableGit\bin
USERNAME=Datacenter
OS=Windows_NT
PROCESSOR_IDENTIFIER=Intel64 Family 6 Model 58 Stepping 9, GenuineIntel



---------------  S Y S T E M  ---------------

OS: Windows 7 , 64 bit Build 7601 (6.1.7601.23418)

CPU:total 4 (4 cores per cpu, 1 threads per core) family 6 model 58 stepping 9, cmov, cx8, fxsr, mmx, sse, sse2, sse3, ssse3, sse4.1, sse4.2, popcnt, avx, aes, clmul, erms, tsc, tscinvbit, tscinv

Memory: 4k page, physical 8061124k(1117232k free), swap 8059264k(6456k free)

vm_info: Java HotSpot(TM) 64-Bit Server VM (25.91-b14) for windows-amd64 JRE (1.8.0_91-b14), built on Apr  1 2016 00:58:32 by "java_re" with MS VC++ 10.0 (VS2010)

time: Tue May 24 06:55:28 2016
elapsed time: 2 seconds (0d 0h 0m 2s)

