#
# There is insufficient memory for the Java Runtime Environment to continue.
# Native memory allocation (malloc) failed to allocate 1016176 bytes for Chunk::new
# Possible reasons:
#   The system is out of physical RAM or swap space
#   In 32 bit mode, the process size limit was hit
# Possible solutions:
#   Reduce memory load on the system
#   Increase physical memory or swap space
#   Check if swap backing store is full
#   Use 64 bit Java on a 64 bit OS
#   Decrease Java heap size (-Xmx/-Xms)
#   Decrease number of Java threads
#   Decrease Java thread stack sizes (-Xss)
#   Set larger code cache with -XX:ReservedCodeCacheSize=
# This output file may be truncated or incomplete.
#
#  Out of Memory Error (allocation.cpp:390), pid=5292, tid=7012
#
# JRE version: Java(TM) SE Runtime Environment (8.0_91-b14) (build 1.8.0_91-b14)
# Java VM: Java HotSpot(TM) 64-Bit Server VM (25.91-b14 mixed mode windows-amd64 compressed oops)
# Failed to write core dump. Minidumps are not enabled by default on client versions of Windows
#

---------------  T H R E A D  ---------------

Current thread (0x000000001687e800):  JavaThread "C2 CompilerThread0" daemon [_thread_in_native, id=7012, stack(0x0000000016fe0000,0x00000000170e0000)]

Stack: [0x0000000016fe0000,0x00000000170e0000]
[error occurred during error reporting (printing stack bounds), id 0xc0000005]

Native frames: (J=compiled Java code, j=interpreted, Vv=VM code, C=native code)


Current CompileTask:
C2:  31592 2363       4       com.android.dx.cf.code.Ropper::addSetupBlocks (535 bytes)


---------------  P R O C E S S  ---------------

Java Threads: ( => current thread )
  0x0000000016b4c800 JavaThread "pool-2-thread-4" [_thread_blocked, id=9856, stack(0x00000000182c0000,0x00000000183c0000)]
  0x0000000016b48800 JavaThread "pool-2-thread-3" [_thread_blocked, id=3764, stack(0x0000000017110000,0x0000000017210000)]
  0x0000000016b45000 JavaThread "pool-2-thread-2" [_thread_blocked, id=9360, stack(0x0000000018180000,0x0000000018280000)]
  0x0000000016b67800 JavaThread "pool-3-thread-1" [_thread_blocked, id=6524, stack(0x0000000017f90000,0x0000000018090000)]
  0x0000000016b6b000 JavaThread "pool-2-thread-1" [_thread_blocked, id=9588, stack(0x0000000017da0000,0x0000000017ea0000)]
  0x0000000016886800 JavaThread "Service Thread" daemon [_thread_blocked, id=7744, stack(0x0000000017470000,0x0000000017570000)]
  0x0000000015299000 JavaThread "C1 CompilerThread2" daemon [_thread_blocked, id=5644, stack(0x0000000017230000,0x0000000017330000)]
  0x0000000016883000 JavaThread "C2 CompilerThread1" daemon [_thread_blocked, id=5544, stack(0x0000000016460000,0x0000000016560000)]
=>0x000000001687e800 JavaThread "C2 CompilerThread0" daemon [_thread_in_native, id=7012, stack(0x0000000016fe0000,0x00000000170e0000)]
  0x000000001687d800 JavaThread "Attach Listener" daemon [_thread_blocked, id=3288, stack(0x0000000016eb0000,0x0000000016fb0000)]
  0x000000001686a800 JavaThread "Signal Dispatcher" daemon [_thread_blocked, id=800, stack(0x0000000016d10000,0x0000000016e10000)]
  0x0000000015273800 JavaThread "Finalizer" daemon [_thread_blocked, id=10020, stack(0x0000000016760000,0x0000000016860000)]
  0x0000000015232000 JavaThread "Reference Handler" daemon [_thread_blocked, id=9812, stack(0x0000000016560000,0x0000000016660000)]
  0x000000000279e000 JavaThread "main" [_thread_blocked, id=3284, stack(0x0000000002800000,0x0000000002900000)]

Other Threads:
  0x000000001522a800 VMThread [stack: 0x0000000016340000,0x0000000016440000] [id=3128]
  0x0000000016915000 WatcherThread [stack: 0x0000000017350000,0x0000000017450000] [id=8580]

VM state:not at safepoint (normal execution)

VM Mutex/Monitor currently owned by a thread: None

Heap:
 PSYoungGen      total 155648K, used 33567K [0x00000000eab00000, 0x00000000fdb00000, 0x0000000100000000)
  eden space 126976K, 7% used [0x00000000eab00000,0x00000000eb3b79f8,0x00000000f2700000)
  from space 28672K, 85% used [0x00000000fbf00000,0x00000000fd710508,0x00000000fdb00000)
  to   space 5120K, 0% used [0x00000000f2700000,0x00000000f2700000,0x00000000f2c00000)
 ParOldGen       total 84992K, used 43446K [0x00000000c0000000, 0x00000000c5300000, 0x00000000eab00000)
  object space 84992K, 51% used [0x00000000c0000000,0x00000000c2a6d950,0x00000000c5300000)
 Metaspace       used 6582K, capacity 7256K, committed 7424K, reserved 1056768K
  class space    used 628K, capacity 656K, committed 768K, reserved 1048576K

Card table byte_map: [0x0000000011da0000,0x0000000011fb0000] byte_map_base: 0x00000000117a0000

Marking Bits: (ParMarkBitMap*) 0x0000000053742f70
 Begin Bits: [0x00000000126a0000, 0x00000000136a0000)
 End Bits:   [0x00000000136a0000, 0x00000000146a0000)

Polling page: 0x0000000000560000

CodeCache: size=245760Kb used=9653Kb max_used=12482Kb free=236106Kb
 bounds [0x00000000029e0000, 0x0000000003660000, 0x00000000119e0000]
 total_blobs=2184 nmethods=1912 adapters=184
 compilation: enabled

Compilation events (10 events):
Event: 31.258 Thread 0x0000000015299000 nmethod 2378 0x0000000002b61050 code [0x0000000002b611a0, 0x0000000002b612b0]
Event: 31.265 Thread 0x0000000015299000 2379       3       com.android.dx.ssa.back.FirstFitLocalCombiningAllocator::processPhiInsn (255 bytes)
Event: 31.266 Thread 0x0000000015299000 nmethod 2379 0x0000000002bb67d0 code [0x0000000002bb6ba0, 0x0000000002bb8f38]
Event: 31.266 Thread 0x0000000015299000 2380       3       java.util.DualPivotQuicksort::sort (1195 bytes)
Event: 31.268 Thread 0x0000000015299000 nmethod 2380 0x0000000002d8a290 code [0x0000000002d8a640, 0x0000000002d8c728]
Event: 31.268 Thread 0x0000000015299000 2381       1       java.util.HashMap::afterNodeAccess (1 bytes)
Event: 31.268 Thread 0x0000000015299000 nmethod 2381 0x0000000002c02b10 code [0x0000000002c02c60, 0x0000000002c02d70]
Event: 31.553 Thread 0x0000000016883000 nmethod 2362 0x0000000002db1690 code [0x0000000002db1940, 0x0000000002db28e8]
Event: 31.553 Thread 0x0000000016883000 2364       4       com.android.dx.cf.attrib.AttCode::byteLength (29 bytes)
Event: 31.555 Thread 0x0000000016883000 nmethod 2364 0x0000000002b3d490 code [0x0000000002b3d5e0, 0x0000000002b3d858]

GC Heap History (10 events):
Event: 3.120 GC heap before
{Heap before GC invocations=2 (full 0):
 PSYoungGen      total 36864K, used 36724K [0x00000000eab00000, 0x00000000ef300000, 0x0000000100000000)
  eden space 31744K, 100% used [0x00000000eab00000,0x00000000eca00000,0x00000000eca00000)
  from space 5120K, 97% used [0x00000000eca00000,0x00000000ecedd1a8,0x00000000ecf00000)
  to   space 5120K, 0% used [0x00000000eee00000,0x00000000eee00000,0x00000000ef300000)
 ParOldGen       total 84992K, used 16K [0x00000000c0000000, 0x00000000c5300000, 0x00000000eab00000)
  object space 84992K, 0% used [0x00000000c0000000,0x00000000c0004000,0x00000000c5300000)
 Metaspace       used 6224K, capacity 7094K, committed 7296K, reserved 1056768K
  class space    used 606K, capacity 622K, committed 640K, reserved 1048576K
Event: 3.247 GC heap after
Heap after GC invocations=2 (full 0):
 PSYoungGen      total 68608K, used 5088K [0x00000000eab00000, 0x00000000ef300000, 0x0000000100000000)
  eden space 63488K, 0% used [0x00000000eab00000,0x00000000eab00000,0x00000000ee900000)
  from space 5120K, 99% used [0x00000000eee00000,0x00000000ef2f8078,0x00000000ef300000)
  to   space 5120K, 0% used [0x00000000ee900000,0x00000000ee900000,0x00000000eee00000)
 ParOldGen       total 84992K, used 2524K [0x00000000c0000000, 0x00000000c5300000, 0x00000000eab00000)
  object space 84992K, 2% used [0x00000000c0000000,0x00000000c0277370,0x00000000c5300000)
 Metaspace       used 6224K, capacity 7094K, committed 7296K, reserved 1056768K
  class space    used 606K, capacity 622K, committed 640K, reserved 1048576K
}
Event: 6.072 GC heap before
{Heap before GC invocations=3 (full 0):
 PSYoungGen      total 68608K, used 68576K [0x00000000eab00000, 0x00000000ef300000, 0x0000000100000000)
  eden space 63488K, 100% used [0x00000000eab00000,0x00000000ee900000,0x00000000ee900000)
  from space 5120K, 99% used [0x00000000eee00000,0x00000000ef2f8078,0x00000000ef300000)
  to   space 5120K, 0% used [0x00000000ee900000,0x00000000ee900000,0x00000000eee00000)
 ParOldGen       total 84992K, used 2524K [0x00000000c0000000, 0x00000000c5300000, 0x00000000eab00000)
  object space 84992K, 2% used [0x00000000c0000000,0x00000000c0277370,0x00000000c5300000)
 Metaspace       used 6278K, capacity 7094K, committed 7296K, reserved 1056768K
  class space    used 608K, capacity 622K, committed 640K, reserved 1048576K
Event: 6.415 GC heap after
Heap after GC invocations=3 (full 0):
 PSYoungGen      total 68608K, used 5109K [0x00000000eab00000, 0x00000000f3100000, 0x0000000100000000)
  eden space 63488K, 0% used [0x00000000eab00000,0x00000000eab00000,0x00000000ee900000)
  from space 5120K, 99% used [0x00000000ee900000,0x00000000eedfd438,0x00000000eee00000)
  to   space 5120K, 0% used [0x00000000f2c00000,0x00000000f2c00000,0x00000000f3100000)
 ParOldGen       total 84992K, used 11834K [0x00000000c0000000, 0x00000000c5300000, 0x00000000eab00000)
  object space 84992K, 13% used [0x00000000c0000000,0x00000000c0b8ebb8,0x00000000c5300000)
 Metaspace       used 6278K, capacity 7094K, committed 7296K, reserved 1056768K
  class space    used 608K, capacity 622K, committed 640K, reserved 1048576K
}
Event: 12.515 GC heap before
{Heap before GC invocations=4 (full 0):
 PSYoungGen      total 68608K, used 68597K [0x00000000eab00000, 0x00000000f3100000, 0x0000000100000000)
  eden space 63488K, 100% used [0x00000000eab00000,0x00000000ee900000,0x00000000ee900000)
  from space 5120K, 99% used [0x00000000ee900000,0x00000000eedfd438,0x00000000eee00000)
  to   space 5120K, 0% used [0x00000000f2c00000,0x00000000f2c00000,0x00000000f3100000)
 ParOldGen       total 84992K, used 11834K [0x00000000c0000000, 0x00000000c5300000, 0x00000000eab00000)
  object space 84992K, 13% used [0x00000000c0000000,0x00000000c0b8ebb8,0x00000000c5300000)
 Metaspace       used 6371K, capacity 7158K, committed 7296K, reserved 1056768K
  class space    used 608K, capacity 622K, committed 640K, reserved 1048576K
Event: 12.635 GC heap after
Heap after GC invocations=4 (full 0):
 PSYoungGen      total 132096K, used 5106K [0x00000000eab00000, 0x00000000f3100000, 0x0000000100000000)
  eden space 126976K, 0% used [0x00000000eab00000,0x00000000eab00000,0x00000000f2700000)
  from space 5120K, 99% used [0x00000000f2c00000,0x00000000f30fc900,0x00000000f3100000)
  to   space 5120K, 0% used [0x00000000f2700000,0x00000000f2700000,0x00000000f2c00000)
 ParOldGen       total 84992K, used 22062K [0x00000000c0000000, 0x00000000c5300000, 0x00000000eab00000)
  object space 84992K, 25% used [0x00000000c0000000,0x00000000c158b920,0x00000000c5300000)
 Metaspace       used 6371K, capacity 7158K, committed 7296K, reserved 1056768K
  class space    used 608K, capacity 622K, committed 640K, reserved 1048576K
}
Event: 22.260 GC heap before
{Heap before GC invocations=5 (full 0):
 PSYoungGen      total 132096K, used 132082K [0x00000000eab00000, 0x00000000f3100000, 0x0000000100000000)
  eden space 126976K, 100% used [0x00000000eab00000,0x00000000f2700000,0x00000000f2700000)
  from space 5120K, 99% used [0x00000000f2c00000,0x00000000f30fc900,0x00000000f3100000)
  to   space 5120K, 0% used [0x00000000f2700000,0x00000000f2700000,0x00000000f2c00000)
 ParOldGen       total 84992K, used 22062K [0x00000000c0000000, 0x00000000c5300000, 0x00000000eab00000)
  object space 84992K, 25% used [0x00000000c0000000,0x00000000c158b920,0x00000000c5300000)
 Metaspace       used 6567K, capacity 7256K, committed 7424K, reserved 1056768K
  class space    used 628K, capacity 656K, committed 768K, reserved 1048576K
Event: 22.287 GC heap after
Heap after GC invocations=5 (full 0):
 PSYoungGen      total 132096K, used 5109K [0x00000000eab00000, 0x00000000fdb00000, 0x0000000100000000)
  eden space 126976K, 0% used [0x00000000eab00000,0x00000000eab00000,0x00000000f2700000)
  from space 5120K, 99% used [0x00000000f2700000,0x00000000f2bfd590,0x00000000f2c00000)
  to   space 28672K, 0% used [0x00000000fbf00000,0x00000000fbf00000,0x00000000fdb00000)
 ParOldGen       total 84992K, used 43446K [0x00000000c0000000, 0x00000000c5300000, 0x00000000eab00000)
  object space 84992K, 51% used [0x00000000c0000000,0x00000000c2a6d950,0x00000000c5300000)
 Metaspace       used 6567K, capacity 7256K, committed 7424K, reserved 1056768K
  class space    used 628K, capacity 656K, committed 768K, reserved 1048576K
}
Event: 30.128 GC heap before
{Heap before GC invocations=6 (full 0):
 PSYoungGen      total 132096K, used 132085K [0x00000000eab00000, 0x00000000fdb00000, 0x0000000100000000)
  eden space 126976K, 100% used [0x00000000eab00000,0x00000000f2700000,0x00000000f2700000)
  from space 5120K, 99% used [0x00000000f2700000,0x00000000f2bfd590,0x00000000f2c00000)
  to   space 28672K, 0% used [0x00000000fbf00000,0x00000000fbf00000,0x00000000fdb00000)
 ParOldGen       total 84992K, used 43446K [0x00000000c0000000, 0x00000000c5300000, 0x00000000eab00000)
  object space 84992K, 51% used [0x00000000c0000000,0x00000000c2a6d950,0x00000000c5300000)
 Metaspace       used 6578K, capacity 7256K, committed 7424K, reserved 1056768K
  class space    used 628K, capacity 656K, committed 768K, reserved 1048576K
Event: 31.223 GC heap after
Heap after GC invocations=6 (full 0):
 PSYoungGen      total 155648K, used 24641K [0x00000000eab00000, 0x00000000fdb00000, 0x0000000100000000)
  eden space 126976K, 0% used [0x00000000eab00000,0x00000000eab00000,0x00000000f2700000)
  from space 28672K, 85% used [0x00000000fbf00000,0x00000000fd710508,0x00000000fdb00000)
  to   space 5120K, 0% used [0x00000000f2700000,0x00000000f2700000,0x00000000f2c00000)
 ParOldGen       total 84992K, used 43446K [0x00000000c0000000, 0x00000000c5300000, 0x00000000eab00000)
  object space 84992K, 51% used [0x00000000c0000000,0x00000000c2a6d950,0x00000000c5300000)
 Metaspace       used 6578K, capacity 7256K, committed 7424K, reserved 1056768K
  class space    used 628K, capacity 656K, committed 768K, reserved 1048576K
}

Deoptimization events (10 events):
Event: 22.579 Thread 0x0000000016b45000 Uncommon trap: reason=bimorphic action=maybe_recompile pc=0x00000000035eb1f8 method=com.android.dx.cf.code.BytecodeArray.parseInstruction(ILcom/android/dx/cf/code/BytecodeArray$Visitor;)I @ 1287
Event: 22.579 Thread 0x0000000016b45000 Uncommon trap: reason=bimorphic action=maybe_recompile pc=0x00000000035eb1f8 method=com.android.dx.cf.code.BytecodeArray.parseInstruction(ILcom/android/dx/cf/code/BytecodeArray$Visitor;)I @ 1287
Event: 23.542 Thread 0x0000000016b4c800 Uncommon trap: reason=unstable_if action=reinterpret pc=0x00000000032f6ad8 method=java.util.HashMap.putVal(ILjava/lang/Object;Ljava/lang/Object;ZZ)Ljava/lang/Object; @ 162
Event: 23.542 Thread 0x0000000016b4c800 Uncommon trap: reason=unstable_if action=reinterpret pc=0x0000000002e3e790 method=java.util.HashMap.putVal(ILjava/lang/Object;Ljava/lang/Object;ZZ)Ljava/lang/Object; @ 162
Event: 23.542 Thread 0x0000000016b4c800 Uncommon trap: reason=unstable_if action=reinterpret pc=0x0000000002e3a00c method=java.util.HashMap.putVal(ILjava/lang/Object;Ljava/lang/Object;ZZ)Ljava/lang/Object; @ 109
Event: 24.581 Thread 0x0000000016b48800 Uncommon trap: reason=bimorphic action=maybe_recompile pc=0x0000000003607208 method=com.android.dx.cf.code.BytecodeArray.parseInstruction(ILcom/android/dx/cf/code/BytecodeArray$Visitor;)I @ 1035
Event: 24.581 Thread 0x0000000016b48800 Uncommon trap: reason=bimorphic action=maybe_recompile pc=0x00000000036070cc method=com.android.dx.cf.code.BytecodeArray.parseInstruction(ILcom/android/dx/cf/code/BytecodeArray$Visitor;)I @ 987
Event: 24.581 Thread 0x0000000016b48800 Uncommon trap: reason=bimorphic action=maybe_recompile pc=0x0000000003607288 method=com.android.dx.cf.code.BytecodeArray.parseInstruction(ILcom/android/dx/cf/code/BytecodeArray$Visitor;)I @ 1051
Event: 24.581 Thread 0x0000000016b48800 Uncommon trap: reason=bimorphic action=maybe_recompile pc=0x0000000003607208 method=com.android.dx.cf.code.BytecodeArray.parseInstruction(ILcom/android/dx/cf/code/BytecodeArray$Visitor;)I @ 1035
Event: 28.609 Thread 0x000000000279e000 Uncommon trap: reason=unstable_if action=reinterpret pc=0x00000000033f72cc method=com.android.dx.cf.direct.StdAttributeFactory.parse0(Lcom/android/dx/cf/direct/DirectClassFile;ILjava/lang/String;IILcom/android/dx/cf/iface/ParseObserver;)Lcom/android/dx/cf/À\f?”6@

Internal exceptions (9 events):
Event: 0.502 Thread 0x000000000279e000 Exception <a 'java/lang/NoSuchMethodError': Method sun.misc.Unsafe.defineClass(Ljava/lang/String;[BII)Ljava/lang/Class; name or signature does not match> (0x00000000eab07cc0) thrown at [C:\re\workspace\8-2-build-windows-amd64-cygwin\jdk8u91\6644\hotspot\srÎ@ñÓ;à?
Event: 0.502 Thread 0x000000000279e000 Exception <a 'java/lang/NoSuchMethodError': Method sun.misc.Unsafe.prefetchRead(Ljava/lang/Object;J)V name or signature does not match> (0x00000000eab07fa8) thrown at [C:\re\workspace\8-2-build-windows-amd64-cygwin\jdk8u91\6644\hotspot\src\share\vm\prims\júÀ¢‡²@
Event: 2.587 Thread 0x0000000016b45000 Implicit null exception at 0x0000000002c00912 to 0x0000000002c00a11
Event: 5.719 Thread 0x0000000016b45000 Implicit null exception at 0x00000000031ad948 to 0x00000000031b17c9
Event: 15.872 Thread 0x0000000016b4c800 Implicit null exception at 0x0000000002fbe707 to 0x0000000002fbf971
Event: 16.130 Thread 0x0000000016b6b000 Implicit null exception at 0x0000000002ff262c to 0x0000000002ff4025
Event: 19.614 Thread 0x0000000016b48800 Exception <a 'java/lang/ArrayIndexOutOfBoundsException': 18> (0x00000000eff9c2c0) thrown at [C:\re\workspace\8-2-build-windows-amd64-cygwin\jdk8u91\6644\hotspot\src\share\vm\interpreter\interpreterRuntime.cpp, line 366]
Event: 19.614 Thread 0x0000000016b48800 Exception <a 'java/lang/ArrayIndexOutOfBoundsException': 145> (0x00000000eff9de40) thrown at [C:\re\workspace\8-2-build-windows-amd64-cygwin\jdk8u91\6644\hotspot\src\share\vm\interpreter\interpreterRuntime.cpp, line 366]
Event: 19.614 Thread 0x0000000016b48800 Exception <a 'java/lang/ArrayIndexOutOfBoundsException'> (0x00000000eff9f128) thrown at [C:\re\workspace\8-2-build-windows-amd64-cygwin\jdk8u91\6644\hotspot\src\share\vm\runtime\sharedRuntime.cpp, line 605]

Events (10 events):
Event: 30.036 Thread 0x0000000016883000 flushing nmethod 0x0000000003148990
Event: 30.036 Thread 0x0000000016883000 flushing nmethod 0x00000000031743d0
Event: 30.036 Thread 0x0000000016883000 flushing nmethod 0x000000000317ac10
Event: 30.036 Thread 0x0000000016883000 flushing nmethod 0x0000000003180890
Event: 30.036 Thread 0x0000000016883000 flushing nmethod 0x00000000031aa610
Event: 30.036 Thread 0x0000000016883000 flushing nmethod 0x00000000031c6210
Event: 30.107 Thread 0x0000000015299000 flushing nmethod 0x00000000031fe050
Event: 30.107 Thread 0x0000000015299000 flushing nmethod 0x0000000003272310
Event: 30.128 Executing VM operation: ParallelGCFailedAllocation
Event: 31.223 Executing VM operation: ParallelGCFailedAllocation done


Dynamic libraries:
0x000000013f510000 - 0x000000013f547000 	C:\Program Files\Java\jdk1.8.0_91\bin\java.exe
0x0000000076cb0000 - 0x0000000076e5a000 	C:\Windows\SYSTEM32\ntdll.dll
0x0000000076b90000 - 0x0000000076caf000 	C:\Windows\system32\kernel32.dll
0x000007fefcb70000 - 0x000007fefcbda000 	C:\Windows\system32\KERNELBASE.dll
0x0000000074740000 - 0x00000000747c9000 	C:\Windows\System32\SYSFER.DLL
0x000007fefcf20000 - 0x000007fefcffb000 	C:\Windows\system32\ADVAPI32.dll
0x000007fefd3d0000 - 0x000007fefd46f000 	C:\Windows\system32\msvcrt.dll
0x000007fefcef0000 - 0x000007fefcf0f000 	C:\Windows\SYSTEM32\sechost.dll
0x000007fefe7c0000 - 0x000007fefe8ed000 	C:\Windows\system32\RPCRT4.dll
0x0000000076a90000 - 0x0000000076b8a000 	C:\Windows\system32\USER32.dll
0x000007fefed10000 - 0x000007fefed77000 	C:\Windows\system32\GDI32.dll
0x000007fefcf10000 - 0x000007fefcf1e000 	C:\Windows\system32\LPK.dll
0x000007fefd820000 - 0x000007fefd8ea000 	C:\Windows\system32\USP10.dll
0x000007fefb460000 - 0x000007fefb654000 	C:\Windows\WinSxS\amd64_microsoft.windows.common-controls_6595b64144ccf1df_6.0.7601.18837_none_fa3b1e3d17594757\COMCTL32.dll
0x000007fefcdf0000 - 0x000007fefce61000 	C:\Windows\system32\SHLWAPI.dll
0x000007fefda00000 - 0x000007fefda2e000 	C:\Windows\system32\IMM32.DLL
0x000007fefd8f0000 - 0x000007fefd9f9000 	C:\Windows\system32\MSCTF.dll
0x0000000069270000 - 0x0000000069342000 	C:\Program Files\Java\jdk1.8.0_91\jre\bin\msvcr100.dll
0x0000000052f30000 - 0x00000000537c3000 	C:\Program Files\Java\jdk1.8.0_91\jre\bin\server\jvm.dll
0x000007fef9240000 - 0x000007fef9249000 	C:\Windows\system32\WSOCK32.dll
0x000007fefe950000 - 0x000007fefe99d000 	C:\Windows\system32\WS2_32.dll
0x000007fefef90000 - 0x000007fefef98000 	C:\Windows\system32\NSI.dll
0x000007fef8a70000 - 0x000007fef8aab000 	C:\Windows\system32\WINMM.dll
0x000007fefbaf0000 - 0x000007fefbafc000 	C:\Windows\system32\VERSION.dll
0x0000000076e80000 - 0x0000000076e87000 	C:\Windows\system32\PSAPI.DLL
0x0000000073fd0000 - 0x0000000073fdf000 	C:\Program Files\Java\jdk1.8.0_91\jre\bin\verify.dll
0x000000006e110000 - 0x000000006e139000 	C:\Program Files\Java\jdk1.8.0_91\jre\bin\java.dll
0x000000006e3d0000 - 0x000000006e3e6000 	C:\Program Files\Java\jdk1.8.0_91\jre\bin\zip.dll
0x000007fefda30000 - 0x000007fefe7ba000 	C:\Windows\system32\SHELL32.dll
0x000007fefed80000 - 0x000007fefef83000 	C:\Windows\system32\ole32.dll
0x000007fefca40000 - 0x000007fefca4f000 	C:\Windows\system32\profapi.dll

VM Arguments:
jvm_args: -Djava.awt.headless=true -Xmx1024M -Dfile.encoding=x-windows-949 -Duser.country=KR -Duser.language=ko -Duser.variant 
java_command: com.android.dx.command.Main --dex --force-jumbo --num-threads=4 --multi-dex --output D:\Documents\YongWoo\ReadingSalon\app\build\intermediates\transforms\dex\debug\folders\1000\10\com.android.support-support-v4-23.4.0_5c1984b85797e87b50c3e98b131da411916e146a D:\Documents\YongWoo\ReadingSalon\app\build\intermediates\exploded-aar\com.android.support\support-v4\23.4.0\jars\classes.jar
java_class_path (initial): D:\Documents\YongWoo\Android\sdk\build-tools\23.0.3\lib\dx.jar
Launcher Type: SUN_STANDARD

Environment Variables:
JAVA_HOME=C:\Program Files\Java\jdk1.8.0_91
PATH=C:\ProgramData\Oracle\Java\javapath;C:\Program Files (x86)\Common Files\NetSarang;C:\Program Files (x86)\Intel\iCLS Client\;C:\Program Files\Intel\iCLS Client\;C:\Windows\system32;C:\Windows;C:\Windows\System32\Wbem;C:\Windows\System32\WindowsPowerShell\v1.0\;C:\Program Files (x86)\Intel\OpenCL SDK\2.0\bin\x86;C:\Program Files (x86)\Intel\OpenCL SDK\2.0\bin\x64;C:\Program Files\SafeNet\Authentication\SAC\x64;C:\Program Files\Intel\Intel(R) Management Engine Components\DAL;C:\Program Files\Intel\Intel(R) Management Engine Components\IPT;C:\Program Files (x86)\Intel\Intel(R) Management Engine Components\DAL;C:\Program Files (x86)\Intel\Intel(R) Management Engine Components\IPT;C:\Program Files (x86)\Intel\OpenCL SDK\2.0\bin\x86;C:\Program Files (x86)\Intel\OpenCL SDK\2.0\bin\x64;C:\Program Files\Java\jdk1.8.0_91\bin;D:\Documents\YongWoo\PortableGit\bin
USERNAME=Datacenter
OS=Windows_NT
PROCESSOR_IDENTIFIER=Intel64 Family 6 Model 58 Stepping 9, GenuineIntel



---------------  S Y S T E M  ---------------

OS: Windows 7 , 64 bit Build 7601 (6.1.7601.23418)

CPU:total 4 (4 cores per cpu, 1 threads per core) family 6 model 58 stepping 9, cmov, cx8, fxsr, mmx, sse, sse2, sse3, ssse3, sse4.1, sse4.2, popcnt, avx, aes, clmul, erms, tsc, tscinvbit, tscinv

Memory: 4k page, physical 8061124k(593296k free), swap 8059264k(7256k free)

vm_info: Java HotSpot(TM) 64-Bit Server VM (25.91-b14) for windows-amd64 JRE (1.8.0_91-b14), built on Apr  1 2016 00:58:32 by "java_re" with MS VC++ 10.0 (VS2010)

time: Sat May 21 16:42:31 2016
elapsed time: 31 seconds (0d 0h 0m 31s)

