#
# There is insufficient memory for the Java Runtime Environment to continue.
# Native memory allocation (malloc) failed to allocate 1341136 bytes for Chunk::new
# Possible reasons:
#   The system is out of physical RAM or swap space
#   In 32 bit mode, the process size limit was hit
# Possible solutions:
#   Reduce memory load on the system
#   Increase physical memory or swap space
#   Check if swap backing store is full
#   Use 64 bit Java on a 64 bit OS
#   Decrease Java heap size (-Xmx/-Xms)
#   Decrease number of Java threads
#   Decrease Java thread stack sizes (-Xss)
#   Set larger code cache with -XX:ReservedCodeCacheSize=
# This output file may be truncated or incomplete.
#
#  Out of Memory Error (allocation.cpp:390), pid=10676, tid=336
#
# JRE version: Java(TM) SE Runtime Environment (8.0_91-b14) (build 1.8.0_91-b14)
# Java VM: Java HotSpot(TM) 64-Bit Server VM (25.91-b14 mixed mode windows-amd64 compressed oops)
# Failed to write core dump. Minidumps are not enabled by default on client versions of Windows
#

---------------  T H R E A D  ---------------

Current thread (0x00000000551ef000):  JavaThread "C2 CompilerThread1" daemon [_thread_in_native, id=336, stack(0x0000000056e90000,0x0000000056f90000)]

Stack: [0x0000000056e90000,0x0000000056f90000]
[error occurred during error reporting (printing stack bounds), id 0xc0000005]

Native frames: (J=compiled Java code, j=interpreted, Vv=VM code, C=native code)


Current CompileTask:
C2:  11484 1982       4       com.android.dx.dex.code.OutputFinisher::addConstants (93 bytes)


---------------  P R O C E S S  ---------------

Java Threads: ( => current thread )
  0x0000000056ac1800 JavaThread "pool-1-thread-1" [_thread_in_Java, id=5704, stack(0x00000000573e0000,0x00000000574e0000)]
  0x0000000056ad5800 JavaThread "pool-2-thread-4" [_thread_blocked, id=10452, stack(0x00000000560d0000,0x00000000561d0000)]
  0x0000000056ac2800 JavaThread "pool-2-thread-2" [_thread_blocked, id=10352, stack(0x00000000575c0000,0x00000000576c0000)]
  0x0000000056805800 JavaThread "Service Thread" daemon [_thread_blocked, id=3792, stack(0x0000000056ce0000,0x0000000056de0000)]
  0x00000000567ac000 JavaThread "C1 CompilerThread2" daemon [_thread_in_native, id=5068, stack(0x0000000057000000,0x0000000057100000)]
=>0x00000000551ef000 JavaThread "C2 CompilerThread1" daemon [_thread_in_native, id=336, stack(0x0000000056e90000,0x0000000056f90000)]
  0x00000000551ec800 JavaThread "C2 CompilerThread0" daemon [_thread_in_native, id=8188, stack(0x00000000562e0000,0x00000000563e0000)]
  0x00000000551e9800 JavaThread "Attach Listener" daemon [_thread_blocked, id=8392, stack(0x0000000056580000,0x0000000056680000)]
  0x0000000056799800 JavaThread "Signal Dispatcher" daemon [_thread_blocked, id=4116, stack(0x0000000056bc0000,0x0000000056cc0000)]
  0x00000000551c9000 JavaThread "Finalizer" daemon [_thread_blocked, id=6428, stack(0x0000000056690000,0x0000000056790000)]
  0x0000000055182000 JavaThread "Reference Handler" daemon [_thread_blocked, id=6620, stack(0x0000000056440000,0x0000000056540000)]
  0x000000000036e000 JavaThread "main" [_thread_blocked, id=9752, stack(0x0000000002920000,0x0000000002a20000)]

Other Threads:
  0x000000005517a800 VMThread [stack: 0x00000000561d0000,0x00000000562d0000] [id=3704]
  0x0000000056868000 WatcherThread [stack: 0x0000000057130000,0x0000000057230000] [id=9856]

VM state:not at safepoint (normal execution)

VM Mutex/Monitor currently owned by a thread: None

Heap:
 PSYoungGen      total 68608K, used 60668K [0x00000000eab00000, 0x00000000ef300000, 0x0000000100000000)
  eden space 63488K, 87% used [0x00000000eab00000,0x00000000ee146300,0x00000000ee900000)
  from space 5120K, 99% used [0x00000000eee00000,0x00000000ef2f90d8,0x00000000ef300000)
  to   space 5120K, 0% used [0x00000000ee900000,0x00000000ee900000,0x00000000eee00000)
 ParOldGen       total 84992K, used 4268K [0x00000000c0000000, 0x00000000c5300000, 0x00000000eab00000)
  object space 84992K, 5% used [0x00000000c0000000,0x00000000c042b320,0x00000000c5300000)
 Metaspace       used 6458K, capacity 7256K, committed 7424K, reserved 1056768K
  class space    used 615K, capacity 656K, committed 768K, reserved 1048576K

Card table byte_map: [0x0000000011de0000,0x0000000011ff0000] byte_map_base: 0x00000000117e0000

Marking Bits: (ParMarkBitMap*) 0x0000000058fe2f70
 Begin Bits: [0x00000000125f0000, 0x00000000135f0000)
 End Bits:   [0x00000000135f0000, 0x00000000145f0000)

Polling page: 0x0000000000350000

CodeCache: size=245760Kb used=8828Kb max_used=8828Kb free=236931Kb
 bounds [0x0000000002a20000, 0x00000000032d0000, 0x0000000011a20000]
 total_blobs=2281 nmethods=2009 adapters=184
 compilation: enabled

Compilation events (10 events):
Event: 11.472 Thread 0x00000000567ac000 2012       2       com.android.dx.dex.file.ProtoIdItem::<init> (60 bytes)
Event: 11.472 Thread 0x00000000567ac000 nmethod 2012 0x00000000032c2c90 code [0x00000000032c2e20, 0x00000000032c31a8]
Event: 11.478 Thread 0x00000000567ac000 2014       2       com.android.dx.dex.file.MemberIdItem::addContents (26 bytes)
Event: 11.478 Thread 0x00000000567ac000 nmethod 2014 0x00000000032c3390 code [0x00000000032c3520, 0x00000000032c3848]
Event: 11.478 Thread 0x00000000567ac000 2015       2       com.android.dx.dex.file.IdItem::addContents (15 bytes)
Event: 11.478 Thread 0x00000000567ac000 nmethod 2015 0x00000000032c3b10 code [0x00000000032c3c80, 0x00000000032c3e08]
Event: 11.478 Thread 0x00000000567ac000 2016  s    2       com.android.dx.dex.file.TypeIdsSection::intern (62 bytes)
Event: 11.479 Thread 0x00000000567ac000 nmethod 2016 0x00000000032c3f10 code [0x00000000032c40c0, 0x00000000032c46c8]
Event: 11.479 Thread 0x00000000567ac000 2017       2       com.android.dx.dex.file.FieldIdItem::addContents (23 bytes)
Event: 11.479 Thread 0x00000000567ac000 nmethod 2017 0x00000000032c4a50 code [0x00000000032c4c00, 0x00000000032c4f08]

GC Heap History (4 events):
Event: 1.801 GC heap before
{Heap before GC invocations=1 (full 0):
 PSYoungGen      total 36864K, used 31744K [0x00000000eab00000, 0x00000000ed400000, 0x0000000100000000)
  eden space 31744K, 100% used [0x00000000eab00000,0x00000000eca00000,0x00000000eca00000)
  from space 5120K, 0% used [0x00000000ecf00000,0x00000000ecf00000,0x00000000ed400000)
  to   space 5120K, 0% used [0x00000000eca00000,0x00000000eca00000,0x00000000ecf00000)
 ParOldGen       total 84992K, used 0K [0x00000000c0000000, 0x00000000c5300000, 0x00000000eab00000)
  object space 84992K, 0% used [0x00000000c0000000,0x00000000c0000000,0x00000000c5300000)
 Metaspace       used 5977K, capacity 6902K, committed 7040K, reserved 1056768K
  class space    used 601K, capacity 622K, committed 640K, reserved 1048576K
Event: 1.982 GC heap after
Heap after GC invocations=1 (full 0):
 PSYoungGen      total 36864K, used 5115K [0x00000000eab00000, 0x00000000ef300000, 0x0000000100000000)
  eden space 31744K, 0% used [0x00000000eab00000,0x00000000eab00000,0x00000000eca00000)
  from space 5120K, 99% used [0x00000000eca00000,0x00000000ecefed40,0x00000000ecf00000)
  to   space 5120K, 0% used [0x00000000eee00000,0x00000000eee00000,0x00000000ef300000)
 ParOldGen       total 84992K, used 590K [0x00000000c0000000, 0x00000000c5300000, 0x00000000eab00000)
  object space 84992K, 0% used [0x00000000c0000000,0x00000000c0093a00,0x00000000c5300000)
 Metaspace       used 5977K, capacity 6902K, committed 7040K, reserved 1056768K
  class space    used 601K, capacity 622K, committed 640K, reserved 1048576K
}
Event: 6.508 GC heap before
{Heap before GC invocations=2 (full 0):
 PSYoungGen      total 36864K, used 36859K [0x00000000eab00000, 0x00000000ef300000, 0x0000000100000000)
  eden space 31744K, 100% used [0x00000000eab00000,0x00000000eca00000,0x00000000eca00000)
  from space 5120K, 99% used [0x00000000eca00000,0x00000000ecefed40,0x00000000ecf00000)
  to   space 5120K, 0% used [0x00000000eee00000,0x00000000eee00000,0x00000000ef300000)
 ParOldGen       total 84992K, used 590K [0x00000000c0000000, 0x00000000c5300000, 0x00000000eab00000)
  object space 84992K, 0% used [0x00000000c0000000,0x00000000c0093a00,0x00000000c5300000)
 Metaspace       used 6279K, capacity 7094K, committed 7296K, reserved 1056768K
  class space    used 607K, capacity 622K, committed 640K, reserved 1048576K
Event: 6.608 GC heap after
Heap after GC invocations=2 (full 0):
 PSYoungGen      total 68608K, used 5092K [0x00000000eab00000, 0x00000000ef300000, 0x0000000100000000)
  eden space 63488K, 0% used [0x00000000eab00000,0x00000000eab00000,0x00000000ee900000)
  from space 5120K, 99% used [0x00000000eee00000,0x00000000ef2f90d8,0x00000000ef300000)
  to   space 5120K, 0% used [0x00000000ee900000,0x00000000ee900000,0x00000000eee00000)
 ParOldGen       total 84992K, used 4268K [0x00000000c0000000, 0x00000000c5300000, 0x00000000eab00000)
  object space 84992K, 5% used [0x00000000c0000000,0x00000000c042b320,0x00000000c5300000)
 Metaspace       used 6279K, capacity 7094K, committed 7296K, reserved 1056768K
  class space    used 607K, capacity 622K, committed 640K, reserved 1048576K
}

Deoptimization events (10 events):
Event: 11.426 Thread 0x0000000056ac1800 Uncommon trap: reason=bimorphic action=maybe_recompile pc=0x0000000002c85ba0 method=java.util.HashMap.getNode(ILjava/lang/Object;)Ljava/util/HashMap$Node; @ 126
Event: 11.426 Thread 0x0000000056ac1800 Uncommon trap: reason=bimorphic action=maybe_recompile pc=0x0000000002c85ba0 method=java.util.HashMap.getNode(ILjava/lang/Object;)Ljava/util/HashMap$Node; @ 126
Event: 11.426 Thread 0x0000000056ac1800 Uncommon trap: reason=bimorphic action=maybe_recompile pc=0x0000000002c85ba0 method=java.util.HashMap.getNode(ILjava/lang/Object;)Ljava/util/HashMap$Node; @ 126
Event: 11.427 Thread 0x0000000056ac1800 Uncommon trap: reason=bimorphic action=maybe_recompile pc=0x0000000002d63950 method=java.util.HashMap.getNode(ILjava/lang/Object;)Ljava/util/HashMap$Node; @ 126
Event: 11.433 Thread 0x0000000056ac1800 Uncommon trap: reason=class_check action=maybe_recompile pc=0x0000000002e6cda0 method=java.util.HashMap.putVal(ILjava/lang/Object;Ljava/lang/Object;ZZ)Ljava/lang/Object; @ 203
Event: 11.433 Thread 0x0000000056ac1800 Uncommon trap: reason=class_check action=maybe_recompile pc=0x0000000002e6cda0 method=java.util.HashMap.putVal(ILjava/lang/Object;Ljava/lang/Object;ZZ)Ljava/lang/Object; @ 203
Event: 11.433 Thread 0x0000000056ac1800 Uncommon trap: reason=class_check action=maybe_recompile pc=0x0000000002e6cda0 method=java.util.HashMap.putVal(ILjava/lang/Object;Ljava/lang/Object;ZZ)Ljava/lang/Object; @ 203
Event: 11.433 Thread 0x0000000056ac1800 Uncommon trap: reason=class_check action=maybe_recompile pc=0x0000000002e6cda0 method=java.util.HashMap.putVal(ILjava/lang/Object;Ljava/lang/Object;ZZ)Ljava/lang/Object; @ 203
Event: 11.433 Thread 0x0000000056ac1800 Uncommon trap: reason=class_check action=maybe_recompile pc=0x00000000031930b4 method=java.util.HashMap.putVal(ILjava/lang/Object;Ljava/lang/Object;ZZ)Ljava/lang/Object; @ 203
Event: 11.447 Thread 0x0000000056ac1800 Uncommon trap: reason=unstable_if action=reinterpret pc=0x00000000032b8860 method=java.util.HashMap.putVal(ILjava/lang/Object;Ljava/lang/Object;ZZ)Ljava/lang/Object; @ 94

Internal exceptions (4 events):
Event: 0.057 Thread 0x000000000036e000 Exception <a 'java/lang/NoSuchMethodError': Method sun.misc.Unsafe.defineClass(Ljava/lang/String;[BII)Ljava/lang/Class; name or signature does not match> (0x00000000eab07cc0) thrown at [C:\re\workspace\8-2-build-windows-amd64-cygwin\jdk8u91\6644\hotspot\srÍèWÕ˙¨?
Event: 0.057 Thread 0x000000000036e000 Exception <a 'java/lang/NoSuchMethodError': Method sun.misc.Unsafe.prefetchRead(Ljava/lang/Object;J)V name or signature does not match> (0x00000000eab07fa8) thrown at [C:\re\workspace\8-2-build-windows-amd64-cygwin\jdk8u91\6644\hotspot\src\share\vm\prims\j»=¸'È»Ê?
Event: 0.712 Thread 0x0000000056ac2800 Implicit null exception at 0x0000000002ce60d7 to 0x0000000002ce7805
Event: 0.712 Thread 0x0000000056ac2800 Implicit null exception at 0x0000000002ccf5d8 to 0x0000000002cd0b49

Events (10 events):
Event: 11.433 Thread 0x0000000056ac1800 Uncommon trap: trap_request=0xffffffde fr.pc=0x00000000031930b4
Event: 11.433 Thread 0x0000000056ac1800 DEOPT PACKING pc=0x00000000031930b4 sp=0x00000000574dead0
Event: 11.433 Thread 0x0000000056ac1800 DEOPT UNPACKING pc=0x0000000002a6582a sp=0x00000000574dea88 mode 2
Event: 11.436 loading class com/android/dx/dex/file/CatchStructs
Event: 11.436 loading class com/android/dx/dex/file/CatchStructs done
Event: 11.447 Thread 0x0000000056ac1800 Uncommon trap: trap_request=0xffffff65 fr.pc=0x00000000032b8860
Event: 11.447 Thread 0x0000000056ac1800 DEOPT PACKING pc=0x00000000032b8860 sp=0x00000000574de9c0
Event: 11.447 Thread 0x0000000056ac1800 DEOPT UNPACKING pc=0x0000000002a6582a sp=0x00000000574de980 mode 2
Event: 11.466 loading class com/android/dx/dex/file/ProtoIdItem
Event: 11.466 loading class com/android/dx/dex/file/ProtoIdItem done


Dynamic libraries:
0x000000013f480000 - 0x000000013f4b7000 	C:\Program Files\Java\jdk1.8.0_91\bin\java.exe
0x0000000077580000 - 0x000000007772a000 	C:\Windows\SYSTEM32\ntdll.dll
0x0000000077460000 - 0x000000007757f000 	C:\Windows\system32\kernel32.dll
0x000007fefd620000 - 0x000007fefd68a000 	C:\Windows\system32\KERNELBASE.dll
0x0000000075010000 - 0x0000000075099000 	C:\Windows\System32\SYSFER.DLL
0x000007fefd740000 - 0x000007fefd81b000 	C:\Windows\system32\ADVAPI32.dll
0x000007fefea70000 - 0x000007fefeb0f000 	C:\Windows\system32\msvcrt.dll
0x000007fefed40000 - 0x000007fefed5f000 	C:\Windows\SYSTEM32\sechost.dll
0x000007fefeb10000 - 0x000007fefec3d000 	C:\Windows\system32\RPCRT4.dll
0x0000000077360000 - 0x000000007745a000 	C:\Windows\system32\USER32.dll
0x000007fefd6c0000 - 0x000007fefd727000 	C:\Windows\system32\GDI32.dll
0x000007fefe5b0000 - 0x000007fefe5be000 	C:\Windows\system32\LPK.dll
0x000007feff060000 - 0x000007feff12a000 	C:\Windows\system32\USP10.dll
0x000007fefbed0000 - 0x000007fefc0c4000 	C:\Windows\WinSxS\amd64_microsoft.windows.common-controls_6595b64144ccf1df_6.0.7601.18837_none_fa3b1e3d17594757\COMCTL32.dll
0x000007feff680000 - 0x000007feff6f1000 	C:\Windows\system32\SHLWAPI.dll
0x000007fefe9a0000 - 0x000007fefe9ce000 	C:\Windows\system32\IMM32.DLL
0x000007fefe890000 - 0x000007fefe999000 	C:\Windows\system32\MSCTF.dll
0x0000000063ab0000 - 0x0000000063b82000 	C:\Program Files\Java\jdk1.8.0_91\jre\bin\msvcr100.dll
0x00000000587d0000 - 0x0000000059063000 	C:\Program Files\Java\jdk1.8.0_91\jre\bin\server\jvm.dll
0x000007fefa190000 - 0x000007fefa199000 	C:\Windows\system32\WSOCK32.dll
0x000007fefef90000 - 0x000007fefefdd000 	C:\Windows\system32\WS2_32.dll
0x000007fefd730000 - 0x000007fefd738000 	C:\Windows\system32\NSI.dll
0x000007fef8c80000 - 0x000007fef8cbb000 	C:\Windows\system32\WINMM.dll
0x000007fefc3f0000 - 0x000007fefc3fc000 	C:\Windows\system32\VERSION.dll
0x0000000077740000 - 0x0000000077747000 	C:\Windows\system32\PSAPI.DLL
0x00000000723a0000 - 0x00000000723af000 	C:\Program Files\Java\jdk1.8.0_91\jre\bin\verify.dll
0x0000000072370000 - 0x0000000072399000 	C:\Program Files\Java\jdk1.8.0_91\jre\bin\java.dll
0x0000000066660000 - 0x0000000066676000 	C:\Program Files\Java\jdk1.8.0_91\jre\bin\zip.dll
0x000007fefd820000 - 0x000007fefe5aa000 	C:\Windows\system32\SHELL32.dll
0x000007fefed60000 - 0x000007fefef63000 	C:\Windows\system32\ole32.dll
0x000007fefd310000 - 0x000007fefd31f000 	C:\Windows\system32\profapi.dll

VM Arguments:
jvm_args: -Djava.awt.headless=true -Xmx1024M -Dfile.encoding=x-windows-949 -Duser.country=KR -Duser.language=ko -Duser.variant 
java_command: com.android.dx.command.Main --dex --force-jumbo --num-threads=4 --multi-dex --output D:\Documents\YongWoo\ReadingSalon\app\build\intermediates\transforms\dex\debug\folders\1000\10\internal_impl-23.4.0_fe0d842a6094ac87bbc3555e9bbb8d3adceefc6a D:\Documents\YongWoo\ReadingSalon\app\build\intermediates\exploded-aar\com.android.support\support-v4\23.4.0\jars\libs\internal_impl-23.4.0.jar
java_class_path (initial): D:\Documents\YongWoo\Android\sdk\build-tools\23.0.3\lib\dx.jar
Launcher Type: SUN_STANDARD

Environment Variables:
JAVA_HOME=C:\Program Files\Java\jdk1.8.0_91
PATH=C:\ProgramData\Oracle\Java\javapath;C:\Program Files (x86)\Common Files\NetSarang;C:\Program Files (x86)\Intel\iCLS Client\;C:\Program Files\Intel\iCLS Client\;C:\Windows\system32;C:\Windows;C:\Windows\System32\Wbem;C:\Windows\System32\WindowsPowerShell\v1.0\;C:\Program Files (x86)\Intel\OpenCL SDK\2.0\bin\x86;C:\Program Files (x86)\Intel\OpenCL SDK\2.0\bin\x64;C:\Program Files\SafeNet\Authentication\SAC\x64;C:\Program Files\Intel\Intel(R) Management Engine Components\DAL;C:\Program Files\Intel\Intel(R) Management Engine Components\IPT;C:\Program Files (x86)\Intel\Intel(R) Management Engine Components\DAL;C:\Program Files (x86)\Intel\Intel(R) Management Engine Components\IPT;C:\Program Files (x86)\Intel\OpenCL SDK\2.0\bin\x86;C:\Program Files (x86)\Intel\OpenCL SDK\2.0\bin\x64;C:\Program Files\Java\jdk1.8.0_91\bin;D:\Documents\YongWoo\PortableGit\bin
USERNAME=Datacenter
OS=Windows_NT
PROCESSOR_IDENTIFIER=Intel64 Family 6 Model 58 Stepping 9, GenuineIntel



---------------  S Y S T E M  ---------------

OS: Windows 7 , 64 bit Build 7601 (6.1.7601.23418)

CPU:total 4 (4 cores per cpu, 1 threads per core) family 6 model 58 stepping 9, cmov, cx8, fxsr, mmx, sse, sse2, sse3, ssse3, sse4.1, sse4.2, popcnt, avx, aes, clmul, erms, tsc, tscinvbit, tscinv

Memory: 4k page, physical 8061124k(1064652k free), swap 8059264k(5364k free)

vm_info: Java HotSpot(TM) 64-Bit Server VM (25.91-b14) for windows-amd64 JRE (1.8.0_91-b14), built on Apr  1 2016 00:58:32 by "java_re" with MS VC++ 10.0 (VS2010)

time: Tue May 24 06:54:17 2016
elapsed time: 11 seconds (0d 0h 0m 11s)

