#
# There is insufficient memory for the Java Runtime Environment to continue.
# Native memory allocation (malloc) failed to allocate 788832 bytes for Chunk::new
# Possible reasons:
#   The system is out of physical RAM or swap space
#   In 32 bit mode, the process size limit was hit
# Possible solutions:
#   Reduce memory load on the system
#   Increase physical memory or swap space
#   Check if swap backing store is full
#   Use 64 bit Java on a 64 bit OS
#   Decrease Java heap size (-Xmx/-Xms)
#   Decrease number of Java threads
#   Decrease Java thread stack sizes (-Xss)
#   Set larger code cache with -XX:ReservedCodeCacheSize=
# This output file may be truncated or incomplete.
#
#  Out of Memory Error (allocation.cpp:390), pid=10860, tid=4908
#
# JRE version: Java(TM) SE Runtime Environment (8.0_91-b14) (build 1.8.0_91-b14)
# Java VM: Java HotSpot(TM) 64-Bit Server VM (25.91-b14 mixed mode windows-amd64 compressed oops)
# Failed to write core dump. Minidumps are not enabled by default on client versions of Windows
#

---------------  T H R E A D  ---------------

Current thread (0x00000000565ac000):  JavaThread "C2 CompilerThread1" daemon [_thread_in_native, id=4908, stack(0x0000000056dd0000,0x0000000056ed0000)]

Stack: [0x0000000056dd0000,0x0000000056ed0000]
[error occurred during error reporting (printing stack bounds), id 0xc0000005]

Native frames: (J=compiled Java code, j=interpreted, Vv=VM code, C=native code)


Current CompileTask:
C2:   6329 1702   !   4       com.android.dx.cf.code.BytecodeArray::parseInstruction (2764 bytes)


---------------  P R O C E S S  ---------------

Java Threads: ( => current thread )
  0x00000000568c2800 JavaThread "pool-2-thread-4" [_thread_blocked, id=1264, stack(0x0000000057f80000,0x0000000058080000)]
  0x00000000568c1800 JavaThread "pool-2-thread-3" [_thread_in_Java, id=11248, stack(0x0000000057ca0000,0x0000000057da0000)]
  0x0000000056889000 JavaThread "pool-2-thread-2" [_thread_blocked, id=7816, stack(0x0000000057dc0000,0x0000000057ec0000)]
  0x00000000568c1000 JavaThread "pool-3-thread-1" [_thread_blocked, id=10292, stack(0x0000000057ba0000,0x0000000057ca0000)]
  0x00000000568b4000 JavaThread "pool-2-thread-1" [_thread_blocked, id=7988, stack(0x0000000057100000,0x0000000057200000)]
  0x0000000056613800 JavaThread "Service Thread" daemon [_thread_blocked, id=10764, stack(0x0000000056b50000,0x0000000056c50000)]
  0x00000000565b5000 JavaThread "C1 CompilerThread2" daemon [_thread_blocked, id=6532, stack(0x0000000056f70000,0x0000000057070000)]
=>0x00000000565ac000 JavaThread "C2 CompilerThread1" daemon [_thread_in_native, id=4908, stack(0x0000000056dd0000,0x0000000056ed0000)]
  0x000000005500e000 JavaThread "C2 CompilerThread0" daemon [_thread_blocked, id=10416, stack(0x0000000056c80000,0x0000000056d80000)]
  0x000000005659b800 JavaThread "Attach Listener" daemon [_thread_blocked, id=8520, stack(0x00000000569d0000,0x0000000056ad0000)]
  0x0000000056598800 JavaThread "Signal Dispatcher" daemon [_thread_blocked, id=9080, stack(0x00000000560a0000,0x00000000561a0000)]
  0x0000000054fe9000 JavaThread "Finalizer" daemon [_thread_blocked, id=11228, stack(0x0000000056490000,0x0000000056590000)]
  0x0000000054fa2000 JavaThread "Reference Handler" daemon [_thread_blocked, id=10964, stack(0x0000000056390000,0x0000000056490000)]
  0x00000000026ae000 JavaThread "main" [_thread_blocked, id=5424, stack(0x0000000002730000,0x0000000002830000)]

Other Threads:
  0x0000000054f9a800 VMThread [stack: 0x00000000561f0000,0x00000000562f0000] [id=8224]
  0x000000005662e000 WatcherThread [stack: 0x0000000057220000,0x0000000057320000] [id=7800]

VM state:not at safepoint (normal execution)

VM Mutex/Monitor currently owned by a thread: None

Heap:
 PSYoungGen      total 68608K, used 19714K [0x00000000eab00000, 0x00000000ef300000, 0x0000000100000000)
  eden space 63488K, 22% used [0x00000000eab00000,0x00000000eb9425b0,0x00000000ee900000)
  from space 5120K, 99% used [0x00000000eee00000,0x00000000ef2fe648,0x00000000ef300000)
  to   space 5120K, 0% used [0x00000000ee900000,0x00000000ee900000,0x00000000eee00000)
 ParOldGen       total 84992K, used 4522K [0x00000000c0000000, 0x00000000c5300000, 0x00000000eab00000)
  object space 84992K, 5% used [0x00000000c0000000,0x00000000c046a8f0,0x00000000c5300000)
 Metaspace       used 6294K, capacity 7094K, committed 7296K, reserved 1056768K
  class space    used 607K, capacity 622K, committed 640K, reserved 1048576K

Card table byte_map: [0x0000000011bf0000,0x0000000011e00000] byte_map_base: 0x00000000115f0000

Marking Bits: (ParMarkBitMap*) 0x0000000058fe2f70
 Begin Bits: [0x0000000012410000, 0x0000000013410000)
 End Bits:   [0x0000000013410000, 0x0000000014410000)

Polling page: 0x0000000000460000

CodeCache: size=245760Kb used=7420Kb max_used=7431Kb free=238339Kb
 bounds [0x0000000002830000, 0x0000000002f90000, 0x0000000011830000]
 total_blobs=1997 nmethods=1725 adapters=184
 compilation: enabled

Compilation events (10 events):
Event: 6.311 Thread 0x00000000565b5000 1722       1       com.android.dx.cf.code.ByteOps::opInfo (6 bytes)
Event: 6.311 Thread 0x000000005500e000 1723       4       java.util.TreeMap$PrivateEntryIterator::nextEntry (54 bytes)
Event: 6.311 Thread 0x00000000565b5000 nmethod 1722 0x0000000002f29610 code [0x0000000002f29760, 0x0000000002f29870]
Event: 6.312 Thread 0x00000000565b5000 1725       3       com.android.dx.ssa.back.FirstFitLocalCombiningAllocator::getLocalItemForReg (97 bytes)
Event: 6.313 Thread 0x00000000565b5000 nmethod 1725 0x0000000002f49ed0 code [0x0000000002f4a120, 0x0000000002f4b058]
Event: 6.313 Thread 0x000000005500e000 nmethod 1723 0x0000000002f24cd0 code [0x0000000002f24e20, 0x0000000002f24f58]
Event: 6.313 Thread 0x000000005500e000 1724       4       java.util.TreeMap::successor (66 bytes)
Event: 6.314 Thread 0x000000005500e000 nmethod 1724 0x0000000002f4b5d0 code [0x0000000002f4b700, 0x0000000002f4b7b8]
Event: 6.314 Thread 0x000000005500e000 1726       4       com.android.dx.rop.code.RegisterSpecList::set (7 bytes)
Event: 6.314 Thread 0x000000005500e000 nmethod 1726 0x0000000002f4f9d0 code [0x0000000002f4fb20, 0x0000000002f4fc18]

GC Heap History (4 events):
Event: 3.122 GC heap before
{Heap before GC invocations=1 (full 0):
 PSYoungGen      total 36864K, used 31744K [0x00000000eab00000, 0x00000000ed400000, 0x0000000100000000)
  eden space 31744K, 100% used [0x00000000eab00000,0x00000000eca00000,0x00000000eca00000)
  from space 5120K, 0% used [0x00000000ecf00000,0x00000000ecf00000,0x00000000ed400000)
  to   space 5120K, 0% used [0x00000000eca00000,0x00000000eca00000,0x00000000ecf00000)
 ParOldGen       total 84992K, used 0K [0x00000000c0000000, 0x00000000c5300000, 0x00000000eab00000)
  object space 84992K, 0% used [0x00000000c0000000,0x00000000c0000000,0x00000000c5300000)
 Metaspace       used 5983K, capacity 6838K, committed 7040K, reserved 1056768K
  class space    used 601K, capacity 622K, committed 640K, reserved 1048576K
Event: 3.175 GC heap after
Heap after GC invocations=1 (full 0):
 PSYoungGen      total 36864K, used 5114K [0x00000000eab00000, 0x00000000ef300000, 0x0000000100000000)
  eden space 31744K, 0% used [0x00000000eab00000,0x00000000eab00000,0x00000000eca00000)
  from space 5120K, 99% used [0x00000000eca00000,0x00000000ecefea08,0x00000000ecf00000)
  to   space 5120K, 0% used [0x00000000eee00000,0x00000000eee00000,0x00000000ef300000)
 ParOldGen       total 84992K, used 846K [0x00000000c0000000, 0x00000000c5300000, 0x00000000eab00000)
  object space 84992K, 0% used [0x00000000c0000000,0x00000000c00d3ac0,0x00000000c5300000)
 Metaspace       used 5983K, capacity 6838K, committed 7040K, reserved 1056768K
  class space    used 601K, capacity 622K, committed 640K, reserved 1048576K
}
Event: 4.939 GC heap before
{Heap before GC invocations=2 (full 0):
 PSYoungGen      total 36864K, used 36858K [0x00000000eab00000, 0x00000000ef300000, 0x0000000100000000)
  eden space 31744K, 100% used [0x00000000eab00000,0x00000000eca00000,0x00000000eca00000)
  from space 5120K, 99% used [0x00000000eca00000,0x00000000ecefea08,0x00000000ecf00000)
  to   space 5120K, 0% used [0x00000000eee00000,0x00000000eee00000,0x00000000ef300000)
 ParOldGen       total 84992K, used 846K [0x00000000c0000000, 0x00000000c5300000, 0x00000000eab00000)
  object space 84992K, 0% used [0x00000000c0000000,0x00000000c00d3ac0,0x00000000c5300000)
 Metaspace       used 6277K, capacity 7094K, committed 7296K, reserved 1056768K
  class space    used 607K, capacity 622K, committed 640K, reserved 1048576K
Event: 5.038 GC heap after
Heap after GC invocations=2 (full 0):
 PSYoungGen      total 68608K, used 5113K [0x00000000eab00000, 0x00000000ef300000, 0x0000000100000000)
  eden space 63488K, 0% used [0x00000000eab00000,0x00000000eab00000,0x00000000ee900000)
  from space 5120K, 99% used [0x00000000eee00000,0x00000000ef2fe648,0x00000000ef300000)
  to   space 5120K, 0% used [0x00000000ee900000,0x00000000ee900000,0x00000000eee00000)
 ParOldGen       total 84992K, used 4522K [0x00000000c0000000, 0x00000000c5300000, 0x00000000eab00000)
  object space 84992K, 5% used [0x00000000c0000000,0x00000000c046a8f0,0x00000000c5300000)
 Metaspace       used 6277K, capacity 7094K, committed 7296K, reserved 1056768K
  class space    used 607K, capacity 622K, committed 640K, reserved 1048576K
}

Deoptimization events (10 events):
Event: 4.462 Thread 0x00000000568c1800 Uncommon trap: reason=null_assert action=make_not_entrant pc=0x0000000002e90970 method=com.android.dx.cf.code.RopperMachine.run(Lcom/android/dx/cf/code/Frame;II)V @ 1112
Event: 5.124 Thread 0x00000000568b4000 Uncommon trap: reason=class_check action=maybe_recompile pc=0x0000000002d10894 method=com.android.dx.cf.code.BytecodeArray.parseInstruction(ILcom/android/dx/cf/code/BytecodeArray$Visitor;)I @ 1051
Event: 5.124 Thread 0x00000000568b4000 Uncommon trap: reason=class_check action=maybe_recompile pc=0x0000000002d10894 method=com.android.dx.cf.code.BytecodeArray.parseInstruction(ILcom/android/dx/cf/code/BytecodeArray$Visitor;)I @ 1051
Event: 5.124 Thread 0x00000000568b4000 Uncommon trap: reason=bimorphic action=maybe_recompile pc=0x0000000002def8c0 method=com.android.dx.ssa.SCCP.simulatePhi(Lcom/android/dx/ssa/PhiInsn;)V @ 124
Event: 5.644 Thread 0x00000000026ae000 Uncommon trap: reason=unstable_if action=reinterpret pc=0x0000000002d494a8 method=com.android.dx.rop.cst.StdConstantPool.set(ILcom/android/dx/rop/cst/Constant;)V @ 12
Event: 5.693 Thread 0x00000000568c1800 Uncommon trap: reason=class_check action=maybe_recompile pc=0x0000000002d10894 method=com.android.dx.cf.code.BytecodeArray.parseInstruction(ILcom/android/dx/cf/code/BytecodeArray$Visitor;)I @ 1051
Event: 5.694 Thread 0x00000000568c1800 Uncommon trap: reason=class_check action=maybe_recompile pc=0x0000000002d10894 method=com.android.dx.cf.code.BytecodeArray.parseInstruction(ILcom/android/dx/cf/code/BytecodeArray$Visitor;)I @ 1051
Event: 5.694 Thread 0x00000000568c1800 Uncommon trap: reason=bimorphic action=maybe_recompile pc=0x0000000002de1b18 method=com.android.dx.rop.code.RegisterSpec.withSimpleType()Lcom/android/dx/rop/code/RegisterSpec; @ 21
Event: 6.080 Thread 0x00000000568b4000 Uncommon trap: reason=class_check action=maybe_recompile pc=0x0000000002f54fb8 method=com.android.dx.cf.code.BytecodeArray.parseInstruction(ILcom/android/dx/cf/code/BytecodeArray$Visitor;)I @ 2151
Event: 6.081 Thread 0x00000000568b4000 Uncommon trap: reason=class_check action=maybe_recompile pc=0x0000000002f54fb8 method=com.android.dx.cf.code.BytecodeArray.parseInstruction(ILcom/android/dx/cf/code/BytecodeArray$Visitor;)I @ 2151

Internal exceptions (3 events):
Event: 0.044 Thread 0x00000000026ae000 Exception <a 'java/lang/NoSuchMethodError': Method sun.misc.Unsafe.defineClass(Ljava/lang/String;[BII)Ljava/lang/Class; name or signature does not match> (0x00000000eab07cc0) thrown at [C:\re\workspace\8-2-build-windows-amd64-cygwin\jdk8u91\6644\hotspot\sr€J†ò¶?
Event: 0.044 Thread 0x00000000026ae000 Exception <a 'java/lang/NoSuchMethodError': Method sun.misc.Unsafe.prefetchRead(Ljava/lang/Object;J)V name or signature does not match> (0x00000000eab07fa8) thrown at [C:\re\workspace\8-2-build-windows-amd64-cygwin\jdk8u91\6644\hotspot\src\share\vm\prims\jeûáñyç@
Event: 3.444 Thread 0x0000000056889000 Implicit null exception at 0x0000000002ae6fff to 0x0000000002ae86ed

Events (10 events):
Event: 5.694 Thread 0x00000000568c1800 DEOPT UNPACKING pc=0x000000000287582a sp=0x0000000057d9e500 mode 2
Event: 5.694 Thread 0x00000000568c1800 Uncommon trap: trap_request=0xffffffc6 fr.pc=0x0000000002de1b18
Event: 5.694 Thread 0x00000000568c1800 DEOPT PACKING pc=0x0000000002de1b18 sp=0x0000000057d9e770
Event: 5.694 Thread 0x00000000568c1800 DEOPT UNPACKING pc=0x000000000287582a sp=0x0000000057d9e6f8 mode 2
Event: 6.080 Thread 0x00000000568b4000 Uncommon trap: trap_request=0xffffffde fr.pc=0x0000000002f54fb8
Event: 6.080 Thread 0x00000000568b4000 DEOPT PACKING pc=0x0000000002f54fb8 sp=0x00000000571fe500
Event: 6.080 Thread 0x00000000568b4000 DEOPT UNPACKING pc=0x000000000287582a sp=0x00000000571fe4d8 mode 2
Event: 6.081 Thread 0x00000000568b4000 Uncommon trap: trap_request=0xffffffde fr.pc=0x0000000002f54fb8
Event: 6.081 Thread 0x00000000568b4000 DEOPT PACKING pc=0x0000000002f54fb8 sp=0x00000000571fe500
Event: 6.081 Thread 0x00000000568b4000 DEOPT UNPACKING pc=0x000000000287582a sp=0x00000000571fe4d8 mode 2


Dynamic libraries:
0x000000013f480000 - 0x000000013f4b7000 	C:\Program Files\Java\jdk1.8.0_91\bin\java.exe
0x0000000077580000 - 0x000000007772a000 	C:\Windows\SYSTEM32\ntdll.dll
0x0000000077460000 - 0x000000007757f000 	C:\Windows\system32\kernel32.dll
0x000007fefd620000 - 0x000007fefd68a000 	C:\Windows\system32\KERNELBASE.dll
0x0000000075010000 - 0x0000000075099000 	C:\Windows\System32\SYSFER.DLL
0x000007fefd740000 - 0x000007fefd81b000 	C:\Windows\system32\ADVAPI32.dll
0x000007fefea70000 - 0x000007fefeb0f000 	C:\Windows\system32\msvcrt.dll
0x000007fefed40000 - 0x000007fefed5f000 	C:\Windows\SYSTEM32\sechost.dll
0x000007fefeb10000 - 0x000007fefec3d000 	C:\Windows\system32\RPCRT4.dll
0x0000000077360000 - 0x000000007745a000 	C:\Windows\system32\USER32.dll
0x000007fefd6c0000 - 0x000007fefd727000 	C:\Windows\system32\GDI32.dll
0x000007fefe5b0000 - 0x000007fefe5be000 	C:\Windows\system32\LPK.dll
0x000007feff060000 - 0x000007feff12a000 	C:\Windows\system32\USP10.dll
0x000007fefbed0000 - 0x000007fefc0c4000 	C:\Windows\WinSxS\amd64_microsoft.windows.common-controls_6595b64144ccf1df_6.0.7601.18837_none_fa3b1e3d17594757\COMCTL32.dll
0x000007feff680000 - 0x000007feff6f1000 	C:\Windows\system32\SHLWAPI.dll
0x000007fefe9a0000 - 0x000007fefe9ce000 	C:\Windows\system32\IMM32.DLL
0x000007fefe890000 - 0x000007fefe999000 	C:\Windows\system32\MSCTF.dll
0x0000000063ab0000 - 0x0000000063b82000 	C:\Program Files\Java\jdk1.8.0_91\jre\bin\msvcr100.dll
0x00000000587d0000 - 0x0000000059063000 	C:\Program Files\Java\jdk1.8.0_91\jre\bin\server\jvm.dll
0x000007fefa190000 - 0x000007fefa199000 	C:\Windows\system32\WSOCK32.dll
0x000007fefef90000 - 0x000007fefefdd000 	C:\Windows\system32\WS2_32.dll
0x000007fefd730000 - 0x000007fefd738000 	C:\Windows\system32\NSI.dll
0x000007fef8c80000 - 0x000007fef8cbb000 	C:\Windows\system32\WINMM.dll
0x000007fefc3f0000 - 0x000007fefc3fc000 	C:\Windows\system32\VERSION.dll
0x0000000077740000 - 0x0000000077747000 	C:\Windows\system32\PSAPI.DLL
0x00000000723a0000 - 0x00000000723af000 	C:\Program Files\Java\jdk1.8.0_91\jre\bin\verify.dll
0x0000000072370000 - 0x0000000072399000 	C:\Program Files\Java\jdk1.8.0_91\jre\bin\java.dll
0x0000000066660000 - 0x0000000066676000 	C:\Program Files\Java\jdk1.8.0_91\jre\bin\zip.dll
0x000007fefd820000 - 0x000007fefe5aa000 	C:\Windows\system32\SHELL32.dll
0x000007fefed60000 - 0x000007fefef63000 	C:\Windows\system32\ole32.dll
0x000007fefd310000 - 0x000007fefd31f000 	C:\Windows\system32\profapi.dll

VM Arguments:
jvm_args: -Djava.awt.headless=true -Xmx1024M -Dfile.encoding=x-windows-949 -Duser.country=KR -Duser.language=ko -Duser.variant 
java_command: com.android.dx.command.Main --dex --force-jumbo --num-threads=4 --multi-dex --output D:\Documents\YongWoo\ReadingSalon\app\build\intermediates\transforms\dex\debug\folders\1000\10\internal_impl-23.4.0_fe0d842a6094ac87bbc3555e9bbb8d3adceefc6a D:\Documents\YongWoo\ReadingSalon\app\build\intermediates\exploded-aar\com.android.support\support-v4\23.4.0\jars\libs\internal_impl-23.4.0.jar
java_class_path (initial): D:\Documents\YongWoo\Android\sdk\build-tools\23.0.3\lib\dx.jar
Launcher Type: SUN_STANDARD

Environment Variables:
JAVA_HOME=C:\Program Files\Java\jdk1.8.0_91
PATH=C:\ProgramData\Oracle\Java\javapath;C:\Program Files (x86)\Common Files\NetSarang;C:\Program Files (x86)\Intel\iCLS Client\;C:\Program Files\Intel\iCLS Client\;C:\Windows\system32;C:\Windows;C:\Windows\System32\Wbem;C:\Windows\System32\WindowsPowerShell\v1.0\;C:\Program Files (x86)\Intel\OpenCL SDK\2.0\bin\x86;C:\Program Files (x86)\Intel\OpenCL SDK\2.0\bin\x64;C:\Program Files\SafeNet\Authentication\SAC\x64;C:\Program Files\Intel\Intel(R) Management Engine Components\DAL;C:\Program Files\Intel\Intel(R) Management Engine Components\IPT;C:\Program Files (x86)\Intel\Intel(R) Management Engine Components\DAL;C:\Program Files (x86)\Intel\Intel(R) Management Engine Components\IPT;C:\Program Files (x86)\Intel\OpenCL SDK\2.0\bin\x86;C:\Program Files (x86)\Intel\OpenCL SDK\2.0\bin\x64;C:\Program Files\Java\jdk1.8.0_91\bin;D:\Documents\YongWoo\PortableGit\bin
USERNAME=Datacenter
OS=Windows_NT
PROCESSOR_IDENTIFIER=Intel64 Family 6 Model 58 Stepping 9, GenuineIntel



---------------  S Y S T E M  ---------------

OS: Windows 7 , 64 bit Build 7601 (6.1.7601.23418)

CPU:total 4 (4 cores per cpu, 1 threads per core) family 6 model 58 stepping 9, cmov, cx8, fxsr, mmx, sse, sse2, sse3, ssse3, sse4.1, sse4.2, popcnt, avx, aes, clmul, erms, tsc, tscinvbit, tscinv

Memory: 4k page, physical 8061124k(959232k free), swap 8059264k(5336k free)

vm_info: Java HotSpot(TM) 64-Bit Server VM (25.91-b14) for windows-amd64 JRE (1.8.0_91-b14), built on Apr  1 2016 00:58:32 by "java_re" with MS VC++ 10.0 (VS2010)

time: Tue May 24 06:50:01 2016
elapsed time: 7 seconds (0d 0h 0m 7s)

