#
# There is insufficient memory for the Java Runtime Environment to continue.
# Native memory allocation (malloc) failed to allocate 157456 bytes for Chunk::new
# Possible reasons:
#   The system is out of physical RAM or swap space
#   In 32 bit mode, the process size limit was hit
# Possible solutions:
#   Reduce memory load on the system
#   Increase physical memory or swap space
#   Check if swap backing store is full
#   Use 64 bit Java on a 64 bit OS
#   Decrease Java heap size (-Xmx/-Xms)
#   Decrease number of Java threads
#   Decrease Java thread stack sizes (-Xss)
#   Set larger code cache with -XX:ReservedCodeCacheSize=
# This output file may be truncated or incomplete.
#
#  Out of Memory Error (allocation.cpp:390), pid=4004, tid=10300
#
# JRE version: Java(TM) SE Runtime Environment (8.0_91-b14) (build 1.8.0_91-b14)
# Java VM: Java HotSpot(TM) 64-Bit Server VM (25.91-b14 mixed mode windows-amd64 compressed oops)
# Failed to write core dump. Minidumps are not enabled by default on client versions of Windows
#

---------------  T H R E A D  ---------------

Current thread (0x0000000056728800):  JavaThread "C2 CompilerThread0" daemon [_thread_in_native, id=10300, stack(0x0000000056ea0000,0x0000000056fa0000)]

Stack: [0x0000000056ea0000,0x0000000056fa0000]
[error occurred during error reporting (printing stack bounds), id 0xc0000005]

Native frames: (J=compiled Java code, j=interpreted, Vv=VM code, C=native code)


Current CompileTask:
C2:   1200 1117       4       com.android.dx.dex.code.OutputFinisher::addConstants (93 bytes)


---------------  P R O C E S S  ---------------

Java Threads: ( => current thread )
  0x0000000056a12800 JavaThread "pool-1-thread-1" [_thread_in_vm, id=804, stack(0x0000000057700000,0x0000000057800000)]
  0x0000000056730000 JavaThread "Service Thread" daemon [_thread_blocked, id=6948, stack(0x0000000057330000,0x0000000057430000)]
  0x000000005672c000 JavaThread "C1 CompilerThread2" daemon [_thread_blocked, id=880, stack(0x00000000571e0000,0x00000000572e0000)]
  0x000000005672b000 JavaThread "C2 CompilerThread1" daemon [_thread_in_native, id=9128, stack(0x0000000057090000,0x0000000057190000)]
=>0x0000000056728800 JavaThread "C2 CompilerThread0" daemon [_thread_in_native, id=10300, stack(0x0000000056ea0000,0x0000000056fa0000)]
  0x000000005671b800 JavaThread "Attach Listener" daemon [_thread_blocked, id=3888, stack(0x0000000056ca0000,0x0000000056da0000)]
  0x000000005671a800 JavaThread "Signal Dispatcher" daemon [_thread_blocked, id=10404, stack(0x0000000056b80000,0x0000000056c80000)]
  0x0000000055503800 JavaThread "Finalizer" daemon [_thread_blocked, id=7576, stack(0x0000000056610000,0x0000000056710000)]
  0x00000000554c2000 JavaThread "Reference Handler" daemon [_thread_blocked, id=6568, stack(0x00000000564b0000,0x00000000565b0000)]
  0x00000000026ae000 JavaThread "main" [_thread_blocked, id=7360, stack(0x0000000002a20000,0x0000000002b20000)]

Other Threads:
  0x00000000554ba800 VMThread [stack: 0x0000000056310000,0x0000000056410000] [id=9604]
  0x00000000567bc800 WatcherThread [stack: 0x0000000057550000,0x0000000057650000] [id=8752]

VM state:not at safepoint (normal execution)

VM Mutex/Monitor currently owned by a thread:  ([mutex/lock_event])
[0x00000000026ad170] MethodData_lock - owner thread: 0x0000000000000000

Heap:
 PSYoungGen      total 36864K, used 26036K [0x00000000eab00000, 0x00000000ed400000, 0x0000000100000000)
  eden space 31744K, 82% used [0x00000000eab00000,0x00000000ec46d230,0x00000000eca00000)
  from space 5120K, 0% used [0x00000000ecf00000,0x00000000ecf00000,0x00000000ed400000)
  to   space 5120K, 0% used [0x00000000eca00000,0x00000000eca00000,0x00000000ecf00000)
 ParOldGen       total 84992K, used 0K [0x00000000c0000000, 0x00000000c5300000, 0x00000000eab00000)
  object space 84992K, 0% used [0x00000000c0000000,0x00000000c0000000,0x00000000c5300000)
 Metaspace       used 6219K, capacity 7128K, committed 7424K, reserved 1056768K
  class space    used 624K, capacity 656K, committed 768K, reserved 1048576K

Card table byte_map: [0x0000000011ee0000,0x00000000120f0000] byte_map_base: 0x00000000118e0000

Marking Bits: (ParMarkBitMap*) 0x0000000058fe2f70
 Begin Bits: [0x0000000012930000, 0x0000000013930000)
 End Bits:   [0x0000000013930000, 0x0000000014930000)

Polling page: 0x0000000000260000

CodeCache: size=245760Kb used=4944Kb max_used=4953Kb free=240816Kb
 bounds [0x0000000002b20000, 0x0000000003000000, 0x0000000011b20000]
 total_blobs=1577 nmethods=1305 adapters=185
 compilation: enabled

Compilation events (10 events):
Event: 1.195 Thread 0x000000005672c000 1293       3       com.android.dx.dex.file.OffsettedItem::compareTo (9 bytes)
Event: 1.195 Thread 0x000000005672c000 nmethod 1293 0x0000000002ff0910 code [0x0000000002ff0ac0, 0x0000000002ff1158]
Event: 1.195 Thread 0x000000005672c000 1294       3       com.android.dx.dex.file.StringDataItem::compareTo0 (17 bytes)
Event: 1.195 Thread 0x000000005672c000 nmethod 1294 0x0000000002ff1350 code [0x0000000002ff1520, 0x0000000002ff1e78]
Event: 1.196 Thread 0x000000005672c000 1295       3       com.android.dx.dex.file.OffsettedItem::place0 (1 bytes)
Event: 1.196 Thread 0x000000005672c000 nmethod 1295 0x0000000002fe7650 code [0x0000000002fe77a0, 0x0000000002fe78f0]
Event: 1.196 Thread 0x000000005672c000 1296       3       com.android.dx.dex.file.DebugInfoItem::itemType (4 bytes)
Event: 1.196 Thread 0x000000005672c000 nmethod 1296 0x0000000002fe7310 code [0x0000000002fe7460, 0x0000000002fe75b0]
Event: 1.196 Thread 0x000000005672c000 1297  s    3       java.util.Vector::addElement (38 bytes)
Event: 1.197 Thread 0x000000005672c000 nmethod 1297 0x0000000002ff2290 code [0x0000000002ff2420, 0x0000000002ff2928]

GC Heap History (0 events):
No events

Deoptimization events (10 events):
Event: 1.084 Thread 0x0000000056a12800 Uncommon trap: reason=class_check action=maybe_recompile pc=0x0000000002f338b8 method=java.util.Arrays.hashCode([Ljava/lang/Object;)I @ 43
Event: 1.096 Thread 0x0000000056a12800 Uncommon trap: reason=class_check action=maybe_recompile pc=0x0000000002f096b8 method=java.util.HashMap.putVal(ILjava/lang/Object;Ljava/lang/Object;ZZ)Ljava/lang/Object; @ 203
Event: 1.096 Thread 0x0000000056a12800 Uncommon trap: reason=class_check action=maybe_recompile pc=0x0000000002f096b8 method=java.util.HashMap.putVal(ILjava/lang/Object;Ljava/lang/Object;ZZ)Ljava/lang/Object; @ 203
Event: 1.096 Thread 0x0000000056a12800 Uncommon trap: reason=class_check action=maybe_recompile pc=0x0000000002f096b8 method=java.util.HashMap.putVal(ILjava/lang/Object;Ljava/lang/Object;ZZ)Ljava/lang/Object; @ 203
Event: 1.096 Thread 0x0000000056a12800 Uncommon trap: reason=class_check action=maybe_recompile pc=0x0000000002f096b8 method=java.util.HashMap.putVal(ILjava/lang/Object;Ljava/lang/Object;ZZ)Ljava/lang/Object; @ 203
Event: 1.102 Thread 0x0000000056a12800 Uncommon trap: reason=bimorphic action=maybe_recompile pc=0x0000000002d1d450 method=java.util.HashMap.getNode(ILjava/lang/Object;)Ljava/util/HashMap$Node; @ 126
Event: 1.102 Thread 0x0000000056a12800 Uncommon trap: reason=bimorphic action=maybe_recompile pc=0x0000000002d1d450 method=java.util.HashMap.getNode(ILjava/lang/Object;)Ljava/util/HashMap$Node; @ 126
Event: 1.102 Thread 0x0000000056a12800 Uncommon trap: reason=bimorphic action=maybe_recompile pc=0x0000000002d1d450 method=java.util.HashMap.getNode(ILjava/lang/Object;)Ljava/util/HashMap$Node; @ 126
Event: 1.108 Thread 0x0000000056a12800 Uncommon trap: reason=bimorphic action=maybe_recompile pc=0x0000000002d1d450 method=java.util.HashMap.getNode(ILjava/lang/Object;)Ljava/util/HashMap$Node; @ 126
Event: 1.170 Thread 0x0000000056a12800 Uncommon trap: reason=unstable_if action=reinterpret pc=0x0000000002fbd0bc method=com.android.dx.dex.code.OutputFinisher.findOpcodeForInsn(Lcom/android/dx/dex/code/DalvInsn;Lcom/android/dx/dex/code/Dop;)Lcom/android/dx/dex/code/Dop; @ 1

Internal exceptions (3 events):
Event: 0.123 Thread 0x00000000026ae000 Exception <a 'java/lang/NoSuchMethodError': Method sun.misc.Unsafe.defineClass(Ljava/lang/String;[BII)Ljava/lang/Class; name or signature does not match> (0x00000000eab07cc0) thrown at [C:\re\workspace\8-2-build-windows-amd64-cygwin\jdk8u91\6644\hotspot\srXGÂ?ÌŸ¿?
Event: 0.124 Thread 0x00000000026ae000 Exception <a 'java/lang/NoSuchMethodError': Method sun.misc.Unsafe.prefetchRead(Ljava/lang/Object;J)V name or signature does not match> (0x00000000eab07fa8) thrown at [C:\re\workspace\8-2-build-windows-amd64-cygwin\jdk8u91\6644\hotspot\src\share\vm\prims\jeœ£"Ì¬ë?
Event: 0.865 Thread 0x0000000056a12800 Implicit null exception at 0x0000000002e630d2 to 0x0000000002e631c2

Events (10 events):
Event: 1.129 loading class com/android/dx/dex/code/CatchTable done
Event: 1.169 loading class com/android/dx/rop/code/RegisterSpecList$Expander
Event: 1.169 loading class com/android/dx/rop/code/RegisterSpecList$Expander done
Event: 1.170 Thread 0x0000000056a12800 Uncommon trap: trap_request=0xffffff65 fr.pc=0x0000000002fbd0bc
Event: 1.170 Thread 0x0000000056a12800 DEOPT PACKING pc=0x0000000002fbd0bc sp=0x00000000577fe610
Event: 1.170 Thread 0x0000000056a12800 DEOPT UNPACKING pc=0x0000000002b6582a sp=0x00000000577fe5b0 mode 2
Event: 1.196 loading class com/android/dx/dex/file/DebugInfoEncoder
Event: 1.196 loading class com/android/dx/dex/file/DebugInfoEncoder done
Event: 1.197 loading class com/android/dx/util/ByteArrayAnnotatedOutput
Event: 1.197 loading class com/android/dx/util/ByteArrayAnnotatedOutput done


Dynamic libraries:
0x000000013f480000 - 0x000000013f4b7000 	C:\Program Files\Java\jdk1.8.0_91\bin\java.exe
0x0000000077580000 - 0x000000007772a000 	C:\Windows\SYSTEM32\ntdll.dll
0x0000000077460000 - 0x000000007757f000 	C:\Windows\system32\kernel32.dll
0x000007fefd620000 - 0x000007fefd68a000 	C:\Windows\system32\KERNELBASE.dll
0x0000000075010000 - 0x0000000075099000 	C:\Windows\System32\SYSFER.DLL
0x000007fefd740000 - 0x000007fefd81b000 	C:\Windows\system32\ADVAPI32.dll
0x000007fefea70000 - 0x000007fefeb0f000 	C:\Windows\system32\msvcrt.dll
0x000007fefed40000 - 0x000007fefed5f000 	C:\Windows\SYSTEM32\sechost.dll
0x000007fefeb10000 - 0x000007fefec3d000 	C:\Windows\system32\RPCRT4.dll
0x0000000077360000 - 0x000000007745a000 	C:\Windows\system32\USER32.dll
0x000007fefd6c0000 - 0x000007fefd727000 	C:\Windows\system32\GDI32.dll
0x000007fefe5b0000 - 0x000007fefe5be000 	C:\Windows\system32\LPK.dll
0x000007feff060000 - 0x000007feff12a000 	C:\Windows\system32\USP10.dll
0x000007fefbed0000 - 0x000007fefc0c4000 	C:\Windows\WinSxS\amd64_microsoft.windows.common-controls_6595b64144ccf1df_6.0.7601.18837_none_fa3b1e3d17594757\COMCTL32.dll
0x000007feff680000 - 0x000007feff6f1000 	C:\Windows\system32\SHLWAPI.dll
0x000007fefe9a0000 - 0x000007fefe9ce000 	C:\Windows\system32\IMM32.DLL
0x000007fefe890000 - 0x000007fefe999000 	C:\Windows\system32\MSCTF.dll
0x0000000063ab0000 - 0x0000000063b82000 	C:\Program Files\Java\jdk1.8.0_91\jre\bin\msvcr100.dll
0x00000000587d0000 - 0x0000000059063000 	C:\Program Files\Java\jdk1.8.0_91\jre\bin\server\jvm.dll
0x000007fefa190000 - 0x000007fefa199000 	C:\Windows\system32\WSOCK32.dll
0x000007fefef90000 - 0x000007fefefdd000 	C:\Windows\system32\WS2_32.dll
0x000007fefd730000 - 0x000007fefd738000 	C:\Windows\system32\NSI.dll
0x000007fef8c80000 - 0x000007fef8cbb000 	C:\Windows\system32\WINMM.dll
0x000007fefc3f0000 - 0x000007fefc3fc000 	C:\Windows\system32\VERSION.dll
0x0000000077740000 - 0x0000000077747000 	C:\Windows\system32\PSAPI.DLL
0x00000000723a0000 - 0x00000000723af000 	C:\Program Files\Java\jdk1.8.0_91\jre\bin\verify.dll
0x0000000072370000 - 0x0000000072399000 	C:\Program Files\Java\jdk1.8.0_91\jre\bin\java.dll
0x0000000066660000 - 0x0000000066676000 	C:\Program Files\Java\jdk1.8.0_91\jre\bin\zip.dll
0x000007fefd820000 - 0x000007fefe5aa000 	C:\Windows\system32\SHELL32.dll
0x000007fefed60000 - 0x000007fefef63000 	C:\Windows\system32\ole32.dll
0x000007fefd310000 - 0x000007fefd31f000 	C:\Windows\system32\profapi.dll

VM Arguments:
jvm_args: -Djava.awt.headless=true -Xmx1024M -Dfile.encoding=x-windows-949 -Duser.country=KR -Duser.language=ko -Duser.variant 
java_command: com.android.dx.command.Main --dex --force-jumbo --num-threads=4 --multi-dex --output D:\Documents\YongWoo\ReadingSalon\app\build\intermediates\transforms\dex\debug\folders\1000\10\com.getbase-floatingactionbutton-1.10.1_92e73c0515a4f4216c5eca68150a3584764d8a0f D:\Documents\YongWoo\ReadingSalon\app\build\intermediates\exploded-aar\com.getbase\floatingactionbutton\1.10.1\jars\classes.jar
java_class_path (initial): D:\Documents\YongWoo\Android\sdk\build-tools\23.0.3\lib\dx.jar
Launcher Type: SUN_STANDARD

Environment Variables:



---------------  S Y S T E M  ---------------

OS: Windows 7 , 64 bit Build 7601 (6.1.7601.23418)

CPU:total 4 (4 cores per cpu, 1 threads per core) family 6 model 58 stepping 9, cmov, cx8, fxsr, mmx, sse, sse2, sse3, ssse3, sse4.1, sse4.2, popcnt, avx, aes, clmul, erms, tsc, tscinvbit, tscinv

Memory: 4k page, physical 8061124k(656332k free), swap 8059264k(5104k free)

vm_info: Java HotSpot(TM) 64-Bit Server VM (25.91-b14) for windows-amd64 JRE (1.8.0_91-b14), built on Apr  1 2016 00:58:32 by "java_re" with MS VC++ 10.0 (VS2010)

time: Tue May 24 07:03:49 2016
elapsed time: 1 seconds (0d 0h 0m 1s)

