#
# There is insufficient memory for the Java Runtime Environment to continue.
# Native memory allocation (malloc) failed to allocate 1270896 bytes for Chunk::new
# Possible reasons:
#   The system is out of physical RAM or swap space
#   In 32 bit mode, the process size limit was hit
# Possible solutions:
#   Reduce memory load on the system
#   Increase physical memory or swap space
#   Check if swap backing store is full
#   Use 64 bit Java on a 64 bit OS
#   Decrease Java heap size (-Xmx/-Xms)
#   Decrease number of Java threads
#   Decrease Java thread stack sizes (-Xss)
#   Set larger code cache with -XX:ReservedCodeCacheSize=
# This output file may be truncated or incomplete.
#
#  Out of Memory Error (allocation.cpp:390), pid=6536, tid=10144
#
# JRE version: Java(TM) SE Runtime Environment (8.0_91-b14) (build 1.8.0_91-b14)
# Java VM: Java HotSpot(TM) 64-Bit Server VM (25.91-b14 mixed mode windows-amd64 compressed oops)
# Failed to write core dump. Minidumps are not enabled by default on client versions of Windows
#

---------------  T H R E A D  ---------------

Current thread (0x0000000056955800):  JavaThread "C2 CompilerThread1" daemon [_thread_in_native, id=10144, stack(0x0000000057080000,0x0000000057180000)]

Stack: [0x0000000057080000,0x0000000057180000]
[error occurred during error reporting (printing stack bounds), id 0xc0000005]

Native frames: (J=compiled Java code, j=interpreted, Vv=VM code, C=native code)


Current CompileTask:
C2:   9545 2112       4       com.android.dx.ssa.PhiTypeResolver::run (179 bytes)


---------------  P R O C E S S  ---------------

Java Threads: ( => current thread )
  0x0000000056c1c800 JavaThread "pool-2-thread-4" [_thread_blocked, id=10300, stack(0x0000000057b80000,0x0000000057c80000)]
  0x0000000056c19800 JavaThread "pool-2-thread-3" [_thread_blocked, id=4936, stack(0x0000000057900000,0x0000000057a00000)]
  0x0000000056c13800 JavaThread "pool-2-thread-2" [_thread_blocked, id=11028, stack(0x00000000576c0000,0x00000000577c0000)]
  0x0000000056c13000 JavaThread "pool-3-thread-1" [_thread_blocked, id=4372, stack(0x00000000571a0000,0x00000000572a0000)]
  0x0000000056c12000 JavaThread "pool-2-thread-1" [_thread_blocked, id=1268, stack(0x00000000577c0000,0x00000000578c0000)]
  0x00000000569b9800 JavaThread "Service Thread" daemon [_thread_blocked, id=3764, stack(0x0000000057450000,0x0000000057550000)]
  0x000000005699e000 JavaThread "C1 CompilerThread2" daemon [_thread_blocked, id=11116, stack(0x00000000572a0000,0x00000000573a0000)]
=>0x0000000056955800 JavaThread "C2 CompilerThread1" daemon [_thread_in_native, id=10144, stack(0x0000000057080000,0x0000000057180000)]
  0x000000005694c000 JavaThread "C2 CompilerThread0" daemon [_thread_in_native, id=8072, stack(0x00000000566b0000,0x00000000567b0000)]
  0x000000005693a800 JavaThread "Attach Listener" daemon [_thread_blocked, id=4040, stack(0x0000000056f30000,0x0000000057030000)]
  0x0000000056939800 JavaThread "Signal Dispatcher" daemon [_thread_blocked, id=8336, stack(0x0000000056d80000,0x0000000056e80000)]
  0x00000000552c9000 JavaThread "Finalizer" daemon [_thread_blocked, id=4888, stack(0x0000000056830000,0x0000000056930000)]
  0x0000000055282000 JavaThread "Reference Handler" daemon [_thread_blocked, id=8092, stack(0x0000000056550000,0x0000000056650000)]
  0x000000000255e000 JavaThread "main" [_thread_blocked, id=9184, stack(0x0000000002850000,0x0000000002950000)]

Other Threads:
  0x000000005527a800 VMThread [stack: 0x0000000056350000,0x0000000056450000] [id=2948]
  0x00000000569d3800 WatcherThread [stack: 0x00000000575b0000,0x00000000576b0000] [id=8480]

VM state:not at safepoint (normal execution)

VM Mutex/Monitor currently owned by a thread: None

Heap:
 PSYoungGen      total 141312K, used 24698K [0x00000000eab00000, 0x00000000f4900000, 0x0000000100000000)
  eden space 125440K, 8% used [0x00000000eab00000,0x00000000eb576828,0x00000000f2580000)
  from space 15872K, 88% used [0x00000000f3680000,0x00000000f4428098,0x00000000f4600000)
  to   space 17408K, 0% used [0x00000000f2580000,0x00000000f2580000,0x00000000f3680000)
 ParOldGen       total 84992K, used 24213K [0x00000000c0000000, 0x00000000c5300000, 0x00000000eab00000)
  object space 84992K, 28% used [0x00000000c0000000,0x00000000c17a54d0,0x00000000c5300000)
 Metaspace       used 6500K, capacity 7192K, committed 7424K, reserved 1056768K
  class space    used 628K, capacity 656K, committed 768K, reserved 1048576K

Card table byte_map: [0x0000000011d10000,0x0000000011f20000] byte_map_base: 0x0000000011710000

Marking Bits: (ParMarkBitMap*) 0x0000000058fe2f70
 Begin Bits: [0x00000000126f0000, 0x00000000136f0000)
 End Bits:   [0x00000000136f0000, 0x00000000146f0000)

Polling page: 0x0000000000270000

CodeCache: size=245760Kb used=10271Kb max_used=10285Kb free=235488Kb
 bounds [0x0000000002950000, 0x0000000003370000, 0x0000000011950000]
 total_blobs=2335 nmethods=2063 adapters=184
 compilation: enabled

Compilation events (10 events):
Event: 9.369 Thread 0x000000005694c000 nmethod 2100 0x000000000333f3d0 code [0x000000000333f520, 0x000000000333f698]
Event: 9.404 Thread 0x000000005694c000 2101       4       java.util.HashMap::getNode (148 bytes)
Event: 9.406 Thread 0x000000005694c000 nmethod 2101 0x000000000333ee50 code [0x000000000333efa0, 0x000000000333f1c8]
Event: 9.407 Thread 0x000000005694c000 2102   !   4       com.android.dx.cf.code.RopperMachine::run (1550 bytes)
Event: 9.452 Thread 0x0000000056955800 nmethod 2099 0x000000000335f6d0 code [0x000000000335fb40, 0x00000000033633b0]
Event: 9.452 Thread 0x0000000056955800 2103 %     4       com.android.dx.dex.code.RopTranslator::pickOrder @ 33 (400 bytes)
Event: 9.481 Thread 0x0000000056955800 nmethod 2103% 0x000000000335c490 code [0x000000000335c6c0, 0x000000000335dbf0]
Event: 9.481 Thread 0x0000000056955800 2114       4       java.util.HashMap::resize (359 bytes)
Event: 9.486 Thread 0x0000000056955800 nmethod 2114 0x00000000033406d0 code [0x0000000003340860, 0x0000000003340d88]
Event: 9.486 Thread 0x0000000056955800 2112       4       com.android.dx.ssa.PhiTypeResolver::run (179 bytes)

GC Heap History (10 events):
Event: 4.728 GC heap before
{Heap before GC invocations=2 (full 0):
 PSYoungGen      total 36864K, used 36843K [0x00000000eab00000, 0x00000000ed400000, 0x0000000100000000)
  eden space 31744K, 100% used [0x00000000eab00000,0x00000000eca00000,0x00000000eca00000)
  from space 5120K, 99% used [0x00000000eca00000,0x00000000ecefafe8,0x00000000ecf00000)
  to   space 5120K, 0% used [0x00000000ecf00000,0x00000000ecf00000,0x00000000ed400000)
 ParOldGen       total 84992K, used 795K [0x00000000c0000000, 0x00000000c5300000, 0x00000000eab00000)
  object space 84992K, 0% used [0x00000000c0000000,0x00000000c00c6c00,0x00000000c5300000)
 Metaspace       used 6205K, capacity 7030K, committed 7296K, reserved 1056768K
  class space    used 607K, capacity 622K, committed 640K, reserved 1048576K
Event: 4.816 GC heap after
Heap after GC invocations=2 (full 0):
 PSYoungGen      total 36864K, used 5089K [0x00000000eab00000, 0x00000000ef300000, 0x0000000100000000)
  eden space 31744K, 0% used [0x00000000eab00000,0x00000000eab00000,0x00000000eca00000)
  from space 5120K, 99% used [0x00000000ecf00000,0x00000000ed3f87b0,0x00000000ed400000)
  to   space 5120K, 0% used [0x00000000eca00000,0x00000000eca00000,0x00000000ecf00000)
 ParOldGen       total 84992K, used 4483K [0x00000000c0000000, 0x00000000c5300000, 0x00000000eab00000)
  object space 84992K, 5% used [0x00000000c0000000,0x00000000c0460c58,0x00000000c5300000)
 Metaspace       used 6205K, capacity 7030K, committed 7296K, reserved 1056768K
  class space    used 607K, capacity 622K, committed 640K, reserved 1048576K
}
Event: 5.697 GC heap before
{Heap before GC invocations=3 (full 0):
 PSYoungGen      total 36864K, used 36833K [0x00000000eab00000, 0x00000000ef300000, 0x0000000100000000)
  eden space 31744K, 100% used [0x00000000eab00000,0x00000000eca00000,0x00000000eca00000)
  from space 5120K, 99% used [0x00000000ecf00000,0x00000000ed3f87b0,0x00000000ed400000)
  to   space 5120K, 0% used [0x00000000eca00000,0x00000000eca00000,0x00000000ecf00000)
 ParOldGen       total 84992K, used 4483K [0x00000000c0000000, 0x00000000c5300000, 0x00000000eab00000)
  object space 84992K, 5% used [0x00000000c0000000,0x00000000c0460c58,0x00000000c5300000)
 Metaspace       used 6282K, capacity 7094K, committed 7296K, reserved 1056768K
  class space    used 607K, capacity 622K, committed 640K, reserved 1048576K
Event: 6.085 GC heap after
Heap after GC invocations=3 (full 0):
 PSYoungGen      total 36864K, used 5088K [0x00000000eab00000, 0x00000000ef300000, 0x0000000100000000)
  eden space 31744K, 0% used [0x00000000eab00000,0x00000000eab00000,0x00000000eca00000)
  from space 5120K, 99% used [0x00000000eca00000,0x00000000ecef8030,0x00000000ecf00000)
  to   space 5120K, 0% used [0x00000000eee00000,0x00000000eee00000,0x00000000ef300000)
 ParOldGen       total 84992K, used 9160K [0x00000000c0000000, 0x00000000c5300000, 0x00000000eab00000)
  object space 84992K, 10% used [0x00000000c0000000,0x00000000c08f2078,0x00000000c5300000)
 Metaspace       used 6282K, capacity 7094K, committed 7296K, reserved 1056768K
  class space    used 607K, capacity 622K, committed 640K, reserved 1048576K
}
Event: 6.739 GC heap before
{Heap before GC invocations=4 (full 0):
 PSYoungGen      total 36864K, used 36832K [0x00000000eab00000, 0x00000000ef300000, 0x0000000100000000)
  eden space 31744K, 100% used [0x00000000eab00000,0x00000000eca00000,0x00000000eca00000)
  from space 5120K, 99% used [0x00000000eca00000,0x00000000ecef8030,0x00000000ecf00000)
  to   space 5120K, 0% used [0x00000000eee00000,0x00000000eee00000,0x00000000ef300000)
 ParOldGen       total 84992K, used 9160K [0x00000000c0000000, 0x00000000c5300000, 0x00000000eab00000)
  object space 84992K, 10% used [0x00000000c0000000,0x00000000c08f2078,0x00000000c5300000)
 Metaspace       used 6337K, capacity 7158K, committed 7296K, reserved 1056768K
  class space    used 608K, capacity 622K, committed 640K, reserved 1048576K
Event: 6.782 GC heap after
Heap after GC invocations=4 (full 0):
 PSYoungGen      total 68608K, used 5100K [0x00000000eab00000, 0x00000000ef300000, 0x0000000100000000)
  eden space 63488K, 0% used [0x00000000eab00000,0x00000000eab00000,0x00000000ee900000)
  from space 5120K, 99% used [0x00000000eee00000,0x00000000ef2fb3e0,0x00000000ef300000)
  to   space 5120K, 0% used [0x00000000ee900000,0x00000000ee900000,0x00000000eee00000)
 ParOldGen       total 84992K, used 14205K [0x00000000c0000000, 0x00000000c5300000, 0x00000000eab00000)
  object space 84992K, 16% used [0x00000000c0000000,0x00000000c0ddf728,0x00000000c5300000)
 Metaspace       used 6337K, capacity 7158K, committed 7296K, reserved 1056768K
  class space    used 608K, capacity 622K, committed 640K, reserved 1048576K
}
Event: 7.927 GC heap before
{Heap before GC invocations=5 (full 0):
 PSYoungGen      total 68608K, used 68588K [0x00000000eab00000, 0x00000000ef300000, 0x0000000100000000)
  eden space 63488K, 100% used [0x00000000eab00000,0x00000000ee900000,0x00000000ee900000)
  from space 5120K, 99% used [0x00000000eee00000,0x00000000ef2fb3e0,0x00000000ef300000)
  to   space 5120K, 0% used [0x00000000ee900000,0x00000000ee900000,0x00000000eee00000)
 ParOldGen       total 84992K, used 14205K [0x00000000c0000000, 0x00000000c5300000, 0x00000000eab00000)
  object space 84992K, 16% used [0x00000000c0000000,0x00000000c0ddf728,0x00000000c5300000)
 Metaspace       used 6449K, capacity 7192K, committed 7424K, reserved 1056768K
  class space    used 628K, capacity 656K, committed 768K, reserved 1048576K
Event: 7.948 GC heap after
Heap after GC invocations=5 (full 0):
 PSYoungGen      total 68608K, used 5117K [0x00000000eab00000, 0x00000000f4600000, 0x0000000100000000)
  eden space 63488K, 0% used [0x00000000eab00000,0x00000000eab00000,0x00000000ee900000)
  from space 5120K, 99% used [0x00000000ee900000,0x00000000eedff590,0x00000000eee00000)
  to   space 15872K, 0% used [0x00000000f3680000,0x00000000f3680000,0x00000000f4600000)
 ParOldGen       total 84992K, used 24213K [0x00000000c0000000, 0x00000000c5300000, 0x00000000eab00000)
  object space 84992K, 28% used [0x00000000c0000000,0x00000000c17a54d0,0x00000000c5300000)
 Metaspace       used 6449K, capacity 7192K, committed 7424K, reserved 1056768K
  class space    used 628K, capacity 656K, committed 768K, reserved 1048576K
}
Event: 9.252 GC heap before
{Heap before GC invocations=6 (full 0):
 PSYoungGen      total 68608K, used 68605K [0x00000000eab00000, 0x00000000f4600000, 0x0000000100000000)
  eden space 63488K, 100% used [0x00000000eab00000,0x00000000ee900000,0x00000000ee900000)
  from space 5120K, 99% used [0x00000000ee900000,0x00000000eedff590,0x00000000eee00000)
  to   space 15872K, 0% used [0x00000000f3680000,0x00000000f3680000,0x00000000f4600000)
 ParOldGen       total 84992K, used 24213K [0x00000000c0000000, 0x00000000c5300000, 0x00000000eab00000)
  object space 84992K, 28% used [0x00000000c0000000,0x00000000c17a54d0,0x00000000c5300000)
 Metaspace       used 6500K, capacity 7192K, committed 7424K, reserved 1056768K
  class space    used 628K, capacity 656K, committed 768K, reserved 1048576K
Event: 9.308 GC heap after
Heap after GC invocations=6 (full 0):
 PSYoungGen      total 141312K, used 13984K [0x00000000eab00000, 0x00000000f4900000, 0x0000000100000000)
  eden space 125440K, 0% used [0x00000000eab00000,0x00000000eab00000,0x00000000f2580000)
  from space 15872K, 88% used [0x00000000f3680000,0x00000000f4428098,0x00000000f4600000)
  to   space 17408K, 0% used [0x00000000f2580000,0x00000000f2580000,0x00000000f3680000)
 ParOldGen       total 84992K, used 24213K [0x00000000c0000000, 0x00000000c5300000, 0x00000000eab00000)
  object space 84992K, 28% used [0x00000000c0000000,0x00000000c17a54d0,0x00000000c5300000)
 Metaspace       used 6500K, capacity 7192K, committed 7424K, reserved 1056768K
  class space    used 628K, capacity 656K, committed 768K, reserved 1048576K
}

Deoptimization events (10 events):
Event: 7.854 Thread 0x000000000255e000 Uncommon trap: reason=unstable_if action=reinterpret pc=0x0000000002dd90b4 method=java.util.HashMap.putVal(ILjava/lang/Object;Ljava/lang/Object;ZZ)Ljava/lang/Object; @ 162
Event: 7.854 Thread 0x000000000255e000 Uncommon trap: reason=unstable_if action=reinterpret pc=0x0000000002bc4070 method=java.util.HashMap.getNode(ILjava/lang/Object;)Ljava/util/HashMap$Node; @ 84
Event: 7.885 Thread 0x000000000255e000 Uncommon trap: reason=unstable_if action=reinterpret pc=0x0000000002b66f88 method=java.util.HashMap.getNode(ILjava/lang/Object;)Ljava/util/HashMap$Node; @ 84
Event: 7.905 Thread 0x000000000255e000 Uncommon trap: reason=bimorphic action=maybe_recompile pc=0x0000000002f43e64 method=com.android.dx.ssa.LiteralOpUpgrader.tryReplacingWithConstant(Lcom/android/dx/ssa/NormalSsaInsn;)Z @ 62
Event: 8.050 Thread 0x0000000056c1c800 Uncommon trap: reason=unstable_if action=reinterpret pc=0x0000000002de2f1c method=java.util.HashMap.putVal(ILjava/lang/Object;Ljava/lang/Object;ZZ)Ljava/lang/Object; @ 162
Event: 8.078 Thread 0x0000000056c12000 Uncommon trap: reason=unstable_if action=reinterpret pc=0x0000000002efbe30 method=com.android.dx.ssa.MoveParamCombiner$1.visitNonMoveInsn(Lcom/android/dx/ssa/NormalSsaInsn;)V @ 27
Event: 8.130 Thread 0x0000000056c13800 Uncommon trap: reason=unstable_if action=reinterpret pc=0x00000000030a5124 method=com.android.dx.rop.code.BasicBlockList.preferredSuccessorOf(Lcom/android/dx/rop/code/BasicBlock;)Lcom/android/dx/rop/code/BasicBlock; @ 58
Event: 8.332 Thread 0x0000000056c12000 Uncommon trap: reason=unstable_if action=reinterpret pc=0x000000000324490c method=java.util.HashMap.getNode(ILjava/lang/Object;)Ljava/util/HashMap$Node; @ 84
Event: 8.550 Thread 0x0000000056c12000 Uncommon trap: reason=unstable_if action=reinterpret pc=0x0000000002f656ec method=java.util.HashMap.resize()[Ljava/util/HashMap$Node; @ 206
Event: 9.159 Thread 0x0000000056c12000 Uncommon trap: reason=unstable_if action=reinterpret pc=0x000000000326af7c method=java.util.HashMap.putVal(ILjava/lang/Object;Ljava/lang/Object;ZZ)Ljava/lang/Object; @ 109

Internal exceptions (7 events):
Event: 0.067 Thread 0x000000000255e000 Exception <a 'java/lang/NoSuchMethodError': Method sun.misc.Unsafe.defineClass(Ljava/lang/String;[BII)Ljava/lang/Class; name or signature does not match> (0x00000000eab07cc0) thrown at [C:\re\workspace\8-2-build-windows-amd64-cygwin\jdk8u91\6644\hotspot\srà¿Á(õ/±?
Event: 0.067 Thread 0x000000000255e000 Exception <a 'java/lang/NoSuchMethodError': Method sun.misc.Unsafe.prefetchRead(Ljava/lang/Object;J)V name or signature does not match> (0x00000000eab07fa8) thrown at [C:\re\workspace\8-2-build-windows-amd64-cygwin\jdk8u91\6644\hotspot\src\share\vm\prims\j„Ûê€J
Event: 2.036 Thread 0x0000000056c19800 Implicit null exception at 0x0000000002bd8e6e to 0x0000000002bdae7d
Event: 2.360 Thread 0x0000000056c19800 Implicit null exception at 0x0000000002bc6e57 to 0x0000000002bc88f1
Event: 7.817 Thread 0x0000000056c1c800 Exception <a 'java/lang/ArrayIndexOutOfBoundsException': 18> (0x00000000ed03b780) thrown at [C:\re\workspace\8-2-build-windows-amd64-cygwin\jdk8u91\6644\hotspot\src\share\vm\interpreter\interpreterRuntime.cpp, line 366]
Event: 7.817 Thread 0x0000000056c1c800 Exception <a 'java/lang/ArrayIndexOutOfBoundsException': 145> (0x00000000ed03d300) thrown at [C:\re\workspace\8-2-build-windows-amd64-cygwin\jdk8u91\6644\hotspot\src\share\vm\interpreter\interpreterRuntime.cpp, line 366]
Event: 7.818 Thread 0x0000000056c1c800 Exception <a 'java/lang/ArrayIndexOutOfBoundsException': 40> (0x00000000ed03e5e8) thrown at [C:\re\workspace\8-2-build-windows-amd64-cygwin\jdk8u91\6644\hotspot\src\share\vm\interpreter\interpreterRuntime.cpp, line 366]

Events (10 events):
Event: 8.550 Thread 0x0000000056c12000 Uncommon trap: trap_request=0xffffff65 fr.pc=0x0000000002f656ec
Event: 8.550 Thread 0x0000000056c12000 DEOPT PACKING pc=0x0000000002f656ec sp=0x00000000578be350
Event: 8.550 Thread 0x0000000056c12000 DEOPT UNPACKING pc=0x000000000299582a sp=0x00000000578be2b8 mode 2
Event: 9.159 Thread 0x0000000056c12000 Uncommon trap: trap_request=0xffffff65 fr.pc=0x000000000326af7c
Event: 9.159 Thread 0x0000000056c12000 DEOPT PACKING pc=0x000000000326af7c sp=0x00000000578be3f0
Event: 9.159 Thread 0x0000000056c12000 DEOPT UNPACKING pc=0x000000000299582a sp=0x00000000578be298 mode 2
Event: 9.252 Executing VM operation: ParallelGCFailedAllocation
Event: 9.308 Executing VM operation: ParallelGCFailedAllocation done
Event: 9.464 Thread 0x0000000056c12000 DEOPT PACKING pc=0x0000000002da9e0f sp=0x00000000578be610
Event: 9.464 Thread 0x0000000056c12000 DEOPT UNPACKING pc=0x000000000299787f sp=0x00000000578be338 mode 0


Dynamic libraries:
0x000000013f480000 - 0x000000013f4b7000 	C:\Program Files\Java\jdk1.8.0_91\bin\java.exe
0x0000000077580000 - 0x000000007772a000 	C:\Windows\SYSTEM32\ntdll.dll
0x0000000077460000 - 0x000000007757f000 	C:\Windows\system32\kernel32.dll
0x000007fefd620000 - 0x000007fefd68a000 	C:\Windows\system32\KERNELBASE.dll
0x0000000075010000 - 0x0000000075099000 	C:\Windows\System32\SYSFER.DLL
0x000007fefd740000 - 0x000007fefd81b000 	C:\Windows\system32\ADVAPI32.dll
0x000007fefea70000 - 0x000007fefeb0f000 	C:\Windows\system32\msvcrt.dll
0x000007fefed40000 - 0x000007fefed5f000 	C:\Windows\SYSTEM32\sechost.dll
0x000007fefeb10000 - 0x000007fefec3d000 	C:\Windows\system32\RPCRT4.dll
0x0000000077360000 - 0x000000007745a000 	C:\Windows\system32\USER32.dll
0x000007fefd6c0000 - 0x000007fefd727000 	C:\Windows\system32\GDI32.dll
0x000007fefe5b0000 - 0x000007fefe5be000 	C:\Windows\system32\LPK.dll
0x000007feff060000 - 0x000007feff12a000 	C:\Windows\system32\USP10.dll
0x000007fefbed0000 - 0x000007fefc0c4000 	C:\Windows\WinSxS\amd64_microsoft.windows.common-controls_6595b64144ccf1df_6.0.7601.18837_none_fa3b1e3d17594757\COMCTL32.dll
0x000007feff680000 - 0x000007feff6f1000 	C:\Windows\system32\SHLWAPI.dll
0x000007fefe9a0000 - 0x000007fefe9ce000 	C:\Windows\system32\IMM32.DLL
0x000007fefe890000 - 0x000007fefe999000 	C:\Windows\system32\MSCTF.dll
0x0000000063ab0000 - 0x0000000063b82000 	C:\Program Files\Java\jdk1.8.0_91\jre\bin\msvcr100.dll
0x00000000587d0000 - 0x0000000059063000 	C:\Program Files\Java\jdk1.8.0_91\jre\bin\server\jvm.dll
0x000007fefa190000 - 0x000007fefa199000 	C:\Windows\system32\WSOCK32.dll
0x000007fefef90000 - 0x000007fefefdd000 	C:\Windows\system32\WS2_32.dll
0x000007fefd730000 - 0x000007fefd738000 	C:\Windows\system32\NSI.dll
0x000007fef8c80000 - 0x000007fef8cbb000 	C:\Windows\system32\WINMM.dll
0x000007fefc3f0000 - 0x000007fefc3fc000 	C:\Windows\system32\VERSION.dll
0x0000000077740000 - 0x0000000077747000 	C:\Windows\system32\PSAPI.DLL
0x00000000723a0000 - 0x00000000723af000 	C:\Program Files\Java\jdk1.8.0_91\jre\bin\verify.dll
0x0000000072370000 - 0x0000000072399000 	C:\Program Files\Java\jdk1.8.0_91\jre\bin\java.dll
0x0000000066660000 - 0x0000000066676000 	C:\Program Files\Java\jdk1.8.0_91\jre\bin\zip.dll
0x000007fefd820000 - 0x000007fefe5aa000 	C:\Windows\system32\SHELL32.dll
0x000007fefed60000 - 0x000007fefef63000 	C:\Windows\system32\ole32.dll
0x000007fefd310000 - 0x000007fefd31f000 	C:\Windows\system32\profapi.dll

VM Arguments:
jvm_args: -Djava.awt.headless=true -Xmx1024M -Dfile.encoding=x-windows-949 -Duser.country=KR -Duser.language=ko -Duser.variant 
java_command: com.android.dx.command.Main --dex --force-jumbo --num-threads=4 --multi-dex --output D:\Documents\YongWoo\ReadingSalon\app\build\intermediates\transforms\dex\debug\folders\1000\10\com.android.support-appcompat-v7-23.4.0_693460bb4ebce476c7d39d008b51528591745d75 D:\Documents\YongWoo\ReadingSalon\app\build\intermediates\exploded-aar\com.android.support\appcompat-v7\23.4.0\jars\classes.jar
java_class_path (initial): D:\Documents\YongWoo\Android\sdk\build-tools\23.0.3\lib\dx.jar
Launcher Type: SUN_STANDARD

Environment Variables:
JAVA_HOME=C:\Program Files\Java\jdk1.8.0_91
PATH=C:\ProgramData\Oracle\Java\javapath;C:\Program Files (x86)\Common Files\NetSarang;C:\Program Files (x86)\Intel\iCLS Client\;C:\Program Files\Intel\iCLS Client\;C:\Windows\system32;C:\Windows;C:\Windows\System32\Wbem;C:\Windows\System32\WindowsPowerShell\v1.0\;C:\Program Files (x86)\Intel\OpenCL SDK\2.0\bin\x86;C:\Program Files (x86)\Intel\OpenCL SDK\2.0\bin\x64;C:\Program Files\SafeNet\Authentication\SAC\x64;C:\Program Files\Intel\Intel(R) Management Engine Components\DAL;C:\Program Files\Intel\Intel(R) Management Engine Components\IPT;C:\Program Files (x86)\Intel\Intel(R) Management Engine Components\DAL;C:\Program Files (x86)\Intel\Intel(R) Management Engine Components\IPT;C:\Program Files (x86)\Intel\OpenCL SDK\2.0\bin\x86;C:\Program Files (x86)\Intel\OpenCL SDK\2.0\bin\x64;C:\Program Files\Java\jdk1.8.0_91\bin;D:\Documents\YongWoo\PortableGit\bin
USERNAME=Datacenter
OS=Windows_NT
PROCESSOR_IDENTIFIER=Intel64 Family 6 Model 58 Stepping 9, GenuineIntel



---------------  S Y S T E M  ---------------

OS: Windows 7 , 64 bit Build 7601 (6.1.7601.23418)

CPU:total 4 (4 cores per cpu, 1 threads per core) family 6 model 58 stepping 9, cmov, cx8, fxsr, mmx, sse, sse2, sse3, ssse3, sse4.1, sse4.2, popcnt, avx, aes, clmul, erms, tsc, tscinvbit, tscinv

Memory: 4k page, physical 8061124k(777504k free), swap 8059264k(5396k free)

vm_info: Java HotSpot(TM) 64-Bit Server VM (25.91-b14) for windows-amd64 JRE (1.8.0_91-b14), built on Apr  1 2016 00:58:32 by "java_re" with MS VC++ 10.0 (VS2010)

time: Tue May 24 07:03:24 2016
elapsed time: 9 seconds (0d 0h 0m 9s)

