#
# There is insufficient memory for the Java Runtime Environment to continue.
# Native memory allocation (malloc) failed to allocate 97536 bytes for Chunk::new
# Possible reasons:
#   The system is out of physical RAM or swap space
#   In 32 bit mode, the process size limit was hit
# Possible solutions:
#   Reduce memory load on the system
#   Increase physical memory or swap space
#   Check if swap backing store is full
#   Use 64 bit Java on a 64 bit OS
#   Decrease Java heap size (-Xmx/-Xms)
#   Decrease number of Java threads
#   Decrease Java thread stack sizes (-Xss)
#   Set larger code cache with -XX:ReservedCodeCacheSize=
# This output file may be truncated or incomplete.
#
#  Out of Memory Error (allocation.cpp:390), pid=9168, tid=3812
#
# JRE version: Java(TM) SE Runtime Environment (8.0_91-b14) (build 1.8.0_91-b14)
# Java VM: Java HotSpot(TM) 64-Bit Server VM (25.91-b14 mixed mode windows-amd64 compressed oops)
# Failed to write core dump. Minidumps are not enabled by default on client versions of Windows
#

---------------  T H R E A D  ---------------

Current thread (0x00000000567dc000):  JavaThread "C2 CompilerThread1" daemon [_thread_in_native, id=3812, stack(0x0000000056f80000,0x0000000057080000)]

Stack: [0x0000000056f80000,0x0000000057080000]
[error occurred during error reporting (printing stack bounds), id 0xc0000005]

Native frames: (J=compiled Java code, j=interpreted, Vv=VM code, C=native code)


Current CompileTask:
C2:  15356 2723       4       com.android.dx.cf.cst.ConstantPoolParser::parse (365 bytes)


---------------  P R O C E S S  ---------------

Java Threads: ( => current thread )
  0x0000000056ad8000 JavaThread "pool-2-thread-4" [_thread_blocked, id=3988, stack(0x00000000583b0000,0x00000000584b0000)]
  0x0000000056a7b800 JavaThread "pool-2-thread-3" [_thread_in_Java, id=4004, stack(0x00000000565a0000,0x00000000566a0000)]
  0x0000000056a7a800 JavaThread "pool-2-thread-2" [_thread_blocked, id=3956, stack(0x0000000057db0000,0x0000000057eb0000)]
  0x00000000575d8800 JavaThread "pool-3-thread-1" [_thread_blocked, id=3972, stack(0x0000000058110000,0x0000000058210000)]
  0x0000000056b48800 JavaThread "pool-2-thread-1" [_thread_blocked, id=3984, stack(0x0000000057f20000,0x0000000058020000)]
  0x00000000567e1000 JavaThread "Service Thread" daemon [_thread_blocked, id=3228, stack(0x00000000572b0000,0x00000000573b0000)]
  0x00000000567dd000 JavaThread "C1 CompilerThread2" daemon [_thread_blocked, id=4908, stack(0x0000000057160000,0x0000000057260000)]
=>0x00000000567dc000 JavaThread "C2 CompilerThread1" daemon [_thread_in_native, id=3812, stack(0x0000000056f80000,0x0000000057080000)]
  0x00000000551ed800 JavaThread "C2 CompilerThread0" daemon [_thread_blocked, id=3740, stack(0x0000000056d30000,0x0000000056e30000)]
  0x00000000551ea800 JavaThread "Attach Listener" daemon [_thread_blocked, id=3804, stack(0x0000000056e50000,0x0000000056f50000)]
  0x00000000551df800 JavaThread "Signal Dispatcher" daemon [_thread_blocked, id=8328, stack(0x0000000056bd0000,0x0000000056cd0000)]
  0x00000000551c9000 JavaThread "Finalizer" daemon [_thread_blocked, id=9456, stack(0x00000000566c0000,0x00000000567c0000)]
  0x0000000055182000 JavaThread "Reference Handler" daemon [_thread_blocked, id=1264, stack(0x0000000056480000,0x0000000056580000)]
  0x000000000269e000 JavaThread "main" [_thread_blocked, id=7216, stack(0x0000000002830000,0x0000000002930000)]

Other Threads:
  0x000000005517a800 VMThread [stack: 0x0000000056290000,0x0000000056390000] [id=10068]
  0x0000000056875800 WatcherThread [stack: 0x00000000574a0000,0x00000000575a0000] [id=3772]

VM state:not at safepoint (normal execution)

VM Mutex/Monitor currently owned by a thread: None

Heap:
 PSYoungGen      total 277504K, used 60590K [0x00000000eab00000, 0x00000000fe100000, 0x0000000100000000)
  eden space 249856K, 14% used [0x00000000eab00000,0x00000000ece3acc8,0x00000000f9f00000)
  from space 27648K, 88% used [0x00000000fbe00000,0x00000000fd5f0e40,0x00000000fd900000)
  to   space 31744K, 0% used [0x00000000f9f00000,0x00000000f9f00000,0x00000000fbe00000)
 ParOldGen       total 84992K, used 43115K [0x00000000c0000000, 0x00000000c5300000, 0x00000000eab00000)
  object space 84992K, 50% used [0x00000000c0000000,0x00000000c2a1ad20,0x00000000c5300000)
 Metaspace       used 6594K, capacity 7256K, committed 7424K, reserved 1056768K
  class space    used 628K, capacity 656K, committed 768K, reserved 1048576K

Card table byte_map: [0x0000000011cf0000,0x0000000011f00000] byte_map_base: 0x00000000116f0000

Marking Bits: (ParMarkBitMap*) 0x0000000058fe2f70
 Begin Bits: [0x00000000125f0000, 0x00000000135f0000)
 End Bits:   [0x00000000135f0000, 0x00000000145f0000)

Polling page: 0x0000000000350000

CodeCache: size=245760Kb used=12814Kb max_used=12825Kb free=232945Kb
 bounds [0x0000000002930000, 0x00000000035d0000, 0x0000000011930000]
 total_blobs=2909 nmethods=2637 adapters=184
 compilation: enabled

Compilation events (10 events):
Event: 15.296 Thread 0x00000000567dd000 2720       3       java.util.DualPivotQuicksort::sort (614 bytes)
Event: 15.297 Thread 0x00000000567dd000 nmethod 2720 0x00000000035a0fd0 code [0x00000000035a1280, 0x00000000035a26b8]
Event: 15.297 Thread 0x00000000551ed800 2721       4       java.util.HashMap::resize (359 bytes)
Event: 15.297 Thread 0x00000000567dc000 nmethod 2718 0x000000000359e310 code [0x000000000359e4c0, 0x000000000359eca8]
Event: 15.302 Thread 0x00000000551ed800 nmethod 2721 0x00000000035a05d0 code [0x00000000035a0760, 0x00000000035a0c88]
Event: 15.306 Thread 0x00000000567dd000 2722       3       com.android.dx.rop.code.Rops::pickBinaryOp (158 bytes)
Event: 15.307 Thread 0x00000000567dd000 nmethod 2722 0x000000000359ca10 code [0x000000000359cc60, 0x000000000359dad8]
Event: 15.348 Thread 0x00000000567dc000 2723       4       com.android.dx.cf.cst.ConstantPoolParser::parse (365 bytes)
Event: 15.348 Thread 0x00000000551ed800 2724       4       java.lang.Character::forDigit (42 bytes)
Event: 15.349 Thread 0x00000000551ed800 nmethod 2724 0x00000000035951d0 code [0x0000000003595300, 0x00000000035953b8]

GC Heap History (10 events):
Event: 1.117 GC heap before
{Heap before GC invocations=2 (full 0):
 PSYoungGen      total 36864K, used 36720K [0x00000000eab00000, 0x00000000ef300000, 0x0000000100000000)
  eden space 31744K, 100% used [0x00000000eab00000,0x00000000eca00000,0x00000000eca00000)
  from space 5120K, 97% used [0x00000000eca00000,0x00000000ecedc0f8,0x00000000ecf00000)
  to   space 5120K, 0% used [0x00000000eee00000,0x00000000eee00000,0x00000000ef300000)
 ParOldGen       total 84992K, used 0K [0x00000000c0000000, 0x00000000c5300000, 0x00000000eab00000)
  object space 84992K, 0% used [0x00000000c0000000,0x00000000c0000000,0x00000000c5300000)
 Metaspace       used 5985K, capacity 6838K, committed 7040K, reserved 1056768K
  class space    used 606K, capacity 622K, committed 640K, reserved 1048576K
Event: 1.468 GC heap after
Heap after GC invocations=2 (full 0):
 PSYoungGen      total 68608K, used 5089K [0x00000000eab00000, 0x00000000ef300000, 0x0000000100000000)
  eden space 63488K, 0% used [0x00000000eab00000,0x00000000eab00000,0x00000000ee900000)
  from space 5120K, 99% used [0x00000000eee00000,0x00000000ef2f85b0,0x00000000ef300000)
  to   space 5120K, 0% used [0x00000000ee900000,0x00000000ee900000,0x00000000eee00000)
 ParOldGen       total 84992K, used 3255K [0x00000000c0000000, 0x00000000c5300000, 0x00000000eab00000)
  object space 84992K, 3% used [0x00000000c0000000,0x00000000c032dda0,0x00000000c5300000)
 Metaspace       used 5985K, capacity 6838K, committed 7040K, reserved 1056768K
  class space    used 606K, capacity 622K, committed 640K, reserved 1048576K
}
Event: 2.027 GC heap before
{Heap before GC invocations=3 (full 0):
 PSYoungGen      total 68608K, used 68577K [0x00000000eab00000, 0x00000000ef300000, 0x0000000100000000)
  eden space 63488K, 100% used [0x00000000eab00000,0x00000000ee900000,0x00000000ee900000)
  from space 5120K, 99% used [0x00000000eee00000,0x00000000ef2f85b0,0x00000000ef300000)
  to   space 5120K, 0% used [0x00000000ee900000,0x00000000ee900000,0x00000000eee00000)
 ParOldGen       total 84992K, used 3255K [0x00000000c0000000, 0x00000000c5300000, 0x00000000eab00000)
  object space 84992K, 3% used [0x00000000c0000000,0x00000000c032dda0,0x00000000c5300000)
 Metaspace       used 6323K, capacity 7094K, committed 7296K, reserved 1056768K
  class space    used 607K, capacity 622K, committed 640K, reserved 1048576K
Event: 2.044 GC heap after
Heap after GC invocations=3 (full 0):
 PSYoungGen      total 68608K, used 5089K [0x00000000eab00000, 0x00000000f3100000, 0x0000000100000000)
  eden space 63488K, 0% used [0x00000000eab00000,0x00000000eab00000,0x00000000ee900000)
  from space 5120K, 99% used [0x00000000ee900000,0x00000000eedf85c0,0x00000000eee00000)
  to   space 5120K, 0% used [0x00000000f2c00000,0x00000000f2c00000,0x00000000f3100000)
 ParOldGen       total 84992K, used 13555K [0x00000000c0000000, 0x00000000c5300000, 0x00000000eab00000)
  object space 84992K, 15% used [0x00000000c0000000,0x00000000c0d3cec0,0x00000000c5300000)
 Metaspace       used 6323K, capacity 7094K, committed 7296K, reserved 1056768K
  class space    used 607K, capacity 622K, committed 640K, reserved 1048576K
}
Event: 3.922 GC heap before
{Heap before GC invocations=4 (full 0):
 PSYoungGen      total 68608K, used 68577K [0x00000000eab00000, 0x00000000f3100000, 0x0000000100000000)
  eden space 63488K, 100% used [0x00000000eab00000,0x00000000ee900000,0x00000000ee900000)
  from space 5120K, 99% used [0x00000000ee900000,0x00000000eedf85c0,0x00000000eee00000)
  to   space 5120K, 0% used [0x00000000f2c00000,0x00000000f2c00000,0x00000000f3100000)
 ParOldGen       total 84992K, used 13555K [0x00000000c0000000, 0x00000000c5300000, 0x00000000eab00000)
  object space 84992K, 15% used [0x00000000c0000000,0x00000000c0d3cec0,0x00000000c5300000)
 Metaspace       used 6366K, capacity 7158K, committed 7296K, reserved 1056768K
  class space    used 608K, capacity 622K, committed 640K, reserved 1048576K
Event: 3.950 GC heap after
Heap after GC invocations=4 (full 0):
 PSYoungGen      total 132096K, used 5089K [0x00000000eab00000, 0x00000000f3100000, 0x0000000100000000)
  eden space 126976K, 0% used [0x00000000eab00000,0x00000000eab00000,0x00000000f2700000)
  from space 5120K, 99% used [0x00000000f2c00000,0x00000000f30f85c0,0x00000000f3100000)
  to   space 5120K, 0% used [0x00000000f2700000,0x00000000f2700000,0x00000000f2c00000)
 ParOldGen       total 84992K, used 22044K [0x00000000c0000000, 0x00000000c5300000, 0x00000000eab00000)
  object space 84992K, 25% used [0x00000000c0000000,0x00000000c1587368,0x00000000c5300000)
 Metaspace       used 6366K, capacity 7158K, committed 7296K, reserved 1056768K
  class space    used 608K, capacity 622K, committed 640K, reserved 1048576K
}
Event: 9.604 GC heap before
{Heap before GC invocations=5 (full 0):
 PSYoungGen      total 132096K, used 132065K [0x00000000eab00000, 0x00000000f3100000, 0x0000000100000000)
  eden space 126976K, 100% used [0x00000000eab00000,0x00000000f2700000,0x00000000f2700000)
  from space 5120K, 99% used [0x00000000f2c00000,0x00000000f30f85c0,0x00000000f3100000)
  to   space 5120K, 0% used [0x00000000f2700000,0x00000000f2700000,0x00000000f2c00000)
 ParOldGen       total 84992K, used 22044K [0x00000000c0000000, 0x00000000c5300000, 0x00000000eab00000)
  object space 84992K, 25% used [0x00000000c0000000,0x00000000c1587368,0x00000000c5300000)
 Metaspace       used 6540K, capacity 7256K, committed 7424K, reserved 1056768K
  class space    used 628K, capacity 656K, committed 768K, reserved 1048576K
Event: 9.666 GC heap after
Heap after GC invocations=5 (full 0):
 PSYoungGen      total 132096K, used 5110K [0x00000000eab00000, 0x00000000fd900000, 0x0000000100000000)
  eden space 126976K, 0% used [0x00000000eab00000,0x00000000eab00000,0x00000000f2700000)
  from space 5120K, 99% used [0x00000000f2700000,0x00000000f2bfd990,0x00000000f2c00000)
  to   space 27648K, 0% used [0x00000000fbe00000,0x00000000fbe00000,0x00000000fd900000)
 ParOldGen       total 84992K, used 43115K [0x00000000c0000000, 0x00000000c5300000, 0x00000000eab00000)
  object space 84992K, 50% used [0x00000000c0000000,0x00000000c2a1ad20,0x00000000c5300000)
 Metaspace       used 6540K, capacity 7256K, committed 7424K, reserved 1056768K
  class space    used 628K, capacity 656K, committed 768K, reserved 1048576K
}
Event: 14.527 GC heap before
{Heap before GC invocations=6 (full 0):
 PSYoungGen      total 132096K, used 132086K [0x00000000eab00000, 0x00000000fd900000, 0x0000000100000000)
  eden space 126976K, 100% used [0x00000000eab00000,0x00000000f2700000,0x00000000f2700000)
  from space 5120K, 99% used [0x00000000f2700000,0x00000000f2bfd990,0x00000000f2c00000)
  to   space 27648K, 0% used [0x00000000fbe00000,0x00000000fbe00000,0x00000000fd900000)
 ParOldGen       total 84992K, used 43115K [0x00000000c0000000, 0x00000000c5300000, 0x00000000eab00000)
  object space 84992K, 50% used [0x00000000c0000000,0x00000000c2a1ad20,0x00000000c5300000)
 Metaspace       used 6587K, capacity 7256K, committed 7424K, reserved 1056768K
  class space    used 628K, capacity 656K, committed 768K, reserved 1048576K
Event: 14.781 GC heap after
Heap after GC invocations=6 (full 0):
 PSYoungGen      total 277504K, used 24515K [0x00000000eab00000, 0x00000000fe100000, 0x0000000100000000)
  eden space 249856K, 0% used [0x00000000eab00000,0x00000000eab00000,0x00000000f9f00000)
  from space 27648K, 88% used [0x00000000fbe00000,0x00000000fd5f0e40,0x00000000fd900000)
  to   space 31744K, 0% used [0x00000000f9f00000,0x00000000f9f00000,0x00000000fbe00000)
 ParOldGen       total 84992K, used 43115K [0x00000000c0000000, 0x00000000c5300000, 0x00000000eab00000)
  object space 84992K, 50% used [0x00000000c0000000,0x00000000c2a1ad20,0x00000000c5300000)
 Metaspace       used 6587K, capacity 7256K, committed 7424K, reserved 1056768K
  class space    used 628K, capacity 656K, committed 768K, reserved 1048576K
}

Deoptimization events (10 events):
Event: 14.035 Thread 0x0000000056ad8000 Uncommon trap: reason=class_check action=maybe_recompile pc=0x0000000003520f20 method=com.android.dx.cf.code.BytecodeArray.parseInstruction(ILcom/android/dx/cf/code/BytecodeArray$Visitor;)I @ 1642
Event: 14.040 Thread 0x0000000056a7b800 Uncommon trap: reason=bimorphic action=maybe_recompile pc=0x0000000002d59528 method=java.util.HashMap.getNode(ILjava/lang/Object;)Ljava/util/HashMap$Node; @ 126
Event: 14.040 Thread 0x0000000056a7b800 Uncommon trap: reason=bimorphic action=maybe_recompile pc=0x0000000002d59528 method=java.util.HashMap.getNode(ILjava/lang/Object;)Ljava/util/HashMap$Node; @ 126
Event: 14.040 Thread 0x0000000056a7b800 Uncommon trap: reason=bimorphic action=maybe_recompile pc=0x0000000002d59528 method=java.util.HashMap.getNode(ILjava/lang/Object;)Ljava/util/HashMap$Node; @ 126
Event: 14.040 Thread 0x0000000056a7a800 Uncommon trap: reason=class_check action=maybe_recompile pc=0x0000000003521510 method=com.android.dx.cf.code.BytecodeArray.parseInstruction(ILcom/android/dx/cf/code/BytecodeArray$Visitor;)I @ 2032
Event: 14.040 Thread 0x0000000056a7a800 Uncommon trap: reason=class_check action=maybe_recompile pc=0x0000000003521510 method=com.android.dx.cf.code.BytecodeArray.parseInstruction(ILcom/android/dx/cf/code/BytecodeArray$Visitor;)I @ 2032
Event: 14.127 Thread 0x000000000269e000 Uncommon trap: reason=unstable_if action=reinterpret pc=0x0000000003213704 method=com.android.dx.cf.direct.StdAttributeFactory.parse0(Lcom/android/dx/cf/direct/DirectClassFile;ILjava/lang/String;IILcom/android/dx/cf/iface/ParseObserver;)Lcom/android/dx/cf/­…é:¨x,@
Event: 14.236 Thread 0x0000000056a7b800 Uncommon trap: reason=unstable_if action=reinterpret pc=0x00000000034cfe84 method=java.util.HashMap.putVal(ILjava/lang/Object;Ljava/lang/Object;ZZ)Ljava/lang/Object; @ 94
Event: 14.381 Thread 0x0000000056a7b800 Uncommon trap: reason=unstable_if action=reinterpret pc=0x0000000002d0c360 method=java.util.HashMap.getNode(ILjava/lang/Object;)Ljava/util/HashMap$Node; @ 84
Event: 15.279 Thread 0x0000000056a7b800 Uncommon trap: reason=unstable_if action=reinterpret pc=0x0000000002ea41a4 method=java.util.HashMap.resize()[Ljava/util/HashMap$Node; @ 206

Internal exceptions (9 events):
Event: 0.035 Thread 0x000000000269e000 Exception <a 'java/lang/NoSuchMethodError': Method sun.misc.Unsafe.defineClass(Ljava/lang/String;[BII)Ljava/lang/Class; name or signature does not match> (0x00000000eab07cc0) thrown at [C:\re\workspace\8-2-build-windows-amd64-cygwin\jdk8u91\6644\hotspot\srn¢wvÚÁ¡?
Event: 0.035 Thread 0x000000000269e000 Exception <a 'java/lang/NoSuchMethodError': Method sun.misc.Unsafe.prefetchRead(Ljava/lang/Object;J)V name or signature does not match> (0x00000000eab07fa8) thrown at [C:\re\workspace\8-2-build-windows-amd64-cygwin\jdk8u91\6644\hotspot\src\share\vm\prims\j»+²¢…Aì?
Event: 0.883 Thread 0x000000000269e000 Implicit null exception at 0x0000000002ba81c9 to 0x0000000002baa1d9
Event: 1.004 Thread 0x0000000056ad8000 Implicit null exception at 0x0000000002b9cd12 to 0x0000000002b9ce11
Event: 7.441 Thread 0x0000000056b48800 Implicit null exception at 0x0000000002f4d828 to 0x0000000002f4ec19
Event: 7.485 Thread 0x0000000056a7b800 Implicit null exception at 0x0000000002f56ca8 to 0x0000000002f58119
Event: 8.278 Thread 0x0000000056b48800 Exception <a 'java/lang/ArrayIndexOutOfBoundsException': 18> (0x00000000ef57f858) thrown at [C:\re\workspace\8-2-build-windows-amd64-cygwin\jdk8u91\6644\hotspot\src\share\vm\interpreter\interpreterRuntime.cpp, line 366]
Event: 8.279 Thread 0x0000000056b48800 Exception <a 'java/lang/ArrayIndexOutOfBoundsException'> (0x00000000ef5813d8) thrown at [C:\re\workspace\8-2-build-windows-amd64-cygwin\jdk8u91\6644\hotspot\src\share\vm\runtime\sharedRuntime.cpp, line 605]
Event: 8.279 Thread 0x0000000056b48800 Exception <a 'java/lang/ArrayIndexOutOfBoundsException'> (0x00000000ef5826c0) thrown at [C:\re\workspace\8-2-build-windows-amd64-cygwin\jdk8u91\6644\hotspot\src\share\vm\runtime\sharedRuntime.cpp, line 605]

Events (10 events):
Event: 14.381 Thread 0x0000000056a7b800 DEOPT UNPACKING pc=0x000000000297582a sp=0x000000005669e3e8 mode 2
Event: 14.515 loading class com/android/dx/ssa/Dominators$1
Event: 14.515 loading class com/android/dx/ssa/Dominators$1 done
Event: 14.526 Executing VM operation: ParallelGCFailedAllocation
Event: 14.781 Executing VM operation: ParallelGCFailedAllocation done
Event: 15.279 Thread 0x0000000056a7b800 Uncommon trap: trap_request=0xffffff65 fr.pc=0x0000000002ea41a4
Event: 15.279 Thread 0x0000000056a7b800 DEOPT PACKING pc=0x0000000002ea41a4 sp=0x000000005669e570
Event: 15.279 Thread 0x0000000056a7b800 DEOPT UNPACKING pc=0x000000000297582a sp=0x000000005669e4d8 mode 2
Event: 15.348 Thread 0x000000000269e000 DEOPT PACKING pc=0x0000000002ef457b sp=0x000000000292e610
Event: 15.348 Thread 0x000000000269e000 DEOPT UNPACKING pc=0x000000000297787f sp=0x000000000292e420 mode 0


Dynamic libraries:
0x000000013f480000 - 0x000000013f4b7000 	C:\Program Files\Java\jdk1.8.0_91\bin\java.exe
0x0000000077580000 - 0x000000007772a000 	C:\Windows\SYSTEM32\ntdll.dll
0x0000000077460000 - 0x000000007757f000 	C:\Windows\system32\kernel32.dll
0x000007fefd620000 - 0x000007fefd68a000 	C:\Windows\system32\KERNELBASE.dll
0x0000000075010000 - 0x0000000075099000 	C:\Windows\System32\SYSFER.DLL
0x000007fefd740000 - 0x000007fefd81b000 	C:\Windows\system32\ADVAPI32.dll
0x000007fefea70000 - 0x000007fefeb0f000 	C:\Windows\system32\msvcrt.dll
0x000007fefed40000 - 0x000007fefed5f000 	C:\Windows\SYSTEM32\sechost.dll
0x000007fefeb10000 - 0x000007fefec3d000 	C:\Windows\system32\RPCRT4.dll
0x0000000077360000 - 0x000000007745a000 	C:\Windows\system32\USER32.dll
0x000007fefd6c0000 - 0x000007fefd727000 	C:\Windows\system32\GDI32.dll
0x000007fefe5b0000 - 0x000007fefe5be000 	C:\Windows\system32\LPK.dll
0x000007feff060000 - 0x000007feff12a000 	C:\Windows\system32\USP10.dll
0x000007fefbed0000 - 0x000007fefc0c4000 	C:\Windows\WinSxS\amd64_microsoft.windows.common-controls_6595b64144ccf1df_6.0.7601.18837_none_fa3b1e3d17594757\COMCTL32.dll
0x000007feff680000 - 0x000007feff6f1000 	C:\Windows\system32\SHLWAPI.dll
0x000007fefe9a0000 - 0x000007fefe9ce000 	C:\Windows\system32\IMM32.DLL
0x000007fefe890000 - 0x000007fefe999000 	C:\Windows\system32\MSCTF.dll
0x0000000063ab0000 - 0x0000000063b82000 	C:\Program Files\Java\jdk1.8.0_91\jre\bin\msvcr100.dll
0x00000000587d0000 - 0x0000000059063000 	C:\Program Files\Java\jdk1.8.0_91\jre\bin\server\jvm.dll
0x000007fefa190000 - 0x000007fefa199000 	C:\Windows\system32\WSOCK32.dll
0x000007fefef90000 - 0x000007fefefdd000 	C:\Windows\system32\WS2_32.dll
0x000007fefd730000 - 0x000007fefd738000 	C:\Windows\system32\NSI.dll
0x000007fef8c80000 - 0x000007fef8cbb000 	C:\Windows\system32\WINMM.dll
0x000007fefc3f0000 - 0x000007fefc3fc000 	C:\Windows\system32\VERSION.dll
0x0000000077740000 - 0x0000000077747000 	C:\Windows\system32\PSAPI.DLL
0x00000000723a0000 - 0x00000000723af000 	C:\Program Files\Java\jdk1.8.0_91\jre\bin\verify.dll
0x0000000072370000 - 0x0000000072399000 	C:\Program Files\Java\jdk1.8.0_91\jre\bin\java.dll
0x0000000066660000 - 0x0000000066676000 	C:\Program Files\Java\jdk1.8.0_91\jre\bin\zip.dll
0x000007fefd820000 - 0x000007fefe5aa000 	C:\Windows\system32\SHELL32.dll
0x000007fefed60000 - 0x000007fefef63000 	C:\Windows\system32\ole32.dll
0x000007fefd310000 - 0x000007fefd31f000 	C:\Windows\system32\profapi.dll

VM Arguments:
jvm_args: -Djava.awt.headless=true -Xmx1024M -Dfile.encoding=x-windows-949 -Duser.country=KR -Duser.language=ko -Duser.variant 
java_command: com.android.dx.command.Main --dex --force-jumbo --num-threads=4 --multi-dex --output D:\Documents\YongWoo\ReadingSalon\app\build\intermediates\transforms\dex\debug\folders\1000\10\com.android.support-support-v4-23.4.0_5c1984b85797e87b50c3e98b131da411916e146a D:\Documents\YongWoo\ReadingSalon\app\build\intermediates\exploded-aar\com.android.support\support-v4\23.4.0\jars\classes.jar
java_class_path (initial): D:\Documents\YongWoo\Android\sdk\build-tools\23.0.3\lib\dx.jar
Launcher Type: SUN_STANDARD

Environment Variables:
JAVA_HOME=C:\Program Files\Java\jdk1.8.0_91
PATH=C:\ProgramData\Oracle\Java\javapath;C:\Program Files (x86)\Common Files\NetSarang;C:\Program Files (x86)\Intel\iCLS Client\;C:\Program Files\Intel\iCLS Client\;C:\Windows\system32;C:\Windows;C:\Windows\System32\Wbem;C:\Windows\System32\WindowsPowerShell\v1.0\;C:\Program Files (x86)\Intel\OpenCL SDK\2.0\bin\x86;C:\Program Files (x86)\Intel\OpenCL SDK\2.0\bin\x64;C:\Program Files\SafeNet\Authentication\SAC\x64;C:\Program Files\Intel\Intel(R) Management Engine Components\DAL;C:\Program Files\Intel\Intel(R) Management Engine Components\IPT;C:\Program Files (x86)\Intel\Intel(R) Management Engine Components\DAL;C:\Program Files (x86)\Intel\Intel(R) Management Engine Components\IPT;C:\Program Files (x86)\Intel\OpenCL SDK\2.0\bin\x86;C:\Program Files (x86)\Intel\OpenCL SDK\2.0\bin\x64;C:\Program Files\Java\jdk1.8.0_91\bin;D:\Documents\YongWoo\PortableGit\bin
USERNAME=Datacenter
OS=Windows_NT
PROCESSOR_IDENTIFIER=Intel64 Family 6 Model 58 Stepping 9, GenuineIntel



---------------  S Y S T E M  ---------------

OS: Windows 7 , 64 bit Build 7601 (6.1.7601.23418)

CPU:total 4 (4 cores per cpu, 1 threads per core) family 6 model 58 stepping 9, cmov, cx8, fxsr, mmx, sse, sse2, sse3, ssse3, sse4.1, sse4.2, popcnt, avx, aes, clmul, erms, tsc, tscinvbit, tscinv

Memory: 4k page, physical 8061124k(1054632k free), swap 8059264k(4572k free)

vm_info: Java HotSpot(TM) 64-Bit Server VM (25.91-b14) for windows-amd64 JRE (1.8.0_91-b14), built on Apr  1 2016 00:58:32 by "java_re" with MS VC++ 10.0 (VS2010)

time: Tue May 24 06:52:14 2016
elapsed time: 15 seconds (0d 0h 0m 15s)

