#
# There is insufficient memory for the Java Runtime Environment to continue.
# Native memory allocation (malloc) failed to allocate 32744 bytes for ChunkPool::allocate
# Possible reasons:
#   The system is out of physical RAM or swap space
#   In 32 bit mode, the process size limit was hit
# Possible solutions:
#   Reduce memory load on the system
#   Increase physical memory or swap space
#   Check if swap backing store is full
#   Use 64 bit Java on a 64 bit OS
#   Decrease Java heap size (-Xmx/-Xms)
#   Decrease number of Java threads
#   Decrease Java thread stack sizes (-Xss)
#   Set larger code cache with -XX:ReservedCodeCacheSize=
# This output file may be truncated or incomplete.
#
#  Out of Memory Error (allocation.cpp:273), pid=7292, tid=4076
#
# JRE version: Java(TM) SE Runtime Environment (8.0_91-b14) (build 1.8.0_91-b14)
# Java VM: Java HotSpot(TM) 64-Bit Server VM (25.91-b14 mixed mode windows-amd64 compressed oops)
# Failed to write core dump. Minidumps are not enabled by default on client versions of Windows
#

---------------  T H R E A D  ---------------

Current thread (0x000000005685c000):  JavaThread "C2 CompilerThread1" daemon [_thread_in_native, id=4076, stack(0x0000000056450000,0x0000000056550000)]

Stack: [0x0000000056450000,0x0000000056550000]
[error occurred during error reporting (printing stack bounds), id 0xc0000005]

Native frames: (J=compiled Java code, j=interpreted, Vv=VM code, C=native code)


Current CompileTask:
C2:   7517 1984   !   4       com.android.dx.cf.code.BytecodeArray::parseInstruction (2764 bytes)


---------------  P R O C E S S  ---------------

Java Threads: ( => current thread )
  0x0000000056c07800 JavaThread "pool-2-thread-4" [_thread_blocked, id=9864, stack(0x0000000057990000,0x0000000057a90000)]
  0x0000000056c04800 JavaThread "pool-2-thread-3" [_thread_blocked, id=8416, stack(0x0000000057820000,0x0000000057920000)]
  0x0000000056c00000 JavaThread "pool-2-thread-2" [_thread_in_Java, id=10396, stack(0x00000000571d0000,0x00000000572d0000)]
  0x0000000056b00000 JavaThread "pool-3-thread-1" [_thread_blocked, id=3316, stack(0x00000000575e0000,0x00000000576e0000)]
  0x0000000056aff000 JavaThread "pool-2-thread-1" [_thread_blocked, id=3504, stack(0x0000000012100000,0x0000000012200000)]
  0x0000000056861800 JavaThread "Service Thread" daemon [_thread_blocked, id=9516, stack(0x00000000572f0000,0x00000000573f0000)]
  0x000000005685d000 JavaThread "C1 CompilerThread2" daemon [_thread_blocked, id=1596, stack(0x0000000057040000,0x0000000057140000)]
=>0x000000005685c000 JavaThread "C2 CompilerThread1" daemon [_thread_in_native, id=4076, stack(0x0000000056450000,0x0000000056550000)]
  0x000000005544e000 JavaThread "C2 CompilerThread0" daemon [_thread_in_native, id=5532, stack(0x0000000056230000,0x0000000056330000)]
  0x000000005684b800 JavaThread "Attach Listener" daemon [_thread_blocked, id=8340, stack(0x0000000056e60000,0x0000000056f60000)]
  0x0000000056848800 JavaThread "Signal Dispatcher" daemon [_thread_blocked, id=11008, stack(0x0000000056d10000,0x0000000056e10000)]
  0x0000000055429000 JavaThread "Finalizer" daemon [_thread_blocked, id=7884, stack(0x0000000056740000,0x0000000056840000)]
  0x00000000553e2000 JavaThread "Reference Handler" daemon [_thread_blocked, id=9752, stack(0x00000000565e0000,0x00000000566e0000)]
  0x00000000026ee000 JavaThread "main" [_thread_blocked, id=4020, stack(0x0000000002a30000,0x0000000002b30000)]

Other Threads:
  0x00000000553da800 VMThread [stack: 0x0000000056350000,0x0000000056450000] [id=6816]
  0x00000000568e1000 WatcherThread [stack: 0x0000000057460000,0x0000000057560000] [id=3204]

VM state:not at safepoint (normal execution)

VM Mutex/Monitor currently owned by a thread: None

Heap:
 PSYoungGen      total 68608K, used 8703K [0x00000000eab00000, 0x00000000f3100000, 0x0000000100000000)
  eden space 63488K, 5% used [0x00000000eab00000,0x00000000eae82e00,0x00000000ee900000)
  from space 5120K, 99% used [0x00000000ee900000,0x00000000eedfcff0,0x00000000eee00000)
  to   space 5120K, 0% used [0x00000000f2c00000,0x00000000f2c00000,0x00000000f3100000)
 ParOldGen       total 84992K, used 15308K [0x00000000c0000000, 0x00000000c5300000, 0x00000000eab00000)
  object space 84992K, 18% used [0x00000000c0000000,0x00000000c0ef33d0,0x00000000c5300000)
 Metaspace       used 6417K, capacity 7128K, committed 7424K, reserved 1056768K
  class space    used 626K, capacity 656K, committed 768K, reserved 1048576K

Card table byte_map: [0x0000000011ef0000,0x0000000012100000] byte_map_base: 0x00000000118f0000

Marking Bits: (ParMarkBitMap*) 0x0000000058fe2f70
 Begin Bits: [0x0000000012850000, 0x0000000013850000)
 End Bits:   [0x0000000013850000, 0x0000000014850000)

Polling page: 0x0000000000350000

CodeCache: size=245760Kb used=9762Kb max_used=9779Kb free=235997Kb
 bounds [0x0000000002b30000, 0x00000000034d0000, 0x0000000011b30000]
 total_blobs=2240 nmethods=1968 adapters=184
 compilation: enabled

Compilation events (10 events):
Event: 7.197 Thread 0x000000005685d000 nmethod 1986 0x0000000003461e10 code [0x0000000003461f80, 0x0000000003462108]
Event: 7.225 Thread 0x000000005544e000 1987       4       com.android.dx.ssa.back.IdenticalBlockCombiner::process (323 bytes)
Event: 7.225 Thread 0x000000005685d000 1988       3       java.util.concurrent.locks.AbstractQueuedSynchronizer::parkAndCheckInterrupt (8 bytes)
Event: 7.226 Thread 0x000000005685d000 nmethod 1988 0x000000000347ca50 code [0x000000000347cbe0, 0x000000000347d058]
Event: 7.281 Thread 0x000000005544e000 nmethod 1987 0x00000000034b7350 code [0x00000000034b75c0, 0x00000000034b9990]
Event: 7.378 Thread 0x000000005544e000 1989       4       com.android.dx.ssa.back.SsaToRop::removePhiFunctions (83 bytes)
Event: 7.399 Thread 0x000000005544e000 nmethod 1989 0x0000000003496a50 code [0x0000000003496c60, 0x0000000003497e28]
Event: 7.399 Thread 0x000000005544e000 1991       4       com.android.dx.dex.code.RopTranslator::pickOrder (400 bytes)
Event: 7.426 Thread 0x000000005544e000 nmethod 1991 0x00000000034a7990 code [0x00000000034a7bc0, 0x00000000034a9250]
Event: 7.426 Thread 0x000000005544e000 1993       4       com.android.dx.ssa.SCCP::run (298 bytes)

GC Heap History (6 events):
Event: 1.178 GC heap before
{Heap before GC invocations=1 (full 0):
 PSYoungGen      total 36864K, used 31744K [0x00000000eab00000, 0x00000000ed400000, 0x0000000100000000)
  eden space 31744K, 100% used [0x00000000eab00000,0x00000000eca00000,0x00000000eca00000)
  from space 5120K, 0% used [0x00000000ecf00000,0x00000000ecf00000,0x00000000ed400000)
  to   space 5120K, 0% used [0x00000000eca00000,0x00000000eca00000,0x00000000ecf00000)
 ParOldGen       total 84992K, used 0K [0x00000000c0000000, 0x00000000c5300000, 0x00000000eab00000)
  object space 84992K, 0% used [0x00000000c0000000,0x00000000c0000000,0x00000000c5300000)
 Metaspace       used 5977K, capacity 6902K, committed 7040K, reserved 1056768K
  class space    used 605K, capacity 622K, committed 640K, reserved 1048576K
Event: 1.212 GC heap after
Heap after GC invocations=1 (full 0):
 PSYoungGen      total 36864K, used 5101K [0x00000000eab00000, 0x00000000ef300000, 0x0000000100000000)
  eden space 31744K, 0% used [0x00000000eab00000,0x00000000eab00000,0x00000000eca00000)
  from space 5120K, 99% used [0x00000000eca00000,0x00000000ecefb590,0x00000000ecf00000)
  to   space 5120K, 0% used [0x00000000eee00000,0x00000000eee00000,0x00000000ef300000)
 ParOldGen       total 84992K, used 1214K [0x00000000c0000000, 0x00000000c5300000, 0x00000000eab00000)
  object space 84992K, 1% used [0x00000000c0000000,0x00000000c012f998,0x00000000c5300000)
 Metaspace       used 5977K, capacity 6902K, committed 7040K, reserved 1056768K
  class space    used 605K, capacity 622K, committed 640K, reserved 1048576K
}
Event: 2.570 GC heap before
{Heap before GC invocations=2 (full 0):
 PSYoungGen      total 36864K, used 36845K [0x00000000eab00000, 0x00000000ef300000, 0x0000000100000000)
  eden space 31744K, 100% used [0x00000000eab00000,0x00000000eca00000,0x00000000eca00000)
  from space 5120K, 99% used [0x00000000eca00000,0x00000000ecefb590,0x00000000ecf00000)
  to   space 5120K, 0% used [0x00000000eee00000,0x00000000eee00000,0x00000000ef300000)
 ParOldGen       total 84992K, used 1214K [0x00000000c0000000, 0x00000000c5300000, 0x00000000eab00000)
  object space 84992K, 1% used [0x00000000c0000000,0x00000000c012f998,0x00000000c5300000)
 Metaspace       used 6213K, capacity 7030K, committed 7296K, reserved 1056768K
  class space    used 605K, capacity 622K, committed 640K, reserved 1048576K
Event: 2.630 GC heap after
Heap after GC invocations=2 (full 0):
 PSYoungGen      total 68608K, used 5096K [0x00000000eab00000, 0x00000000ef300000, 0x0000000100000000)
  eden space 63488K, 0% used [0x00000000eab00000,0x00000000eab00000,0x00000000ee900000)
  from space 5120K, 99% used [0x00000000eee00000,0x00000000ef2fa268,0x00000000ef300000)
  to   space 5120K, 0% used [0x00000000ee900000,0x00000000ee900000,0x00000000eee00000)
 ParOldGen       total 84992K, used 5033K [0x00000000c0000000, 0x00000000c5300000, 0x00000000eab00000)
  object space 84992K, 5% used [0x00000000c0000000,0x00000000c04ea588,0x00000000c5300000)
 Metaspace       used 6213K, capacity 7030K, committed 7296K, reserved 1056768K
  class space    used 605K, capacity 622K, committed 640K, reserved 1048576K
}
Event: 7.106 GC heap before
{Heap before GC invocations=3 (full 0):
 PSYoungGen      total 68608K, used 68584K [0x00000000eab00000, 0x00000000ef300000, 0x0000000100000000)
  eden space 63488K, 100% used [0x00000000eab00000,0x00000000ee900000,0x00000000ee900000)
  from space 5120K, 99% used [0x00000000eee00000,0x00000000ef2fa268,0x00000000ef300000)
  to   space 5120K, 0% used [0x00000000ee900000,0x00000000ee900000,0x00000000eee00000)
 ParOldGen       total 84992K, used 5033K [0x00000000c0000000, 0x00000000c5300000, 0x00000000eab00000)
  object space 84992K, 5% used [0x00000000c0000000,0x00000000c04ea588,0x00000000c5300000)
 Metaspace       used 6417K, capacity 7128K, committed 7424K, reserved 1056768K
  class space    used 626K, capacity 656K, committed 768K, reserved 1048576K
Event: 7.157 GC heap after
Heap after GC invocations=3 (full 0):
 PSYoungGen      total 68608K, used 5107K [0x00000000eab00000, 0x00000000f3100000, 0x0000000100000000)
  eden space 63488K, 0% used [0x00000000eab00000,0x00000000eab00000,0x00000000ee900000)
  from space 5120K, 99% used [0x00000000ee900000,0x00000000eedfcff0,0x00000000eee00000)
  to   space 5120K, 0% used [0x00000000f2c00000,0x00000000f2c00000,0x00000000f3100000)
 ParOldGen       total 84992K, used 15308K [0x00000000c0000000, 0x00000000c5300000, 0x00000000eab00000)
  object space 84992K, 18% used [0x00000000c0000000,0x00000000c0ef33d0,0x00000000c5300000)
 Metaspace       used 6417K, capacity 7128K, committed 7424K, reserved 1056768K
  class space    used 626K, capacity 656K, committed 768K, reserved 1048576K
}

Deoptimization events (10 events):
Event: 3.896 Thread 0x0000000056aff000 Uncommon trap: reason=unstable_if action=reinterpret pc=0x000000000303ed0c method=java.util.HashMap.getNode(ILjava/lang/Object;)Ljava/util/HashMap$Node; @ 84
Event: 4.049 Thread 0x0000000056aff000 Uncommon trap: reason=unstable_if action=reinterpret pc=0x00000000032f1550 method=com.android.dx.util.BitIntSet.has(I)Z @ 8
Event: 4.049 Thread 0x0000000056aff000 Uncommon trap: reason=unstable_if action=reinterpret pc=0x00000000031f0374 method=com.android.dx.util.BitIntSet.has(I)Z @ 8
Event: 4.100 Thread 0x0000000056aff000 Uncommon trap: reason=unstable_if action=reinterpret pc=0x00000000031edbfc method=java.util.HashMap.resize()[Ljava/util/HashMap$Node; @ 206
Event: 4.319 Thread 0x0000000056aff000 Uncommon trap: reason=unstable_if action=reinterpret pc=0x0000000002fef4bc method=com.android.dx.ssa.SCCP.simulateBranch(Lcom/android/dx/ssa/SsaInsn;)V @ 64
Event: 4.704 Thread 0x0000000056c00000 Uncommon trap: reason=class_check action=maybe_recompile pc=0x00000000032da540 method=com.android.dx.cf.code.BytecodeArray.parseInstruction(ILcom/android/dx/cf/code/BytecodeArray$Visitor;)I @ 987
Event: 4.704 Thread 0x0000000056c00000 Uncommon trap: reason=class_check action=maybe_recompile pc=0x00000000032da540 method=com.android.dx.cf.code.BytecodeArray.parseInstruction(ILcom/android/dx/cf/code/BytecodeArray$Visitor;)I @ 987
Event: 6.005 Thread 0x0000000056c07800 Uncommon trap: reason=unstable_if action=reinterpret pc=0x00000000033d162c method=com.android.dx.cf.code.ByteCatchList.listFor(I)Lcom/android/dx/cf/code/ByteCatchList; @ 47
Event: 6.006 Thread 0x0000000056c07800 Uncommon trap: reason=unstable_if action=reinterpret pc=0x0000000003377fa4 method=com.android.dx.rop.code.BasicBlockList.preferredSuccessorOf(Lcom/android/dx/rop/code/BasicBlock;)Lcom/android/dx/rop/code/BasicBlock; @ 58
Event: 6.433 Thread 0x0000000056c00000 Uncommon trap: reason=bimorphic action=maybe_recompile pc=0x000000000315eba0 method=com.android.dx.ssa.SCCP.simulatePhi(Lcom/android/dx/ssa/PhiInsn;)V @ 124

Internal exceptions (7 events):
Event: 0.057 Thread 0x00000000026ee000 Exception <a 'java/lang/NoSuchMethodError': Method sun.misc.Unsafe.defineClass(Ljava/lang/String;[BII)Ljava/lang/Class; name or signature does not match> (0x00000000eab07cc0) thrown at [C:\re\workspace\8-2-build-windows-amd64-cygwin\jdk8u91\6644\hotspot\sr.}[Of­?
Event: 0.057 Thread 0x00000000026ee000 Exception <a 'java/lang/NoSuchMethodError': Method sun.misc.Unsafe.prefetchRead(Ljava/lang/Object;J)V name or signature does not match> (0x00000000eab07fa8) thrown at [C:\re\workspace\8-2-build-windows-amd64-cygwin\jdk8u91\6644\hotspot\src\share\vm\prims\j›Ü6©Cõú?
Event: 1.685 Thread 0x0000000056c00000 Implicit null exception at 0x0000000002e8bbfd to 0x0000000002e8db55
Event: 2.035 Thread 0x0000000056c07800 Implicit null exception at 0x0000000002e5d112 to 0x0000000002e5d202
Event: 2.652 Thread 0x0000000056c04800 Exception <a 'java/lang/ArrayIndexOutOfBoundsException': 18> (0x00000000eabb8948) thrown at [C:\re\workspace\8-2-build-windows-amd64-cygwin\jdk8u91\6644\hotspot\src\share\vm\interpreter\interpreterRuntime.cpp, line 366]
Event: 2.653 Thread 0x0000000056c04800 Exception <a 'java/lang/ArrayIndexOutOfBoundsException': 145> (0x00000000eabba4c8) thrown at [C:\re\workspace\8-2-build-windows-amd64-cygwin\jdk8u91\6644\hotspot\src\share\vm\interpreter\interpreterRuntime.cpp, line 366]
Event: 2.654 Thread 0x0000000056c04800 Exception <a 'java/lang/ArrayIndexOutOfBoundsException'> (0x00000000eabbb7b0) thrown at [C:\re\workspace\8-2-build-windows-amd64-cygwin\jdk8u91\6644\hotspot\src\share\vm\runtime\sharedRuntime.cpp, line 605]

Events (10 events):
Event: 6.006 Thread 0x0000000056c07800 Uncommon trap: trap_request=0xffffff65 fr.pc=0x0000000003377fa4
Event: 6.006 Thread 0x0000000056c07800 DEOPT PACKING pc=0x0000000003377fa4 sp=0x0000000057a8eaa0
Event: 6.006 Thread 0x0000000056c07800 DEOPT UNPACKING pc=0x0000000002b7582a sp=0x0000000057a8ea28 mode 2
Event: 6.433 Thread 0x0000000056c00000 Uncommon trap: trap_request=0xffffffc6 fr.pc=0x000000000315eba0
Event: 6.433 Thread 0x0000000056c00000 DEOPT PACKING pc=0x000000000315eba0 sp=0x00000000572ce460
Event: 6.433 Thread 0x0000000056c00000 DEOPT UNPACKING pc=0x0000000002b7582a sp=0x00000000572ce3e8 mode 2
Event: 6.572 loading class com/android/dx/cf/iface/ParseObserver
Event: 6.572 loading class com/android/dx/cf/iface/ParseObserver done
Event: 7.106 Executing VM operation: ParallelGCFailedAllocation
Event: 7.157 Executing VM operation: ParallelGCFailedAllocation done


Dynamic libraries:
0x000000013f480000 - 0x000000013f4b7000 	C:\Program Files\Java\jdk1.8.0_91\bin\java.exe
0x0000000077580000 - 0x000000007772a000 	C:\Windows\SYSTEM32\ntdll.dll
0x0000000077460000 - 0x000000007757f000 	C:\Windows\system32\kernel32.dll
0x000007fefd620000 - 0x000007fefd68a000 	C:\Windows\system32\KERNELBASE.dll
0x0000000075010000 - 0x0000000075099000 	C:\Windows\System32\SYSFER.DLL
0x000007fefd740000 - 0x000007fefd81b000 	C:\Windows\system32\ADVAPI32.dll
0x000007fefea70000 - 0x000007fefeb0f000 	C:\Windows\system32\msvcrt.dll
0x000007fefed40000 - 0x000007fefed5f000 	C:\Windows\SYSTEM32\sechost.dll
0x000007fefeb10000 - 0x000007fefec3d000 	C:\Windows\system32\RPCRT4.dll
0x0000000077360000 - 0x000000007745a000 	C:\Windows\system32\USER32.dll
0x000007fefd6c0000 - 0x000007fefd727000 	C:\Windows\system32\GDI32.dll
0x000007fefe5b0000 - 0x000007fefe5be000 	C:\Windows\system32\LPK.dll
0x000007feff060000 - 0x000007feff12a000 	C:\Windows\system32\USP10.dll
0x000007fefbed0000 - 0x000007fefc0c4000 	C:\Windows\WinSxS\amd64_microsoft.windows.common-controls_6595b64144ccf1df_6.0.7601.18837_none_fa3b1e3d17594757\COMCTL32.dll
0x000007feff680000 - 0x000007feff6f1000 	C:\Windows\system32\SHLWAPI.dll
0x000007fefe9a0000 - 0x000007fefe9ce000 	C:\Windows\system32\IMM32.DLL
0x000007fefe890000 - 0x000007fefe999000 	C:\Windows\system32\MSCTF.dll
0x0000000063ab0000 - 0x0000000063b82000 	C:\Program Files\Java\jdk1.8.0_91\jre\bin\msvcr100.dll
0x00000000587d0000 - 0x0000000059063000 	C:\Program Files\Java\jdk1.8.0_91\jre\bin\server\jvm.dll
0x000007fefa190000 - 0x000007fefa199000 	C:\Windows\system32\WSOCK32.dll
0x000007fefef90000 - 0x000007fefefdd000 	C:\Windows\system32\WS2_32.dll
0x000007fefd730000 - 0x000007fefd738000 	C:\Windows\system32\NSI.dll
0x000007fef8c80000 - 0x000007fef8cbb000 	C:\Windows\system32\WINMM.dll
0x000007fefc3f0000 - 0x000007fefc3fc000 	C:\Windows\system32\VERSION.dll
0x0000000077740000 - 0x0000000077747000 	C:\Windows\system32\PSAPI.DLL
0x00000000723a0000 - 0x00000000723af000 	C:\Program Files\Java\jdk1.8.0_91\jre\bin\verify.dll
0x0000000072370000 - 0x0000000072399000 	C:\Program Files\Java\jdk1.8.0_91\jre\bin\java.dll
0x0000000066660000 - 0x0000000066676000 	C:\Program Files\Java\jdk1.8.0_91\jre\bin\zip.dll
0x000007fefd820000 - 0x000007fefe5aa000 	C:\Windows\system32\SHELL32.dll
0x000007fefed60000 - 0x000007fefef63000 	C:\Windows\system32\ole32.dll
0x000007fefd310000 - 0x000007fefd31f000 	C:\Windows\system32\profapi.dll

VM Arguments:
jvm_args: -Djava.awt.headless=true -Xmx1024M -Dfile.encoding=x-windows-949 -Duser.country=KR -Duser.language=ko -Duser.variant 
java_command: com.android.dx.command.Main --dex --force-jumbo --num-threads=4 --multi-dex --output D:\Documents\YongWoo\ReadingSalon\app\build\intermediates\transforms\dex\debug\folders\1000\10\glide-3.7.0_1f3ddf859a86296da03fddcf50d19f29d652df81 C:\Users\Administrator\.gradle\caches\modules-2\files-2.1\com.github.bumptech.glide\glide\3.7.0\9e9eeaf9948ee4d6c3ab354e8dc14368f16994a4\glide-3.7.0.jar
java_class_path (initial): D:\Documents\YongWoo\Android\sdk\build-tools\23.0.3\lib\dx.jar
Launcher Type: SUN_STANDARD

Environment Variables:



---------------  S Y S T E M  ---------------

OS: Windows 7 , 64 bit Build 7601 (6.1.7601.23418)

CPU:total 4 (4 cores per cpu, 1 threads per core) family 6 model 58 stepping 9, cmov, cx8, fxsr, mmx, sse, sse2, sse3, ssse3, sse4.1, sse4.2, popcnt, avx, aes, clmul, erms, tsc, tscinvbit, tscinv

Memory: 4k page, physical 8061124k(1054608k free), swap 8059264k(5076k free)

vm_info: Java HotSpot(TM) 64-Bit Server VM (25.91-b14) for windows-amd64 JRE (1.8.0_91-b14), built on Apr  1 2016 00:58:32 by "java_re" with MS VC++ 10.0 (VS2010)

time: Tue May 24 06:52:14 2016
elapsed time: 7 seconds (0d 0h 0m 7s)

