#
# There is insufficient memory for the Java Runtime Environment to continue.
# Native memory allocation (malloc) failed to allocate 1182816 bytes for Chunk::new
# Possible reasons:
#   The system is out of physical RAM or swap space
#   In 32 bit mode, the process size limit was hit
# Possible solutions:
#   Reduce memory load on the system
#   Increase physical memory or swap space
#   Check if swap backing store is full
#   Use 64 bit Java on a 64 bit OS
#   Decrease Java heap size (-Xmx/-Xms)
#   Decrease number of Java threads
#   Decrease Java thread stack sizes (-Xss)
#   Set larger code cache with -XX:ReservedCodeCacheSize=
# This output file may be truncated or incomplete.
#
#  Out of Memory Error (allocation.cpp:390), pid=8844, tid=6588
#
# JRE version: Java(TM) SE Runtime Environment (8.0_91-b14) (build 1.8.0_91-b14)
# Java VM: Java HotSpot(TM) 64-Bit Server VM (25.91-b14 mixed mode windows-amd64 compressed oops)
# Failed to write core dump. Minidumps are not enabled by default on client versions of Windows
#

---------------  T H R E A D  ---------------

Current thread (0x00000000550dc000):  JavaThread "C2 CompilerThread0" daemon [_thread_in_native, id=6588, stack(0x0000000056c20000,0x0000000056d20000)]

Stack: [0x0000000056c20000,0x0000000056d20000]
[error occurred during error reporting (printing stack bounds), id 0xc0000005]

Native frames: (J=compiled Java code, j=interpreted, Vv=VM code, C=native code)


Current CompileTask:
C2:   2438 1111       4       com.android.dx.cf.code.ValueAwareMachine::run (1142 bytes)


---------------  P R O C E S S  ---------------

Java Threads: ( => current thread )
  0x00000000568de000 JavaThread "pool-2-thread-4" [_thread_blocked, id=5684, stack(0x0000000058010000,0x0000000058110000)]
  0x00000000568d9800 JavaThread "pool-2-thread-3" [_thread_in_Java, id=7736, stack(0x0000000056e70000,0x0000000056f70000)]
  0x0000000056867800 JavaThread "pool-2-thread-2" [_thread_blocked, id=10432, stack(0x0000000057ec0000,0x0000000057fc0000)]
  0x0000000056867000 JavaThread "pool-3-thread-1" [_thread_blocked, id=10468, stack(0x0000000057d50000,0x0000000057e50000)]
  0x0000000056864000 JavaThread "pool-2-thread-1" [_thread_in_Java, id=8624, stack(0x0000000056120000,0x0000000056220000)]
  0x0000000056614800 JavaThread "Service Thread" daemon [_thread_blocked, id=6272, stack(0x00000000571c0000,0x00000000572c0000)]
  0x0000000056611800 JavaThread "C1 CompilerThread2" daemon [_thread_in_native, id=4640, stack(0x0000000056fc0000,0x00000000570c0000)]
  0x00000000565c0000 JavaThread "C2 CompilerThread1" daemon [_thread_in_native, id=10356, stack(0x0000000056d50000,0x0000000056e50000)]
=>0x00000000550dc000 JavaThread "C2 CompilerThread0" daemon [_thread_in_native, id=6588, stack(0x0000000056c20000,0x0000000056d20000)]
  0x00000000550d9000 JavaThread "Attach Listener" daemon [_thread_blocked, id=1596, stack(0x00000000569a0000,0x0000000056aa0000)]
  0x00000000565aa800 JavaThread "Signal Dispatcher" daemon [_thread_blocked, id=7896, stack(0x0000000056af0000,0x0000000056bf0000)]
  0x00000000550b9800 JavaThread "Finalizer" daemon [_thread_blocked, id=4952, stack(0x0000000056390000,0x0000000056490000)]
  0x0000000055072000 JavaThread "Reference Handler" daemon [_thread_blocked, id=3268, stack(0x00000000564a0000,0x00000000565a0000)]
  0x0000000001d7e000 JavaThread "main" [_thread_blocked, id=10752, stack(0x0000000002900000,0x0000000002a00000)]

Other Threads:
  0x000000005506a800 VMThread [stack: 0x0000000056230000,0x0000000056330000] [id=4784]
  0x0000000056649800 WatcherThread [stack: 0x0000000057370000,0x0000000057470000] [id=10284]

VM state:not at safepoint (normal execution)

VM Mutex/Monitor currently owned by a thread: None

Heap:
 PSYoungGen      total 36864K, used 23958K [0x00000000eab00000, 0x00000000eec00000, 0x0000000100000000)
  eden space 31744K, 59% used [0x00000000eab00000,0x00000000ebd6a648,0x00000000eca00000)
  from space 5120K, 99% used [0x00000000ecf00000,0x00000000ed3fb400,0x00000000ed400000)
  to   space 5120K, 0% used [0x00000000eca00000,0x00000000eca00000,0x00000000ecf00000)
 ParOldGen       total 51200K, used 18104K [0x00000000c0000000, 0x00000000c3200000, 0x00000000eab00000)
  object space 51200K, 35% used [0x00000000c0000000,0x00000000c11ae358,0x00000000c3200000)
 Metaspace       used 6252K, capacity 7094K, committed 7296K, reserved 1058816K
  class space    used 607K, capacity 622K, committed 640K, reserved 1048576K

Card table byte_map: [0x0000000011dc0000,0x0000000011fd0000] byte_map_base: 0x00000000117c0000

Marking Bits: (ParMarkBitMap*) 0x0000000058fe2f70
 Begin Bits: [0x00000000124e0000, 0x00000000134e0000)
 End Bits:   [0x00000000134e0000, 0x00000000144e0000)

Polling page: 0x0000000000360000

CodeCache: size=245760Kb used=4816Kb max_used=4816Kb free=240944Kb
 bounds [0x0000000002a00000, 0x0000000002ec0000, 0x0000000011a00000]
 total_blobs=1569 nmethods=1295 adapters=184
 compilation: enabled

Compilation events (10 events):
Event: 2.431 Thread 0x0000000056611800 1303       1       com.android.dx.cf.attrib.BaseLocalVariables::getLocalVariables (5 bytes)
Event: 2.432 Thread 0x0000000056611800 nmethod 1303 0x0000000002eac050 code [0x0000000002eac1a0, 0x0000000002eac2b0]
Event: 2.432 Thread 0x0000000056611800 1201       1       com.android.dx.cf.direct.FieldListParser::getAttributeContext (2 bytes)
Event: 2.432 Thread 0x0000000056611800 nmethod 1201 0x0000000002eac310 code [0x0000000002eac460, 0x0000000002eac570]
Event: 2.432 Thread 0x0000000056611800 1202       1       com.android.dx.cf.direct.MethodListParser::getAttributeContext (2 bytes)
Event: 2.432 Thread 0x0000000056611800 nmethod 1202 0x0000000002eac5d0 code [0x0000000002eac720, 0x0000000002eac830]
Event: 2.432 Thread 0x0000000056611800 1374       2       com.android.dx.ssa.NormalSsaInsn::isMoveException (20 bytes)
Event: 2.433 Thread 0x0000000056611800 nmethod 1374 0x0000000002eac890 code [0x0000000002eac9e0, 0x0000000002eacb50]
Event: 2.433 Thread 0x0000000056611800 1375       2       com.android.dx.cf.code.Simulator$SimVisitor::visitNoArgs (2108 bytes)
Event: 2.437 Thread 0x0000000056611800 nmethod 1375 0x0000000002eacc10 code [0x0000000002ead640, 0x0000000002eb0c08]

GC Heap History (10 events):
Event: 1.929 GC heap before
{Heap before GC invocations=3 (full 0):
 PSYoungGen      total 36864K, used 8214K [0x00000000eab00000, 0x00000000ed400000, 0x0000000100000000)
  eden space 31744K, 9% used [0x00000000eab00000,0x00000000eae0c8c0,0x00000000eca00000)
  from space 5120K, 99% used [0x00000000ecf00000,0x00000000ed3f90b8,0x00000000ed400000)
  to   space 5120K, 0% used [0x00000000eca00000,0x00000000eca00000,0x00000000ecf00000)
 ParOldGen       total 84992K, used 3967K [0x00000000c0000000, 0x00000000c5300000, 0x00000000eab00000)
  object space 84992K, 4% used [0x00000000c0000000,0x00000000c03dfd88,0x00000000c5300000)
 Metaspace       used 6124K, capacity 6966K, committed 7040K, reserved 1060864K
  class space    used 606K, capacity 622K, committed 640K, reserved 1048576K
Event: 1.937 GC heap after
Heap after GC invocations=3 (full 0):
 PSYoungGen      total 36864K, used 5093K [0x00000000eab00000, 0x00000000ed400000, 0x0000000100000000)
  eden space 31744K, 0% used [0x00000000eab00000,0x00000000eab00000,0x00000000eca00000)
  from space 5120K, 99% used [0x00000000eca00000,0x00000000ecef95f8,0x00000000ecf00000)
  to   space 5120K, 0% used [0x00000000ecf00000,0x00000000ecf00000,0x00000000ed400000)
 ParOldGen       total 84992K, used 4411K [0x00000000c0000000, 0x00000000c5300000, 0x00000000eab00000)
  object space 84992K, 5% used [0x00000000c0000000,0x00000000c044eda0,0x00000000c5300000)
 Metaspace       used 6124K, capacity 6966K, committed 7040K, reserved 1060864K
  class space    used 606K, capacity 622K, committed 640K, reserved 1048576K
}
Event: 1.937 GC heap before
{Heap before GC invocations=4 (full 1):
 PSYoungGen      total 36864K, used 5093K [0x00000000eab00000, 0x00000000ed400000, 0x0000000100000000)
  eden space 31744K, 0% used [0x00000000eab00000,0x00000000eab00000,0x00000000eca00000)
  from space 5120K, 99% used [0x00000000eca00000,0x00000000ecef95f8,0x00000000ecf00000)
  to   space 5120K, 0% used [0x00000000ecf00000,0x00000000ecf00000,0x00000000ed400000)
 ParOldGen       total 84992K, used 4411K [0x00000000c0000000, 0x00000000c5300000, 0x00000000eab00000)
  object space 84992K, 5% used [0x00000000c0000000,0x00000000c044eda0,0x00000000c5300000)
 Metaspace       used 6124K, capacity 6966K, committed 7040K, reserved 1060864K
  class space    used 606K, capacity 622K, committed 640K, reserved 1048576K
Event: 2.041 GC heap after
Heap after GC invocations=4 (full 1):
 PSYoungGen      total 36864K, used 0K [0x00000000eab00000, 0x00000000ed400000, 0x0000000100000000)
  eden space 31744K, 0% used [0x00000000eab00000,0x00000000eab00000,0x00000000eca00000)
  from space 5120K, 0% used [0x00000000eca00000,0x00000000eca00000,0x00000000ecf00000)
  to   space 5120K, 0% used [0x00000000ecf00000,0x00000000ecf00000,0x00000000ed400000)
 ParOldGen       total 51200K, used 8873K [0x00000000c0000000, 0x00000000c3200000, 0x00000000eab00000)
  object space 51200K, 17% used [0x00000000c0000000,0x00000000c08aa6f0,0x00000000c3200000)
 Metaspace       used 6124K, capacity 6966K, committed 7040K, reserved 1058816K
  class space    used 606K, capacity 622K, committed 640K, reserved 1048576K
}
Event: 2.145 GC heap before
{Heap before GC invocations=5 (full 1):
 PSYoungGen      total 36864K, used 31744K [0x00000000eab00000, 0x00000000ed400000, 0x0000000100000000)
  eden space 31744K, 100% used [0x00000000eab00000,0x00000000eca00000,0x00000000eca00000)
  from space 5120K, 0% used [0x00000000eca00000,0x00000000eca00000,0x00000000ecf00000)
  to   space 5120K, 0% used [0x00000000ecf00000,0x00000000ecf00000,0x00000000ed400000)
 ParOldGen       total 51200K, used 8873K [0x00000000c0000000, 0x00000000c3200000, 0x00000000eab00000)
  object space 51200K, 17% used [0x00000000c0000000,0x00000000c08aa6f0,0x00000000c3200000)
 Metaspace       used 6168K, capacity 7030K, committed 7296K, reserved 1058816K
  class space    used 607K, capacity 622K, committed 640K, reserved 1048576K
Event: 2.150 GC heap after
Heap after GC invocations=5 (full 1):
 PSYoungGen      total 36864K, used 5097K [0x00000000eab00000, 0x00000000eec00000, 0x0000000100000000)
  eden space 31744K, 0% used [0x00000000eab00000,0x00000000eab00000,0x00000000eca00000)
  from space 5120K, 99% used [0x00000000ecf00000,0x00000000ed3fa618,0x00000000ed400000)
  to   space 5120K, 0% used [0x00000000eca00000,0x00000000eca00000,0x00000000ecf00000)
 ParOldGen       total 51200K, used 8923K [0x00000000c0000000, 0x00000000c3200000, 0x00000000eab00000)
  object space 51200K, 17% used [0x00000000c0000000,0x00000000c08b6cf8,0x00000000c3200000)
 Metaspace       used 6168K, capacity 7030K, committed 7296K, reserved 1058816K
  class space    used 607K, capacity 622K, committed 640K, reserved 1048576K
}
Event: 2.235 GC heap before
{Heap before GC invocations=6 (full 1):
 PSYoungGen      total 36864K, used 36841K [0x00000000eab00000, 0x00000000eec00000, 0x0000000100000000)
  eden space 31744K, 100% used [0x00000000eab00000,0x00000000eca00000,0x00000000eca00000)
  from space 5120K, 99% used [0x00000000ecf00000,0x00000000ed3fa618,0x00000000ed400000)
  to   space 5120K, 0% used [0x00000000eca00000,0x00000000eca00000,0x00000000ecf00000)
 ParOldGen       total 51200K, used 8923K [0x00000000c0000000, 0x00000000c3200000, 0x00000000eab00000)
  object space 51200K, 17% used [0x00000000c0000000,0x00000000c08b6cf8,0x00000000c3200000)
 Metaspace       used 6182K, capacity 7030K, committed 7296K, reserved 1058816K
  class space    used 607K, capacity 622K, committed 640K, reserved 1048576K
Event: 2.243 GC heap after
Heap after GC invocations=6 (full 1):
 PSYoungGen      total 36864K, used 5097K [0x00000000eab00000, 0x00000000eec00000, 0x0000000100000000)
  eden space 31744K, 0% used [0x00000000eab00000,0x00000000eab00000,0x00000000eca00000)
  from space 5120K, 99% used [0x00000000eca00000,0x00000000ecefa628,0x00000000ecf00000)
  to   space 5120K, 0% used [0x00000000ecf00000,0x00000000ecf00000,0x00000000ed400000)
 ParOldGen       total 51200K, used 13460K [0x00000000c0000000, 0x00000000c3200000, 0x00000000eab00000)
  object space 51200K, 26% used [0x00000000c0000000,0x00000000c0d25138,0x00000000c3200000)
 Metaspace       used 6182K, capacity 7030K, committed 7296K, reserved 1058816K
  class space    used 607K, capacity 622K, committed 640K, reserved 1048576K
}
Event: 2.333 GC heap before
{Heap before GC invocations=7 (full 1):
 PSYoungGen      total 36864K, used 36841K [0x00000000eab00000, 0x00000000eec00000, 0x0000000100000000)
  eden space 31744K, 100% used [0x00000000eab00000,0x00000000eca00000,0x00000000eca00000)
  from space 5120K, 99% used [0x00000000eca00000,0x00000000ecefa628,0x00000000ecf00000)
  to   space 5120K, 0% used [0x00000000ecf00000,0x00000000ecf00000,0x00000000ed400000)
 ParOldGen       total 51200K, used 13460K [0x00000000c0000000, 0x00000000c3200000, 0x00000000eab00000)
  object space 51200K, 26% used [0x00000000c0000000,0x00000000c0d25138,0x00000000c3200000)
 Metaspace       used 6207K, capacity 7030K, committed 7296K, reserved 1058816K
  class space    used 607K, capacity 622K, committed 640K, reserved 1048576K
Event: 2.341 GC heap after
Heap after GC invocations=7 (full 1):
 PSYoungGen      total 36864K, used 5101K [0x00000000eab00000, 0x00000000eec00000, 0x0000000100000000)
  eden space 31744K, 0% used [0x00000000eab00000,0x00000000eab00000,0x00000000eca00000)
  from space 5120K, 99% used [0x00000000ecf00000,0x00000000ed3fb400,0x00000000ed400000)
  to   space 5120K, 0% used [0x00000000eca00000,0x00000000eca00000,0x00000000ecf00000)
 ParOldGen       total 51200K, used 18104K [0x00000000c0000000, 0x00000000c3200000, 0x00000000eab00000)
  object space 51200K, 35% used [0x00000000c0000000,0x00000000c11ae358,0x00000000c3200000)
 Metaspace       used 6207K, capacity 7030K, committed 7296K, reserved 1058816K
  class space    used 607K, capacity 622K, committed 640K, reserved 1048576K
}

Deoptimization events (10 events):
Event: 1.057 Thread 0x0000000056867800 Uncommon trap: reason=class_check action=maybe_recompile pc=0x0000000002c8dc64 method=com.android.dx.ssa.NormalSsaInsn.accept(Lcom/android/dx/ssa/SsaInsn$Visitor;)V @ 9
Event: 1.057 Thread 0x0000000056867800 Uncommon trap: reason=class_check action=maybe_recompile pc=0x0000000002c8dc64 method=com.android.dx.ssa.NormalSsaInsn.accept(Lcom/android/dx/ssa/SsaInsn$Visitor;)V @ 9
Event: 1.794 Thread 0x0000000001d7e000 Uncommon trap: reason=unstable_if action=reinterpret pc=0x0000000002d5177c method=java.lang.String.<init>([CII)V @ 18
Event: 1.895 Thread 0x0000000056864000 Uncommon trap: reason=unstable_if action=reinterpret pc=0x0000000002d9104c method=com.android.dx.ssa.SsaMethod.updateOneDefinition(Lcom/android/dx/ssa/SsaInsn;Lcom/android/dx/rop/code/RegisterSpec;)V @ 4
Event: 2.048 Thread 0x00000000568de000 Uncommon trap: reason=null_check action=make_not_entrant pc=0x0000000002ce9610 method=com.android.dx.rop.type.Type.equals(Ljava/lang/Object;)Z @ 8
Event: 2.116 Thread 0x0000000001d7e000 Uncommon trap: reason=unstable_if action=reinterpret pc=0x0000000002bc8090 method=java.lang.String.<init>([CII)V @ 18
Event: 2.230 Thread 0x0000000056864000 Uncommon trap: reason=unstable_if action=reinterpret pc=0x0000000002da6454 method=java.util.HashMap.putVal(ILjava/lang/Object;Ljava/lang/Object;ZZ)Ljava/lang/Object; @ 162
Event: 2.230 Thread 0x0000000056864000 Uncommon trap: reason=unstable_if action=reinterpret pc=0x0000000002c35df8 method=java.util.HashMap.getNode(ILjava/lang/Object;)Ljava/util/HashMap$Node; @ 84
Event: 2.230 Thread 0x0000000056864000 Uncommon trap: reason=unstable_if action=reinterpret pc=0x0000000002bf4628 method=java.util.HashMap.getNode(ILjava/lang/Object;)Ljava/util/HashMap$Node; @ 84
Event: 2.406 Thread 0x0000000056867800 Uncommon trap: reason=unstable_if action=reinterpret pc=0x0000000002e5e740 method=com.android.dx.cf.code.Merger.mergeType(Lcom/android/dx/rop/type/TypeBearer;Lcom/android/dx/rop/type/TypeBearer;)Lcom/android/dx/rop/type/TypeBearer; @ 77

Internal exceptions (3 events):
Event: 0.095 Thread 0x0000000001d7e000 Exception <a 'java/lang/NoSuchMethodError': Method sun.misc.Unsafe.defineClass(Ljava/lang/String;[BII)Ljava/lang/Class; name or signature does not match> (0x00000000eab07cc0) thrown at [C:\re\workspace\8-2-build-windows-amd64-cygwin\jdk8u91\6644\hotspot\srFqXGÂ?¸?
Event: 0.095 Thread 0x0000000001d7e000 Exception <a 'java/lang/NoSuchMethodError': Method sun.misc.Unsafe.prefetchRead(Ljava/lang/Object;J)V name or signature does not match> (0x00000000eab07fa8) thrown at [C:\re\workspace\8-2-build-windows-amd64-cygwin\jdk8u91\6644\hotspot\src\share\vm\prims\jìX,#èb
Event: 2.048 Thread 0x00000000568de000 Implicit null exception at 0x0000000002ce9512 to 0x0000000002ce9602

Events (10 events):
Event: 2.346 Thread 0x00000000565c0000 flushing nmethod 0x0000000002b3a350
Event: 2.346 Thread 0x00000000565c0000 flushing nmethod 0x0000000002b3aa50
Event: 2.346 Thread 0x00000000565c0000 flushing nmethod 0x0000000002b3c0d0
Event: 2.346 Thread 0x00000000565c0000 flushing nmethod 0x0000000002b3f010
Event: 2.346 Thread 0x00000000565c0000 flushing nmethod 0x0000000002b3f9d0
Event: 2.346 Thread 0x00000000565c0000 flushing nmethod 0x0000000002b44250
Event: 2.346 Thread 0x00000000565c0000 flushing nmethod 0x0000000002b761d0
Event: 2.406 Thread 0x0000000056867800 Uncommon trap: trap_request=0xffffff65 fr.pc=0x0000000002e5e740
Event: 2.406 Thread 0x0000000056867800 DEOPT PACKING pc=0x0000000002e5e740 sp=0x0000000057fbe510
Event: 2.406 Thread 0x0000000056867800 DEOPT UNPACKING pc=0x0000000002a4582a sp=0x0000000057fbe4b0 mode 2


Dynamic libraries:
0x000000013f480000 - 0x000000013f4b7000 	C:\Program Files\Java\jdk1.8.0_91\bin\java.exe
0x0000000077580000 - 0x000000007772a000 	C:\Windows\SYSTEM32\ntdll.dll
0x0000000077460000 - 0x000000007757f000 	C:\Windows\system32\kernel32.dll
0x000007fefd620000 - 0x000007fefd68a000 	C:\Windows\system32\KERNELBASE.dll
0x0000000075010000 - 0x0000000075099000 	C:\Windows\System32\SYSFER.DLL
0x000007fefd740000 - 0x000007fefd81b000 	C:\Windows\system32\ADVAPI32.dll
0x000007fefea70000 - 0x000007fefeb0f000 	C:\Windows\system32\msvcrt.dll
0x000007fefed40000 - 0x000007fefed5f000 	C:\Windows\SYSTEM32\sechost.dll
0x000007fefeb10000 - 0x000007fefec3d000 	C:\Windows\system32\RPCRT4.dll
0x0000000077360000 - 0x000000007745a000 	C:\Windows\system32\USER32.dll
0x000007fefd6c0000 - 0x000007fefd727000 	C:\Windows\system32\GDI32.dll
0x000007fefe5b0000 - 0x000007fefe5be000 	C:\Windows\system32\LPK.dll
0x000007feff060000 - 0x000007feff12a000 	C:\Windows\system32\USP10.dll
0x000007fefbed0000 - 0x000007fefc0c4000 	C:\Windows\WinSxS\amd64_microsoft.windows.common-controls_6595b64144ccf1df_6.0.7601.18837_none_fa3b1e3d17594757\COMCTL32.dll
0x000007feff680000 - 0x000007feff6f1000 	C:\Windows\system32\SHLWAPI.dll
0x000007fefe9a0000 - 0x000007fefe9ce000 	C:\Windows\system32\IMM32.DLL
0x000007fefe890000 - 0x000007fefe999000 	C:\Windows\system32\MSCTF.dll
0x0000000063ab0000 - 0x0000000063b82000 	C:\Program Files\Java\jdk1.8.0_91\jre\bin\msvcr100.dll
0x00000000587d0000 - 0x0000000059063000 	C:\Program Files\Java\jdk1.8.0_91\jre\bin\server\jvm.dll
0x000007fefa190000 - 0x000007fefa199000 	C:\Windows\system32\WSOCK32.dll
0x000007fefef90000 - 0x000007fefefdd000 	C:\Windows\system32\WS2_32.dll
0x000007fefd730000 - 0x000007fefd738000 	C:\Windows\system32\NSI.dll
0x000007fef8c80000 - 0x000007fef8cbb000 	C:\Windows\system32\WINMM.dll
0x000007fefc3f0000 - 0x000007fefc3fc000 	C:\Windows\system32\VERSION.dll
0x0000000077740000 - 0x0000000077747000 	C:\Windows\system32\PSAPI.DLL
0x00000000723a0000 - 0x00000000723af000 	C:\Program Files\Java\jdk1.8.0_91\jre\bin\verify.dll
0x0000000072370000 - 0x0000000072399000 	C:\Program Files\Java\jdk1.8.0_91\jre\bin\java.dll
0x0000000066660000 - 0x0000000066676000 	C:\Program Files\Java\jdk1.8.0_91\jre\bin\zip.dll
0x000007fefd820000 - 0x000007fefe5aa000 	C:\Windows\system32\SHELL32.dll
0x000007fefed60000 - 0x000007fefef63000 	C:\Windows\system32\ole32.dll
0x000007fefd310000 - 0x000007fefd31f000 	C:\Windows\system32\profapi.dll

VM Arguments:
jvm_args: -Djava.awt.headless=true -Xmx1024M -Dfile.encoding=x-windows-949 -Duser.country=KR -Duser.language=ko -Duser.variant 
java_command: com.android.dx.command.Main --dex --force-jumbo --num-threads=4 --multi-dex --output D:\Documents\YongWoo\ReadingSalon\app\build\intermediates\transforms\dex\debug\folders\1000\10\com.google.android.gms-play-services-basement-8.4.0_2785f32c73d5e255c239468d0cadec4b262a1820 D:\Documents\YongWoo\ReadingSalon\app\build\intermediates\exploded-aar\com.google.android.gms\play-services-basement\8.4.0\jars\classes.jar
java_class_path (initial): D:\Documents\YongWoo\Android\sdk\build-tools\23.0.3\lib\dx.jar
Launcher Type: SUN_STANDARD

Environment Variables:
JAVA_HOME=C:\Program Files\Java\jdk1.8.0_91
PATH=C:\ProgramData\Oracle\Java\javapath;C:\Program Files (x86)\Common Files\NetSarang;C:\Program Files (x86)\Intel\iCLS Client\;C:\Program Files\Intel\iCLS Client\;C:\Windows\system32;C:\Windows;C:\Windows\System32\Wbem;C:\Windows\System32\WindowsPowerShell\v1.0\;C:\Program Files (x86)\Intel\OpenCL SDK\2.0\bin\x86;C:\Program Files (x86)\Intel\OpenCL SDK\2.0\bin\x64;C:\Program Files\SafeNet\Authentication\SAC\x64;C:\Program Files\Intel\Intel(R) Management Engine Components\DAL;C:\Program Files\Intel\Intel(R) Management Engine Components\IPT;C:\Program Files (x86)\Intel\Intel(R) Management Engine Components\DAL;C:\Program Files (x86)\Intel\Intel(R) Management Engine Components\IPT;C:\Program Files (x86)\Intel\OpenCL SDK\2.0\bin\x86;C:\Program Files (x86)\Intel\OpenCL SDK\2.0\bin\x64;C:\Program Files\Java\jdk1.8.0_91\bin;D:\Documents\YongWoo\PortableGit\bin
USERNAME=Datacenter
OS=Windows_NT
PROCESSOR_IDENTIFIER=Intel64 Family 6 Model 58 Stepping 9, GenuineIntel



---------------  S Y S T E M  ---------------

OS: Windows 7 , 64 bit Build 7601 (6.1.7601.23418)

CPU:total 4 (4 cores per cpu, 1 threads per core) family 6 model 58 stepping 9, cmov, cx8, fxsr, mmx, sse, sse2, sse3, ssse3, sse4.1, sse4.2, popcnt, avx, aes, clmul, erms, tsc, tscinvbit, tscinv

Memory: 4k page, physical 8061124k(959212k free), swap 8059264k(5276k free)

vm_info: Java HotSpot(TM) 64-Bit Server VM (25.91-b14) for windows-amd64 JRE (1.8.0_91-b14), built on Apr  1 2016 00:58:32 by "java_re" with MS VC++ 10.0 (VS2010)

time: Tue May 24 06:50:01 2016
elapsed time: 2 seconds (0d 0h 0m 2s)

