#
# There is insufficient memory for the Java Runtime Environment to continue.
# Native memory allocation (malloc) failed to allocate 131088 bytes for Chunk::new
# Possible reasons:
#   The system is out of physical RAM or swap space
#   In 32 bit mode, the process size limit was hit
# Possible solutions:
#   Reduce memory load on the system
#   Increase physical memory or swap space
#   Check if swap backing store is full
#   Use 64 bit Java on a 64 bit OS
#   Decrease Java heap size (-Xmx/-Xms)
#   Decrease number of Java threads
#   Decrease Java thread stack sizes (-Xss)
#   Set larger code cache with -XX:ReservedCodeCacheSize=
# This output file may be truncated or incomplete.
#
#  Out of Memory Error (allocation.cpp:390), pid=3916, tid=8232
#
# JRE version: Java(TM) SE Runtime Environment (8.0_91-b14) (build 1.8.0_91-b14)
# Java VM: Java HotSpot(TM) 64-Bit Server VM (25.91-b14 mixed mode windows-amd64 compressed oops)
# Failed to write core dump. Minidumps are not enabled by default on client versions of Windows
#

---------------  T H R E A D  ---------------

Current thread (0x000000005670c000):  JavaThread "C2 CompilerThread1" daemon [_thread_in_native, id=8232, stack(0x0000000056f50000,0x0000000057050000)]

Stack: [0x0000000056f50000,0x0000000057050000]
[error occurred during error reporting (printing stack bounds), id 0xc0000005]

Native frames: (J=compiled Java code, j=interpreted, Vv=VM code, C=native code)


Current CompileTask:
C2:   1679  960       4       com.android.dx.ssa.SCCP::simulatePhi (169 bytes)


---------------  P R O C E S S  ---------------

Java Threads: ( => current thread )
  0x0000000056918800 JavaThread "pool-2-thread-4" [_thread_blocked, id=10872, stack(0x0000000057810000,0x0000000057910000)]
  0x0000000056903000 JavaThread "pool-2-thread-3" [_thread_blocked, id=6968, stack(0x00000000579b0000,0x0000000057ab0000)]
  0x0000000056902800 JavaThread "pool-2-thread-2" [_thread_blocked, id=9824, stack(0x00000000576e0000,0x00000000577e0000)]
  0x0000000056902000 JavaThread "pool-3-thread-1" [_thread_blocked, id=5088, stack(0x0000000057500000,0x0000000057600000)]
  0x00000000568ff000 JavaThread "pool-2-thread-1" [_thread_in_Java, id=7192, stack(0x0000000057400000,0x0000000057500000)]
  0x0000000056711800 JavaThread "Service Thread" daemon [_thread_blocked, id=9492, stack(0x0000000057100000,0x0000000057200000)]
  0x000000005670d000 JavaThread "C1 CompilerThread2" daemon [_thread_blocked, id=3336, stack(0x0000000056b60000,0x0000000056c60000)]
=>0x000000005670c000 JavaThread "C2 CompilerThread1" daemon [_thread_in_native, id=8232, stack(0x0000000056f50000,0x0000000057050000)]
  0x00000000566fb000 JavaThread "C2 CompilerThread0" daemon [_thread_blocked, id=4880, stack(0x0000000056df0000,0x0000000056ef0000)]
  0x00000000566f9800 JavaThread "Attach Listener" daemon [_thread_blocked, id=6568, stack(0x0000000056c90000,0x0000000056d90000)]
  0x00000000566f8800 JavaThread "Signal Dispatcher" daemon [_thread_blocked, id=9144, stack(0x0000000056320000,0x0000000056420000)]
  0x00000000551d9800 JavaThread "Finalizer" daemon [_thread_blocked, id=9192, stack(0x00000000565f0000,0x00000000566f0000)]
  0x0000000055192000 JavaThread "Reference Handler" daemon [_thread_blocked, id=4264, stack(0x0000000056440000,0x0000000056540000)]
  0x00000000025fe000 JavaThread "main" [_thread_blocked, id=8296, stack(0x0000000002640000,0x0000000002740000)]

Other Threads:
  0x000000005518a800 VMThread [stack: 0x00000000561b0000,0x00000000562b0000] [id=5596]
  0x0000000056779000 WatcherThread [stack: 0x0000000057200000,0x0000000057300000] [id=4132]

VM state:not at safepoint (normal execution)

VM Mutex/Monitor currently owned by a thread: None

Heap:
 PSYoungGen      total 36864K, used 6457K [0x00000000eab00000, 0x00000000ed400000, 0x0000000100000000)
  eden space 31744K, 4% used [0x00000000eab00000,0x00000000eac55480,0x00000000eca00000)
  from space 5120K, 99% used [0x00000000eca00000,0x00000000ecef9300,0x00000000ecf00000)
  to   space 5120K, 0% used [0x00000000ecf00000,0x00000000ecf00000,0x00000000ed400000)
 ParOldGen       total 84992K, used 1069K [0x00000000c0000000, 0x00000000c5300000, 0x00000000eab00000)
  object space 84992K, 1% used [0x00000000c0000000,0x00000000c010b410,0x00000000c5300000)
 Metaspace       used 5927K, capacity 6840K, committed 7040K, reserved 1056768K
  class space    used 607K, capacity 624K, committed 640K, reserved 1048576K

Card table byte_map: [0x0000000011bb0000,0x0000000011dc0000] byte_map_base: 0x00000000115b0000

Marking Bits: (ParMarkBitMap*) 0x0000000058fe2f70
 Begin Bits: [0x0000000012600000, 0x0000000013600000)
 End Bits:   [0x0000000013600000, 0x0000000014600000)

Polling page: 0x0000000000170000

CodeCache: size=245760Kb used=3354Kb max_used=3389Kb free=242405Kb
 bounds [0x00000000027f0000, 0x0000000002b50000, 0x00000000117f0000]
 total_blobs=1170 nmethods=899 adapters=184
 compilation: enabled

Compilation events (10 events):
Event: 1.654 Thread 0x000000005670d000  957       3       com.android.dx.ssa.PhiInsn::addPhiOperand (30 bytes)
Event: 1.654 Thread 0x000000005670c000  960       4       com.android.dx.ssa.SCCP::simulatePhi (169 bytes)
Event: 1.654 Thread 0x000000005670d000 nmethod 957 0x0000000002b31790 code [0x0000000002b31940, 0x0000000002b32128]
Event: 1.654 Thread 0x000000005670d000  959       3       com.android.dx.ssa.RegisterMapper::<init> (5 bytes)
Event: 1.654 Thread 0x000000005670d000 nmethod 959 0x0000000002b2cbd0 code [0x0000000002b2cd20, 0x0000000002b2ced0]
Event: 1.654 Thread 0x000000005670d000  958       3       com.android.dx.ssa.PhiInsn$Operand::<init> (20 bytes)
Event: 1.654 Thread 0x000000005670d000 nmethod 958 0x0000000002b31390 code [0x0000000002b314e0, 0x0000000002b316b0]
Event: 1.655 Thread 0x00000000566fb000 nmethod 807 0x0000000002b32550 code [0x0000000002b33e80, 0x0000000002b3b030]
Event: 1.656 Thread 0x00000000566fb000  961       4       java.lang.StringBuilder::append (8 bytes)
Event: 1.659 Thread 0x00000000566fb000 nmethod 961 0x0000000002b2f590 code [0x0000000002b2f6e0, 0x0000000002b2fa98]

GC Heap History (2 events):
Event: 1.579 GC heap before
{Heap before GC invocations=1 (full 0):
 PSYoungGen      total 36864K, used 31744K [0x00000000eab00000, 0x00000000ed400000, 0x0000000100000000)
  eden space 31744K, 100% used [0x00000000eab00000,0x00000000eca00000,0x00000000eca00000)
  from space 5120K, 0% used [0x00000000ecf00000,0x00000000ecf00000,0x00000000ed400000)
  to   space 5120K, 0% used [0x00000000eca00000,0x00000000eca00000,0x00000000ecf00000)
 ParOldGen       total 84992K, used 0K [0x00000000c0000000, 0x00000000c5300000, 0x00000000eab00000)
  object space 84992K, 0% used [0x00000000c0000000,0x00000000c0000000,0x00000000c5300000)
 Metaspace       used 5918K, capacity 6840K, committed 7040K, reserved 1056768K
  class space    used 607K, capacity 624K, committed 640K, reserved 1048576K
Event: 1.646 GC heap after
Heap after GC invocations=1 (full 0):
 PSYoungGen      total 36864K, used 5092K [0x00000000eab00000, 0x00000000ed400000, 0x0000000100000000)
  eden space 31744K, 0% used [0x00000000eab00000,0x00000000eab00000,0x00000000eca00000)
  from space 5120K, 99% used [0x00000000eca00000,0x00000000ecef9300,0x00000000ecf00000)
  to   space 5120K, 0% used [0x00000000ecf00000,0x00000000ecf00000,0x00000000ed400000)
 ParOldGen       total 84992K, used 1069K [0x00000000c0000000, 0x00000000c5300000, 0x00000000eab00000)
  object space 84992K, 1% used [0x00000000c0000000,0x00000000c010b410,0x00000000c5300000)
 Metaspace       used 5918K, capacity 6840K, committed 7040K, reserved 1056768K
  class space    used 607K, capacity 624K, committed 640K, reserved 1048576K
}

Deoptimization events (4 events):
Event: 1.282 Thread 0x0000000056918800 Uncommon trap: reason=bimorphic action=maybe_recompile pc=0x0000000002a2eda4 method=java.util.HashMap.getNode(ILjava/lang/Object;)Ljava/util/HashMap$Node; @ 126
Event: 1.286 Thread 0x0000000056918800 Uncommon trap: reason=unstable_if action=reinterpret pc=0x0000000002a54a5c method=com.android.dx.rop.code.RegisterSpecSet.put(Lcom/android/dx/rop/code/RegisterSpec;)V @ 77
Event: 1.392 Thread 0x0000000056902800 Uncommon trap: reason=bimorphic action=maybe_recompile pc=0x0000000002a2eda4 method=java.util.HashMap.getNode(ILjava/lang/Object;)Ljava/util/HashMap$Node; @ 126
Event: 1.399 Thread 0x0000000056902800 Uncommon trap: reason=null_check action=make_not_entrant pc=0x0000000002a49490 method=com.android.dx.rop.type.Type.equals(Ljava/lang/Object;)Z @ 8

Internal exceptions (3 events):
Event: 0.229 Thread 0x00000000025fe000 Exception <a 'java/lang/NoSuchMethodError': Method sun.misc.Unsafe.defineClass(Ljava/lang/String;[BII)Ljava/lang/Class; name or signature does not match> (0x00000000eab07cc0) thrown at [C:\re\workspace\8-2-build-windows-amd64-cygwin\jdk8u91\6644\hotspot\sr
Event: 0.230 Thread 0x00000000025fe000 Exception <a 'java/lang/NoSuchMethodError': Method sun.misc.Unsafe.prefetchRead(Ljava/lang/Object;J)V name or signature does not match> (0x00000000eab07fa8) thrown at [C:\re\workspace\8-2-build-windows-amd64-cygwin\jdk8u91\6644\hotspot\src\share\vm\prims\j• Ìwù`ˆ?
Event: 1.399 Thread 0x0000000056902800 Implicit null exception at 0x0000000002a49392 to 0x0000000002a49482

Events (10 events):
Event: 1.382 Thread 0x00000000025fe000 DEOPT PACKING pc=0x0000000002a35063 sp=0x000000000273e2e0
Event: 1.382 Thread 0x00000000025fe000 DEOPT UNPACKING pc=0x000000000283787f sp=0x000000000273e040 mode 0
Event: 1.392 Thread 0x0000000056902800 Uncommon trap: trap_request=0xffffffc6 fr.pc=0x0000000002a2eda4
Event: 1.392 Thread 0x0000000056902800 DEOPT PACKING pc=0x0000000002a2eda4 sp=0x00000000577dee10
Event: 1.392 Thread 0x0000000056902800 DEOPT UNPACKING pc=0x000000000283582a sp=0x00000000577ded90 mode 2
Event: 1.399 Thread 0x0000000056902800 Uncommon trap: trap_request=0xfffffff4 fr.pc=0x0000000002a49490
Event: 1.399 Thread 0x0000000056902800 DEOPT PACKING pc=0x0000000002a49490 sp=0x00000000577decf0
Event: 1.399 Thread 0x0000000056902800 DEOPT UNPACKING pc=0x000000000283582a sp=0x00000000577dec88 mode 2
Event: 1.579 Executing VM operation: ParallelGCFailedAllocation
Event: 1.646 Executing VM operation: ParallelGCFailedAllocation done


Dynamic libraries:
0x000000013f480000 - 0x000000013f4b7000 	C:\Program Files\Java\jdk1.8.0_91\bin\java.exe
0x0000000077580000 - 0x000000007772a000 	C:\Windows\SYSTEM32\ntdll.dll
0x0000000077460000 - 0x000000007757f000 	C:\Windows\system32\kernel32.dll
0x000007fefd620000 - 0x000007fefd68a000 	C:\Windows\system32\KERNELBASE.dll
0x0000000075010000 - 0x0000000075099000 	C:\Windows\System32\SYSFER.DLL
0x000007fefd740000 - 0x000007fefd81b000 	C:\Windows\system32\ADVAPI32.dll
0x000007fefea70000 - 0x000007fefeb0f000 	C:\Windows\system32\msvcrt.dll
0x000007fefed40000 - 0x000007fefed5f000 	C:\Windows\SYSTEM32\sechost.dll
0x000007fefeb10000 - 0x000007fefec3d000 	C:\Windows\system32\RPCRT4.dll
0x0000000077360000 - 0x000000007745a000 	C:\Windows\system32\USER32.dll
0x000007fefd6c0000 - 0x000007fefd727000 	C:\Windows\system32\GDI32.dll
0x000007fefe5b0000 - 0x000007fefe5be000 	C:\Windows\system32\LPK.dll
0x000007feff060000 - 0x000007feff12a000 	C:\Windows\system32\USP10.dll
0x000007fefbed0000 - 0x000007fefc0c4000 	C:\Windows\WinSxS\amd64_microsoft.windows.common-controls_6595b64144ccf1df_6.0.7601.18837_none_fa3b1e3d17594757\COMCTL32.dll
0x000007feff680000 - 0x000007feff6f1000 	C:\Windows\system32\SHLWAPI.dll
0x000007fefe9a0000 - 0x000007fefe9ce000 	C:\Windows\system32\IMM32.DLL
0x000007fefe890000 - 0x000007fefe999000 	C:\Windows\system32\MSCTF.dll
0x0000000063ab0000 - 0x0000000063b82000 	C:\Program Files\Java\jdk1.8.0_91\jre\bin\msvcr100.dll
0x00000000587d0000 - 0x0000000059063000 	C:\Program Files\Java\jdk1.8.0_91\jre\bin\server\jvm.dll
0x000007fefa190000 - 0x000007fefa199000 	C:\Windows\system32\WSOCK32.dll
0x000007fefef90000 - 0x000007fefefdd000 	C:\Windows\system32\WS2_32.dll
0x000007fefd730000 - 0x000007fefd738000 	C:\Windows\system32\NSI.dll
0x000007fef8c80000 - 0x000007fef8cbb000 	C:\Windows\system32\WINMM.dll
0x000007fefc3f0000 - 0x000007fefc3fc000 	C:\Windows\system32\VERSION.dll
0x0000000077740000 - 0x0000000077747000 	C:\Windows\system32\PSAPI.DLL
0x00000000723a0000 - 0x00000000723af000 	C:\Program Files\Java\jdk1.8.0_91\jre\bin\verify.dll
0x0000000072370000 - 0x0000000072399000 	C:\Program Files\Java\jdk1.8.0_91\jre\bin\java.dll
0x0000000066660000 - 0x0000000066676000 	C:\Program Files\Java\jdk1.8.0_91\jre\bin\zip.dll
0x000007fefd820000 - 0x000007fefe5aa000 	C:\Windows\system32\SHELL32.dll
0x000007fefed60000 - 0x000007fefef63000 	C:\Windows\system32\ole32.dll
0x000007fefd310000 - 0x000007fefd31f000 	C:\Windows\system32\profapi.dll

VM Arguments:
jvm_args: -Djava.awt.headless=true -Xmx1024M -Dfile.encoding=x-windows-949 -Duser.country=KR -Duser.language=ko -Duser.variant 
java_command: com.android.dx.command.Main --dex --force-jumbo --num-threads=4 --multi-dex --output D:\Documents\YongWoo\ReadingSalon\app\build\intermediates\transforms\dex\debug\folders\1000\10\com.android.support-support-vector-drawable-23.4.0_c73217be64871da27a982a6ed21d932cf60372b1 D:\Documents\YongWoo\ReadingSalon\app\build\intermediates\exploded-aar\com.android.support\support-vector-drawable\23.4.0\jars\classes.jar
java_class_path (initial): D:\Documents\YongWoo\Android\sdk\build-tools\23.0.3\lib\dx.jar
Launcher Type: SUN_STANDARD

Environment Variables:
JAVA_HOME=C:\Program Files\Java\jdk1.8.0_91
PATH=C:\ProgramData\Oracle\Java\javapath;C:\Program Files (x86)\Common Files\NetSarang;C:\Program Files (x86)\Intel\iCLS Client\;C:\Program Files\Intel\iCLS Client\;C:\Windows\system32;C:\Windows;C:\Windows\System32\Wbem;C:\Windows\System32\WindowsPowerShell\v1.0\;C:\Program Files (x86)\Intel\OpenCL SDK\2.0\bin\x86;C:\Program Files (x86)\Intel\OpenCL SDK\2.0\bin\x64;C:\Program Files\SafeNet\Authentication\SAC\x64;C:\Program Files\Intel\Intel(R) Management Engine Components\DAL;C:\Program Files\Intel\Intel(R) Management Engine Components\IPT;C:\Program Files (x86)\Intel\Intel(R) Management Engine Components\DAL;C:\Program Files (x86)\Intel\Intel(R) Management Engine Components\IPT;C:\Program Files (x86)\Intel\OpenCL SDK\2.0\bin\x86;C:\Program Files (x86)\Intel\OpenCL SDK\2.0\bin\x64;C:\Program Files\Java\jdk1.8.0_91\bin;D:\Documents\YongWoo\PortableGit\bin
USERNAME=Datacenter
OS=Windows_NT
PROCESSOR_IDENTIFIER=Intel64 Family 6 Model 58 Stepping 9, GenuineIntel



---------------  S Y S T E M  ---------------

OS: Windows 7 , 64 bit Build 7601 (6.1.7601.23418)

CPU:total 4 (4 cores per cpu, 1 threads per core) family 6 model 58 stepping 9, cmov, cx8, fxsr, mmx, sse, sse2, sse3, ssse3, sse4.1, sse4.2, popcnt, avx, aes, clmul, erms, tsc, tscinvbit, tscinv

Memory: 4k page, physical 8061124k(744704k free), swap 8059264k(5228k free)

vm_info: Java HotSpot(TM) 64-Bit Server VM (25.91-b14) for windows-amd64 JRE (1.8.0_91-b14), built on Apr  1 2016 00:58:32 by "java_re" with MS VC++ 10.0 (VS2010)

time: Tue May 24 07:03:29 2016
elapsed time: 1 seconds (0d 0h 0m 1s)

