#
# There is insufficient memory for the Java Runtime Environment to continue.
# Native memory allocation (malloc) failed to allocate 230736 bytes for Chunk::new
# Possible reasons:
#   The system is out of physical RAM or swap space
#   In 32 bit mode, the process size limit was hit
# Possible solutions:
#   Reduce memory load on the system
#   Increase physical memory or swap space
#   Check if swap backing store is full
#   Use 64 bit Java on a 64 bit OS
#   Decrease Java heap size (-Xmx/-Xms)
#   Decrease number of Java threads
#   Decrease Java thread stack sizes (-Xss)
#   Set larger code cache with -XX:ReservedCodeCacheSize=
# This output file may be truncated or incomplete.
#
#  Out of Memory Error (allocation.cpp:390), pid=10796, tid=8956
#
# JRE version: Java(TM) SE Runtime Environment (8.0_91-b14) (build 1.8.0_91-b14)
# Java VM: Java HotSpot(TM) 64-Bit Server VM (25.91-b14 mixed mode windows-amd64 compressed oops)
# Failed to write core dump. Minidumps are not enabled by default on client versions of Windows
#

---------------  T H R E A D  ---------------

Current thread (0x000000005539d800):  JavaThread "C2 CompilerThread0" daemon [_thread_in_native, id=8956, stack(0x0000000056de0000,0x0000000056ee0000)]

Stack: [0x0000000056de0000,0x0000000056ee0000]
[error occurred during error reporting (printing stack bounds), id 0xc0000005]

Native frames: (J=compiled Java code, j=interpreted, Vv=VM code, C=native code)


Current CompileTask:
C2:    901  641       4       com.android.dx.ssa.SsaBasicBlock::forEachInsn (37 bytes)


---------------  P R O C E S S  ---------------

Java Threads: ( => current thread )
  0x0000000056932800 JavaThread "pool-2-thread-4" [_thread_blocked, id=6620, stack(0x0000000057af0000,0x0000000057bf0000)]
  0x0000000056925000 JavaThread "pool-2-thread-3" [_thread_blocked, id=11132, stack(0x00000000578b0000,0x00000000579b0000)]
  0x0000000056920000 JavaThread "pool-2-thread-2" [_thread_in_Java, id=1884, stack(0x0000000057430000,0x0000000057530000)]
  0x00000000568db000 JavaThread "pool-3-thread-1" [_thread_blocked, id=9036, stack(0x00000000576c0000,0x00000000577c0000)]
  0x00000000568da800 JavaThread "pool-2-thread-1" [_thread_blocked, id=4932, stack(0x0000000057560000,0x0000000057660000)]
  0x0000000056671800 JavaThread "Service Thread" daemon [_thread_blocked, id=6688, stack(0x0000000057170000,0x0000000057270000)]
  0x000000005666d000 JavaThread "C1 CompilerThread2" daemon [_thread_in_vm, id=8280, stack(0x0000000056b00000,0x0000000056c00000)]
  0x000000005666c000 JavaThread "C2 CompilerThread1" daemon [_thread_in_native, id=356, stack(0x0000000056f30000,0x0000000057030000)]
=>0x000000005539d800 JavaThread "C2 CompilerThread0" daemon [_thread_in_native, id=8956, stack(0x0000000056de0000,0x0000000056ee0000)]
  0x0000000056662000 JavaThread "Attach Listener" daemon [_thread_blocked, id=10988, stack(0x0000000056c40000,0x0000000056d40000)]
  0x0000000056661800 JavaThread "Signal Dispatcher" daemon [_thread_blocked, id=9828, stack(0x0000000056170000,0x0000000056270000)]
  0x0000000055379000 JavaThread "Finalizer" daemon [_thread_blocked, id=10892, stack(0x0000000056550000,0x0000000056650000)]
  0x0000000055332000 JavaThread "Reference Handler" daemon [_thread_blocked, id=7456, stack(0x0000000056420000,0x0000000056520000)]
  0x000000000058e000 JavaThread "main" [_thread_blocked, id=7588, stack(0x0000000002940000,0x0000000002a40000)]

Other Threads:
  0x000000005532a800 VMThread [stack: 0x0000000056290000,0x0000000056390000] [id=2672]
  0x000000005670a000 WatcherThread [stack: 0x00000000572d0000,0x00000000573d0000] [id=8228]

VM state:not at safepoint (normal execution)

VM Mutex/Monitor currently owned by a thread: None

Heap:
 PSYoungGen      total 36864K, used 15899K [0x00000000eab00000, 0x00000000ed400000, 0x0000000100000000)
  eden space 31744K, 50% used [0x00000000eab00000,0x00000000eba86c18,0x00000000eca00000)
  from space 5120K, 0% used [0x00000000ecf00000,0x00000000ecf00000,0x00000000ed400000)
  to   space 5120K, 0% used [0x00000000eca00000,0x00000000eca00000,0x00000000ecf00000)
 ParOldGen       total 84992K, used 0K [0x00000000c0000000, 0x00000000c5300000, 0x00000000eab00000)
  object space 84992K, 0% used [0x00000000c0000000,0x00000000c0000000,0x00000000c5300000)
 Metaspace       used 5648K, capacity 6646K, committed 6784K, reserved 1056768K
  class space    used 597K, capacity 622K, committed 640K, reserved 1048576K

Card table byte_map: [0x0000000011e00000,0x0000000012010000] byte_map_base: 0x0000000011800000

Marking Bits: (ParMarkBitMap*) 0x0000000058fe2f70
 Begin Bits: [0x00000000127a0000, 0x00000000137a0000)
 End Bits:   [0x00000000137a0000, 0x00000000147a0000)

Polling page: 0x0000000000350000

CodeCache: size=245760Kb used=2863Kb max_used=2863Kb free=242896Kb
 bounds [0x0000000002a40000, 0x0000000002d10000, 0x0000000011a40000]
 total_blobs=986 nmethods=714 adapters=184
 compilation: disabled (not enough contiguous free space left)

Compilation events (10 events):
Event: 0.898 Thread 0x000000005666d000  711       3       com.android.dx.dex.code.RopTranslator$TranslationVisitor::visitPlainInsn (161 bytes)
Event: 0.898 Thread 0x000000005666d000 nmethod 711 0x0000000002d00150 code [0x0000000002d003e0, 0x0000000002d01738]
Event: 0.898 Thread 0x000000005666d000  716       3       com.android.dx.ssa.SsaMethod::isRegALocal (90 bytes)
Event: 0.899 Thread 0x000000005666d000 nmethod 716 0x0000000002d021d0 code [0x0000000002d023e0, 0x0000000002d03028]
Event: 0.899 Thread 0x000000005666d000  713       3       java.util.TreeMap::get (19 bytes)
Event: 0.899 Thread 0x000000005666d000 nmethod 713 0x0000000002d03450 code [0x0000000002d035c0, 0x0000000002d03828]
Event: 0.899 Thread 0x000000005666d000  714       3       com.android.dx.ssa.SsaBasicBlock::addDomChild (10 bytes)
Event: 0.899 Thread 0x000000005666d000 nmethod 714 0x0000000002d03910 code [0x0000000002d03ac0, 0x0000000002d04048]
Event: 0.899 Thread 0x000000005666d000  721       3       com.android.dx.cf.code.RopperMachine::getSources (264 bytes)
Event: 0.900 Thread 0x000000005666c000  728   !   4       com.android.dx.rop.code.RegisterSpec::intern (70 bytes)

GC Heap History (0 events):
No events

Deoptimization events (1 events):
Event: 0.805 Thread 0x0000000056920000 Uncommon trap: reason=unstable_if action=reinterpret pc=0x0000000002c22cd8 method=java.util.HashMap.getNode(ILjava/lang/Object;)Ljava/util/HashMap$Node; @ 129

Internal exceptions (2 events):
Event: 0.228 Thread 0x000000000058e000 Exception <a 'java/lang/NoSuchMethodError': Method sun.misc.Unsafe.defineClass(Ljava/lang/String;[BII)Ljava/lang/Class; name or signature does not match> (0x00000000eab07cc0) thrown at [C:\re\workspace\8-2-build-windows-amd64-cygwin\jdk8u91\6644\hotspot\srt«≠JÏ*Õ?
Event: 0.228 Thread 0x000000000058e000 Exception <a 'java/lang/NoSuchMethodError': Method sun.misc.Unsafe.prefetchRead(Ljava/lang/Object;J)V name or signature does not match> (0x00000000eab07fa8) thrown at [C:\re\workspace\8-2-build-windows-amd64-cygwin\jdk8u91\6644\hotspot\src\share\vm\prims\j

Events (10 events):
Event: 0.805 Thread 0x0000000056920000 DEOPT PACKING pc=0x0000000002c22cd8 sp=0x000000005752e740
Event: 0.805 Thread 0x0000000056920000 DEOPT UNPACKING pc=0x0000000002a8582a sp=0x000000005752e6b8 mode 2
Event: 0.816 loading class java/util/TreeMap$EntrySet
Event: 0.816 loading class java/util/TreeMap$EntrySet done
Event: 0.816 loading class java/util/TreeMap$EntryIterator
Event: 0.816 loading class java/util/TreeMap$EntryIterator done
Event: 0.879 loading class java/util/ArrayList$1
Event: 0.879 loading class java/util/ArrayList$1 done
Event: 0.890 Executing VM operation: ForceSafepoint
Event: 0.890 Executing VM operation: ForceSafepoint done


Dynamic libraries:
0x000000013f480000 - 0x000000013f4b7000 	C:\Program Files\Java\jdk1.8.0_91\bin\java.exe
0x0000000077580000 - 0x000000007772a000 	C:\Windows\SYSTEM32\ntdll.dll
0x0000000077460000 - 0x000000007757f000 	C:\Windows\system32\kernel32.dll
0x000007fefd620000 - 0x000007fefd68a000 	C:\Windows\system32\KERNELBASE.dll
0x0000000075010000 - 0x0000000075099000 	C:\Windows\System32\SYSFER.DLL
0x000007fefd740000 - 0x000007fefd81b000 	C:\Windows\system32\ADVAPI32.dll
0x000007fefea70000 - 0x000007fefeb0f000 	C:\Windows\system32\msvcrt.dll
0x000007fefed40000 - 0x000007fefed5f000 	C:\Windows\SYSTEM32\sechost.dll
0x000007fefeb10000 - 0x000007fefec3d000 	C:\Windows\system32\RPCRT4.dll
0x0000000077360000 - 0x000000007745a000 	C:\Windows\system32\USER32.dll
0x000007fefd6c0000 - 0x000007fefd727000 	C:\Windows\system32\GDI32.dll
0x000007fefe5b0000 - 0x000007fefe5be000 	C:\Windows\system32\LPK.dll
0x000007feff060000 - 0x000007feff12a000 	C:\Windows\system32\USP10.dll
0x000007fefbed0000 - 0x000007fefc0c4000 	C:\Windows\WinSxS\amd64_microsoft.windows.common-controls_6595b64144ccf1df_6.0.7601.18837_none_fa3b1e3d17594757\COMCTL32.dll
0x000007feff680000 - 0x000007feff6f1000 	C:\Windows\system32\SHLWAPI.dll
0x000007fefe9a0000 - 0x000007fefe9ce000 	C:\Windows\system32\IMM32.DLL
0x000007fefe890000 - 0x000007fefe999000 	C:\Windows\system32\MSCTF.dll
0x0000000063ab0000 - 0x0000000063b82000 	C:\Program Files\Java\jdk1.8.0_91\jre\bin\msvcr100.dll
0x00000000587d0000 - 0x0000000059063000 	C:\Program Files\Java\jdk1.8.0_91\jre\bin\server\jvm.dll
0x000007fefa190000 - 0x000007fefa199000 	C:\Windows\system32\WSOCK32.dll
0x000007fefef90000 - 0x000007fefefdd000 	C:\Windows\system32\WS2_32.dll
0x000007fefd730000 - 0x000007fefd738000 	C:\Windows\system32\NSI.dll
0x000007fef8c80000 - 0x000007fef8cbb000 	C:\Windows\system32\WINMM.dll
0x000007fefc3f0000 - 0x000007fefc3fc000 	C:\Windows\system32\VERSION.dll
0x0000000077740000 - 0x0000000077747000 	C:\Windows\system32\PSAPI.DLL
0x00000000723a0000 - 0x00000000723af000 	C:\Program Files\Java\jdk1.8.0_91\jre\bin\verify.dll
0x0000000072370000 - 0x0000000072399000 	C:\Program Files\Java\jdk1.8.0_91\jre\bin\java.dll
0x0000000066660000 - 0x0000000066676000 	C:\Program Files\Java\jdk1.8.0_91\jre\bin\zip.dll
0x000007fefd820000 - 0x000007fefe5aa000 	C:\Windows\system32\SHELL32.dll
0x000007fefed60000 - 0x000007fefef63000 	C:\Windows\system32\ole32.dll
0x000007fefd310000 - 0x000007fefd31f000 	C:\Windows\system32\profapi.dll

VM Arguments:
jvm_args: -Djava.awt.headless=true -Xmx1024M -Dfile.encoding=x-windows-949 -Duser.country=KR -Duser.language=ko -Duser.variant 
java_command: com.android.dx.command.Main --dex --force-jumbo --num-threads=4 --multi-dex --output D:\Documents\YongWoo\ReadingSalon\app\build\intermediates\transforms\dex\debug\folders\1000\10\com.android.support-cardview-v7-23.4.0_54b4c927b69bdd2427d06913225e4e07e05b7475 D:\Documents\YongWoo\ReadingSalon\app\build\intermediates\exploded-aar\com.android.support\cardview-v7\23.4.0\jars\classes.jar
java_class_path (initial): D:\Documents\YongWoo\Android\sdk\build-tools\23.0.3\lib\dx.jar
Launcher Type: SUN_STANDARD

Environment Variables:
JAVA_HOME=C:\Program Files\Java\jdk1.8.0_91
PATH=C:\ProgramData\Oracle\Java\javapath;C:\Program Files (x86)\Common Files\NetSarang;C:\Program Files (x86)\Intel\iCLS Client\;C:\Program Files\Intel\iCLS Client\;C:\Windows\system32;C:\Windows;C:\Windows\System32\Wbem;C:\Windows\System32\WindowsPowerShell\v1.0\;C:\Program Files (x86)\Intel\OpenCL SDK\2.0\bin\x86;C:\Program Files (x86)\Intel\OpenCL SDK\2.0\bin\x64;C:\Program Files\SafeNet\Authentication\SAC\x64;C:\Program Files\Intel\Intel(R) Management Engine Components\DAL;C:\Program Files\Intel\Intel(R) Management Engine Components\IPT;C:\Program Files (x86)\Intel\Intel(R) Management Engine Components\DAL;C:\Program Files (x86)\Intel\Intel(R) Management Engine Components\IPT;C:\Program Files (x86)\Intel\OpenCL SDK\2.0\bin\x86;C:\Program Files (x86)\Intel\OpenCL SDK\2.0\bin\x64;C:\Program Files\Java\jdk1.8.0_91\bin;D:\Documents\YongWoo\PortableGit\bin
USERNAME=Datacenter
OS=Windows_NT
PROCESSOR_IDENTIFIER=Intel64 Family 6 Model 58 Stepping 9, GenuineIntel



---------------  S Y S T E M  ---------------

OS: Windows 7 , 64 bit Build 7601 (6.1.7601.23418)

CPU:total 4 (4 cores per cpu, 1 threads per core) family 6 model 58 stepping 9, cmov, cx8, fxsr, mmx, sse, sse2, sse3, ssse3, sse4.1, sse4.2, popcnt, avx, aes, clmul, erms, tsc, tscinvbit, tscinv

Memory: 4k page, physical 8061124k(786012k free), swap 8059264k(5136k free)

vm_info: Java HotSpot(TM) 64-Bit Server VM (25.91-b14) for windows-amd64 JRE (1.8.0_91-b14), built on Apr  1 2016 00:58:32 by "java_re" with MS VC++ 10.0 (VS2010)

time: Tue May 24 04:12:05 2016
elapsed time: 0 seconds (0d 0h 0m 0s)

